  [grpc] Session established: namespace=windows-local-media-producer, caps=['media_ingress', 'publish_zone:media-pip', 'read_telemetry']
  [grpc] Scene display area: 3840x2160
  [grpc] Media ingress admitted: epoch=1 surface=019ee4c5a9387311a50fea3469c3327d codec=1
  [grpc] Media ingress closed: epoch=1 reason=10
{
  "admitted": true,
  "agent_id": "windows-local-media-producer",
  "assigned_surface_id_hex": "019ee4c5a9387311a50fea3469c3327d",
  "audio_route_to_hud": "none",
  "client_stream_id": "f4b4d749794f44dca9df6cd6c27e671d",
  "close_reason": "SESSION_DISCONNECTED",
  "content_classification": "household",
  "declared_peak_kbps": 2000,
  "held_seconds": 600.0,
  "lane": "hud-media-ingress-local-producer",
  "policy_review": {
    "audio_route_to_hud": "none",
    "hud_ingress_source": "self-owned/local synthetic video-only source",
    "official_player_url": "https://www.youtube.com/embed/O0FGCxkHM-U",
    "prohibited_paths": [
      "yt-dlp",
      "youtube-dl",
      "googlevideo.com",
      "videoplayback",
      "download",
      "direct media url"
    ],
    "rationale": "First acceptance separates HUD media-ingress proof from YouTube source evidence. YouTube launches only through the official embedded player URL; raw-frame bridging remains blocked until a separate policy review approves a compliant bridge.",
    "raw_youtube_frame_bridge": "blocked_pending_policy_approval",
    "youtube_video_id": "O0FGCxkHM-U"
  },
  "sdp_offer_bytes": 711,
  "selected_codec": "VIDEO_H264_BASELINE",
  "source_label": "synthetic-color-bars",
  "started_at_unix": 1781954620,
  "stream_epoch": 1,
  "target": "tzehouse-windows.parrot-hen.ts.net:50052",
  "video_only": true,
  "zone_name": "media-pip"
}
