{"action": "connect and open resident session", "code": "scenario", "doc": "docs/reports/exemplar-manual-review-checklist.md", "expected_visual": "operator follows JSON step transcript", "phases": "baseline,window-mgmt", "status": "started", "step_index": 0, "target": "windows-host.example:50051", "title": "Text Stream Portal live scenario", "ts_wall": 1783259156}
  [grpc] Session established: namespace=agent-alpha, caps=['create_tiles', 'modify_own_tiles', 'access_input_events', 'read_telemetry']
  [grpc] Scene display area: 3840x2160
{"action": "adopt runtime-delivered resolved PortalPartTokens as the live source when the handshake exposes them; else keep the local mirror", "code": "tokens:source", "expected_visual": "portal renders the runtime's active-profile look", "runtime_token_count": 47, "status": "checkpoint", "step_index": 0, "title": "Portal design-token source resolved", "token_source": "runtime-handshake", "ts_wall": 1783259158}
{"action": "use live scene dimensions for portal placement and drag bounds", "code": "scene:display-area", "expected_visual": "portal can be dragged across the full HUD surface", "scene_height": 2160.0, "scene_width": 3840.0, "status": "checkpoint", "step_index": 0, "title": "Scene display area resolved", "ts_wall": 1783259158}
  [grpc] Lease granted: ttl=600000ms, priority=2
{"action": "scale portal defaults from live scene dimensions unless explicit size overrides were provided", "code": "portal:size", "expected_visual": "portal occupies a readable portion of the detected display", "explicit_height": false, "explicit_width": false, "portal_h": 1360.0, "portal_w": 1720.0, "status": "checkpoint", "step_index": 0, "title": "Portal size resolved", "ts_wall": 1783259158}
  [grpc] Tile created: 019f3287557771b2...
  [grpc] Tile created: 019f328756327413...
  [grpc] Tile created: 019f328756e97080...
  [grpc] Tile created: 019f328758ab7d50...
  [grpc] Tile created: 019f3287593f77c3...
  [grpc] Tile created: 019f32875a0878c2...
{"action": "publish full portal chrome + transcript viewport", "code": "baseline", "expected_visual": "portal surface appears at right edge with header, body, footer", "status": "started", "step_index": 1, "title": "Baseline render", "ts_wall": 1783259159}
  [grpc] Tile opacity set to 0.0
  [grpc] Tile input mode set
  [grpc] Tile opacity set to 1.0
  [grpc] Tile input mode set
  [grpc] Tile opacity set to 1.0
  [grpc] Tile input mode set
  [grpc] Tile opacity set to 1.0
  [grpc] Tile input mode set
  [grpc] Tile input mode set
  [grpc] Tile opacity set to 0.0
  [grpc] Tile opacity set to 0.0
  [grpc] Tile input mode set
  [grpc] Tile root set; server root_id=0afd823ab69bd245...
  [grpc] Node added: 3dae405f54455446...
  [grpc] Tile root set; server root_id=62fa1a2360079b43...
  [grpc] Node added: cd5291060eb84244...
  [grpc] Node added: 315d1fe7a2da6847...
  [grpc] Node added: 6c87fb42a9859544...
  [grpc] Node added: aa99b8944ee3364d...
  [grpc] Node added: 07190f6ce21e2344...
  [grpc] Node added: f47810f5365fc346...
  [grpc] Node added: ebee8325407fbb48...
  [grpc] Node added: 9531e2753c75a64f...
  [grpc] Node added: 388ca3c747a36a48...
  [grpc] Node added: df75c74acdc1714f...
  [grpc] Node added: 5cf53ae6a3298f47...
  [grpc] Node added: 1bb30f0d1e86ae4a...
  [grpc] Node added: 7fcaa442d6e9b841...
  [grpc] Node added: cf60d78fdcfdd24f...
  [grpc] Node added: 72da334e63ffad4d...
  [grpc] Node added: a4069e957d8c5b4c...
  [grpc] Node added: 05ac295d06add048...
  [grpc] Node added: be31a9087e062645...
  [grpc] Node added: 831c5aeb061fe84c...
  [grpc] Node added: 16c6a5f1fb1fb944...
  [grpc] Node added: cbce5605f83a114d...
  [grpc] Node added: adced5e1e5205e4f...
  [grpc] Node added: 111cd11a40bcb44d...
  [grpc] Node added: d3920e7093da224a...
  [grpc] Node added: 2176af8f990d8843...
  [grpc] Node added: 170971dff446374d...
  [grpc] Node added: 338b6e100760e946...
  [grpc] Node added: f8e4697d86b0d54f...
  [grpc] Node added: bfedc7238616ea4c...
  [grpc] Node added: daa1a4dbfed4854a...
  [grpc] Tile root set; server root_id=7c9d3746df911743...
  [grpc] Node added: 4d723c4e7eda044c...
  [grpc] Node added: 738bb6bdbf715a44...
  [grpc] Node added: 5b7aa8132c432f41...
  [grpc] Node added: 847996b6555b914d...
  [grpc] Node added: 51d495d04dc58440...
  [grpc] Node added: bedcd59b73607b48...
  [grpc] Node added: 1102f2ac35ba8245...
  [grpc] Node added: 6d410392afb5294b...
  [grpc] Node added: b0fd50e1b777684e...
  [grpc] Node added: ac6eadfa67767047...
  [grpc] Node added: c0351a24213f5340...
  [grpc] Tile root set; server root_id=2e788e15dfc92447...
  [grpc] Node added: 87bb661856f75045...
  [grpc] Node added: a91810deb812be4e...
  [grpc] Tile root set; server root_id=d6c7eb3744f03e4b...
  [grpc] Tile root set; server root_id=48c226ee8892024f...
  [grpc] Node added: bc9ef409ab747c45...
  [grpc] Node added: e846074d82eb234a...
  [grpc] Node added: f4bd94ee7d377344...
  [grpc] Node added: d317cdc32a910841...
  [grpc] Node added: 4874faceae4a034c...
  [grpc] Node added: 76b3bc42c4a42944...
  [grpc] Node added: 88021c4b1fb3604f...
  [grpc] Node added: ab49a8e547830249...
  [grpc] Node added: 24feeb1f0057484a...
  [grpc] Node added: 8e7e20d12c7c534c...
  [grpc] Node added: d3721fd96d0b904e...
{"action": "hold for operator observation", "code": "baseline", "expected_visual": "portal surface visible; body text readable", "hold_s": 20.0, "lines": 79, "status": "completed", "step_index": 1, "title": "Baseline render", "ts_wall": 1783259178}
{"action": "move portal \u2192 boundary clamp \u2192 minimize \u2192 restore \u2192 return to origin", "code": "window-mgmt", "expected_visual": "portal moves cleanly; minimize icon appears; restore brings full portal back", "status": "started", "step_index": 12, "title": "Window management sequence", "ts_wall": 1783259198}
  [grpc] Tile root set; server root_id=29249f2209b0c546...
  [grpc] Node added: 9df16b16a3dc0541...
{"action": "portal_x=1060, portal_y=400", "code": "window-mgmt:move", "expected_visual": "portal repositioned to centre of scene; chrome intact", "operator_evidence": {"code": "window-mgmt:move", "confirmed": null, "observed": {"portal_x": 1060.0, "portal_y": 400.0}, "operator_confirm": "portal moved cleanly to scene centre with chrome intact"}, "portal_x": 1060.0, "portal_y": 400.0, "status": "checkpoint", "step_index": 12, "title": "Portal moved to centre", "ts_wall": 1783259198}
  [grpc] Tile root set; server root_id=80f99d210c7d2e46...
  [grpc] Node added: a5f31511618f7f40...
{"action": "OOB (4040,2360) clamped to (2120,800)", "clamped_x": 2120.0, "clamped_y": 800.0, "code": "window-mgmt:clamp", "expected_visual": "portal visible at bottom-right edge; not partially offscreen", "operator_evidence": {"code": "window-mgmt:clamp", "confirmed": null, "observed": {"clamped_x": 2120.0, "clamped_y": 800.0, "requested_x": 4040.0, "requested_y": 2360.0}, "operator_confirm": "out-of-bounds move clamped to scene edge; portal stays fully on-screen"}, "requested_x": 4040.0, "requested_y": 2360.0, "status": "checkpoint", "step_index": 12, "title": "Boundary clamp verified", "ts_wall": 1783259202}
  [grpc] Tile opacity set to 0.0
  [grpc] Tile input mode set
  [grpc] Tile opacity set to 0.0
  [grpc] Tile input mode set
  [grpc] Tile opacity set to 0.0
  [grpc] Tile input mode set
  [grpc] Tile root set; server root_id=950678b6289fa443...
  [grpc] Node added: 90033abeead88147...
  [grpc] Node added: cd02ba0385f1444c...
  [grpc] Node added: 9440b8b1cc2eac43...
  [grpc] Node added: 075bf9f770591841...
  [grpc] Node added: 3b10c025c5b6a44b...
  [grpc] Node added: 0b30cc3753934444...
  [grpc] Node added: 5fe6606bd8dbaa4b...
  [grpc] Node added: c909abbba5e0c84b...
  [grpc] Node added: e98e7aac6692e347...
  [grpc] Node added: d7f84e444d8d7349...
  [grpc] Node added: 8dac4d54d5fc174d...
{"action": "portal tiles hidden; minimized icon rendered at current position", "code": "window-mgmt:minimize", "expected_visual": "circular icon visible; full portal surface hidden", "icon_x": 2120.0, "icon_y": 800.0, "operator_evidence": {"code": "window-mgmt:minimize", "confirmed": null, "observed": {"icon_x": 2120.0, "icon_y": 800.0}, "operator_confirm": "full portal surface hidden; only the minimized icon remains visible"}, "status": "checkpoint", "step_index": 12, "title": "Portal minimized", "ts_wall": 1783259208}
  [grpc] Tile opacity set to 0.0
  [grpc] Tile input mode set
  [grpc] Tile opacity set to 1.0
  [grpc] Tile input mode set
  [grpc] Tile opacity set to 1.0
  [grpc] Tile input mode set
  [grpc] Tile opacity set to 1.0
  [grpc] Tile input mode set
  [grpc] Tile opacity set to 0.0
  [grpc] Tile input mode set
  [grpc] Tile opacity set to 0.0
  [grpc] Tile input mode set
  [grpc] Tile opacity set to 1.0
  [grpc] Tile input mode set
  [grpc] Tile opacity set to 1.0
  [grpc] Tile input mode set
  [grpc] Tile opacity set to 1.0
  [grpc] Tile input mode set
  [grpc] Tile input mode set
  [grpc] Tile opacity set to 0.0
  [grpc] Tile opacity set to 0.0
  [grpc] Tile input mode set
  [grpc] Tile root set; server root_id=7092610697754f4d...
  [grpc] Node added: c92d355b28975546...
  [grpc] Tile root set; server root_id=b2367bea06debc44...
  [grpc] Node added: 9719e4510834b842...
  [grpc] Node added: 8f0b7d9fa725d44f...
  [grpc] Node added: 0f1c357d11b1b44c...
  [grpc] Node added: 602112e6b3d75145...
  [grpc] Node added: e3f144cd6de74345...
  [grpc] Node added: 3a59f3b0ee333a4a...
  [grpc] Node added: 69f78dac6d00aa42...
  [grpc] Node added: b54d9698afed6c41...
  [grpc] Node added: 2926790f2de2be47...
  [grpc] Node added: 59bff085dc55cb4e...
  [grpc] Node added: f5a48bd475bbdb45...
  [grpc] Node added: 89809be2b0fc7542...
  [grpc] Node added: 1b50dc9e1f5b834e...
  [grpc] Node added: b464e7705de2cd44...
  [grpc] Node added: 493823cf72b5644a...
  [grpc] Node added: dc5a44d093162749...
  [grpc] Node added: 210294164e758648...
  [grpc] Node added: 8def3c97dba94d4f...
  [grpc] Node added: 800bc9014261cd43...
  [grpc] Node added: 41f0803a0f1fa749...
  [grpc] Node added: 7ad6a03dd4012a47...
  [grpc] Node added: 405b824c7466424a...
  [grpc] Node added: d54863f3cb0b344b...
  [grpc] Node added: f15d75ea5b76fe49...
  [grpc] Node added: c665ce99a1d1ca41...
  [grpc] Node added: 496caa0b526cb243...
  [grpc] Node added: 973a2ad8ac21cc46...
  [grpc] Node added: 452c4ae11aa1fa46...
  [grpc] Node added: 2bedaa89a7b22446...
  [grpc] Node added: 2998db1fc29ae044...
  [grpc] Tile root set; server root_id=8f9f84560ecddc40...
  [grpc] Node added: 3538f16154409146...
  [grpc] Node added: 5eb15b3995d56e40...
  [grpc] Node added: d1f08c8cc9f17647...
  [grpc] Node added: edd194b56d39be47...
  [grpc] Node added: 8d09dc27bb403242...
  [grpc] Node added: 63dd38a938045142...
  [grpc] Node added: ffc680e9a2b5d640...
  [grpc] Node added: b6522223fcf49d46...
  [grpc] Node added: df445546687da343...
  [grpc] Node added: fa5c30ac8d653f4b...
  [grpc] Node added: a2fe30d2fa603c44...
  [grpc] Tile root set; server root_id=8b0089c8940dbe46...
  [grpc] Node added: 671ee1f395430843...
  [grpc] Node added: 9cbc8343cfbefb42...
  [grpc] Tile root set; server root_id=ebced6aa786c414b...
  [grpc] Tile root set; server root_id=b46596531466e443...
  [grpc] Node added: 288342cfc0714148...
  [grpc] Node added: e6c6e6499f395f49...
  [grpc] Node added: 31d617a794808b4e...
  [grpc] Node added: 37a6f2c92ff0654a...
  [grpc] Node added: 1a6ef4b19b564840...
  [grpc] Node added: 86e4de61617c0c4a...
  [grpc] Node added: df73f849c5e59e49...
  [grpc] Node added: 02f9333cbc3e7e48...
  [grpc] Node added: c937890604560049...
  [grpc] Node added: da4979e6f5262447...
  [grpc] Node added: 7d824d628bcdf845...
{"action": "portal restored at (2092,120)", "code": "window-mgmt:restore", "expected_visual": "full portal visible at origin position; icon gone; chrome intact", "operator_evidence": {"code": "window-mgmt:restore", "confirmed": null, "observed": {"restore_x": 2092.0, "restore_y": 120.0}, "operator_confirm": "restore brought the full portal back at its origin; minimized icon gone; chrome intact"}, "restore_x": 2092.0, "restore_y": 120.0, "status": "completed", "step_index": 12, "title": "Portal restored to origin", "ts_wall": 1783259231}
{"action": "review transcript and capture UX notes", "code": "scenario_complete", "expected_visual": "portal visible until cleanup releases the lease", "status": "completed", "step_index": 99, "title": "Text Stream Portal scenario complete", "ts_wall": 1783259251}
  [grpc] Lease released
{"action": "release the lease before closing the session", "code": "cleanup:lease-release", "expected_visual": "all portal tiles are removed from the HUD", "status": "completed", "step_index": 100, "title": "Portal lease released", "ts_wall": 1783259251}
