{"action": "connect and open resident session", "code": "scenario", "doc": "docs/reports/exemplar-manual-review-checklist.md", "expected_visual": "operator follows JSON step transcript", "phases": "streaming,baseline", "status": "started", "step_index": 0, "target": "tzehouse-windows.parrot-hen.ts.net:50051", "title": "Text Stream Portal live scenario", "ts_wall": 1783220605}
  [grpc] Session established: namespace=agent-alpha, caps=['create_tiles', 'modify_own_tiles', 'access_input_events', 'read_telemetry']
  [grpc] Scene display area: 3840x2160
{"action": "adopt runtime-delivered resolved PortalPartTokens as the live source when the handshake exposes them; else keep the local mirror", "code": "tokens:source", "expected_visual": "portal renders the runtime's active-profile look", "runtime_token_count": 45, "status": "checkpoint", "step_index": 0, "title": "Portal design-token source resolved", "token_source": "runtime-handshake", "ts_wall": 1783220605}
{"action": "use live scene dimensions for portal placement and drag bounds", "code": "scene:display-area", "expected_visual": "portal can be dragged across the full HUD surface", "scene_height": 2160.0, "scene_width": 3840.0, "status": "checkpoint", "step_index": 0, "title": "Scene display area resolved", "ts_wall": 1783220605}
  [grpc] Lease granted: ttl=720000ms, priority=2
{"action": "scale portal defaults from live scene dimensions unless explicit size overrides were provided", "code": "portal:size", "expected_visual": "portal occupies a readable portion of the detected display", "explicit_height": false, "explicit_width": false, "portal_h": 1360.0, "portal_w": 1720.0, "status": "checkpoint", "step_index": 0, "title": "Portal size resolved", "ts_wall": 1783220605}
  [grpc] Tile created: 019f303b0f897161...
  [grpc] Tile created: 019f303b0f957fe0...
  [grpc] Tile created: 019f303b0fa27893...
  [grpc] Tile created: 019f303b0fb27571...
  [grpc] Tile created: 019f303b0fc079f0...
  [grpc] Tile created: 019f303b0fcd74c0...
{"action": "reveal body in 10 ordered chunks", "code": "streaming", "expected_visual": "body grows over time; header/footer unchanged", "status": "started", "step_index": 2, "title": "Incremental streaming reveal", "ts_wall": 1783220605}
  [grpc] Tile root set; server root_id=896c34a072d48b41...
  [grpc] Node added: fd3ab7b79683954e...
  [grpc] Tile root set; server root_id=9ff23b3ceaa1304e...
  [grpc] Node added: dfef3ffeab489543...
  [grpc] Node added: 93e8f5e9aea76945...
  [grpc] Node added: 28f3056f2a7b8841...
  [grpc] Node added: e02605dc525e274a...
  [grpc] Node added: 31867ce013e13345...
  [grpc] Node added: bf5ff500cd047140...
  [grpc] Node added: 1b75ea6155b8104c...
  [grpc] Node added: 680d040e5c362041...
  [grpc] Node added: bad9d3473cb3154c...
  [grpc] Node added: 528f2099e56e1940...
  [grpc] Node added: 9c725a374878f148...
  [grpc] Node added: 5203fe1499f0f448...
  [grpc] Node added: ed571ec2c7333a43...
  [grpc] Node added: d18b3ea99243604c...
  [grpc] Node added: fe32e819e11fec40...
  [grpc] Node added: 89e8b38e61af0c4d...
  [grpc] Node added: 47847913c638364a...
  [grpc] Node added: 5797426a3c012546...
  [grpc] Node added: 3886c32bdd1fc549...
  [grpc] Node added: a2b4c32d862cd948...
  [grpc] Node added: 3bf5bdad23186140...
  [grpc] Node added: 7aacaa6ccdef3c49...
  [grpc] Node added: 8e502cfc3c7a1f48...
  [grpc] Node added: 04d7a53d7e14804e...
  [grpc] Node added: 7e74701bd5c54f45...
  [grpc] Node added: 455aaf673e54804a...
  [grpc] Node added: 65df63ba8cb9434d...
  [grpc] Node added: 3c913997fd68f24d...
  [grpc] Node added: efb4153f129f5649...
  [grpc] Node added: 3d5cdf3fea95d14d...
  [grpc] Tile root set; server root_id=e263604fd655d54a...
  [grpc] Node added: 94c3d6a863ab504c...
  [grpc] Node added: 2716daeab2ca8448...
  [grpc] Node added: 6a91836d204ffe43...
  [grpc] Node added: ef88e06323b4b34f...
  [grpc] Node added: f4ecc37ed1118a47...
  [grpc] Node added: 6e50d5acbf120845...
  [grpc] Node added: 0b327ace485da24b...
  [grpc] Node added: e20cabc915e2d247...
  [grpc] Node added: 469541cbccbc8e42...
  [grpc] Node added: 7b7e198937bfc844...
  [grpc] Node added: e7cbb5c08cf6e04d...
  [grpc] Tile root set; server root_id=91bdcb82a8220448...
  [grpc] Node added: 1f6043ae30835447...
  [grpc] Node added: 73b79e38ff556245...
  [grpc] Tile root set; server root_id=45f5535f12a90b4c...
  [grpc] Node added: 79b2c9dd0517d14d...
  [grpc] Tile root set; server root_id=cd8ea06f8708b741...
  [grpc] Node added: 521b1fc7a645f74f...
  [grpc] Tile root set; server root_id=6119b65e1c329e42...
  [grpc] Node added: 95762b67ad796e47...
  [grpc] Tile root set; server root_id=577ba4987b58f442...
  [grpc] Node added: fd72fa794a99ba4c...
  [grpc] Tile root set; server root_id=79c4eb779c452a4e...
  [grpc] Node added: 56f4ec368c474b45...
  [grpc] Tile root set; server root_id=70be0454fc57c448...
  [grpc] Node added: 94091122ac491745...
  [grpc] Tile root set; server root_id=328ff39d6619d745...
  [grpc] Node added: f3a267fd45edaf4f...
  [grpc] Tile root set; server root_id=75ee98708fe7434a...
  [grpc] Node added: b2021748ae383b47...
  [grpc] Tile root set; server root_id=20ba8c2c42195c48...
  [grpc] Node added: 579c059f31851640...
{"action": "final chunk published", "code": "streaming", "expected_visual": "full body visible, matches baseline", "status": "completed", "step_index": 2, "title": "Incremental streaming reveal", "ts_wall": 1783220624}
{"action": "publish full portal chrome + transcript viewport", "code": "baseline", "expected_visual": "portal surface appears at right edge with header, body, footer", "status": "started", "step_index": 1, "title": "Baseline render", "ts_wall": 1783220624}
  [grpc] Tile opacity set to 0.0
  [grpc] Tile input mode set
  [grpc] Tile opacity set to 1.0
  [grpc] Tile input mode set
  [grpc] Tile opacity set to 1.0
  [grpc] Tile input mode set
  [grpc] Tile opacity set to 1.0
  [grpc] Tile input mode set
  [grpc] Tile input mode set
  [grpc] Tile opacity set to 0.0
  [grpc] Tile opacity set to 0.0
  [grpc] Tile input mode set
  [grpc] Tile root set; server root_id=28bfdb1febfa8648...
  [grpc] Node added: 3c443d8659314149...
  [grpc] Tile root set; server root_id=0189c33c91f7e94c...
  [grpc] Node added: 9c1f02b785a40248...
  [grpc] Node added: e28a756d17668144...
  [grpc] Node added: 5c89406f6aca7c4e...
  [grpc] Node added: e3869ab122cc4c41...
  [grpc] Node added: f0cbeff272cff048...
  [grpc] Node added: 44d789695eb19645...
  [grpc] Node added: 4f2b78cb8bb75e42...
  [grpc] Node added: 3c1c2a47c782624d...
  [grpc] Node added: 5f19e28d9054f643...
  [grpc] Node added: 629e725cb34bc044...
  [grpc] Node added: 4f0e845575f38747...
  [grpc] Node added: 590f029f87d06345...
  [grpc] Node added: c6b84bf18497be48...
  [grpc] Node added: 5e1286dc9a9f3949...
  [grpc] Node added: a5fc6f7bb911bc4f...
  [grpc] Node added: d9d48564ebad2a4e...
  [grpc] Node added: fc1ebd90ff034041...
  [grpc] Node added: a498f24fae90b643...
  [grpc] Node added: f2a1295d71e0a14f...
  [grpc] Node added: 9bfaedab50b72c4e...
  [grpc] Node added: 43d3357cefb36742...
  [grpc] Node added: 2ff87989b4a68544...
  [grpc] Node added: 19d0e949fdddc24e...
  [grpc] Node added: f5ec47c82809134f...
  [grpc] Node added: ac62980e506a434d...
  [grpc] Node added: f1bcbde12f896945...
  [grpc] Node added: b71fb5483c515745...
  [grpc] Node added: 3bdf194a62abdf47...
  [grpc] Node added: 973c5b1399905b44...
  [grpc] Node added: 77b23040c290a34c...
  [grpc] Tile root set; server root_id=b5cbf2ea7b0c2942...
  [grpc] Node added: ab70806c104e6147...
  [grpc] Node added: cd34ac970769e641...
  [grpc] Node added: a95b3f8469d1ff4d...
  [grpc] Node added: f9cb991b4f117742...
  [grpc] Node added: 472fdcffe9cf2048...
  [grpc] Node added: d59bf338acc8df49...
  [grpc] Node added: eeb91a884a423a4c...
  [grpc] Node added: d516fa982771814b...
  [grpc] Node added: 4961eee8beaae949...
  [grpc] Node added: b63803f035c23a4d...
  [grpc] Node added: 7d94d0c52c095344...
  [grpc] Tile root set; server root_id=6a68405f0d71c340...
  [grpc] Node added: c4f8720852cd334d...
  [grpc] Node added: 1f6f0e94fbb50649...
  [grpc] Tile root set; server root_id=01fc7d3cda3a204f...
  [grpc] Tile root set; server root_id=d47b80b263bb5446...
  [grpc] Node added: b6f6cbc4fdd9bd47...
  [grpc] Node added: bf585d3f8657d04f...
  [grpc] Node added: 753be9e85a5add4e...
  [grpc] Node added: 76665af17ba5c34b...
  [grpc] Node added: ac5ff3c6e8b3c64a...
  [grpc] Node added: 025730c98f98374d...
  [grpc] Node added: 424b02b805397142...
  [grpc] Node added: 84bfd521a1e5324a...
  [grpc] Node added: e281c46102417342...
  [grpc] Node added: fcd46eac27beb04b...
  [grpc] Node added: f55dc6678a80ea4e...
{"action": "hold for operator observation", "code": "baseline", "expected_visual": "portal surface visible; body text readable", "hold_s": 600.0, "lines": 90, "status": "completed", "step_index": 1, "title": "Baseline render", "ts_wall": 1783220625}
{"action": "runtime focus manager focused the composer hit region", "code": "input:focus-gained", "expected_visual": "subsequent keyboard events route to composer", "status": "checkpoint", "step_index": 10, "title": "Composer focus gained", "ts_wall": 1783221064}
{"action": "input composer received pointer down", "code": "input:focus-attempt", "display_x": 2559.0, "display_y": 987.0, "expected_visual": "keyboard focus should move to composer", "status": "checkpoint", "step_index": 10, "title": "Composer pointer down", "ts_wall": 1783221064}
{"action": "input composer received pointer down", "code": "input:focus-attempt", "display_x": 2687.0, "display_y": 511.0, "expected_visual": "keyboard focus should move to composer", "status": "checkpoint", "step_index": 10, "title": "Composer pointer down", "ts_wall": 1783221066}
{"action": "runtime delivered key input; draft state update arrives via composer_draft_state", "alt": false, "code": "input:key-down", "ctrl": false, "expected_visual": "editing result arrives via runtime-owned draft-state event", "key": "w", "key_code": "KeyW", "meta": false, "repeat": false, "shift": false, "status": "checkpoint", "step_index": 10, "title": "Composer key down received (observed)", "ts_wall": 1783221067}
{"action": "runtime-owned draft buffer delivered coalesced text+cursor snapshot", "at_capacity": false, "code": "input:draft-state", "cursor": 1, "expected_visual": "composer text window reflects runtime draft state", "sequence": 1, "status": "checkpoint", "step_index": 10, "text_len": 1, "title": "Composer draft state received", "ts_wall": 1783221067}
{"action": "runtime delivered key release; used to diagnose OS key delivery", "alt": false, "code": "input:key-up", "ctrl": false, "expected_visual": "no visible change expected from release alone", "key": "w", "key_code": "KeyW", "meta": false, "shift": false, "status": "checkpoint", "step_index": 10, "title": "Composer key up received (observed)", "ts_wall": 1783221067}
{"action": "runtime delivered key input; draft state update arrives via composer_draft_state", "alt": false, "code": "input:key-down", "ctrl": false, "expected_visual": "editing result arrives via runtime-owned draft-state event", "key": "h", "key_code": "KeyH", "meta": false, "repeat": false, "shift": false, "status": "checkpoint", "step_index": 10, "title": "Composer key down received (observed)", "ts_wall": 1783221067}
{"action": "runtime-owned draft buffer delivered coalesced text+cursor snapshot", "at_capacity": false, "code": "input:draft-state", "cursor": 2, "expected_visual": "composer text window reflects runtime draft state", "sequence": 2, "status": "checkpoint", "step_index": 10, "text_len": 2, "title": "Composer draft state received", "ts_wall": 1783221067}
{"action": "runtime delivered key release; used to diagnose OS key delivery", "alt": false, "code": "input:key-up", "ctrl": false, "expected_visual": "no visible change expected from release alone", "key": "h", "key_code": "KeyH", "meta": false, "shift": false, "status": "checkpoint", "step_index": 10, "title": "Composer key up received (observed)", "ts_wall": 1783221067}
{"action": "runtime delivered key input; draft state update arrives via composer_draft_state", "alt": false, "code": "input:key-down", "ctrl": false, "expected_visual": "editing result arrives via runtime-owned draft-state event", "key": "a", "key_code": "KeyA", "meta": false, "repeat": false, "shift": false, "status": "checkpoint", "step_index": 10, "title": "Composer key down received (observed)", "ts_wall": 1783221067}
{"action": "runtime-owned draft buffer delivered coalesced text+cursor snapshot", "at_capacity": false, "code": "input:draft-state", "cursor": 3, "expected_visual": "composer text window reflects runtime draft state", "sequence": 3, "status": "checkpoint", "step_index": 10, "text_len": 3, "title": "Composer draft state received", "ts_wall": 1783221067}
{"action": "runtime delivered key input; draft state update arrives via composer_draft_state", "alt": false, "code": "input:key-down", "ctrl": false, "expected_visual": "editing result arrives via runtime-owned draft-state event", "key": "t", "key_code": "KeyT", "meta": false, "repeat": false, "shift": false, "status": "checkpoint", "step_index": 10, "title": "Composer key down received (observed)", "ts_wall": 1783221067}
{"action": "runtime-owned draft buffer delivered coalesced text+cursor snapshot", "at_capacity": false, "code": "input:draft-state", "cursor": 4, "expected_visual": "composer text window reflects runtime draft state", "sequence": 4, "status": "checkpoint", "step_index": 10, "text_len": 4, "title": "Composer draft state received", "ts_wall": 1783221067}
{"action": "runtime delivered key release; used to diagnose OS key delivery", "alt": false, "code": "input:key-up", "ctrl": false, "expected_visual": "no visible change expected from release alone", "key": "a", "key_code": "KeyA", "meta": false, "shift": false, "status": "checkpoint", "step_index": 10, "title": "Composer key up received (observed)", "ts_wall": 1783221067}
{"action": "runtime delivered key release; used to diagnose OS key delivery", "alt": false, "code": "input:key-up", "ctrl": false, "expected_visual": "no visible change expected from release alone", "key": "t", "key_code": "KeyT", "meta": false, "shift": false, "status": "checkpoint", "step_index": 10, "title": "Composer key up received (observed)", "ts_wall": 1783221067}
{"action": "runtime-owned draft buffer delivered coalesced text+cursor snapshot", "at_capacity": false, "code": "input:draft-state", "cursor": 0, "expected_visual": "composer text window reflects runtime draft state", "sequence": 6, "status": "checkpoint", "step_index": 10, "text_len": 0, "title": "Composer draft state received", "ts_wall": 1783221067}
{"action": "runtime-owned draft submitted; recorded in INPUT-pane history, composer clears", "code": "input:submit", "expected_visual": "submitted text appears beneath the composer in the LEFT input pane (not the OUTPUT transcript)", "input_history_len": 1, "status": "checkpoint", "step_index": 10, "submitted": "what", "title": "Composer submitted", "ts_wall": 1783221067}
{"action": "runtime delivered key release; used to diagnose OS key delivery", "alt": false, "code": "input:key-up", "ctrl": false, "expected_visual": "no visible change expected from release alone", "key": "Enter", "key_code": "Enter", "meta": false, "shift": false, "status": "checkpoint", "step_index": 10, "title": "Composer key up received (observed)", "ts_wall": 1783221068}
{"action": "runtime delivered key input; draft state update arrives via composer_draft_state", "alt": false, "code": "input:key-down", "ctrl": false, "expected_visual": "editing result arrives via runtime-owned draft-state event", "key": "w", "key_code": "KeyW", "meta": false, "repeat": false, "shift": false, "status": "checkpoint", "step_index": 10, "title": "Composer key down received (observed)", "ts_wall": 1783221068}
{"action": "runtime-owned draft buffer delivered coalesced text+cursor snapshot", "at_capacity": false, "code": "input:draft-state", "cursor": 1, "expected_visual": "composer text window reflects runtime draft state", "sequence": 6, "status": "checkpoint", "step_index": 10, "text_len": 1, "title": "Composer draft state received", "ts_wall": 1783221068}
{"action": "runtime delivered key release; used to diagnose OS key delivery", "alt": false, "code": "input:key-up", "ctrl": false, "expected_visual": "no visible change expected from release alone", "key": "w", "key_code": "KeyW", "meta": false, "shift": false, "status": "checkpoint", "step_index": 10, "title": "Composer key up received (observed)", "ts_wall": 1783221068}
{"action": "runtime delivered key input; draft state update arrives via composer_draft_state", "alt": false, "code": "input:key-down", "ctrl": false, "expected_visual": "editing result arrives via runtime-owned draft-state event", "key": "h", "key_code": "KeyH", "meta": false, "repeat": false, "shift": false, "status": "checkpoint", "step_index": 10, "title": "Composer key down received (observed)", "ts_wall": 1783221068}
{"action": "runtime-owned draft buffer delivered coalesced text+cursor snapshot", "at_capacity": false, "code": "input:draft-state", "cursor": 2, "expected_visual": "composer text window reflects runtime draft state", "sequence": 7, "status": "checkpoint", "step_index": 10, "text_len": 2, "title": "Composer draft state received", "ts_wall": 1783221068}
{"action": "runtime delivered key release; used to diagnose OS key delivery", "alt": false, "code": "input:key-up", "ctrl": false, "expected_visual": "no visible change expected from release alone", "key": "h", "key_code": "KeyH", "meta": false, "shift": false, "status": "checkpoint", "step_index": 10, "title": "Composer key up received (observed)", "ts_wall": 1783221068}
{"action": "runtime delivered key input; draft state update arrives via composer_draft_state", "alt": false, "code": "input:key-down", "ctrl": false, "expected_visual": "editing result arrives via runtime-owned draft-state event", "key": "y", "key_code": "KeyY", "meta": false, "repeat": false, "shift": false, "status": "checkpoint", "step_index": 10, "title": "Composer key down received (observed)", "ts_wall": 1783221068}
{"action": "runtime-owned draft buffer delivered coalesced text+cursor snapshot", "at_capacity": false, "code": "input:draft-state", "cursor": 3, "expected_visual": "composer text window reflects runtime draft state", "sequence": 8, "status": "checkpoint", "step_index": 10, "text_len": 3, "title": "Composer draft state received", "ts_wall": 1783221068}
{"action": "runtime-owned draft buffer delivered coalesced text+cursor snapshot", "at_capacity": false, "code": "input:draft-state", "cursor": 4, "expected_visual": "composer text window reflects runtime draft state", "sequence": 9, "status": "checkpoint", "step_index": 10, "text_len": 4, "title": "Composer draft state received", "ts_wall": 1783221068}
{"action": "runtime delivered key release; used to diagnose OS key delivery", "alt": false, "code": "input:key-up", "ctrl": false, "expected_visual": "no visible change expected from release alone", "key": "y", "key_code": "KeyY", "meta": false, "shift": false, "status": "checkpoint", "step_index": 10, "title": "Composer key up received (observed)", "ts_wall": 1783221068}
{"action": "runtime delivered key release; used to diagnose OS key delivery", "alt": false, "code": "input:key-up", "ctrl": false, "expected_visual": "no visible change expected from release alone", "key": "Space", "key_code": "Space", "meta": false, "shift": false, "status": "checkpoint", "step_index": 10, "title": "Composer key up received (observed)", "ts_wall": 1783221069}
{"action": "runtime delivered key input; draft state update arrives via composer_draft_state", "alt": false, "code": "input:key-down", "ctrl": false, "expected_visual": "editing result arrives via runtime-owned draft-state event", "key": "i", "key_code": "KeyI", "meta": false, "repeat": false, "shift": false, "status": "checkpoint", "step_index": 10, "title": "Composer key down received (observed)", "ts_wall": 1783221069}
{"action": "runtime-owned draft buffer delivered coalesced text+cursor snapshot", "at_capacity": false, "code": "input:draft-state", "cursor": 5, "expected_visual": "composer text window reflects runtime draft state", "sequence": 10, "status": "checkpoint", "step_index": 10, "text_len": 5, "title": "Composer draft state received", "ts_wall": 1783221069}
{"action": "runtime delivered key input; draft state update arrives via composer_draft_state", "alt": false, "code": "input:key-down", "ctrl": false, "expected_visual": "editing result arrives via runtime-owned draft-state event", "key": "s", "key_code": "KeyS", "meta": false, "repeat": false, "shift": false, "status": "checkpoint", "step_index": 10, "title": "Composer key down received (observed)", "ts_wall": 1783221069}
{"action": "runtime-owned draft buffer delivered coalesced text+cursor snapshot", "at_capacity": false, "code": "input:draft-state", "cursor": 6, "expected_visual": "composer text window reflects runtime draft state", "sequence": 11, "status": "checkpoint", "step_index": 10, "text_len": 6, "title": "Composer draft state received", "ts_wall": 1783221069}
{"action": "runtime delivered key release; used to diagnose OS key delivery", "alt": false, "code": "input:key-up", "ctrl": false, "expected_visual": "no visible change expected from release alone", "key": "i", "key_code": "KeyI", "meta": false, "shift": false, "status": "checkpoint", "step_index": 10, "title": "Composer key up received (observed)", "ts_wall": 1783221069}
{"action": "runtime-owned draft buffer delivered coalesced text+cursor snapshot", "at_capacity": false, "code": "input:draft-state", "cursor": 7, "expected_visual": "composer text window reflects runtime draft state", "sequence": 12, "status": "checkpoint", "step_index": 10, "text_len": 7, "title": "Composer draft state received", "ts_wall": 1783221069}
{"action": "runtime delivered key release; used to diagnose OS key delivery", "alt": false, "code": "input:key-up", "ctrl": false, "expected_visual": "no visible change expected from release alone", "key": "s", "key_code": "KeyS", "meta": false, "shift": false, "status": "checkpoint", "step_index": 10, "title": "Composer key up received (observed)", "ts_wall": 1783221069}
{"action": "runtime delivered key input; draft state update arrives via composer_draft_state", "alt": false, "code": "input:key-down", "ctrl": false, "expected_visual": "editing result arrives via runtime-owned draft-state event", "key": "t", "key_code": "KeyT", "meta": false, "repeat": false, "shift": false, "status": "checkpoint", "step_index": 10, "title": "Composer key down received (observed)", "ts_wall": 1783221069}
{"action": "runtime-owned draft buffer delivered coalesced text+cursor snapshot", "at_capacity": false, "code": "input:draft-state", "cursor": 8, "expected_visual": "composer text window reflects runtime draft state", "sequence": 13, "status": "checkpoint", "step_index": 10, "text_len": 8, "title": "Composer draft state received", "ts_wall": 1783221069}
{"action": "runtime delivered key input; draft state update arrives via composer_draft_state", "alt": false, "code": "input:key-down", "ctrl": false, "expected_visual": "editing result arrives via runtime-owned draft-state event", "key": "h", "key_code": "KeyH", "meta": false, "repeat": false, "shift": false, "status": "checkpoint", "step_index": 10, "title": "Composer key down received (observed)", "ts_wall": 1783221069}
{"action": "runtime-owned draft buffer delivered coalesced text+cursor snapshot", "at_capacity": false, "code": "input:draft-state", "cursor": 9, "expected_visual": "composer text window reflects runtime draft state", "sequence": 14, "status": "checkpoint", "step_index": 10, "text_len": 9, "title": "Composer draft state received", "ts_wall": 1783221069}
{"action": "runtime delivered key release; used to diagnose OS key delivery", "alt": false, "code": "input:key-up", "ctrl": false, "expected_visual": "no visible change expected from release alone", "key": "Space", "key_code": "Space", "meta": false, "shift": false, "status": "checkpoint", "step_index": 10, "title": "Composer key up received (observed)", "ts_wall": 1783221069}
{"action": "runtime delivered key input; draft state update arrives via composer_draft_state", "alt": false, "code": "input:key-down", "ctrl": false, "expected_visual": "editing result arrives via runtime-owned draft-state event", "key": "i", "key_code": "KeyI", "meta": false, "repeat": false, "shift": false, "status": "checkpoint", "step_index": 10, "title": "Composer key down received (observed)", "ts_wall": 1783221069}
{"action": "runtime-owned draft buffer delivered coalesced text+cursor snapshot", "at_capacity": false, "code": "input:draft-state", "cursor": 10, "expected_visual": "composer text window reflects runtime draft state", "sequence": 15, "status": "checkpoint", "step_index": 10, "text_len": 10, "title": "Composer draft state received", "ts_wall": 1783221069}
{"action": "runtime delivered key release; used to diagnose OS key delivery", "alt": false, "code": "input:key-up", "ctrl": false, "expected_visual": "no visible change expected from release alone", "key": "t", "key_code": "KeyT", "meta": false, "shift": false, "status": "checkpoint", "step_index": 10, "title": "Composer key up received (observed)", "ts_wall": 1783221069}
{"action": "runtime delivered key release; used to diagnose OS key delivery", "alt": false, "code": "input:key-up", "ctrl": false, "expected_visual": "no visible change expected from release alone", "key": "h", "key_code": "KeyH", "meta": false, "shift": false, "status": "checkpoint", "step_index": 10, "title": "Composer key up received (observed)", "ts_wall": 1783221069}
{"action": "runtime delivered key release; used to diagnose OS key delivery", "alt": false, "code": "input:key-up", "ctrl": false, "expected_visual": "no visible change expected from release alone", "key": "i", "key_code": "KeyI", "meta": false, "shift": false, "status": "checkpoint", "step_index": 10, "title": "Composer key up received (observed)", "ts_wall": 1783221069}
{"action": "runtime delivered key input; draft state update arrives via composer_draft_state", "alt": false, "code": "input:key-down", "ctrl": false, "expected_visual": "editing result arrives via runtime-owned draft-state event", "key": "s", "key_code": "KeyS", "meta": false, "repeat": false, "shift": false, "status": "checkpoint", "step_index": 10, "title": "Composer key down received (observed)", "ts_wall": 1783221069}
{"action": "runtime-owned draft buffer delivered coalesced text+cursor snapshot", "at_capacity": false, "code": "input:draft-state", "cursor": 11, "expected_visual": "composer text window reflects runtime draft state", "sequence": 16, "status": "checkpoint", "step_index": 10, "text_len": 11, "title": "Composer draft state received", "ts_wall": 1783221069}
{"action": "runtime-owned draft buffer delivered coalesced text+cursor snapshot", "at_capacity": false, "code": "input:draft-state", "cursor": 12, "expected_visual": "composer text window reflects runtime draft state", "sequence": 17, "status": "checkpoint", "step_index": 10, "text_len": 12, "title": "Composer draft state received", "ts_wall": 1783221069}
{"action": "runtime delivered key release; used to diagnose OS key delivery", "alt": false, "code": "input:key-up", "ctrl": false, "expected_visual": "no visible change expected from release alone", "key": "s", "key_code": "KeyS", "meta": false, "shift": false, "status": "checkpoint", "step_index": 10, "title": "Composer key up received (observed)", "ts_wall": 1783221069}
{"action": "runtime delivered key input; draft state update arrives via composer_draft_state", "alt": false, "code": "input:key-down", "ctrl": false, "expected_visual": "editing result arrives via runtime-owned draft-state event", "key": "i", "key_code": "KeyI", "meta": false, "repeat": false, "shift": false, "status": "checkpoint", "step_index": 10, "title": "Composer key down received (observed)", "ts_wall": 1783221069}
{"action": "runtime-owned draft buffer delivered coalesced text+cursor snapshot", "at_capacity": false, "code": "input:draft-state", "cursor": 13, "expected_visual": "composer text window reflects runtime draft state", "sequence": 18, "status": "checkpoint", "step_index": 10, "text_len": 13, "title": "Composer draft state received", "ts_wall": 1783221069}
{"action": "runtime delivered key release; used to diagnose OS key delivery", "alt": false, "code": "input:key-up", "ctrl": false, "expected_visual": "no visible change expected from release alone", "key": "Space", "key_code": "Space", "meta": false, "shift": false, "status": "checkpoint", "step_index": 10, "title": "Composer key up received (observed)", "ts_wall": 1783221069}
{"action": "runtime delivered key release; used to diagnose OS key delivery", "alt": false, "code": "input:key-up", "ctrl": false, "expected_visual": "no visible change expected from release alone", "key": "i", "key_code": "KeyI", "meta": false, "shift": false, "status": "checkpoint", "step_index": 10, "title": "Composer key up received (observed)", "ts_wall": 1783221069}
{"action": "runtime-owned draft buffer delivered coalesced text+cursor snapshot", "at_capacity": false, "code": "input:draft-state", "cursor": 12, "expected_visual": "composer text window reflects runtime draft state", "sequence": 19, "status": "checkpoint", "step_index": 10, "text_len": 12, "title": "Composer draft state received", "ts_wall": 1783221070}
{"action": "runtime delivered key input; draft state update arrives via composer_draft_state", "alt": false, "code": "input:key-down", "ctrl": false, "expected_visual": "editing result arrives via runtime-owned draft-state event", "key": "w", "key_code": "KeyW", "meta": false, "repeat": false, "shift": false, "status": "checkpoint", "step_index": 10, "title": "Composer key down received (observed)", "ts_wall": 1783221070}
{"action": "runtime-owned draft buffer delivered coalesced text+cursor snapshot", "at_capacity": false, "code": "input:draft-state", "cursor": 13, "expected_visual": "composer text window reflects runtime draft state", "sequence": 20, "status": "checkpoint", "step_index": 10, "text_len": 13, "title": "Composer draft state received", "ts_wall": 1783221070}
{"action": "runtime delivered key release; used to diagnose OS key delivery", "alt": false, "code": "input:key-up", "ctrl": false, "expected_visual": "no visible change expected from release alone", "key": "Backspace", "key_code": "Backspace", "meta": false, "shift": false, "status": "checkpoint", "step_index": 10, "title": "Composer key up received (observed)", "ts_wall": 1783221070}
{"action": "runtime delivered key input; draft state update arrives via composer_draft_state", "alt": false, "code": "input:key-down", "ctrl": false, "expected_visual": "editing result arrives via runtime-owned draft-state event", "key": "i", "key_code": "KeyI", "meta": false, "repeat": false, "shift": false, "status": "checkpoint", "step_index": 10, "title": "Composer key down received (observed)", "ts_wall": 1783221070}
{"action": "runtime-owned draft buffer delivered coalesced text+cursor snapshot", "at_capacity": false, "code": "input:draft-state", "cursor": 14, "expected_visual": "composer text window reflects runtime draft state", "sequence": 21, "status": "checkpoint", "step_index": 10, "text_len": 14, "title": "Composer draft state received", "ts_wall": 1783221070}
{"action": "runtime delivered key release; used to diagnose OS key delivery", "alt": false, "code": "input:key-up", "ctrl": false, "expected_visual": "no visible change expected from release alone", "key": "w", "key_code": "KeyW", "meta": false, "shift": false, "status": "checkpoint", "step_index": 10, "title": "Composer key up received (observed)", "ts_wall": 1783221070}
{"action": "runtime delivered key release; used to diagnose OS key delivery", "alt": false, "code": "input:key-up", "ctrl": false, "expected_visual": "no visible change expected from release alone", "key": "i", "key_code": "KeyI", "meta": false, "shift": false, "status": "checkpoint", "step_index": 10, "title": "Composer key up received (observed)", "ts_wall": 1783221070}
{"action": "runtime delivered key input; draft state update arrives via composer_draft_state", "alt": false, "code": "input:key-down", "ctrl": false, "expected_visual": "editing result arrives via runtime-owned draft-state event", "key": "n", "key_code": "KeyN", "meta": false, "repeat": false, "shift": false, "status": "checkpoint", "step_index": 10, "title": "Composer key down received (observed)", "ts_wall": 1783221070}
{"action": "runtime-owned draft buffer delivered coalesced text+cursor snapshot", "at_capacity": false, "code": "input:draft-state", "cursor": 15, "expected_visual": "composer text window reflects runtime draft state", "sequence": 22, "status": "checkpoint", "step_index": 10, "text_len": 15, "title": "Composer draft state received", "ts_wall": 1783221070}
{"action": "runtime delivered key input; draft state update arrives via composer_draft_state", "alt": false, "code": "input:key-down", "ctrl": false, "expected_visual": "editing result arrives via runtime-owned draft-state event", "key": "d", "key_code": "KeyD", "meta": false, "repeat": false, "shift": false, "status": "checkpoint", "step_index": 10, "title": "Composer key down received (observed)", "ts_wall": 1783221070}
{"action": "runtime-owned draft buffer delivered coalesced text+cursor snapshot", "at_capacity": false, "code": "input:draft-state", "cursor": 16, "expected_visual": "composer text window reflects runtime draft state", "sequence": 23, "status": "checkpoint", "step_index": 10, "text_len": 16, "title": "Composer draft state received", "ts_wall": 1783221070}
{"action": "runtime delivered key release; used to diagnose OS key delivery", "alt": false, "code": "input:key-up", "ctrl": false, "expected_visual": "no visible change expected from release alone", "key": "n", "key_code": "KeyN", "meta": false, "shift": false, "status": "checkpoint", "step_index": 10, "title": "Composer key up received (observed)", "ts_wall": 1783221070}
{"action": "runtime delivered key release; used to diagnose OS key delivery", "alt": false, "code": "input:key-up", "ctrl": false, "expected_visual": "no visible change expected from release alone", "key": "d", "key_code": "KeyD", "meta": false, "shift": false, "status": "checkpoint", "step_index": 10, "title": "Composer key up received (observed)", "ts_wall": 1783221070}
{"action": "runtime delivered key input; draft state update arrives via composer_draft_state", "alt": false, "code": "input:key-down", "ctrl": false, "expected_visual": "editing result arrives via runtime-owned draft-state event", "key": "o", "key_code": "KeyO", "meta": false, "repeat": false, "shift": false, "status": "checkpoint", "step_index": 10, "title": "Composer key down received (observed)", "ts_wall": 1783221070}
{"action": "runtime-owned draft buffer delivered coalesced text+cursor snapshot", "at_capacity": false, "code": "input:draft-state", "cursor": 17, "expected_visual": "composer text window reflects runtime draft state", "sequence": 24, "status": "checkpoint", "step_index": 10, "text_len": 17, "title": "Composer draft state received", "ts_wall": 1783221070}
{"action": "runtime delivered key input; draft state update arrives via composer_draft_state", "alt": false, "code": "input:key-down", "ctrl": false, "expected_visual": "editing result arrives via runtime-owned draft-state event", "key": "w", "key_code": "KeyW", "meta": false, "repeat": false, "shift": false, "status": "checkpoint", "step_index": 10, "title": "Composer key down received (observed)", "ts_wall": 1783221070}
{"action": "runtime-owned draft buffer delivered coalesced text+cursor snapshot", "at_capacity": false, "code": "input:draft-state", "cursor": 18, "expected_visual": "composer text window reflects runtime draft state", "sequence": 25, "status": "checkpoint", "step_index": 10, "text_len": 18, "title": "Composer draft state received", "ts_wall": 1783221070}
{"action": "runtime delivered key release; used to diagnose OS key delivery", "alt": false, "code": "input:key-up", "ctrl": false, "expected_visual": "no visible change expected from release alone", "key": "o", "key_code": "KeyO", "meta": false, "shift": false, "status": "checkpoint", "step_index": 10, "title": "Composer key up received (observed)", "ts_wall": 1783221070}
{"action": "runtime-owned draft buffer delivered coalesced text+cursor snapshot", "at_capacity": false, "code": "input:draft-state", "cursor": 19, "expected_visual": "composer text window reflects runtime draft state", "sequence": 26, "status": "checkpoint", "step_index": 10, "text_len": 19, "title": "Composer draft state received", "ts_wall": 1783221070}
{"action": "runtime delivered key release; used to diagnose OS key delivery", "alt": false, "code": "input:key-up", "ctrl": false, "expected_visual": "no visible change expected from release alone", "key": "w", "key_code": "KeyW", "meta": false, "shift": false, "status": "checkpoint", "step_index": 10, "title": "Composer key up received (observed)", "ts_wall": 1783221070}
{"action": "runtime delivered key input; draft state update arrives via composer_draft_state", "alt": false, "code": "input:key-down", "ctrl": false, "expected_visual": "editing result arrives via runtime-owned draft-state event", "key": "n", "key_code": "KeyN", "meta": false, "repeat": false, "shift": false, "status": "checkpoint", "step_index": 10, "title": "Composer key down received (observed)", "ts_wall": 1783221070}
{"action": "runtime-owned draft buffer delivered coalesced text+cursor snapshot", "at_capacity": false, "code": "input:draft-state", "cursor": 20, "expected_visual": "composer text window reflects runtime draft state", "sequence": 27, "status": "checkpoint", "step_index": 10, "text_len": 20, "title": "Composer draft state received", "ts_wall": 1783221070}
{"action": "runtime delivered key release; used to diagnose OS key delivery", "alt": false, "code": "input:key-up", "ctrl": false, "expected_visual": "no visible change expected from release alone", "key": "Space", "key_code": "Space", "meta": false, "shift": false, "status": "checkpoint", "step_index": 10, "title": "Composer key up received (observed)", "ts_wall": 1783221070}
{"action": "runtime delivered key input; draft state update arrives via composer_draft_state", "alt": false, "code": "input:key-down", "ctrl": false, "expected_visual": "editing result arrives via runtime-owned draft-state event", "key": "o", "key_code": "KeyO", "meta": false, "repeat": false, "shift": false, "status": "checkpoint", "step_index": 10, "title": "Composer key down received (observed)", "ts_wall": 1783221070}
{"action": "runtime-owned draft buffer delivered coalesced text+cursor snapshot", "at_capacity": false, "code": "input:draft-state", "cursor": 21, "expected_visual": "composer text window reflects runtime draft state", "sequence": 28, "status": "checkpoint", "step_index": 10, "text_len": 21, "title": "Composer draft state received", "ts_wall": 1783221070}
{"action": "runtime delivered key release; used to diagnose OS key delivery", "alt": false, "code": "input:key-up", "ctrl": false, "expected_visual": "no visible change expected from release alone", "key": "n", "key_code": "KeyN", "meta": false, "shift": false, "status": "checkpoint", "step_index": 10, "title": "Composer key up received (observed)", "ts_wall": 1783221070}
{"action": "runtime delivered key release; used to diagnose OS key delivery", "alt": false, "code": "input:key-up", "ctrl": false, "expected_visual": "no visible change expected from release alone", "key": "o", "key_code": "KeyO", "meta": false, "shift": false, "status": "checkpoint", "step_index": 10, "title": "Composer key up received (observed)", "ts_wall": 1783221070}
{"action": "runtime delivered key input; draft state update arrives via composer_draft_state", "alt": false, "code": "input:key-down", "ctrl": false, "expected_visual": "editing result arrives via runtime-owned draft-state event", "key": "w", "key_code": "KeyW", "meta": false, "repeat": false, "shift": false, "status": "checkpoint", "step_index": 10, "title": "Composer key down received (observed)", "ts_wall": 1783221071}
{"action": "runtime-owned draft buffer delivered coalesced text+cursor snapshot", "at_capacity": false, "code": "input:draft-state", "cursor": 22, "expected_visual": "composer text window reflects runtime draft state", "sequence": 29, "status": "checkpoint", "step_index": 10, "text_len": 22, "title": "Composer draft state received", "ts_wall": 1783221071}
{"action": "runtime-owned draft buffer delivered coalesced text+cursor snapshot", "at_capacity": false, "code": "input:draft-state", "cursor": 23, "expected_visual": "composer text window reflects runtime draft state", "sequence": 30, "status": "checkpoint", "step_index": 10, "text_len": 23, "title": "Composer draft state received", "ts_wall": 1783221071}
{"action": "runtime delivered key release; used to diagnose OS key delivery", "alt": false, "code": "input:key-up", "ctrl": false, "expected_visual": "no visible change expected from release alone", "key": "w", "key_code": "KeyW", "meta": false, "shift": false, "status": "checkpoint", "step_index": 10, "title": "Composer key up received (observed)", "ts_wall": 1783221071}
{"action": "runtime delivered key input; draft state update arrives via composer_draft_state", "alt": false, "code": "input:key-down", "ctrl": false, "expected_visual": "editing result arrives via runtime-owned draft-state event", "key": "g", "key_code": "KeyG", "meta": false, "repeat": false, "shift": false, "status": "checkpoint", "step_index": 10, "title": "Composer key down received (observed)", "ts_wall": 1783221071}
{"action": "runtime-owned draft buffer delivered coalesced text+cursor snapshot", "at_capacity": false, "code": "input:draft-state", "cursor": 24, "expected_visual": "composer text window reflects runtime draft state", "sequence": 31, "status": "checkpoint", "step_index": 10, "text_len": 24, "title": "Composer draft state received", "ts_wall": 1783221071}
{"action": "runtime delivered key release; used to diagnose OS key delivery", "alt": false, "code": "input:key-up", "ctrl": false, "expected_visual": "no visible change expected from release alone", "key": "Space", "key_code": "Space", "meta": false, "shift": false, "status": "checkpoint", "step_index": 10, "title": "Composer key up received (observed)", "ts_wall": 1783221071}
{"action": "runtime delivered key release; used to diagnose OS key delivery", "alt": false, "code": "input:key-up", "ctrl": false, "expected_visual": "no visible change expected from release alone", "key": "g", "key_code": "KeyG", "meta": false, "shift": false, "status": "checkpoint", "step_index": 10, "title": "Composer key up received (observed)", "ts_wall": 1783221071}
{"action": "runtime delivered key input; draft state update arrives via composer_draft_state", "alt": false, "code": "input:key-down", "ctrl": false, "expected_visual": "editing result arrives via runtime-owned draft-state event", "key": "r", "key_code": "KeyR", "meta": false, "repeat": false, "shift": false, "status": "checkpoint", "step_index": 10, "title": "Composer key down received (observed)", "ts_wall": 1783221071}
{"action": "runtime-owned draft buffer delivered coalesced text+cursor snapshot", "at_capacity": false, "code": "input:draft-state", "cursor": 25, "expected_visual": "composer text window reflects runtime draft state", "sequence": 32, "status": "checkpoint", "step_index": 10, "text_len": 25, "title": "Composer draft state received", "ts_wall": 1783221071}
{"action": "runtime delivered key input; draft state update arrives via composer_draft_state", "alt": false, "code": "input:key-down", "ctrl": false, "expected_visual": "editing result arrives via runtime-owned draft-state event", "key": "e", "key_code": "KeyE", "meta": false, "repeat": false, "shift": false, "status": "checkpoint", "step_index": 10, "title": "Composer key down received (observed)", "ts_wall": 1783221071}
{"action": "runtime-owned draft buffer delivered coalesced text+cursor snapshot", "at_capacity": false, "code": "input:draft-state", "cursor": 26, "expected_visual": "composer text window reflects runtime draft state", "sequence": 33, "status": "checkpoint", "step_index": 10, "text_len": 26, "title": "Composer draft state received", "ts_wall": 1783221071}
{"action": "runtime delivered key release; used to diagnose OS key delivery", "alt": false, "code": "input:key-up", "ctrl": false, "expected_visual": "no visible change expected from release alone", "key": "r", "key_code": "KeyR", "meta": false, "shift": false, "status": "checkpoint", "step_index": 10, "title": "Composer key up received (observed)", "ts_wall": 1783221071}
{"action": "runtime delivered key release; used to diagnose OS key delivery", "alt": false, "code": "input:key-up", "ctrl": false, "expected_visual": "no visible change expected from release alone", "key": "e", "key_code": "KeyE", "meta": false, "shift": false, "status": "checkpoint", "step_index": 10, "title": "Composer key up received (observed)", "ts_wall": 1783221071}
{"action": "runtime delivered key input; draft state update arrives via composer_draft_state", "alt": false, "code": "input:key-down", "ctrl": false, "expected_visual": "editing result arrives via runtime-owned draft-state event", "key": "t", "key_code": "KeyT", "meta": false, "repeat": false, "shift": false, "status": "checkpoint", "step_index": 10, "title": "Composer key down received (observed)", "ts_wall": 1783221071}
{"action": "runtime-owned draft buffer delivered coalesced text+cursor snapshot", "at_capacity": false, "code": "input:draft-state", "cursor": 27, "expected_visual": "composer text window reflects runtime draft state", "sequence": 34, "status": "checkpoint", "step_index": 10, "text_len": 27, "title": "Composer draft state received", "ts_wall": 1783221071}
{"action": "runtime delivered key release; used to diagnose OS key delivery", "alt": false, "code": "input:key-up", "ctrl": false, "expected_visual": "no visible change expected from release alone", "key": "t", "key_code": "KeyT", "meta": false, "shift": false, "status": "checkpoint", "step_index": 10, "title": "Composer key up received (observed)", "ts_wall": 1783221071}
{"action": "runtime-owned draft buffer delivered coalesced text+cursor snapshot", "at_capacity": false, "code": "input:draft-state", "cursor": 26, "expected_visual": "composer text window reflects runtime draft state", "sequence": 35, "status": "checkpoint", "step_index": 10, "text_len": 26, "title": "Composer draft state received", "ts_wall": 1783221071}
{"action": "runtime delivered key input; draft state update arrives via composer_draft_state", "alt": false, "code": "input:key-down", "ctrl": false, "expected_visual": "editing result arrives via runtime-owned draft-state event", "key": "y", "key_code": "KeyY", "meta": false, "repeat": false, "shift": false, "status": "checkpoint", "step_index": 10, "title": "Composer key down received (observed)", "ts_wall": 1783221071}
{"action": "runtime-owned draft buffer delivered coalesced text+cursor snapshot", "at_capacity": false, "code": "input:draft-state", "cursor": 27, "expected_visual": "composer text window reflects runtime draft state", "sequence": 36, "status": "checkpoint", "step_index": 10, "text_len": 27, "title": "Composer draft state received", "ts_wall": 1783221071}
{"action": "runtime delivered key release; used to diagnose OS key delivery", "alt": false, "code": "input:key-up", "ctrl": false, "expected_visual": "no visible change expected from release alone", "key": "Backspace", "key_code": "Backspace", "meta": false, "shift": false, "status": "checkpoint", "step_index": 10, "title": "Composer key up received (observed)", "ts_wall": 1783221071}
{"action": "runtime delivered key release; used to diagnose OS key delivery", "alt": false, "code": "input:key-up", "ctrl": false, "expected_visual": "no visible change expected from release alone", "key": "y", "key_code": "KeyY", "meta": false, "shift": false, "status": "checkpoint", "step_index": 10, "title": "Composer key up received (observed)", "ts_wall": 1783221071}
{"action": "runtime delivered key input; draft state update arrives via composer_draft_state", "alt": false, "code": "input:key-down", "ctrl": false, "expected_visual": "editing result arrives via runtime-owned draft-state event", "key": "Shift", "key_code": "ShiftLeft", "meta": false, "repeat": false, "shift": true, "status": "checkpoint", "step_index": 10, "title": "Composer key down received (observed)", "ts_wall": 1783221072}
{"action": "runtime delivered key input; draft state update arrives via composer_draft_state", "alt": false, "code": "input:key-down", "ctrl": false, "expected_visual": "editing result arrives via runtime-owned draft-state event", "key": "?", "key_code": "Slash", "meta": false, "repeat": false, "shift": true, "status": "checkpoint", "step_index": 10, "title": "Composer key down received (observed)", "ts_wall": 1783221072}
{"action": "runtime-owned draft buffer delivered coalesced text+cursor snapshot", "at_capacity": false, "code": "input:draft-state", "cursor": 28, "expected_visual": "composer text window reflects runtime draft state", "sequence": 37, "status": "checkpoint", "step_index": 10, "text_len": 28, "title": "Composer draft state received", "ts_wall": 1783221072}
{"action": "runtime delivered key release; used to diagnose OS key delivery", "alt": false, "code": "input:key-up", "ctrl": false, "expected_visual": "no visible change expected from release alone", "key": "?", "key_code": "Slash", "meta": false, "shift": true, "status": "checkpoint", "step_index": 10, "title": "Composer key up received (observed)", "ts_wall": 1783221072}
{"action": "runtime-owned draft buffer delivered coalesced text+cursor snapshot", "at_capacity": false, "code": "input:draft-state", "cursor": 29, "expected_visual": "composer text window reflects runtime draft state", "sequence": 38, "status": "checkpoint", "step_index": 10, "text_len": 29, "title": "Composer draft state received", "ts_wall": 1783221072}
{"action": "runtime delivered key input; draft state update arrives via composer_draft_state", "alt": false, "code": "input:key-down", "ctrl": false, "expected_visual": "editing result arrives via runtime-owned draft-state event", "key": "I", "key_code": "KeyI", "meta": false, "repeat": false, "shift": true, "status": "checkpoint", "step_index": 10, "title": "Composer key down received (observed)", "ts_wall": 1783221072}
{"action": "runtime-owned draft buffer delivered coalesced text+cursor snapshot", "at_capacity": false, "code": "input:draft-state", "cursor": 30, "expected_visual": "composer text window reflects runtime draft state", "sequence": 39, "status": "checkpoint", "step_index": 10, "text_len": 30, "title": "Composer draft state received", "ts_wall": 1783221072}
{"action": "runtime delivered key release; used to diagnose OS key delivery", "alt": false, "code": "input:key-up", "ctrl": false, "expected_visual": "no visible change expected from release alone", "key": "Space", "key_code": "Space", "meta": false, "shift": true, "status": "checkpoint", "step_index": 10, "title": "Composer key up received (observed)", "ts_wall": 1783221072}
{"action": "runtime delivered key release; used to diagnose OS key delivery", "alt": false, "code": "input:key-up", "ctrl": false, "expected_visual": "no visible change expected from release alone", "key": "I", "key_code": "KeyI", "meta": false, "shift": true, "status": "checkpoint", "step_index": 10, "title": "Composer key up received (observed)", "ts_wall": 1783221072}
{"action": "runtime delivered key release; used to diagnose OS key delivery", "alt": false, "code": "input:key-up", "ctrl": false, "expected_visual": "no visible change expected from release alone", "key": "Shift", "key_code": "ShiftLeft", "meta": false, "shift": false, "status": "checkpoint", "step_index": 10, "title": "Composer key up received (observed)", "ts_wall": 1783221072}
{"action": "runtime delivered key input; draft state update arrives via composer_draft_state", "alt": false, "code": "input:key-down", "ctrl": false, "expected_visual": "editing result arrives via runtime-owned draft-state event", "key": "t", "key_code": "KeyT", "meta": false, "repeat": false, "shift": false, "status": "checkpoint", "step_index": 10, "title": "Composer key down received (observed)", "ts_wall": 1783221072}
{"action": "runtime-owned draft buffer delivered coalesced text+cursor snapshot", "at_capacity": false, "code": "input:draft-state", "cursor": 31, "expected_visual": "composer text window reflects runtime draft state", "sequence": 40, "status": "checkpoint", "step_index": 10, "text_len": 31, "title": "Composer draft state received", "ts_wall": 1783221072}
{"action": "runtime-owned draft buffer delivered coalesced text+cursor snapshot", "at_capacity": false, "code": "input:draft-state", "cursor": 32, "expected_visual": "composer text window reflects runtime draft state", "sequence": 41, "status": "checkpoint", "step_index": 10, "text_len": 32, "title": "Composer draft state received", "ts_wall": 1783221072}
{"action": "runtime delivered key release; used to diagnose OS key delivery", "alt": false, "code": "input:key-up", "ctrl": false, "expected_visual": "no visible change expected from release alone", "key": "t", "key_code": "KeyT", "meta": false, "shift": false, "status": "checkpoint", "step_index": 10, "title": "Composer key up received (observed)", "ts_wall": 1783221072}
{"action": "runtime delivered key input; draft state update arrives via composer_draft_state", "alt": false, "code": "input:key-down", "ctrl": false, "expected_visual": "editing result arrives via runtime-owned draft-state event", "key": "u", "key_code": "KeyU", "meta": false, "repeat": false, "shift": false, "status": "checkpoint", "step_index": 10, "title": "Composer key down received (observed)", "ts_wall": 1783221072}
{"action": "runtime-owned draft buffer delivered coalesced text+cursor snapshot", "at_capacity": false, "code": "input:draft-state", "cursor": 33, "expected_visual": "composer text window reflects runtime draft state", "sequence": 42, "status": "checkpoint", "step_index": 10, "text_len": 33, "title": "Composer draft state received", "ts_wall": 1783221072}
{"action": "runtime delivered key release; used to diagnose OS key delivery", "alt": false, "code": "input:key-up", "ctrl": false, "expected_visual": "no visible change expected from release alone", "key": "Space", "key_code": "Space", "meta": false, "shift": false, "status": "checkpoint", "step_index": 10, "title": "Composer key up received (observed)", "ts_wall": 1783221072}
{"action": "runtime delivered key input; draft state update arrives via composer_draft_state", "alt": false, "code": "input:key-down", "ctrl": false, "expected_visual": "editing result arrives via runtime-owned draft-state event", "key": "s", "key_code": "KeyS", "meta": false, "repeat": false, "shift": false, "status": "checkpoint", "step_index": 10, "title": "Composer key down received (observed)", "ts_wall": 1783221072}
{"action": "runtime-owned draft buffer delivered coalesced text+cursor snapshot", "at_capacity": false, "code": "input:draft-state", "cursor": 34, "expected_visual": "composer text window reflects runtime draft state", "sequence": 43, "status": "checkpoint", "step_index": 10, "text_len": 34, "title": "Composer draft state received", "ts_wall": 1783221072}
{"action": "runtime delivered key release; used to diagnose OS key delivery", "alt": false, "code": "input:key-up", "ctrl": false, "expected_visual": "no visible change expected from release alone", "key": "u", "key_code": "KeyU", "meta": false, "shift": false, "status": "checkpoint", "step_index": 10, "title": "Composer key up received (observed)", "ts_wall": 1783221072}
{"action": "runtime delivered key release; used to diagnose OS key delivery", "alt": false, "code": "input:key-up", "ctrl": false, "expected_visual": "no visible change expected from release alone", "key": "s", "key_code": "KeyS", "meta": false, "shift": false, "status": "checkpoint", "step_index": 10, "title": "Composer key up received (observed)", "ts_wall": 1783221073}
{"action": "runtime delivered key input; draft state update arrives via composer_draft_state", "alt": false, "code": "input:key-down", "ctrl": false, "expected_visual": "editing result arrives via runtime-owned draft-state event", "key": "e", "key_code": "KeyE", "meta": false, "repeat": false, "shift": false, "status": "checkpoint", "step_index": 10, "title": "Composer key down received (observed)", "ts_wall": 1783221073}
{"action": "runtime-owned draft buffer delivered coalesced text+cursor snapshot", "at_capacity": false, "code": "input:draft-state", "cursor": 35, "expected_visual": "composer text window reflects runtime draft state", "sequence": 44, "status": "checkpoint", "step_index": 10, "text_len": 35, "title": "Composer draft state received", "ts_wall": 1783221073}
{"action": "runtime delivered key input; draft state update arrives via composer_draft_state", "alt": false, "code": "input:key-down", "ctrl": false, "expected_visual": "editing result arrives via runtime-owned draft-state event", "key": "d", "key_code": "KeyD", "meta": false, "repeat": false, "shift": false, "status": "checkpoint", "step_index": 10, "title": "Composer key down received (observed)", "ts_wall": 1783221073}
{"action": "runtime-owned draft buffer delivered coalesced text+cursor snapshot", "at_capacity": false, "code": "input:draft-state", "cursor": 36, "expected_visual": "composer text window reflects runtime draft state", "sequence": 45, "status": "checkpoint", "step_index": 10, "text_len": 36, "title": "Composer draft state received", "ts_wall": 1783221073}
{"action": "runtime-owned draft buffer delivered coalesced text+cursor snapshot", "at_capacity": false, "code": "input:draft-state", "cursor": 37, "expected_visual": "composer text window reflects runtime draft state", "sequence": 46, "status": "checkpoint", "step_index": 10, "text_len": 37, "title": "Composer draft state received", "ts_wall": 1783221073}
{"action": "runtime delivered key release; used to diagnose OS key delivery", "alt": false, "code": "input:key-up", "ctrl": false, "expected_visual": "no visible change expected from release alone", "key": "e", "key_code": "KeyE", "meta": false, "shift": false, "status": "checkpoint", "step_index": 10, "title": "Composer key up received (observed)", "ts_wall": 1783221073}
{"action": "runtime delivered key release; used to diagnose OS key delivery", "alt": false, "code": "input:key-up", "ctrl": false, "expected_visual": "no visible change expected from release alone", "key": "d", "key_code": "KeyD", "meta": false, "shift": false, "status": "checkpoint", "step_index": 10, "title": "Composer key up received (observed)", "ts_wall": 1783221073}
{"action": "runtime delivered key release; used to diagnose OS key delivery", "alt": false, "code": "input:key-up", "ctrl": false, "expected_visual": "no visible change expected from release alone", "key": "Space", "key_code": "Space", "meta": false, "shift": false, "status": "checkpoint", "step_index": 10, "title": "Composer key up received (observed)", "ts_wall": 1783221073}
{"action": "runtime delivered key input; draft state update arrives via composer_draft_state", "alt": false, "code": "input:key-down", "ctrl": false, "expected_visual": "editing result arrives via runtime-owned draft-state event", "key": "t", "key_code": "KeyT", "meta": false, "repeat": false, "shift": false, "status": "checkpoint", "step_index": 10, "title": "Composer key down received (observed)", "ts_wall": 1783221073}
{"action": "runtime-owned draft buffer delivered coalesced text+cursor snapshot", "at_capacity": false, "code": "input:draft-state", "cursor": 38, "expected_visual": "composer text window reflects runtime draft state", "sequence": 47, "status": "checkpoint", "step_index": 10, "text_len": 38, "title": "Composer draft state received", "ts_wall": 1783221073}
{"action": "runtime delivered key input; draft state update arrives via composer_draft_state", "alt": false, "code": "input:key-down", "ctrl": false, "expected_visual": "editing result arrives via runtime-owned draft-state event", "key": "o", "key_code": "KeyO", "meta": false, "repeat": false, "shift": false, "status": "checkpoint", "step_index": 10, "title": "Composer key down received (observed)", "ts_wall": 1783221073}
{"action": "runtime-owned draft buffer delivered coalesced text+cursor snapshot", "at_capacity": false, "code": "input:draft-state", "cursor": 39, "expected_visual": "composer text window reflects runtime draft state", "sequence": 48, "status": "checkpoint", "step_index": 10, "text_len": 39, "title": "Composer draft state received", "ts_wall": 1783221073}
{"action": "runtime delivered key release; used to diagnose OS key delivery", "alt": false, "code": "input:key-up", "ctrl": false, "expected_visual": "no visible change expected from release alone", "key": "t", "key_code": "KeyT", "meta": false, "shift": false, "status": "checkpoint", "step_index": 10, "title": "Composer key up received (observed)", "ts_wall": 1783221073}
{"action": "runtime-owned draft buffer delivered coalesced text+cursor snapshot", "at_capacity": false, "code": "input:draft-state", "cursor": 40, "expected_visual": "composer text window reflects runtime draft state", "sequence": 49, "status": "checkpoint", "step_index": 10, "text_len": 40, "title": "Composer draft state received", "ts_wall": 1783221073}
{"action": "runtime delivered key release; used to diagnose OS key delivery", "alt": false, "code": "input:key-up", "ctrl": false, "expected_visual": "no visible change expected from release alone", "key": "o", "key_code": "KeyO", "meta": false, "shift": false, "status": "checkpoint", "step_index": 10, "title": "Composer key up received (observed)", "ts_wall": 1783221073}
{"action": "runtime delivered key input; draft state update arrives via composer_draft_state", "alt": false, "code": "input:key-down", "ctrl": false, "expected_visual": "editing result arrives via runtime-owned draft-state event", "key": "b", "key_code": "KeyB", "meta": false, "repeat": false, "shift": false, "status": "checkpoint", "step_index": 10, "title": "Composer key down received (observed)", "ts_wall": 1783221073}
{"action": "runtime-owned draft buffer delivered coalesced text+cursor snapshot", "at_capacity": false, "code": "input:draft-state", "cursor": 41, "expected_visual": "composer text window reflects runtime draft state", "sequence": 50, "status": "checkpoint", "step_index": 10, "text_len": 41, "title": "Composer draft state received", "ts_wall": 1783221073}
{"action": "runtime delivered key release; used to diagnose OS key delivery", "alt": false, "code": "input:key-up", "ctrl": false, "expected_visual": "no visible change expected from release alone", "key": "Space", "key_code": "Space", "meta": false, "shift": false, "status": "checkpoint", "step_index": 10, "title": "Composer key up received (observed)", "ts_wall": 1783221073}
{"action": "runtime delivered key release; used to diagnose OS key delivery", "alt": false, "code": "input:key-up", "ctrl": false, "expected_visual": "no visible change expected from release alone", "key": "b", "key_code": "KeyB", "meta": false, "shift": false, "status": "checkpoint", "step_index": 10, "title": "Composer key up received (observed)", "ts_wall": 1783221073}
{"action": "runtime delivered key input; draft state update arrives via composer_draft_state", "alt": false, "code": "input:key-down", "ctrl": false, "expected_visual": "editing result arrives via runtime-owned draft-state event", "key": "e", "key_code": "KeyE", "meta": false, "repeat": false, "shift": false, "status": "checkpoint", "step_index": 10, "title": "Composer key down received (observed)", "ts_wall": 1783221073}
{"action": "runtime-owned draft buffer delivered coalesced text+cursor snapshot", "at_capacity": false, "code": "input:draft-state", "cursor": 42, "expected_visual": "composer text window reflects runtime draft state", "sequence": 51, "status": "checkpoint", "step_index": 10, "text_len": 42, "title": "Composer draft state received", "ts_wall": 1783221073}
{"action": "runtime-owned draft buffer delivered coalesced text+cursor snapshot", "at_capacity": false, "code": "input:draft-state", "cursor": 43, "expected_visual": "composer text window reflects runtime draft state", "sequence": 52, "status": "checkpoint", "step_index": 10, "text_len": 43, "title": "Composer draft state received", "ts_wall": 1783221073}
{"action": "runtime delivered key release; used to diagnose OS key delivery", "alt": false, "code": "input:key-up", "ctrl": false, "expected_visual": "no visible change expected from release alone", "key": "e", "key_code": "KeyE", "meta": false, "shift": false, "status": "checkpoint", "step_index": 10, "title": "Composer key up received (observed)", "ts_wall": 1783221073}
{"action": "runtime delivered key release; used to diagnose OS key delivery", "alt": false, "code": "input:key-up", "ctrl": false, "expected_visual": "no visible change expected from release alone", "key": "Space", "key_code": "Space", "meta": false, "shift": false, "status": "checkpoint", "step_index": 10, "title": "Composer key up received (observed)", "ts_wall": 1783221073}
{"action": "runtime delivered key input; draft state update arrives via composer_draft_state", "alt": false, "code": "input:key-down", "ctrl": false, "expected_visual": "editing result arrives via runtime-owned draft-state event", "key": "b", "key_code": "KeyB", "meta": false, "repeat": false, "shift": false, "status": "checkpoint", "step_index": 10, "title": "Composer key down received (observed)", "ts_wall": 1783221073}
{"action": "runtime-owned draft buffer delivered coalesced text+cursor snapshot", "at_capacity": false, "code": "input:draft-state", "cursor": 44, "expected_visual": "composer text window reflects runtime draft state", "sequence": 53, "status": "checkpoint", "step_index": 10, "text_len": 44, "title": "Composer draft state received", "ts_wall": 1783221073}
{"action": "runtime delivered key release; used to diagnose OS key delivery", "alt": false, "code": "input:key-up", "ctrl": false, "expected_visual": "no visible change expected from release alone", "key": "b", "key_code": "KeyB", "meta": false, "shift": false, "status": "checkpoint", "step_index": 10, "title": "Composer key up received (observed)", "ts_wall": 1783221073}
{"action": "runtime delivered key input; draft state update arrives via composer_draft_state", "alt": false, "code": "input:key-down", "ctrl": false, "expected_visual": "editing result arrives via runtime-owned draft-state event", "key": "l", "key_code": "KeyL", "meta": false, "repeat": false, "shift": false, "status": "checkpoint", "step_index": 10, "title": "Composer key down received (observed)", "ts_wall": 1783221073}
{"action": "runtime-owned draft buffer delivered coalesced text+cursor snapshot", "at_capacity": false, "code": "input:draft-state", "cursor": 45, "expected_visual": "composer text window reflects runtime draft state", "sequence": 54, "status": "checkpoint", "step_index": 10, "text_len": 45, "title": "Composer draft state received", "ts_wall": 1783221073}
{"action": "runtime delivered key input; draft state update arrives via composer_draft_state", "alt": false, "code": "input:key-down", "ctrl": false, "expected_visual": "editing result arrives via runtime-owned draft-state event", "key": "a", "key_code": "KeyA", "meta": false, "repeat": false, "shift": false, "status": "checkpoint", "step_index": 10, "title": "Composer key down received (observed)", "ts_wall": 1783221074}
{"action": "runtime-owned draft buffer delivered coalesced text+cursor snapshot", "at_capacity": false, "code": "input:draft-state", "cursor": 46, "expected_visual": "composer text window reflects runtime draft state", "sequence": 55, "status": "checkpoint", "step_index": 10, "text_len": 46, "title": "Composer draft state received", "ts_wall": 1783221074}
{"action": "runtime delivered key release; used to diagnose OS key delivery", "alt": false, "code": "input:key-up", "ctrl": false, "expected_visual": "no visible change expected from release alone", "key": "l", "key_code": "KeyL", "meta": false, "shift": false, "status": "checkpoint", "step_index": 10, "title": "Composer key up received (observed)", "ts_wall": 1783221074}
{"action": "runtime delivered key input; draft state update arrives via composer_draft_state", "alt": false, "code": "input:key-down", "ctrl": false, "expected_visual": "editing result arrives via runtime-owned draft-state event", "key": "c", "key_code": "KeyC", "meta": false, "repeat": false, "shift": false, "status": "checkpoint", "step_index": 10, "title": "Composer key down received (observed)", "ts_wall": 1783221074}
{"action": "runtime-owned draft buffer delivered coalesced text+cursor snapshot", "at_capacity": false, "code": "input:draft-state", "cursor": 47, "expected_visual": "composer text window reflects runtime draft state", "sequence": 56, "status": "checkpoint", "step_index": 10, "text_len": 47, "title": "Composer draft state received", "ts_wall": 1783221074}
{"action": "runtime delivered key input; draft state update arrives via composer_draft_state", "alt": false, "code": "input:key-down", "ctrl": false, "expected_visual": "editing result arrives via runtime-owned draft-state event", "key": "k", "key_code": "KeyK", "meta": false, "repeat": false, "shift": false, "status": "checkpoint", "step_index": 10, "title": "Composer key down received (observed)", "ts_wall": 1783221074}
{"action": "runtime-owned draft buffer delivered coalesced text+cursor snapshot", "at_capacity": false, "code": "input:draft-state", "cursor": 48, "expected_visual": "composer text window reflects runtime draft state", "sequence": 57, "status": "checkpoint", "step_index": 10, "text_len": 48, "title": "Composer draft state received", "ts_wall": 1783221074}
{"action": "runtime delivered key release; used to diagnose OS key delivery", "alt": false, "code": "input:key-up", "ctrl": false, "expected_visual": "no visible change expected from release alone", "key": "a", "key_code": "KeyA", "meta": false, "shift": false, "status": "checkpoint", "step_index": 10, "title": "Composer key up received (observed)", "ts_wall": 1783221074}
{"action": "runtime delivered key release; used to diagnose OS key delivery", "alt": false, "code": "input:key-up", "ctrl": false, "expected_visual": "no visible change expected from release alone", "key": "c", "key_code": "KeyC", "meta": false, "shift": false, "status": "checkpoint", "step_index": 10, "title": "Composer key up received (observed)", "ts_wall": 1783221074}
{"action": "runtime delivered key release; used to diagnose OS key delivery", "alt": false, "code": "input:key-up", "ctrl": false, "expected_visual": "no visible change expected from release alone", "key": "k", "key_code": "KeyK", "meta": false, "shift": false, "status": "checkpoint", "step_index": 10, "title": "Composer key up received (observed)", "ts_wall": 1783221074}
{"action": "runtime delivered key input; draft state update arrives via composer_draft_state", "alt": false, "code": "input:key-down", "ctrl": false, "expected_visual": "editing result arrives via runtime-owned draft-state event", "key": "Shift", "key_code": "ShiftLeft", "meta": false, "repeat": false, "shift": true, "status": "checkpoint", "step_index": 10, "title": "Composer key down received (observed)", "ts_wall": 1783221074}
{"action": "runtime delivered key input; draft state update arrives via composer_draft_state", "alt": false, "code": "input:key-down", "ctrl": false, "expected_visual": "editing result arrives via runtime-owned draft-state event", "key": "?", "key_code": "Slash", "meta": false, "repeat": false, "shift": true, "status": "checkpoint", "step_index": 10, "title": "Composer key down received (observed)", "ts_wall": 1783221074}
{"action": "runtime-owned draft buffer delivered coalesced text+cursor snapshot", "at_capacity": false, "code": "input:draft-state", "cursor": 49, "expected_visual": "composer text window reflects runtime draft state", "sequence": 58, "status": "checkpoint", "step_index": 10, "text_len": 49, "title": "Composer draft state received", "ts_wall": 1783221074}
{"action": "runtime delivered key release; used to diagnose OS key delivery", "alt": false, "code": "input:key-up", "ctrl": false, "expected_visual": "no visible change expected from release alone", "key": "Shift", "key_code": "ShiftLeft", "meta": false, "shift": false, "status": "checkpoint", "step_index": 10, "title": "Composer key up received (observed)", "ts_wall": 1783221074}
{"action": "runtime delivered key release; used to diagnose OS key delivery", "alt": false, "code": "input:key-up", "ctrl": false, "expected_visual": "no visible change expected from release alone", "key": "/", "key_code": "Slash", "meta": false, "shift": false, "status": "checkpoint", "step_index": 10, "title": "Composer key up received (observed)", "ts_wall": 1783221074}
{"action": "runtime-owned draft buffer delivered coalesced text+cursor snapshot", "at_capacity": false, "code": "input:draft-state", "cursor": 0, "expected_visual": "composer text window reflects runtime draft state", "sequence": 60, "status": "checkpoint", "step_index": 10, "text_len": 0, "title": "Composer draft state received", "ts_wall": 1783221074}
{"action": "runtime-owned draft submitted; recorded in INPUT-pane history, composer clears", "code": "input:submit", "expected_visual": "submitted text appears beneath the composer in the LEFT input pane (not the OUTPUT transcript)", "input_history_len": 2, "status": "checkpoint", "step_index": 10, "submitted": "why is this window now grey? It used to be black?", "title": "Composer submitted", "ts_wall": 1783221074}
{"action": "runtime delivered key release; used to diagnose OS key delivery", "alt": false, "code": "input:key-up", "ctrl": false, "expected_visual": "no visible change expected from release alone", "key": "Enter", "key_code": "Enter", "meta": false, "shift": false, "status": "checkpoint", "step_index": 10, "title": "Composer key up received (observed)", "ts_wall": 1783221074}
  [grpc] Lease renewed: ttl=60000ms
  [grpc] Lease renewed: ttl=60000ms
{"action": "review transcript and capture UX notes", "code": "scenario_complete", "expected_visual": "portal visible until cleanup releases the lease", "status": "completed", "step_index": 99, "title": "Text Stream Portal scenario complete", "ts_wall": 1783221225}
  [grpc] Lease released
{"action": "release the lease before closing the session", "code": "cleanup:lease-release", "expected_visual": "all portal tiles are removed from the HUD", "status": "completed", "step_index": 100, "title": "Portal lease released", "ts_wall": 1783221225}
