{"action": "connect and open resident session", "code": "scenario", "doc": "docs/reports/exemplar-manual-review-checklist.md", "expected_visual": "operator follows JSON step transcript", "phases": "streaming,baseline", "status": "started", "step_index": 0, "target": "tzehouse-windows.parrot-hen.ts.net:50051", "title": "Text Stream Portal live scenario", "ts_wall": 1783225503}
  [grpc] Session established: namespace=agent-alpha, caps=['create_tiles', 'modify_own_tiles', 'access_input_events', 'read_telemetry']
  [grpc] Scene display area: 3840x2160
{"action": "adopt runtime-delivered resolved PortalPartTokens as the live source when the handshake exposes them; else keep the local mirror", "code": "tokens:source", "expected_visual": "portal renders the runtime's active-profile look", "runtime_token_count": 47, "status": "checkpoint", "step_index": 0, "title": "Portal design-token source resolved", "token_source": "runtime-handshake", "ts_wall": 1783225503}
{"action": "use live scene dimensions for portal placement and drag bounds", "code": "scene:display-area", "expected_visual": "portal can be dragged across the full HUD surface", "scene_height": 2160.0, "scene_width": 3840.0, "status": "checkpoint", "step_index": 0, "title": "Scene display area resolved", "ts_wall": 1783225503}
  [grpc] Lease granted: ttl=720000ms, priority=2
{"action": "scale portal defaults from live scene dimensions unless explicit size overrides were provided", "code": "portal:size", "expected_visual": "portal occupies a readable portion of the detected display", "explicit_height": false, "explicit_width": false, "portal_h": 1360.0, "portal_w": 1720.0, "status": "checkpoint", "step_index": 0, "title": "Portal size resolved", "ts_wall": 1783225503}
  [grpc] Tile created: 019f3085ce0871a3...
  [grpc] Tile created: 019f3085ce1678a2...
  [grpc] Tile created: 019f3085ce227ee0...
  [grpc] Tile created: 019f3085ce2f7aa2...
  [grpc] Tile created: 019f3085ce3d75f0...
  [grpc] Tile created: 019f3085ce497423...
{"action": "reveal body in 8 ordered chunks", "code": "streaming", "expected_visual": "body grows over time; header/footer unchanged", "status": "started", "step_index": 2, "title": "Incremental streaming reveal", "ts_wall": 1783225503}
  [grpc] Tile root set; server root_id=52c009541072e241...
  [grpc] Node added: c8f4f2bc22ac5f43...
  [grpc] Tile root set; server root_id=dd33e6f2ba91a547...
  [grpc] Node added: 76245905d6bf044a...
  [grpc] Node added: 26568494486fa640...
  [grpc] Node added: f6d0d481c2457543...
  [grpc] Node added: 2740bceb46b8ee41...
  [grpc] Node added: c174d260be44044b...
  [grpc] Node added: 62ccb3eddb2c9940...
  [grpc] Node added: f87e9ff4b2b9d74d...
  [grpc] Node added: ea8508fbe8a35c45...
  [grpc] Node added: eaa63734e6fd7f43...
  [grpc] Node added: 44b5d26a39ba9a45...
  [grpc] Node added: 72639e5f3f4d414b...
  [grpc] Node added: f174b945ae5f054f...
  [grpc] Node added: bd702d62930ca841...
  [grpc] Node added: c8b86139c52c0b48...
  [grpc] Node added: 31a9f467cd2b1a4d...
  [grpc] Node added: 742b7915a94ea647...
  [grpc] Node added: a7dae49c9016cb49...
  [grpc] Node added: 9f7cae443c256943...
  [grpc] Node added: d16915fc85cfc540...
  [grpc] Node added: 22cf5ce24b23b747...
  [grpc] Node added: b29f6695160cf44a...
  [grpc] Node added: 7543c1dc64df9543...
  [grpc] Node added: ea177e6ecca86447...
  [grpc] Node added: bc6195aa6be16b4b...
  [grpc] Node added: 859166ff8b38194b...
  [grpc] Node added: 8d7a4cbfa0ff524b...
  [grpc] Node added: 3905158195421b4a...
  [grpc] Node added: fb4b144d4130b24e...
  [grpc] Node added: 0fa0604c399a9848...
  [grpc] Node added: 51abaa0aa8bd364f...
  [grpc] Tile root set; server root_id=f6f2c8f3b213724c...
  [grpc] Node added: 10e4f6da0b0e6246...
  [grpc] Node added: 6f1b0e9d4f35464d...
  [grpc] Node added: 611d519857f9c943...
  [grpc] Node added: f445364f2bb7204b...
  [grpc] Node added: 22d3de56d2293d4f...
  [grpc] Node added: ca288713bdb88542...
  [grpc] Node added: 3f98fe252c9d3041...
  [grpc] Node added: ccd5c97801cd134a...
  [grpc] Node added: 236b565d17383843...
  [grpc] Node added: 07bd8d6e1d740442...
  [grpc] Node added: 0d5d924f51e05648...
  [grpc] Tile root set; server root_id=57dcaf682ea03649...
  [grpc] Node added: dbf0c957b947e345...
  [grpc] Node added: 6e5c0eac248fe243...
  [grpc] Tile root set; server root_id=bdd28cfa43b60041...
  [grpc] Node added: e96e3f577754784a...
  [grpc] Tile root set; server root_id=d9618cdf657e314c...
  [grpc] Node added: 085a39f0a50beb46...
  [grpc] Tile root set; server root_id=d069a0f7feb2ed43...
  [grpc] Node added: 44d23dc19924c44d...
  [grpc] Tile root set; server root_id=2393f21632c7404f...
  [grpc] Node added: 6dc67f5de590c44b...
  [grpc] Tile root set; server root_id=8187345706178045...
  [grpc] Node added: b3f7d108073dbc40...
  [grpc] Tile root set; server root_id=01dba3bdf7171348...
  [grpc] Node added: 41c532944aec154d...
  [grpc] Tile root set; server root_id=f55d760e773f394b...
  [grpc] Node added: 159608f70a47834c...
{"action": "final chunk published", "code": "streaming", "expected_visual": "full body visible, matches baseline", "status": "completed", "step_index": 2, "title": "Incremental streaming reveal", "ts_wall": 1783225518}
{"action": "publish full portal chrome + transcript viewport", "code": "baseline", "expected_visual": "portal surface appears at right edge with header, body, footer", "status": "started", "step_index": 1, "title": "Baseline render", "ts_wall": 1783225518}
  [grpc] Tile opacity set to 0.0
  [grpc] Tile input mode set
  [grpc] Tile opacity set to 1.0
  [grpc] Tile input mode set
  [grpc] Tile opacity set to 1.0
  [grpc] Tile input mode set
  [grpc] Tile opacity set to 1.0
  [grpc] Tile input mode set
  [grpc] Tile input mode set
  [grpc] Tile opacity set to 0.0
  [grpc] Tile opacity set to 0.0
  [grpc] Tile input mode set
  [grpc] Tile root set; server root_id=277c108d6cbdff46...
  [grpc] Node added: 5ad58cd72d45024b...
  [grpc] Tile root set; server root_id=364e6e6df5f32c4d...
  [grpc] Node added: 4e7112f44b4f2b41...
  [grpc] Node added: b7289645557eb744...
  [grpc] Node added: b3014b45bd350b49...
  [grpc] Node added: b9d6b967ae09e143...
  [grpc] Node added: 342c0fe7298f6c49...
  [grpc] Node added: 9a16da055a368b47...
  [grpc] Node added: 202f46c1da20df4e...
  [grpc] Node added: 1672d497fa328e4f...
  [grpc] Node added: 95c2449431f51544...
  [grpc] Node added: 59c3d02fe78d0c45...
  [grpc] Node added: c5f7e53c03d1c14f...
  [grpc] Node added: 96546a4548ad1549...
  [grpc] Node added: 5a5c091b294ab943...
  [grpc] Node added: 7c69be6c91929d4d...
  [grpc] Node added: 3826c5ec52ec544e...
  [grpc] Node added: 8b7f326e63f4a646...
  [grpc] Node added: 52ca0a7ad10a9449...
  [grpc] Node added: 31ff2a35196eb64d...
  [grpc] Node added: 660e1f9efcb60f40...
  [grpc] Node added: 0a012db5056bd54f...
  [grpc] Node added: 4787bde9cb0cf541...
  [grpc] Node added: 773eac2039193b4d...
  [grpc] Node added: 0d9c042448d9aa43...
  [grpc] Node added: ee135c20962f5d42...
  [grpc] Node added: af1693d8da2eb84f...
  [grpc] Node added: 42b4e0bc8df50643...
  [grpc] Node added: f8bb1937bf714a4e...
  [grpc] Node added: 1063a33a8d13a546...
  [grpc] Node added: 8a8881aa94aab940...
  [grpc] Node added: 4e893a1e9e493a4a...
  [grpc] Tile root set; server root_id=ead2201de80cbe42...
  [grpc] Node added: ffe346a22d9d3a41...
  [grpc] Node added: 7c8b8e753108704f...
  [grpc] Node added: 45e69f536046b142...
  [grpc] Node added: 00b738a90d22f34f...
  [grpc] Node added: 5eb8dae54fb0da47...
  [grpc] Node added: 86f818a61844fa4e...
  [grpc] Node added: 39c47c326862f149...
  [grpc] Node added: 7f7d48f86b69df43...
  [grpc] Node added: b542043e03b05d40...
  [grpc] Node added: 0bb0eb79c0f8174b...
  [grpc] Node added: 7e673a931a7a6447...
  [grpc] Tile root set; server root_id=0f35127e83cc9743...
  [grpc] Node added: 0bfaf1ead8036840...
  [grpc] Node added: 8af795f33810a047...
  [grpc] Tile root set; server root_id=e3008b97e1a5d644...
  [grpc] Tile root set; server root_id=bc497d85c1036644...
  [grpc] Node added: ac6de5c55a2ddb49...
  [grpc] Node added: 71d7dca764cecb4a...
  [grpc] Node added: 55b532c842596d41...
  [grpc] Node added: d711cc786eac664f...
  [grpc] Node added: 7bcb3b21a604834a...
  [grpc] Node added: 80d0d7dfddc6134f...
  [grpc] Node added: cea8b91c3576354a...
  [grpc] Node added: 89cc960fa37e264a...
  [grpc] Node added: cff1428d66fb7245...
  [grpc] Node added: afad564e5f250b45...
  [grpc] Node added: f7de854766ee5d4e...
{"action": "hold for operator observation", "code": "baseline", "expected_visual": "portal surface visible; body text readable", "hold_s": 600.0, "lines": 90, "status": "completed", "step_index": 1, "title": "Baseline render", "ts_wall": 1783225521}
  [grpc] Lease renewed: ttl=60000ms
  [grpc] Lease renewed: ttl=60000ms
{"action": "review transcript and capture UX notes", "code": "scenario_complete", "expected_visual": "portal visible until cleanup releases the lease", "status": "completed", "step_index": 99, "title": "Text Stream Portal scenario complete", "ts_wall": 1783226121}
  [grpc] Lease released
{"action": "release the lease before closing the session", "code": "cleanup:lease-release", "expected_visual": "all portal tiles are removed from the HUD", "status": "completed", "step_index": 100, "title": "Portal lease released", "ts_wall": 1783226121}
