{"action": "connect and open resident session", "code": "scenario", "doc": "docs/reports/exemplar-manual-review-checklist.md", "expected_visual": "operator follows JSON step transcript", "phases": "baseline", "status": "started", "step_index": 0, "target": "windows-host.example:50051", "title": "Text Stream Portal live scenario", "ts_wall": 1783700988}
  [grpc] Session established: namespace=agent-alpha, caps=['create_tiles', 'modify_own_tiles', 'access_input_events', 'read_telemetry']
  [grpc] Scene display area: 3840x2160
{"action": "adopt runtime-delivered resolved PortalPartTokens as the live source when the handshake exposes them; else keep the local mirror", "code": "tokens:source", "expected_visual": "portal renders the runtime's active-profile look", "runtime_token_count": 57, "status": "checkpoint", "step_index": 0, "title": "Portal design-token source resolved", "token_source": "runtime-handshake", "ts_wall": 1783700989}
{"action": "use live scene dimensions for portal placement and drag bounds", "code": "scene:display-area", "expected_visual": "portal can be dragged across the full HUD surface", "scene_height": 2160.0, "scene_width": 3840.0, "status": "checkpoint", "step_index": 0, "title": "Scene display area resolved", "ts_wall": 1783700989}
  [grpc] Lease granted: ttl=600000ms, priority=2
{"action": "scale portal defaults from live scene dimensions unless explicit size overrides were provided", "code": "portal:size", "expected_visual": "portal occupies a readable portion of the detected display", "explicit_height": true, "explicit_width": true, "portal_h": 1360.0, "portal_w": 1720.0, "status": "checkpoint", "step_index": 0, "title": "Portal size resolved", "ts_wall": 1783700989}
  [grpc] Tile created: 019f4cdd21627113...
  [grpc] Tile created: 019f4cdd217475d2...
  [grpc] Tile created: 019f4cdd21ad76b1...
  [grpc] Tile created: 019f4cdd21c67dd0...
  [grpc] Tile created: 019f4cdd21e374c2...
  [grpc] Tile created: 019f4cdd21fa7a83...
{"action": "publish full portal chrome + transcript viewport", "code": "baseline", "expected_visual": "portal surface appears at right edge with header, body, footer", "status": "started", "step_index": 1, "title": "Baseline render", "ts_wall": 1783700989}
  [grpc] Tile opacity set to 0.0
  [grpc] Tile input mode set
  [grpc] Tile opacity set to 1.0
  [grpc] Tile input mode set
  [grpc] Tile opacity set to 1.0
  [grpc] Tile input mode set
  [grpc] Tile opacity set to 1.0
  [grpc] Tile input mode set
  [grpc] Tile input mode set
  [grpc] Tile opacity set to 0.0
  [grpc] Tile opacity set to 0.0
  [grpc] Tile input mode set
  [grpc] Tile root set; server root_id=75ca2e0a62325f49...
  [grpc] Node added: ec943850008b1a49...
  [grpc] Tile root set; server root_id=31ac750bcb41af40...
  [grpc] Node added: 090e09da9984e849...
  [grpc] Node added: 68b209dc7282ff49...
  [grpc] Node added: c29832839f473448...
  [grpc] Node added: 7a58f05e16da9949...
  [grpc] Node added: 1c8f255bb1f38447...
  [grpc] Node added: b8d454c77de8da48...
  [grpc] Node added: c504aac824af614e...
  [grpc] Node added: f5c586ba46874f4f...
  [grpc] Node added: dfbc8c57c15ed547...
  [grpc] Node added: 4b681c5101556d47...
  [grpc] Node added: 272c44653a08de43...
  [grpc] Node added: 6bd52c7723688b4d...
  [grpc] Node added: 16b9a9d85f58ec4e...
  [grpc] Node added: 61dce8775b8ca240...
  [grpc] Node added: 1bec0af1c660a14f...
  [grpc] Node added: 3f0a6b9e683c2046...
  [grpc] Node added: 2ae4f3e167db1e43...
  [grpc] Node added: 88cc4cff7a20514b...
  [grpc] Node added: f06e1fa67617cb42...
  [grpc] Node added: 57445cc4d5f92e42...
  [grpc] Node added: faeee1bf8e4dd14f...
  [grpc] Node added: 1c374a0c6226c54e...
  [grpc] Node added: c247e5f277102c4f...
  [grpc] Node added: 8dc01e937558d747...
  [grpc] Node added: 4d527f64d227c441...
  [grpc] Node added: b919b52eb9e4c348...
  [grpc] Node added: 7b27d0d99a40f147...
  [grpc] Node added: 6d3e8a61cb6bd248...
  [grpc] Node added: dd26cec2bf30d04b...
  [grpc] Node added: 51819d32b38dad46...
  [grpc] Tile root set; server root_id=0c2a5ae0de9d614d...
  [grpc] Node added: 6320a236af53e042...
  [grpc] Node added: 4a0d3994f75c6943...
  [grpc] Node added: 19ad4cae26af1742...
  [grpc] Node added: ef65efa7f33d7646...
  [grpc] Node added: d1dd395e0936ca44...
  [grpc] Node added: 93c7e9a772f8a544...
  [grpc] Node added: 311459a196b20846...
  [grpc] Node added: 4cf405ce920ad240...
  [grpc] Node added: e015ccb22a6aad42...
  [grpc] Node added: 6f89bf16043a9848...
  [grpc] Node added: 902c30c840f9bf44...
  [grpc] Tile root set; server root_id=3021547999eaf345...
  [grpc] Node added: 0b80ddd35429b048...
  [grpc] Node added: 5ad53a59308d3745...
  [grpc] Tile root set; server root_id=04941b4258e5c046...
  [grpc] Tile root set; server root_id=ec094537c08f5d47...
  [grpc] Node added: 5ba199d1b9c6204f...
  [grpc] Node added: 5611b1a0d61a0249...
  [grpc] Node added: 5330e0784715a544...
  [grpc] Node added: 8f8cc64e9b9ce544...
  [grpc] Node added: b7cb92543f92c44a...
  [grpc] Node added: 941ea24ccc0cd540...
  [grpc] Node added: 1a94b58b4a741248...
  [grpc] Node added: 42e0c8ce973e2243...
  [grpc] Node added: bf3af96f61986044...
  [grpc] Node added: a3f6dd4403ecaf4c...
  [grpc] Node added: e2a047a504a74448...
{"action": "hold for operator observation", "code": "baseline", "expected_visual": "portal surface visible; body text readable", "hold_s": 40.0, "lines": 120, "status": "completed", "step_index": 1, "title": "Baseline render", "ts_wall": 1783700991}
{"action": "review transcript and capture UX notes", "code": "scenario_complete", "expected_visual": "portal visible until cleanup releases the lease", "status": "completed", "step_index": 99, "title": "Text Stream Portal scenario complete", "ts_wall": 1783701031}
  [grpc] Lease released
{"action": "release the lease before closing the session", "code": "cleanup:lease-release", "expected_visual": "all portal tiles are removed from the HUD", "status": "completed", "step_index": 100, "title": "Portal lease released", "ts_wall": 1783701031}
