{"action": "connect and open resident session", "code": "scenario", "doc": "docs/reports/exemplar-manual-review-checklist.md", "expected_visual": "operator follows JSON step transcript", "phases": "profile-swap", "status": "started", "step_index": 0, "target": "windows-host.example:50051", "title": "Text Stream Portal live scenario", "ts_wall": 1783702620}
  [grpc] Session established: namespace=agent-alpha, caps=['create_tiles', 'modify_own_tiles', 'access_input_events', 'read_telemetry']
  [grpc] Scene display area: 3840x2160
{"action": "adopt runtime-delivered resolved PortalPartTokens as the live source when the handshake exposes them; else keep the local mirror", "code": "tokens:source", "expected_visual": "portal renders the runtime's active-profile look", "runtime_token_count": 57, "status": "checkpoint", "step_index": 0, "title": "Portal design-token source resolved", "token_source": "runtime-handshake", "ts_wall": 1783702620}
{"action": "use live scene dimensions for portal placement and drag bounds", "code": "scene:display-area", "expected_visual": "portal can be dragged across the full HUD surface", "scene_height": 2160.0, "scene_width": 3840.0, "status": "checkpoint", "step_index": 0, "title": "Scene display area resolved", "ts_wall": 1783702620}
  [grpc] Lease granted: ttl=600000ms, priority=2
{"action": "scale portal defaults from live scene dimensions unless explicit size overrides were provided", "code": "portal:size", "expected_visual": "portal occupies a readable portion of the detected display", "explicit_height": true, "explicit_width": true, "portal_h": 900.0, "portal_w": 1400.0, "status": "checkpoint", "step_index": 0, "title": "Portal size resolved", "ts_wall": 1783702620}
  [grpc] Tile created: 019f4cf604187943...
  [grpc] Tile created: 019f4cf604227921...
  [grpc] Tile created: 019f4cf6042f7f31...
  [grpc] Tile created: 019f4cf604377563...
  [grpc] Tile created: 019f4cf6043e7ff1...
  [grpc] Tile created: 019f4cf6044d7e03...
{"action": "cycle compact \u2192 standard \u2192 expanded portal token profiles (palette + typography + dimensions)", "code": "profile-swap", "expected_visual": "portal palette AND chrome dimensions shift each cycle; body text remains readable; no layout collapse", "status": "started", "step_index": 11, "title": "Visual profile swap", "ts_wall": 1783702620}
  [grpc] Tile opacity set to 0.0
  [grpc] Tile input mode set
  [grpc] Tile opacity set to 1.0
  [grpc] Tile input mode set
  [grpc] Tile opacity set to 1.0
  [grpc] Tile input mode set
  [grpc] Tile opacity set to 1.0
  [grpc] Tile input mode set
  [grpc] Tile input mode set
  [grpc] Tile opacity set to 0.0
  [grpc] Tile opacity set to 0.0
  [grpc] Tile input mode set
  [grpc] Tile root set; server root_id=c9990ff53a32e745...
  [grpc] Node added: af8c1bb2a70c4f40...
  [grpc] Tile root set; server root_id=2395222b70218b4f...
  [grpc] Node added: dabd2661d0273441...
  [grpc] Node added: 3e64be11e2d56042...
  [grpc] Node added: e990d449a06a594a...
  [grpc] Node added: 51db2fa4aa0dab4a...
  [grpc] Node added: 0468b1a2b1bed54d...
  [grpc] Node added: 6f4cd82435fe3340...
  [grpc] Node added: 62929a3a8551d844...
  [grpc] Node added: a7940d79f6a95241...
  [grpc] Node added: 8e0d9ad561b62048...
  [grpc] Node added: 5ad1952632ea1042...
  [grpc] Node added: 5e9204dd58be1240...
  [grpc] Node added: b1a8ea0549cbe84c...
  [grpc] Node added: cbe5395ebaf8b444...
  [grpc] Node added: f90852f5effeb542...
  [grpc] Node added: c139be8328700f4b...
  [grpc] Node added: d8deeb9432bff64b...
  [grpc] Node added: eb865bf4b208b54a...
  [grpc] Node added: 8cb8a046f4790547...
  [grpc] Node added: 163ed79b310b3f42...
  [grpc] Node added: 2d40fe9eaf866544...
  [grpc] Node added: 63e1226c29934d4a...
  [grpc] Node added: dab73771feee254c...
  [grpc] Node added: acb042f074cfe648...
  [grpc] Node added: dd5666b9f3a3e746...
  [grpc] Node added: cfd49f8ae21d254e...
  [grpc] Node added: 78dcabcecd5e2047...
  [grpc] Node added: 8bdd0012c2a95145...
  [grpc] Node added: 6fc5ac185e69ce44...
  [grpc] Node added: 05f5cec22c65c546...
  [grpc] Node added: 6c579d77dea9da4b...
  [grpc] Tile root set; server root_id=20b1d8f302d83e49...
  [grpc] Node added: e6169eb01d948841...
  [grpc] Node added: 13283c88be51ad4e...
  [grpc] Node added: 99b9f3cdb503834e...
  [grpc] Node added: 1696bfd4fbce6f4d...
  [grpc] Node added: 76253423cb99c14e...
  [grpc] Node added: e372b0e5bfac5540...
  [grpc] Node added: 5770be5f79506448...
  [grpc] Node added: 33f701df20f4da4c...
  [grpc] Node added: 20454bc79a20eb4e...
  [grpc] Node added: 9915981db1bf7542...
  [grpc] Node added: 86124301866dae41...
  [grpc] Tile root set; server root_id=58da82b61ae9a84b...
  [grpc] Node added: ad8930dc93002047...
  [grpc] Node added: 775cee21b85bb846...
  [grpc] Tile root set; server root_id=0079865094e26e4e...
  [grpc] Tile root set; server root_id=1db0ec433ac33f4e...
  [grpc] Node added: 0d82f8e6d467fe4f...
  [grpc] Node added: f23082484946784b...
  [grpc] Node added: a868f864042e4046...
  [grpc] Node added: be837affa2a0ea47...
  [grpc] Node added: eb96c608f50ac54d...
  [grpc] Node added: 111aaa713d274e40...
  [grpc] Node added: dd8fe1c5b4964e41...
  [grpc] Node added: d145f1d940ebe044...
  [grpc] Node added: f2a3ed7c15dfbc4f...
  [grpc] Node added: cf179aa6efc7254e...
  [grpc] Node added: 26782daee8521c49...
{"action": "apply 'compact' portal tokens: 680\u00d7520px, title_font=16.0pt, body_font=14.0pt, frame_bg=rgba(0.063, 0.094, 0.149, 0.851)", "body_font_pt": 14.0, "code": "profile-swap:compact", "expected_visual": "portal reskins to 'compact' palette + dimensions; content remains readable", "operator_evidence": {"code": "profile-swap:compact", "confirmed": null, "observed": {"body_font_pt": 14.0, "portal_h": 520.0, "portal_w": 680.0, "profile": "compact", "resolved_frame_background": [0.0627, 0.0941, 0.149, 0.851], "resolved_transcript_text_color": [0.8627, 0.902, 0.9608, 1.0], "title_font_pt": 16.0}, "operator_confirm": "portal reskinned to 'compact' profile; palette AND chrome dimensions shifted (frame + text sourced from resolved tokens) and body text remained readable with no layout collapse"}, "portal_h": 520.0, "portal_w": 680.0, "status": "checkpoint", "step_index": 11, "title": "Profile 'compact'", "title_font_pt": 16.0, "ts_wall": 1783702620}
  [grpc] Tile opacity set to 0.0
  [grpc] Tile input mode set
  [grpc] Tile opacity set to 1.0
  [grpc] Tile input mode set
  [grpc] Tile opacity set to 1.0
  [grpc] Tile input mode set
  [grpc] Tile opacity set to 1.0
  [grpc] Tile input mode set
  [grpc] Tile input mode set
  [grpc] Tile opacity set to 0.0
  [grpc] Tile opacity set to 0.0
  [grpc] Tile input mode set
  [grpc] Tile root set; server root_id=70366d1bed563f46...
  [grpc] Node added: 3ac48b88d5356745...
  [grpc] Tile root set; server root_id=421d0e1ed1232845...
  [grpc] Node added: 0914a0f064b1ec49...
  [grpc] Node added: 1eb59388b3e86b45...
  [grpc] Node added: d98be003bf74284c...
  [grpc] Node added: 8373f9282a7d404a...
  [grpc] Node added: f53f70363b37324d...
  [grpc] Node added: 9b087f6ccc93df4e...
  [grpc] Node added: 057090a5b5d66e4c...
  [grpc] Node added: cd1bd898c498e04d...
  [grpc] Node added: 2c987fff6549804b...
  [grpc] Node added: fb5168be91131a4d...
  [grpc] Node added: debdde3adc86b043...
  [grpc] Node added: a691bbdd5ad0d449...
  [grpc] Node added: d48bf301ece70847...
  [grpc] Node added: f9043033c5eae342...
  [grpc] Node added: 0e1a25cbbffd3343...
  [grpc] Node added: 3dd4bb6513e51a44...
  [grpc] Node added: 1a7eddd5a30b2f4f...
  [grpc] Node added: 2f83f5d0e4826c4f...
  [grpc] Node added: 2c8d91a91158114f...
  [grpc] Node added: 8c9c06dda1edce40...
  [grpc] Node added: 1eeef9ce446c8849...
  [grpc] Node added: fba56f61a236be49...
  [grpc] Node added: 780dff39477c7b4c...
  [grpc] Node added: c9a5bfe102b61243...
  [grpc] Node added: 38502d235b82df46...
  [grpc] Node added: 87c8eaa1cfed9a40...
  [grpc] Node added: f752a96178e67748...
  [grpc] Node added: 05092a3af1054048...
  [grpc] Node added: 24d2617326013b44...
  [grpc] Node added: 20dd42a51a2fe84b...
  [grpc] Tile root set; server root_id=dd6aa4797a59a14b...
  [grpc] Node added: b06c84a2b6229f43...
  [grpc] Node added: dd755f931585584d...
  [grpc] Node added: 6907b25636efa34b...
  [grpc] Node added: f654a09a41de1046...
  [grpc] Node added: f546c58751cc6345...
  [grpc] Node added: 575d949bc2b3b845...
  [grpc] Node added: 3570242e0ac84741...
  [grpc] Node added: e7f82ff559adcb46...
  [grpc] Node added: a697a3933c93e14e...
  [grpc] Node added: 2cabe93b68a47f4e...
  [grpc] Node added: 258f76fbf0d12a4b...
  [grpc] Tile root set; server root_id=bfd40c5966bf6b45...
  [grpc] Node added: 4e4f962fe88abc40...
  [grpc] Node added: f06670f99f916449...
  [grpc] Tile root set; server root_id=46feb8ab6258dc4a...
  [grpc] Tile root set; server root_id=4a3b108e16085c43...
  [grpc] Node added: 94d862162c515341...
  [grpc] Node added: b21095f6c0ba1d41...
  [grpc] Node added: 38d4eba221353348...
  [grpc] Node added: 3f1a2218c9fd0c4d...
  [grpc] Node added: c9c42ddc39a61e4b...
  [grpc] Node added: 91c581cc00961a40...
  [grpc] Node added: c5ec45263e50324a...
  [grpc] Node added: e1054bf24d7c2943...
  [grpc] Node added: a93c270707050944...
  [grpc] Node added: 7957ac6592b7a441...
  [grpc] Node added: dc99964b173ab548...
{"action": "apply 'standard' portal tokens: 1400\u00d7900px, title_font=16.0pt, body_font=16.0pt, frame_bg=rgba(0.0, 0.0, 0.0, 0.302)", "body_font_pt": 16.0, "code": "profile-swap:standard", "expected_visual": "portal reskins to 'standard' palette + dimensions; content remains readable", "operator_evidence": {"code": "profile-swap:standard", "confirmed": null, "observed": {"body_font_pt": 16.0, "portal_h": 900.0, "portal_w": 1400.0, "profile": "standard", "resolved_frame_background": [0.0, 0.0, 0.0, 0.302], "resolved_transcript_text_color": [0.9216, 0.9412, 0.9686, 1.0], "title_font_pt": 16.0}, "operator_confirm": "portal reskinned to 'standard' profile; palette AND chrome dimensions shifted (frame + text sourced from resolved tokens) and body text remained readable with no layout collapse"}, "portal_h": 900.0, "portal_w": 1400.0, "status": "checkpoint", "step_index": 11, "title": "Profile 'standard'", "title_font_pt": 16.0, "ts_wall": 1783702625}
  [grpc] Tile opacity set to 0.0
  [grpc] Tile input mode set
  [grpc] Tile opacity set to 1.0
  [grpc] Tile input mode set
  [grpc] Tile opacity set to 1.0
  [grpc] Tile input mode set
  [grpc] Tile opacity set to 1.0
  [grpc] Tile input mode set
  [grpc] Tile input mode set
  [grpc] Tile opacity set to 0.0
  [grpc] Tile opacity set to 0.0
  [grpc] Tile input mode set
  [grpc] Tile root set; server root_id=7655bbeada069e43...
  [grpc] Node added: 398828cc9607ad42...
  [grpc] Tile root set; server root_id=051b51633087f64d...
  [grpc] Node added: 810072fed6d14c4a...
  [grpc] Node added: c4948f72d5d9ea4b...
  [grpc] Node added: 747445df47b07b48...
  [grpc] Node added: fbd14aa0f1d75441...
  [grpc] Node added: 34388cede667cc44...
  [grpc] Node added: a820e7d8fdf72c45...
  [grpc] Node added: cc34a478788e594a...
  [grpc] Node added: 08e1d33c19e83942...
  [grpc] Node added: 2fd26194aee9ff47...
  [grpc] Node added: 654196b8e781fa4a...
  [grpc] Node added: a438b49fb19e3843...
  [grpc] Node added: dda6975a52744748...
  [grpc] Node added: 5064349a0a18ec4a...
  [grpc] Node added: 7e195a55f32aa145...
  [grpc] Node added: 7a13557cbfe11846...
  [grpc] Node added: ac2b213b5ddaeb46...
  [grpc] Node added: 97a1483e3a16664a...
  [grpc] Node added: 1f48fb24674ef24e...
  [grpc] Node added: 3ed768dcd105e041...
  [grpc] Node added: e58d6c09d25d3d4a...
  [grpc] Node added: b139a598de86474f...
  [grpc] Node added: 3020bda56c0ed242...
  [grpc] Node added: 461e5993a89e724e...
  [grpc] Node added: f62093fee68e9d47...
  [grpc] Node added: 9848c4a6e6473747...
  [grpc] Node added: f4934866f9749448...
  [grpc] Node added: 74cec3367b3a8247...
  [grpc] Node added: fbf655baa37eaf44...
  [grpc] Node added: c57b4efafbf87f41...
  [grpc] Node added: f5bbc305f1348642...
  [grpc] Tile root set; server root_id=4af340f4027daa49...
  [grpc] Node added: d1576fc6ff61a04c...
  [grpc] Node added: 61fe8db758641744...
  [grpc] Node added: 29294b45cafaf049...
  [grpc] Node added: de36c613d9181e4f...
  [grpc] Node added: daa864ae04459643...
  [grpc] Node added: 416c6a8885d97443...
  [grpc] Node added: 1f38e49dc3810540...
  [grpc] Node added: 2a463a070629bf47...
  [grpc] Node added: 938041c0cc065f4a...
  [grpc] Node added: 0e679171ccba924d...
  [grpc] Node added: e65369eb0191324e...
  [grpc] Tile root set; server root_id=b9e7e4c1089b2844...
  [grpc] Node added: 164919c834829748...
  [grpc] Node added: c85d0c887a991744...
  [grpc] Tile root set; server root_id=e9816a40815c0440...
  [grpc] Tile root set; server root_id=c21c4a5fb3610543...
  [grpc] Node added: e545a5e0b32b694e...
  [grpc] Node added: f0d5b6cb6cc4d54e...
  [grpc] Node added: 202122f9100c9444...
  [grpc] Node added: 1e2acea9fa2a204c...
  [grpc] Node added: 62f49db416322e42...
  [grpc] Node added: a28b4983ace1cf46...
  [grpc] Node added: 4fa5b0116eb2b94b...
  [grpc] Node added: 99f70bf12f72a341...
  [grpc] Node added: 125a520c84be704b...
  [grpc] Node added: 36df73e6af446540...
  [grpc] Node added: 3bd337e72be9764d...
{"action": "apply 'expanded' portal tokens: 1610\u00d71035px, title_font=20.0pt, body_font=18.0pt, frame_bg=rgba(0.102, 0.071, 0.024, 0.851)", "body_font_pt": 18.0, "code": "profile-swap:expanded", "expected_visual": "portal reskins to 'expanded' palette + dimensions; content remains readable", "operator_evidence": {"code": "profile-swap:expanded", "confirmed": null, "observed": {"body_font_pt": 18.0, "portal_h": 1035.0, "portal_w": 1609.9999999999998, "profile": "expanded", "resolved_frame_background": [0.102, 0.0706, 0.0235, 0.851], "resolved_transcript_text_color": [0.9608, 0.9255, 0.851, 1.0], "title_font_pt": 20.0}, "operator_confirm": "portal reskinned to 'expanded' profile; palette AND chrome dimensions shifted (frame + text sourced from resolved tokens) and body text remained readable with no layout collapse"}, "portal_h": 1035.0, "portal_w": 1609.9999999999998, "status": "checkpoint", "step_index": 11, "title": "Profile 'expanded'", "title_font_pt": 20.0, "ts_wall": 1783702629}
  [grpc] Tile opacity set to 0.0
  [grpc] Tile input mode set
  [grpc] Tile opacity set to 1.0
  [grpc] Tile input mode set
  [grpc] Tile opacity set to 1.0
  [grpc] Tile input mode set
  [grpc] Tile opacity set to 1.0
  [grpc] Tile input mode set
  [grpc] Tile input mode set
  [grpc] Tile opacity set to 0.0
  [grpc] Tile opacity set to 0.0
  [grpc] Tile input mode set
  [grpc] Tile root set; server root_id=9e2a8d3a76710e42...
  [grpc] Node added: 3e8c533a22b4d644...
  [grpc] Tile root set; server root_id=d148f311da73ec4d...
  [grpc] Node added: d50434416f0bda49...
  [grpc] Node added: 0852f4bc8056ce41...
  [grpc] Node added: 9f2cbbd0e994554e...
  [grpc] Node added: 3535e6a907bd0144...
  [grpc] Node added: 637933f173e0244b...
  [grpc] Node added: 30decd5aa1638d4b...
  [grpc] Node added: fdd9734a095ae149...
  [grpc] Node added: a168f9260b38394e...
  [grpc] Node added: 0a9c4d75958c114d...
  [grpc] Node added: 088e87d88a7af543...
  [grpc] Node added: 9be4dfbeebc56246...
  [grpc] Node added: 65bd158f1c394e45...
  [grpc] Node added: a4bb15e6726f6842...
  [grpc] Node added: 927fa0378a8ba849...
  [grpc] Node added: 9b73468366844949...
  [grpc] Node added: cf15c20c3669974d...
  [grpc] Node added: ffd78f78d42a8d42...
  [grpc] Node added: 7f2725e73020d647...
  [grpc] Node added: 1d73b7b721b7e446...
  [grpc] Node added: 4c0d0b502685514b...
  [grpc] Node added: b9d7cb7319081f4d...
  [grpc] Node added: 798e2f9504ba5244...
  [grpc] Node added: 6c48a381bf471349...
  [grpc] Node added: 1faad72be2511b47...
  [grpc] Node added: 23afa97ab7b8fc4b...
  [grpc] Node added: c72d075ae6ea0d47...
  [grpc] Node added: 5cb0b2ad974ae34c...
  [grpc] Node added: 428a844d263b7c47...
  [grpc] Node added: 4a815eae78c0114a...
  [grpc] Node added: 56dfdd8f5606bd4b...
  [grpc] Tile root set; server root_id=c9c0911aaca07744...
  [grpc] Node added: 947e2429f762774c...
  [grpc] Node added: 279ab228c86d4543...
  [grpc] Node added: 737cfe26bf519941...
  [grpc] Node added: 89e5931fa9f1474a...
  [grpc] Node added: cff0104b1ae5ac4a...
  [grpc] Node added: 5fc3903051ddc14a...
  [grpc] Node added: 4d43a8f3640c7041...
  [grpc] Node added: 0b727e23636ffb4f...
  [grpc] Node added: 971397172fcae040...
  [grpc] Node added: 7910c08f058bf147...
  [grpc] Node added: c11c5a392c18674c...
  [grpc] Tile root set; server root_id=540849245b586a4f...
  [grpc] Node added: 2c6ad92c59992d45...
  [grpc] Node added: e4a6c651fbafd248...
  [grpc] Tile root set; server root_id=9f98154075c9374a...
  [grpc] Tile root set; server root_id=92742fd836a11c4d...
  [grpc] Node added: f7508f01e08aba40...
  [grpc] Node added: 37ed0890ee1a4647...
  [grpc] Node added: c5c52943443c004e...
  [grpc] Node added: 382cb32ed4107b43...
  [grpc] Node added: ece190654f353f4b...
  [grpc] Node added: 506b5ba9039f2943...
  [grpc] Node added: 5803834d2c05704f...
  [grpc] Node added: 8968673659c8bc49...
  [grpc] Node added: 136b47be85a5d94b...
  [grpc] Node added: fc828100f159484d...
  [grpc] Node added: 13d4f33e0b3c614b...
{"action": "apply 'standard' portal tokens: 1400\u00d7900px, title_font=16.0pt, body_font=16.0pt, frame_bg=rgba(0.0, 0.0, 0.0, 0.302)", "body_font_pt": 16.0, "code": "profile-swap:standard", "expected_visual": "portal reskins to 'standard' palette + dimensions; content remains readable", "operator_evidence": {"code": "profile-swap:standard", "confirmed": null, "observed": {"body_font_pt": 16.0, "portal_h": 900.0, "portal_w": 1400.0, "profile": "standard", "resolved_frame_background": [0.0, 0.0, 0.0, 0.302], "resolved_transcript_text_color": [0.9216, 0.9412, 0.9686, 1.0], "title_font_pt": 16.0}, "operator_confirm": "portal reskinned to 'standard' profile; palette AND chrome dimensions shifted (frame + text sourced from resolved tokens) and body text remained readable with no layout collapse"}, "portal_h": 900.0, "portal_w": 1400.0, "status": "completed", "step_index": 11, "title": "Profile 'standard'", "title_font_pt": 16.0, "ts_wall": 1783702634}
{"action": "review transcript and capture UX notes", "code": "scenario_complete", "expected_visual": "portal visible until cleanup releases the lease", "status": "completed", "step_index": 99, "title": "Text Stream Portal scenario complete", "ts_wall": 1783702638}
  [grpc] Lease released
{"action": "release the lease before closing the session", "code": "cleanup:lease-release", "expected_visual": "all portal tiles are removed from the HUD", "status": "completed", "step_index": 100, "title": "Portal lease released", "ts_wall": 1783702638}
