{"action": "connect and open resident session", "code": "scenario", "doc": "docs/reports/exemplar-manual-review-checklist.md", "expected_visual": "operator follows JSON step transcript", "phases": "baseline", "status": "started", "step_index": 0, "target": "windows-host.example:50051", "title": "Text Stream Portal live scenario", "ts_wall": 1783701235}
  [grpc] Session established: namespace=agent-alpha, caps=['create_tiles', 'modify_own_tiles', 'access_input_events', 'read_telemetry']
  [grpc] Scene display area: 3840x2160
{"action": "adopt runtime-delivered resolved PortalPartTokens as the live source when the handshake exposes them; else keep the local mirror", "code": "tokens:source", "expected_visual": "portal renders the runtime's active-profile look", "runtime_token_count": 57, "status": "checkpoint", "step_index": 0, "title": "Portal design-token source resolved", "token_source": "runtime-handshake", "ts_wall": 1783701235}
{"action": "use live scene dimensions for portal placement and drag bounds", "code": "scene:display-area", "expected_visual": "portal can be dragged across the full HUD surface", "scene_height": 2160.0, "scene_width": 3840.0, "status": "checkpoint", "step_index": 0, "title": "Scene display area resolved", "ts_wall": 1783701235}
  [grpc] Lease granted: ttl=600000ms, priority=2
{"action": "scale portal defaults from live scene dimensions unless explicit size overrides were provided", "code": "portal:size", "expected_visual": "portal occupies a readable portion of the detected display", "explicit_height": true, "explicit_width": true, "portal_h": 1360.0, "portal_w": 1720.0, "status": "checkpoint", "step_index": 0, "title": "Portal size resolved", "ts_wall": 1783701235}
  [grpc] Tile created: 019f4ce0e4297ab2...
  [grpc] Tile created: 019f4ce0e43876a3...
  [grpc] Tile created: 019f4ce0e45c73d1...
  [grpc] Tile created: 019f4ce0e48376f1...
  [grpc] Tile created: 019f4ce0e49b7af0...
  [grpc] Tile created: 019f4ce0e4b07523...
{"action": "publish full portal chrome + transcript viewport", "code": "baseline", "expected_visual": "portal surface appears at right edge with header, body, footer", "status": "started", "step_index": 1, "title": "Baseline render", "ts_wall": 1783701235}
  [grpc] Tile opacity set to 0.0
  [grpc] Tile input mode set
  [grpc] Tile opacity set to 1.0
  [grpc] Tile input mode set
  [grpc] Tile opacity set to 1.0
  [grpc] Tile input mode set
  [grpc] Tile opacity set to 1.0
  [grpc] Tile input mode set
  [grpc] Tile input mode set
  [grpc] Tile opacity set to 0.0
  [grpc] Tile opacity set to 0.0
  [grpc] Tile input mode set
  [grpc] Tile root set; server root_id=eecc2736f307eb46...
  [grpc] Node added: 7aa3ebd337e81049...
  [grpc] Tile root set; server root_id=f0866d897c101d45...
  [grpc] Node added: 8e869c465f61674c...
  [grpc] Node added: d9b3c7cc17f2f74f...
  [grpc] Node added: 5cf818838b771c40...
  [grpc] Node added: dd69bcfb0f132f4e...
  [grpc] Node added: 78389a18f111b749...
  [grpc] Node added: 69e2afcac9a80645...
  [grpc] Node added: f46ff9d84635f044...
  [grpc] Node added: db898f94bf55a24f...
  [grpc] Node added: 1bc804374b0f644b...
  [grpc] Node added: a795690525c1bd47...
  [grpc] Node added: 4dcc08639cb56d4f...
  [grpc] Node added: 5d8bc915bca08f41...
  [grpc] Node added: 329b44ba7d9bfd49...
  [grpc] Node added: c575e8136e80da49...
  [grpc] Node added: 70b293b5bb833644...
  [grpc] Node added: 69f010edc4db1b42...
  [grpc] Node added: 4b8195cad225d748...
  [grpc] Node added: f0d7e95c1d85de4e...
  [grpc] Node added: 021eac5e5ff6344a...
  [grpc] Node added: f64556f96ea17742...
  [grpc] Node added: 4a63d9d580f30445...
  [grpc] Node added: 4bf3a0052a149f4f...
  [grpc] Node added: 887f4d8e771c724c...
  [grpc] Node added: 04a80c59dad2654f...
  [grpc] Node added: 696f54ebf1580343...
  [grpc] Node added: 83ef4dc403e2b94f...
  [grpc] Node added: b7c0547a506ce746...
  [grpc] Node added: 846e8357d8e22848...
  [grpc] Node added: 8d4913fc8e19ee4f...
  [grpc] Node added: 6d03081819034d46...
  [grpc] Tile root set; server root_id=372e834abe3d6942...
  [grpc] Node added: bea218ac780a1a4f...
  [grpc] Node added: fe8478c29995f642...
  [grpc] Node added: 76bbf101b131c94d...
  [grpc] Node added: addeb51b49b4f840...
  [grpc] Node added: cbaf0844f6fcbf43...
  [grpc] Node added: f0c02c55d89d094f...
  [grpc] Node added: d26e41f571edd744...
  [grpc] Node added: d2693d0ec4ec4245...
  [grpc] Node added: 5d92f7fa736fd840...
  [grpc] Node added: 905d2220da9ef543...
  [grpc] Node added: 85845c1ba8aa2a46...
  [grpc] Tile root set; server root_id=1377c0ed0e25f24b...
  [grpc] Node added: d5da8a65a5e7724a...
  [grpc] Node added: c437c55627f9194d...
  [grpc] Tile root set; server root_id=e58de5cb4a8bf447...
  [grpc] Tile root set; server root_id=1a86d857d39ed14a...
  [grpc] Node added: 0b2ad374b1143449...
  [grpc] Node added: e41c83d7057fb441...
  [grpc] Node added: dfc58c41d1d83a40...
  [grpc] Node added: 30d5d211ecf90649...
  [grpc] Node added: f275be605b6c614b...
  [grpc] Node added: 19c268e17b5e9e4a...
  [grpc] Node added: b6741ba9c3a24c48...
  [grpc] Node added: c65f9580a7027c44...
  [grpc] Node added: 1fd39d0f34d7ba43...
  [grpc] Node added: 558c8c379001a646...
  [grpc] Node added: 5fa3c94c4850014a...
{"action": "hold for operator observation", "code": "baseline", "expected_visual": "portal surface visible; body text readable", "hold_s": 120.0, "lines": 120, "status": "completed", "step_index": 1, "title": "Baseline render", "ts_wall": 1783701237}
  [grpc] Tile opacity set to 0.0
  [grpc] Tile input mode set
  [grpc] Tile opacity set to 0.0
  [grpc] Tile input mode set
  [grpc] Tile opacity set to 0.0
  [grpc] Tile input mode set
  [grpc] Tile opacity set to 1.0
  [grpc] Tile input mode set
  [grpc] Tile opacity set to 0.0
  [grpc] Tile input mode set
  [grpc] Tile root set; server root_id=f0392364c7e81e40...
  [grpc] Node added: 253e007c4364e840...
  [grpc] Node added: 3fb8c59c8b1ee949...
  [grpc] Node added: 1799605041dbb849...
  [grpc] Node added: f64e49ea30c6214e...
  [grpc] Node added: 8fd9d35faaa79d4b...
  [grpc] Node added: a3140dfa411eb54f...
  [grpc] Node added: e476632ebd2b004f...
  [grpc] Node added: d654d0fba071b446...
  [grpc] Node added: 15e0393bd7ce2e46...
  [grpc] Node added: 19306ae6d47cc14b...
  [grpc] Node added: 1ae1bac53556454f...
{"action": "top-left minimize control collapsed the portal to a floating status icon", "code": "portal:minimize", "expected_visual": "full portal hides; compact text-stream icon remains clickable", "portal_x": 2092.0, "portal_y": 120.0, "status": "checkpoint", "step_index": 9, "title": "Portal minimized", "ts_wall": 1783701270}
{"action": "review transcript and capture UX notes", "code": "scenario_complete", "expected_visual": "portal visible until cleanup releases the lease", "status": "completed", "step_index": 99, "title": "Text Stream Portal scenario complete", "ts_wall": 1783701357}
  [grpc] Lease released
{"action": "release the lease before closing the session", "code": "cleanup:lease-release", "expected_visual": "all portal tiles are removed from the HUD", "status": "completed", "step_index": 100, "title": "Portal lease released", "ts_wall": 1783701357}
