{"action": "connect and open resident session", "code": "scenario", "doc": "docs/reports/exemplar-manual-review-checklist.md", "expected_visual": "operator follows JSON step transcript", "phases": "baseline", "status": "started", "step_index": 0, "target": "windows-host.example:50051", "title": "Text Stream Portal live scenario", "ts_wall": 1783701501}
  [grpc] Session established: namespace=agent-alpha, caps=['create_tiles', 'modify_own_tiles', 'access_input_events', 'read_telemetry']
  [grpc] Scene display area: 3840x2160
{"action": "adopt runtime-delivered resolved PortalPartTokens as the live source when the handshake exposes them; else keep the local mirror", "code": "tokens:source", "expected_visual": "portal renders the runtime's active-profile look", "runtime_token_count": 57, "status": "checkpoint", "step_index": 0, "title": "Portal design-token source resolved", "token_source": "runtime-handshake", "ts_wall": 1783701501}
{"action": "use live scene dimensions for portal placement and drag bounds", "code": "scene:display-area", "expected_visual": "portal can be dragged across the full HUD surface", "scene_height": 2160.0, "scene_width": 3840.0, "status": "checkpoint", "step_index": 0, "title": "Scene display area resolved", "ts_wall": 1783701501}
  [grpc] Lease granted: ttl=600000ms, priority=2
{"action": "scale portal defaults from live scene dimensions unless explicit size overrides were provided", "code": "portal:size", "expected_visual": "portal occupies a readable portion of the detected display", "explicit_height": true, "explicit_width": true, "portal_h": 1360.0, "portal_w": 1720.0, "status": "checkpoint", "step_index": 0, "title": "Portal size resolved", "ts_wall": 1783701501}
  [grpc] Tile created: 019f4ce4f2ed7550...
  [grpc] Tile created: 019f4ce4f3367fd3...
  [grpc] Tile created: 019f4ce4f3427fb2...
  [grpc] Tile created: 019f4ce4f3577090...
  [grpc] Tile created: 019f4ce4f3707ae1...
  [grpc] Tile created: 019f4ce4f37775b2...
{"action": "publish full portal chrome + transcript viewport", "code": "baseline", "expected_visual": "portal surface appears at right edge with header, body, footer", "status": "started", "step_index": 1, "title": "Baseline render", "ts_wall": 1783701501}
  [grpc] Tile opacity set to 0.0
  [grpc] Tile input mode set
  [grpc] Tile opacity set to 1.0
  [grpc] Tile input mode set
  [grpc] Tile opacity set to 1.0
  [grpc] Tile input mode set
  [grpc] Tile opacity set to 1.0
  [grpc] Tile input mode set
  [grpc] Tile input mode set
  [grpc] Tile opacity set to 0.0
  [grpc] Tile opacity set to 0.0
  [grpc] Tile input mode set
  [grpc] Tile root set; server root_id=db59b4c92bcc3a40...
  [grpc] Node added: a55fba6f2d4d9846...
  [grpc] Tile root set; server root_id=7667f39e173f9a43...
  [grpc] Node added: ca6f73bbbf82a742...
  [grpc] Node added: d434fac6c197bc42...
  [grpc] Node added: 10841091bede014a...
  [grpc] Node added: edad2b673b384b43...
  [grpc] Node added: 4dea0877ec54b64e...
  [grpc] Node added: 114a1570d80c504e...
  [grpc] Node added: 378f95bb5e769b4f...
  [grpc] Node added: 90c19f2363cc2048...
  [grpc] Node added: b7eb2e6b70c6384c...
  [grpc] Node added: 29e11e4cc42f0845...
  [grpc] Node added: 1be4ffb859842f45...
  [grpc] Node added: fab5d808e512ea42...
  [grpc] Node added: d1c2c5f6d6de6b42...
  [grpc] Node added: 95c9f97dc51f7f4f...
  [grpc] Node added: dcdbb62f1206f443...
  [grpc] Node added: f640e0441c97fc4f...
  [grpc] Node added: 1a774324c084af4a...
  [grpc] Node added: 9e2778238c57974f...
  [grpc] Node added: 4cd2099a289cbc4e...
  [grpc] Node added: 843f60509d65d64f...
  [grpc] Node added: 14bd41ccdb11a244...
  [grpc] Node added: 940190965dfc0242...
  [grpc] Node added: d3729ebdd90d084f...
  [grpc] Node added: 58f32f4e3aa4f145...
  [grpc] Node added: 694dc9e5ad20be41...
  [grpc] Node added: 8d6ec25262252f4d...
  [grpc] Node added: 2fa6fe5243459d4f...
  [grpc] Node added: ed92278d2e7cc843...
  [grpc] Node added: e11f4bfe4e6a9541...
  [grpc] Node added: f03a7c1d0781ff41...
  [grpc] Tile root set; server root_id=de2e31bc5a9eb241...
  [grpc] Node added: 7f45bbb8b54ad349...
  [grpc] Node added: f06a620cfe9e1b44...
  [grpc] Node added: 1f47344ae32e5948...
  [grpc] Node added: ad76f76d38759440...
  [grpc] Node added: 829f079a8f00b24f...
  [grpc] Node added: c2788a1164521342...
  [grpc] Node added: 38df10328584654d...
  [grpc] Node added: b32692bae09b864c...
  [grpc] Node added: 83da28e93aac7445...
  [grpc] Node added: 6e6bc8ab4b3fac44...
  [grpc] Node added: 4ab0f86a71e6c146...
  [grpc] Tile root set; server root_id=55ade2e93578774d...
  [grpc] Node added: bcf77eed41390943...
  [grpc] Node added: 4b9c1da1d0295f4d...
  [grpc] Tile root set; server root_id=54d1fe64e151b544...
  [grpc] Tile root set; server root_id=6271a4f8a979474c...
  [grpc] Node added: 9fd1f3212ff2a341...
  [grpc] Node added: b1fde6b59d540b4c...
  [grpc] Node added: d74f4513243c904e...
  [grpc] Node added: 9504787a80c46746...
  [grpc] Node added: 8ea5966c76e9ba4d...
  [grpc] Node added: a1f52e5078c24e4b...
  [grpc] Node added: 9e407f3dc6766044...
  [grpc] Node added: 70531ae98fb6344f...
  [grpc] Node added: 7ef8c054c1c68f43...
  [grpc] Node added: 685357f6252c9d46...
  [grpc] Node added: 34fd0d53e8f3694f...
{"action": "hold for operator observation", "code": "baseline", "expected_visual": "portal surface visible; body text readable", "hold_s": 150.0, "lines": 120, "status": "completed", "step_index": 1, "title": "Baseline render", "ts_wall": 1783701502}
  [grpc] Tile opacity set to 0.0
  [grpc] Tile input mode set
  [grpc] Tile opacity set to 0.0
  [grpc] Tile input mode set
  [grpc] Tile opacity set to 0.0
  [grpc] Tile input mode set
  [grpc] Tile opacity set to 1.0
  [grpc] Tile input mode set
  [grpc] Tile opacity set to 0.0
  [grpc] Tile input mode set
  [grpc] Tile root set; server root_id=639681ef13473544...
  [grpc] Node added: c15b32962662944a...
  [grpc] Node added: 6599df247a30d441...
  [grpc] Node added: 515c79148dd68d4d...
  [grpc] Node added: 2bbe9bacd2b1b74a...
  [grpc] Node added: b3dbb8f0262c6b49...
  [grpc] Node added: a64f92417686fb41...
  [grpc] Node added: 7e181cbc7df69144...
  [grpc] Node added: b86e16ad19523b4b...
  [grpc] Node added: 55b31931a85e6645...
  [grpc] Node added: f1927cc3b3d9024b...
  [grpc] Node added: 0122e4f59145e041...
{"action": "top-left minimize control collapsed the portal to a floating status icon", "code": "portal:minimize", "expected_visual": "full portal hides; compact text-stream icon remains clickable", "portal_x": 2092.0, "portal_y": 120.0, "status": "checkpoint", "step_index": 9, "title": "Portal minimized", "ts_wall": 1783701528}
{"action": "review transcript and capture UX notes", "code": "scenario_complete", "expected_visual": "portal visible until cleanup releases the lease", "status": "completed", "step_index": 99, "title": "Text Stream Portal scenario complete", "ts_wall": 1783701652}
  [grpc] Lease released
{"action": "release the lease before closing the session", "code": "cleanup:lease-release", "expected_visual": "all portal tiles are removed from the HUD", "status": "completed", "step_index": 100, "title": "Portal lease released", "ts_wall": 1783701652}
