{"action": "connect and open resident session", "code": "scenario", "doc": "docs/reports/exemplar-manual-review-checklist.md", "expected_visual": "operator follows JSON step transcript", "phases": "scroll", "status": "started", "step_index": 0, "target": "windows-host.example:50051", "title": "Text Stream Portal live scenario", "ts_wall": 1783702747}
  [grpc] Session established: namespace=agent-alpha, caps=['create_tiles', 'modify_own_tiles', 'access_input_events', 'read_telemetry']
  [grpc] Scene display area: 3840x2160
{"action": "adopt runtime-delivered resolved PortalPartTokens as the live source when the handshake exposes them; else keep the local mirror", "code": "tokens:source", "expected_visual": "portal renders the runtime's active-profile look", "runtime_token_count": 57, "status": "checkpoint", "step_index": 0, "title": "Portal design-token source resolved", "token_source": "runtime-handshake", "ts_wall": 1783702747}
{"action": "use live scene dimensions for portal placement and drag bounds", "code": "scene:display-area", "expected_visual": "portal can be dragged across the full HUD surface", "scene_height": 2160.0, "scene_width": 3840.0, "status": "checkpoint", "step_index": 0, "title": "Scene display area resolved", "ts_wall": 1783702747}
  [grpc] Lease granted: ttl=600000ms, priority=2
{"action": "scale portal defaults from live scene dimensions unless explicit size overrides were provided", "code": "portal:size", "expected_visual": "portal occupies a readable portion of the detected display", "explicit_height": true, "explicit_width": true, "portal_h": 900.0, "portal_w": 1400.0, "status": "checkpoint", "step_index": 0, "title": "Portal size resolved", "ts_wall": 1783702747}
  [grpc] Tile created: 019f4cf7f5f774e2...
  [grpc] Tile created: 019f4cf7f5fe7e20...
  [grpc] Tile created: 019f4cf7f6057ba1...
  [grpc] Tile created: 019f4cf7f60f7250...
  [grpc] Tile created: 019f4cf7f6197582...
  [grpc] Tile created: 019f4cf7f62077d2...
{"action": "mount long output, register scroll, step offset, append tail, return", "code": "scroll", "expected_visual": "OUTPUT pane scrolls through bounded transcript data, then returns to latest lines", "status": "started", "step_index": 4, "title": "Output scroll contract", "ts_wall": 1783702747}
  [grpc] Tile opacity set to 0.0
  [grpc] Tile input mode set
  [grpc] Tile opacity set to 1.0
  [grpc] Tile input mode set
  [grpc] Tile opacity set to 1.0
  [grpc] Tile input mode set
  [grpc] Tile opacity set to 1.0
  [grpc] Tile input mode set
  [grpc] Tile input mode set
  [grpc] Tile opacity set to 0.0
  [grpc] Tile opacity set to 0.0
  [grpc] Tile input mode set
  [grpc] Tile root set; server root_id=17f4ebbac25a9d45...
  [grpc] Node added: 888a594e51040940...
  [grpc] Tile root set; server root_id=4e413c4e0caf4e4d...
  [grpc] Node added: b8fc14ba18a6ff4e...
  [grpc] Node added: d2b5edc94dbd0b41...
  [grpc] Node added: c397c0d704a95a45...
  [grpc] Node added: a6763bce6c84f343...
  [grpc] Node added: cb69428e474f034c...
  [grpc] Node added: a2387a54c3ff8e47...
  [grpc] Node added: 451184ec0719454f...
  [grpc] Node added: c0e33d9896a2d141...
  [grpc] Node added: 0d0c48a9c6993448...
  [grpc] Node added: b1bc6630b3da2a47...
  [grpc] Node added: 32c61a7f1130ac43...
  [grpc] Node added: 29036af56004134c...
  [grpc] Node added: 9689cf816a24484e...
  [grpc] Node added: 9b6b81a49e13524a...
  [grpc] Node added: acd1860f35559542...
  [grpc] Node added: 12936564d7ce7a42...
  [grpc] Node added: 1ebd70b4eea8d14a...
  [grpc] Node added: e8ef435941ba2542...
  [grpc] Node added: b28c5bd8d0457b43...
  [grpc] Node added: 58dffa4ac213c643...
  [grpc] Node added: ba72db2dfb96c34a...
  [grpc] Node added: ceb12d4f3eac7b42...
  [grpc] Node added: 2e492b4d74e2fc43...
  [grpc] Node added: 88ba350f1f6dd240...
  [grpc] Node added: 8a6a215179fc744a...
  [grpc] Node added: 8b2bb63dc9882e4b...
  [grpc] Node added: 9aacf9059d2d9541...
  [grpc] Node added: 71596c91abd4e144...
  [grpc] Node added: c33940c96011f042...
  [grpc] Node added: fa9d2609c3ee6246...
  [grpc] Tile root set; server root_id=bedc18dd3a474544...
  [grpc] Node added: f00fe3badc090945...
  [grpc] Node added: 7735de14fb7e5f49...
  [grpc] Node added: c8838160b8cc2b47...
  [grpc] Node added: 54f7ea05fa9deb4e...
  [grpc] Node added: e386159ad02e4446...
  [grpc] Node added: 73485fc34f8b9544...
  [grpc] Node added: ea8a9032609e624c...
  [grpc] Node added: a1c32d750c5b6947...
  [grpc] Node added: 268a26c47cf14f44...
  [grpc] Node added: 75c4d78908d4d748...
  [grpc] Node added: a9aaf31de57b7a47...
  [grpc] Tile root set; server root_id=f16ca24d1dd3144c...
  [grpc] Node added: a91f309533047e47...
  [grpc] Node added: 5ea35901ad335c44...
  [grpc] Tile root set; server root_id=5cde3938814cd442...
  [grpc] Tile root set; server root_id=0ce4e96a1341a243...
  [grpc] Node added: 188cf33dff81ec41...
  [grpc] Node added: 7db551f059b7b34f...
  [grpc] Node added: 734a4452ab2a8f4d...
  [grpc] Node added: c371b2e0591bec41...
  [grpc] Node added: 8bc8459fc9d07c4b...
  [grpc] Node added: 05969d71b0366840...
  [grpc] Node added: f8322ae805e2fd47...
  [grpc] Node added: 8895194130873041...
  [grpc] Node added: dbf5099691685949...
  [grpc] Node added: ae5754200be13e4f...
  [grpc] Node added: f5cb41dc0d738446...
{"action": "registered vertical scroll config and mounted bounded output", "code": "scroll:mount", "expected_visual": "OUTPUT pane shows first transcript window within portal bounds", "status": "checkpoint", "step_index": 4, "title": "Mount long output", "total_lines": 80, "ts_wall": 1783702748, "visible_lines": 14}
  [grpc] Tile root set; server root_id=9fc337f7e6c6c947...
  [grpc] Node added: 054b6159c6e97c43...
{"action": "set scroll_y=40px", "code": "scroll:offset", "expected_visual": "OUTPUT pane advances through transcript while chrome remains readable", "scroll_step": 1, "scroll_y": 40.0, "status": "checkpoint", "step_index": 4, "title": "Scroll output window", "ts_wall": 1783702750, "viewport_start": 1}
  [grpc] Tile root set; server root_id=46f259324598384e...
  [grpc] Node added: aea7580bf060d64c...
{"action": "set scroll_y=80px", "code": "scroll:offset", "expected_visual": "OUTPUT pane advances through transcript while chrome remains readable", "scroll_step": 2, "scroll_y": 80.0, "status": "checkpoint", "step_index": 4, "title": "Scroll output window", "ts_wall": 1783702751, "viewport_start": 3}
  [grpc] Tile root set; server root_id=8dbc08e3426bbb48...
  [grpc] Node added: 924bc2e142223942...
{"action": "set scroll_y=120px", "code": "scroll:offset", "expected_visual": "OUTPUT pane advances through transcript while chrome remains readable", "scroll_step": 3, "scroll_y": 120.0, "status": "checkpoint", "step_index": 4, "title": "Scroll output window", "ts_wall": 1783702751, "viewport_start": 5}
  [grpc] Tile root set; server root_id=275f255213d9c744...
  [grpc] Node added: 2faebc22076abf48...
{"action": "set scroll_y=160px", "code": "scroll:offset", "expected_visual": "OUTPUT pane advances through transcript while chrome remains readable", "scroll_step": 4, "scroll_y": 160.0, "status": "checkpoint", "step_index": 4, "title": "Scroll output window", "ts_wall": 1783702752, "viewport_start": 7}
  [grpc] Tile root set; server root_id=3da2bca82a77dd4c...
  [grpc] Node added: bea2d5fa6899f645...
{"action": "append line 80 while preserving scroll_y", "code": "scroll:append", "expected_visual": "visible output window does not jump to the tail", "scroll_y": 160.0, "status": "checkpoint", "step_index": 4, "title": "Append while mid-scroll", "total_lines": 81, "ts_wall": 1783702755}
  [grpc] Tile root set; server root_id=e18a7cdcaad36f4c...
  [grpc] Node added: 5b6ef85ce6e8ef4c...
{"action": "append line 81 while preserving scroll_y", "code": "scroll:append", "expected_visual": "visible output window does not jump to the tail", "scroll_y": 160.0, "status": "checkpoint", "step_index": 4, "title": "Append while mid-scroll", "total_lines": 82, "ts_wall": 1783702756}
  [grpc] Tile root set; server root_id=8696bd0896a8114d...
  [grpc] Node added: 5e80f75321fa174b...
{"action": "append line 82 while preserving scroll_y", "code": "scroll:append", "expected_visual": "visible output window does not jump to the tail", "scroll_y": 160.0, "status": "checkpoint", "step_index": 4, "title": "Append while mid-scroll", "total_lines": 83, "ts_wall": 1783702756}
  [grpc] Tile root set; server root_id=b0d419864427264e...
  [grpc] Node added: 5c52ea7f2b613c4d...
{"action": "append line 83 while preserving scroll_y", "code": "scroll:append", "expected_visual": "visible output window does not jump to the tail", "scroll_y": 160.0, "status": "checkpoint", "step_index": 4, "title": "Append while mid-scroll", "total_lines": 84, "ts_wall": 1783702757}
  [grpc] Tile root set; server root_id=0069db7cf5a12e44...
  [grpc] Node added: 3e4e3f81eb146340...
{"action": "append line 84 while preserving scroll_y", "code": "scroll:append", "expected_visual": "visible output window does not jump to the tail", "scroll_y": 160.0, "status": "checkpoint", "step_index": 4, "title": "Append while mid-scroll", "total_lines": 85, "ts_wall": 1783702758}
  [grpc] Tile root set; server root_id=4c647525dfdd3144...
  [grpc] Node added: 5b4e08137f244947...
{"action": "returned scroll offset to tail", "code": "scroll", "expected_visual": "latest appended lines are visible in OUTPUT pane", "status": "completed", "step_index": 4, "tail_start": 71, "title": "Output scroll contract", "total_lines": 85, "ts_wall": 1783702759}
{"action": "review transcript and capture UX notes", "code": "scenario_complete", "expected_visual": "portal visible until cleanup releases the lease", "status": "completed", "step_index": 99, "title": "Text Stream Portal scenario complete", "ts_wall": 1783702761}
  [grpc] Lease released
{"action": "release the lease before closing the session", "code": "cleanup:lease-release", "expected_visual": "all portal tiles are removed from the HUD", "status": "completed", "step_index": 100, "title": "Portal lease released", "ts_wall": 1783702761}
