{"action": "connect and open resident session", "code": "scenario", "doc": "docs/reports/exemplar-manual-review-checklist.md", "expected_visual": "operator follows JSON step transcript", "phases": "baseline", "status": "started", "step_index": 0, "target": "windows-host.example:50051", "title": "Text Stream Portal live scenario", "ts_wall": 1783702114}
  [grpc] Session established: namespace=agent-alpha, caps=['create_tiles', 'modify_own_tiles', 'access_input_events', 'read_telemetry']
  [grpc] Scene display area: 3840x2160
{"action": "adopt runtime-delivered resolved PortalPartTokens as the live source when the handshake exposes them; else keep the local mirror", "code": "tokens:source", "expected_visual": "portal renders the runtime's active-profile look", "runtime_token_count": 57, "status": "checkpoint", "step_index": 0, "title": "Portal design-token source resolved", "token_source": "runtime-handshake", "ts_wall": 1783702114}
{"action": "use live scene dimensions for portal placement and drag bounds", "code": "scene:display-area", "expected_visual": "portal can be dragged across the full HUD surface", "scene_height": 2160.0, "scene_width": 3840.0, "status": "checkpoint", "step_index": 0, "title": "Scene display area resolved", "ts_wall": 1783702114}
  [grpc] Lease granted: ttl=600000ms, priority=2
{"action": "scale portal defaults from live scene dimensions unless explicit size overrides were provided", "code": "portal:size", "expected_visual": "portal occupies a readable portion of the detected display", "explicit_height": true, "explicit_width": true, "portal_h": 900.0, "portal_w": 1400.0, "status": "checkpoint", "step_index": 0, "title": "Portal size resolved", "ts_wall": 1783702114}
  [grpc] Tile created: 019f4cee4ea970a2...
  [grpc] Tile created: 019f4cee4f117e60...
  [grpc] Tile created: 019f4cee4f8d79f2...
  [grpc] Tile created: 019f4cee50167131...
  [grpc] Tile created: 019f4cee504d77e3...
  [grpc] Tile created: 019f4cee50a77203...
{"action": "publish full portal chrome + transcript viewport", "code": "baseline", "expected_visual": "portal surface appears at right edge with header, body, footer", "status": "started", "step_index": 1, "title": "Baseline render", "ts_wall": 1783702115}
  [grpc] Tile opacity set to 0.0
  [grpc] Tile input mode set
  [grpc] Tile opacity set to 1.0
  [grpc] Tile input mode set
  [grpc] Tile opacity set to 1.0
  [grpc] Tile input mode set
  [grpc] Tile opacity set to 1.0
  [grpc] Tile input mode set
  [grpc] Tile input mode set
  [grpc] Tile opacity set to 0.0
  [grpc] Tile opacity set to 0.0
  [grpc] Tile input mode set
  [grpc] Tile root set; server root_id=da2e926d2ff21d46...
  [grpc] Node added: 1185ddde6b623b44...
  [grpc] Tile root set; server root_id=88382b086773f643...
  [grpc] Node added: dcc3d9ee2610b841...
  [grpc] Node added: d4f5e37db13bfb49...
  [grpc] Node added: 2db79aa274ed3140...
  [grpc] Node added: d1dc85ebf071944c...
  [grpc] Node added: a431c4778908044b...
  [grpc] Node added: 401ec6bf89e2f044...
  [grpc] Node added: c142a133d44d7544...
  [grpc] Node added: bc7eb215145da04b...
  [grpc] Node added: 2e651726b7965640...
  [grpc] Node added: ef95117edad2b54d...
  [grpc] Node added: f01bdd27dae7be42...
  [grpc] Node added: 20ed5a607042884f...
  [grpc] Node added: 35844daa69270a41...
  [grpc] Node added: 8b819d49e00c334a...
  [grpc] Node added: 432fca5b05dfdb42...
  [grpc] Node added: e1d08e147689894b...
  [grpc] Node added: 9d38c2a07367bd47...
  [grpc] Node added: 94056e0ea089f84f...
  [grpc] Node added: eb458a65bcbfc542...
  [grpc] Node added: 322a4367e7b6cc4a...
  [grpc] Node added: c4fa02f96f91fd4f...
  [grpc] Node added: 66930ec8ca91fc4b...
  [grpc] Node added: 84ca6ca505aa2049...
  [grpc] Node added: aaad9152a1259548...
  [grpc] Node added: 5e9c4a96ac40fa41...
  [grpc] Node added: 0a4cf67e50f8a045...
  [grpc] Node added: 94339dc502a4984a...
  [grpc] Node added: 660b77805a7f9b41...
  [grpc] Node added: 62d371ac5fd98944...
  [grpc] Node added: 2b8075d7722da642...
  [grpc] Tile root set; server root_id=cba6555d2501714e...
  [grpc] Node added: 622585a43185c344...
  [grpc] Node added: 978afb2e1beb2b47...
  [grpc] Node added: 8631284ce6285c49...
  [grpc] Node added: 40977a3c2024ce4c...
  [grpc] Node added: 36319399f29f0e42...
  [grpc] Node added: b74ac27b3df2d945...
  [grpc] Node added: 7e5db47e3316d346...
  [grpc] Node added: 240b8784a9146248...
  [grpc] Node added: 1958e149d1f67040...
  [grpc] Node added: 009999977136204d...
  [grpc] Node added: 72c629d4caf2e641...
  [grpc] Tile root set; server root_id=fda5acd39a38f846...
  [grpc] Node added: f3d5492bdec6e746...
  [grpc] Node added: f324f5d0ee621e48...
  [grpc] Tile root set; server root_id=db0a51f1666e5641...
  [grpc] Tile root set; server root_id=81fcf635b034494d...
  [grpc] Node added: ad2f1b8e4e2b8242...
  [grpc] Node added: 3d4a0b6fe9998b48...
  [grpc] Node added: 9a2e50e72c9fb848...
  [grpc] Node added: 829f682b25188d42...
  [grpc] Node added: a96d9786c5fe9841...
  [grpc] Node added: bc7b08708053bc46...
  [grpc] Node added: 07fe6668b3c3234c...
  [grpc] Node added: e71046564130d540...
  [grpc] Node added: 2120e533f217a843...
  [grpc] Node added: 6eb27d2c61712743...
  [grpc] Node added: c85a8a8ccab37241...
{"action": "hold for operator observation", "code": "baseline", "expected_visual": "portal surface visible; body text readable", "hold_s": 240.0, "lines": 120, "status": "completed", "step_index": 1, "title": "Baseline render", "ts_wall": 1783702116}
{"action": "review transcript and capture UX notes", "code": "scenario_complete", "expected_visual": "portal visible until cleanup releases the lease", "status": "completed", "step_index": 99, "title": "Text Stream Portal scenario complete", "ts_wall": 1783702356}
  [grpc] Lease released
{"action": "release the lease before closing the session", "code": "cleanup:lease-release", "expected_visual": "all portal tiles are removed from the HUD", "status": "completed", "step_index": 100, "title": "Portal lease released", "ts_wall": 1783702356}
