{"action": "connect and open resident session", "code": "scenario", "doc": "docs/reports/exemplar-manual-review-checklist.md", "expected_visual": "operator follows JSON step transcript", "phases": "streaming", "status": "started", "step_index": 0, "target": "windows-host.example:50051", "title": "Text Stream Portal live scenario", "ts_wall": 1783702541}
  [grpc] Session established: namespace=agent-alpha, caps=['create_tiles', 'modify_own_tiles', 'access_input_events', 'read_telemetry']
  [grpc] Scene display area: 3840x2160
{"action": "adopt runtime-delivered resolved PortalPartTokens as the live source when the handshake exposes them; else keep the local mirror", "code": "tokens:source", "expected_visual": "portal renders the runtime's active-profile look", "runtime_token_count": 57, "status": "checkpoint", "step_index": 0, "title": "Portal design-token source resolved", "token_source": "runtime-handshake", "ts_wall": 1783702542}
{"action": "use live scene dimensions for portal placement and drag bounds", "code": "scene:display-area", "expected_visual": "portal can be dragged across the full HUD surface", "scene_height": 2160.0, "scene_width": 3840.0, "status": "checkpoint", "step_index": 0, "title": "Scene display area resolved", "ts_wall": 1783702542}
  [grpc] Lease granted: ttl=600000ms, priority=2
{"action": "scale portal defaults from live scene dimensions unless explicit size overrides were provided", "code": "portal:size", "expected_visual": "portal occupies a readable portion of the detected display", "explicit_height": true, "explicit_width": true, "portal_h": 900.0, "portal_w": 1400.0, "status": "checkpoint", "step_index": 0, "title": "Portal size resolved", "ts_wall": 1783702542}
  [grpc] Tile created: 019f4cf4d4da7f31...
  [grpc] Tile created: 019f4cf4d5227cd0...
  [grpc] Tile created: 019f4cf4d59e75a1...
  [grpc] Tile created: 019f4cf4d5e17610...
  [grpc] Tile created: 019f4cf4d67475a1...
  [grpc] Tile created: 019f4cf4d6977dd3...
{"action": "reveal body in 10 ordered chunks", "code": "streaming", "expected_visual": "body grows over time; header/footer unchanged", "status": "started", "step_index": 2, "title": "Incremental streaming reveal", "ts_wall": 1783702542}
  [grpc] Tile root set; server root_id=69e542eb3a2bc34a...
  [grpc] Node added: 47e8c767e1fcf24f...
  [grpc] Tile root set; server root_id=2d7d9d0c1db3a44b...
  [grpc] Node added: 46067309ca25ea43...
  [grpc] Node added: fa126b510119aa4f...
  [grpc] Node added: f7246db0599b264f...
  [grpc] Node added: e8b50c72a1eea24f...
  [grpc] Node added: 81d896bc17ba2745...
  [grpc] Node added: 8064f4f73b01c243...
  [grpc] Node added: 6262ff66ff0ded46...
  [grpc] Node added: 88e9403318c9cd4d...
  [grpc] Node added: ae2dd0ff19104a45...
  [grpc] Node added: 455cc1d6768b184a...
  [grpc] Node added: ad1d1b1824558d45...
  [grpc] Node added: 7c6bfd1175a8b749...
  [grpc] Node added: 141504d8e5700a44...
  [grpc] Node added: b0fc9d20307c8349...
  [grpc] Node added: 160b38ff68ba4146...
  [grpc] Node added: 5857a9e0e6861e40...
  [grpc] Node added: 2118bbc5ed3ecc4e...
  [grpc] Node added: e2cedc27caff2d40...
  [grpc] Node added: 0de4246828fd0e46...
  [grpc] Node added: d497c9b004349544...
  [grpc] Node added: c85781a8090a974b...
  [grpc] Node added: eb2a7ec5e057174c...
  [grpc] Node added: f9400489259b014b...
  [grpc] Node added: 10c296f489391c4e...
  [grpc] Node added: c5f8e20c64b0d94d...
  [grpc] Node added: abba0be6c3fd314c...
  [grpc] Node added: 670d8c6b66afc94b...
  [grpc] Node added: 9e0f7bea0300e649...
  [grpc] Node added: 3ee57081cabadb4e...
  [grpc] Node added: e92b22a3775d394b...
  [grpc] Tile root set; server root_id=8981e8192f00464a...
  [grpc] Node added: e23bfd445eb34b4d...
  [grpc] Node added: 0343538a6b37f54b...
  [grpc] Node added: ccc20b025ca06b4c...
  [grpc] Node added: f85f9ac2b8b7e143...
  [grpc] Node added: 6e1da2c82386de45...
  [grpc] Node added: bed2b42f6c3d6d4b...
  [grpc] Node added: d82b048433329a48...
  [grpc] Node added: c503347441b3c948...
  [grpc] Node added: 60c28e28b281364e...
  [grpc] Node added: cae6b88971a43c4a...
  [grpc] Node added: 03c3606a3778084d...
  [grpc] Tile root set; server root_id=d775535709256e4c...
  [grpc] Node added: a4d1b0b7452e2148...
  [grpc] Node added: 81cab05d1419d047...
  [grpc] Tile root set; server root_id=2d5c5f32df8cd147...
  [grpc] Node added: d5e60603c8f1914f...
  [grpc] Tile root set; server root_id=81f9757f695fdb4c...
  [grpc] Node added: 0a92c04291227345...
  [grpc] Tile root set; server root_id=67655596e18adc4f...
  [grpc] Node added: ff7f1e0c3478e447...
  [grpc] Tile root set; server root_id=b31a380d7e74d148...
  [grpc] Node added: 43d39c6a80ac5e4d...
  [grpc] Tile root set; server root_id=dc4d39504005574c...
  [grpc] Node added: 669d8bab2930824b...
  [grpc] Tile root set; server root_id=1d0c04a258c44a42...
  [grpc] Node added: f29a9c49fc477546...
  [grpc] Tile root set; server root_id=b1f41eb0b06ebb45...
  [grpc] Node added: 08795d8622d20a40...
  [grpc] Tile root set; server root_id=ca630acf51a7604c...
  [grpc] Node added: c376ee9436220c47...
  [grpc] Tile root set; server root_id=7c2e364b2fdb2047...
  [grpc] Node added: e6f8b1314c5dda46...
{"action": "final chunk published", "code": "streaming", "expected_visual": "full body visible, matches baseline", "status": "completed", "step_index": 2, "title": "Incremental streaming reveal", "ts_wall": 1783702562}
{"action": "review transcript and capture UX notes", "code": "scenario_complete", "expected_visual": "portal visible until cleanup releases the lease", "status": "completed", "step_index": 99, "title": "Text Stream Portal scenario complete", "ts_wall": 1783702562}
  [grpc] Lease released
{"action": "release the lease before closing the session", "code": "cleanup:lease-release", "expected_visual": "all portal tiles are removed from the HUD", "status": "completed", "step_index": 100, "title": "Portal lease released", "ts_wall": 1783702562}
