{"action": "connect and open resident session", "code": "scenario", "doc": "docs/reports/exemplar-manual-review-checklist.md", "expected_visual": "operator follows JSON step transcript", "phases": "baseline", "status": "started", "step_index": 0, "target": "tzehouse-windows.parrot-hen.ts.net:50051", "title": "Text Stream Portal live scenario", "ts_wall": 1783648838}
  [grpc] Session established: namespace=agent-alpha, caps=['create_tiles', 'modify_own_tiles', 'access_input_events', 'read_telemetry']
  [grpc] Scene display area: 3840x2160
{"action": "adopt runtime-delivered resolved PortalPartTokens as the live source when the handshake exposes them; else keep the local mirror", "code": "tokens:source", "expected_visual": "portal renders the runtime's active-profile look", "runtime_token_count": 57, "status": "checkpoint", "step_index": 0, "title": "Portal design-token source resolved", "token_source": "runtime-handshake", "ts_wall": 1783648838}
{"action": "use live scene dimensions for portal placement and drag bounds", "code": "scene:display-area", "expected_visual": "portal can be dragged across the full HUD surface", "scene_height": 2160.0, "scene_width": 3840.0, "status": "checkpoint", "step_index": 0, "title": "Scene display area resolved", "ts_wall": 1783648838}
  [grpc] Lease granted: ttl=600000ms, priority=2
{"action": "scale portal defaults from live scene dimensions unless explicit size overrides were provided", "code": "portal:size", "expected_visual": "portal occupies a readable portion of the detected display", "explicit_height": false, "explicit_width": false, "portal_h": 1360.0, "portal_w": 1720.0, "status": "checkpoint", "step_index": 0, "title": "Portal size resolved", "ts_wall": 1783648838}
  [grpc] Tile created: 019f49c162017fc2...
  [grpc] Tile created: 019f49c162107080...
  [grpc] Tile created: 019f49c162197373...
  [grpc] Tile created: 019f49c162277152...
  [grpc] Tile created: 019f49c162317061...
  [grpc] Tile created: 019f49c1623b7b40...
{"action": "publish full portal chrome + transcript viewport", "code": "baseline", "expected_visual": "portal surface appears at right edge with header, body, footer", "status": "started", "step_index": 1, "title": "Baseline render", "ts_wall": 1783648838}
  [grpc] Tile opacity set to 0.0
  [grpc] Tile input mode set
  [grpc] Tile opacity set to 1.0
  [grpc] Tile input mode set
  [grpc] Tile opacity set to 1.0
  [grpc] Tile input mode set
  [grpc] Tile opacity set to 1.0
  [grpc] Tile input mode set
  [grpc] Tile input mode set
  [grpc] Tile opacity set to 0.0
  [grpc] Tile opacity set to 0.0
  [grpc] Tile input mode set
  [grpc] Tile root set; server root_id=5c68baf9d9641540...
  [grpc] Node added: 7b7c4b9c6c7b8f45...
  [grpc] Tile root set; server root_id=cad30da6b9fdd84f...
  [grpc] Node added: dbdca4d6e5725748...
  [grpc] Node added: 7592be8ff84ba943...
  [grpc] Node added: d187e0d191bdf442...
  [grpc] Node added: 8b9803c2bd601142...
  [grpc] Node added: a2de12fc58bdda4c...
  [grpc] Node added: c404b789d15c5c4d...
  [grpc] Node added: c2e5726bcc48d743...
  [grpc] Node added: e5fd3edb3c432249...
  [grpc] Node added: 15fb198e209c3f41...
  [grpc] Node added: e0a9fcdd9e30ed46...
  [grpc] Node added: 0831e764a9381745...
  [grpc] Node added: c1cf0575429cbc41...
  [grpc] Node added: fd2761522bd7c846...
  [grpc] Node added: 49686265bbcb5042...
  [grpc] Node added: 8b8d46854afba24c...
  [grpc] Node added: 4f8b917bb8275448...
  [grpc] Node added: 4e036a86b245bd42...
  [grpc] Node added: 8592cf87e2c7f846...
  [grpc] Node added: 738c5283145d2946...
  [grpc] Node added: 5046ba1f2015ce4b...
  [grpc] Node added: d2a24a3cb91a914a...
  [grpc] Node added: bb1ebb4cd163e94e...
  [grpc] Node added: 6e23f8d1b795c14d...
  [grpc] Node added: 9948604218492e45...
  [grpc] Node added: 1575ab56d5404147...
  [grpc] Node added: 126243a35d196f40...
  [grpc] Node added: e553198245357944...
  [grpc] Node added: 606a312309bf7b4b...
  [grpc] Node added: 6d08be9af1589b48...
  [grpc] Node added: 32e4d4a35d5b6846...
  [grpc] Tile root set; server root_id=867e9a0cb6238f43...
  [grpc] Node added: 38ff0ed1eb58b24d...
  [grpc] Node added: a44777da9a07d341...
  [grpc] Node added: 9423e7aa1e53c24d...
  [grpc] Node added: fc1a762beb688943...
  [grpc] Node added: 254c1bb4951ae748...
  [grpc] Node added: 28ea8d0a05ebb44e...
  [grpc] Node added: c259285473ffc94f...
  [grpc] Node added: cd509654fee79642...
  [grpc] Node added: 6e39a746d75f7745...
  [grpc] Node added: b57f0f3143664f42...
  [grpc] Node added: 0c5fb7ddc782ce41...
  [grpc] Tile root set; server root_id=c5a15d856f72e949...
  [grpc] Node added: f196f929903c7945...
  [grpc] Node added: 27df37abe013194e...
  [grpc] Tile root set; server root_id=c5c2de912452d249...
  [grpc] Tile root set; server root_id=f412d2469a3e6a44...
  [grpc] Node added: 3b7c985c390fbc49...
  [grpc] Node added: e817bcb59300c643...
  [grpc] Node added: 7fab5bb104301c4b...
  [grpc] Node added: 7879b97fd7035b44...
  [grpc] Node added: 67f124992da75245...
  [grpc] Node added: 87a07561f9eeb94f...
  [grpc] Node added: 897814117d2a0c42...
  [grpc] Node added: 539d12f4f270c242...
  [grpc] Node added: f5cbcbabba630946...
  [grpc] Node added: 8e256ce008577c4a...
  [grpc] Node added: f6af2ab5e350534a...
{"action": "hold for operator observation", "code": "baseline", "expected_visual": "portal surface visible; body text readable", "hold_s": 35.0, "lines": 120, "status": "completed", "step_index": 1, "title": "Baseline render", "ts_wall": 1783648839}
{"action": "review transcript and capture UX notes", "code": "scenario_complete", "expected_visual": "portal visible until cleanup releases the lease", "status": "completed", "step_index": 99, "title": "Text Stream Portal scenario complete", "ts_wall": 1783648874}
  [grpc] Lease released
{"action": "release the lease before closing the session", "code": "cleanup:lease-release", "expected_visual": "all portal tiles are removed from the HUD", "status": "completed", "step_index": 100, "title": "Portal lease released", "ts_wall": 1783648874}
