{"action": "connect and open resident session", "code": "scenario", "doc": "docs/reports/exemplar-manual-review-checklist.md", "expected_visual": "operator follows JSON step transcript", "phases": "cadence", "status": "started", "step_index": 0, "target": "windows-host.example:50051", "title": "Text Stream Portal live scenario", "ts_wall": 1783649594}
  [grpc] Session established: namespace=agent-alpha, caps=['create_tiles', 'modify_own_tiles', 'access_input_events', 'read_telemetry']
  [grpc] Scene display area: 3840x2160
{"action": "adopt runtime-delivered resolved PortalPartTokens as the live source when the handshake exposes them; else keep the local mirror", "code": "tokens:source", "expected_visual": "portal renders the runtime's active-profile look", "runtime_token_count": 57, "status": "checkpoint", "step_index": 0, "title": "Portal design-token source resolved", "token_source": "runtime-handshake", "ts_wall": 1783649594}
{"action": "use live scene dimensions for portal placement and drag bounds", "code": "scene:display-area", "expected_visual": "portal can be dragged across the full HUD surface", "scene_height": 2160.0, "scene_width": 3840.0, "status": "checkpoint", "step_index": 0, "title": "Scene display area resolved", "ts_wall": 1783649594}
  [grpc] Lease granted: ttl=600000ms, priority=2
{"action": "scale portal defaults from live scene dimensions unless explicit size overrides were provided", "code": "portal:size", "expected_visual": "portal occupies a readable portion of the detected display", "explicit_height": false, "explicit_width": false, "portal_h": 1360.0, "portal_w": 1720.0, "status": "checkpoint", "step_index": 0, "title": "Portal size resolved", "ts_wall": 1783649594}
  [grpc] Tile created: 019f49ccec927c71...
  [grpc] Tile created: 019f49ccec9a7543...
  [grpc] Tile created: 019f49cceca27bb1...
  [grpc] Tile created: 019f49ccecaa75e0...
  [grpc] Tile created: 019f49ccecb277f3...
  [grpc] Tile created: 019f49ccecb97e22...
{"action": "measure transport RTT baseline, then publish 24 sequential updates with ~40ms pacing; record per-append publish\u2192present timestamps and report runtime overhead separately from RTT", "code": "cadence", "expected_visual": "portal body updates each cycle; footer shows cycle index and last RTT", "status": "started", "step_index": 10, "title": "Cadence RTT-overhead measurement", "ts_wall": 1783649594}
  [grpc] Tile root set; server root_id=0a35adefac2db242...
  [grpc] Node added: cf5f9e5d74fd6040...
  [grpc] Tile root set; server root_id=707d3c151c728a4b...
  [grpc] Node added: 71d7b1bbcaf08949...
  [grpc] Node added: 18cec98507122a41...
  [grpc] Node added: f9bb28640ac31041...
  [grpc] Node added: 8a03142e2f7a5244...
  [grpc] Node added: 205ad44f397c5a45...
  [grpc] Node added: fd533ef065295944...
  [grpc] Node added: 51437aa74527e34b...
  [grpc] Node added: b47b1c104b8e904a...
  [grpc] Node added: d1be574094e5c346...
  [grpc] Node added: d6cde4c87ee29342...
  [grpc] Node added: 786839fd9b53304a...
  [grpc] Node added: 83ffbd765afac540...
  [grpc] Node added: 3da252338843d648...
  [grpc] Node added: f05221fe5e2f7d47...
  [grpc] Node added: 3ea3beb4490bd94a...
  [grpc] Node added: 0c52612e521ec54e...
  [grpc] Node added: 7519bba68bf43246...
  [grpc] Node added: b54b3242ed0cc14b...
  [grpc] Node added: 30b802d53701ea4b...
  [grpc] Node added: f3d4e91469f5af48...
  [grpc] Node added: 362aa7b896b0784e...
  [grpc] Node added: 6b52b511cb52f24f...
  [grpc] Node added: b9a984feb6f55e42...
  [grpc] Node added: a036794dec26fe40...
  [grpc] Node added: 0bf3a93b2519ab40...
  [grpc] Node added: 8ad8cf8178002d4a...
  [grpc] Node added: adf5beba409af44c...
  [grpc] Node added: 5792975ddeacb84f...
  [grpc] Node added: 24c70703bfda4342...
  [grpc] Node added: b5e6f8a807979b4d...
  [grpc] Tile root set; server root_id=56ab6136d8a7c648...
  [grpc] Node added: 6c31c98e9b361246...
  [grpc] Node added: 67b6de7dd44fe242...
  [grpc] Node added: f80b079ea2555944...
  [grpc] Node added: 3b9bae2250ad7c45...
  [grpc] Node added: 29f90cf45063ce44...
  [grpc] Node added: 1ba202ce64c11b43...
  [grpc] Node added: 661bc8719f183247...
  [grpc] Node added: b830712ff0300c4c...
  [grpc] Node added: 1bbf737c801f4746...
  [grpc] Node added: c7eabe4e4713bb4d...
  [grpc] Node added: 4733d08a97810d4e...
  [grpc] Tile root set; server root_id=7ba919f90d3e5b4e...
  [grpc] Node added: ba3a0fee6d712c41...
  [grpc] Node added: 14e0899853e8b34d...
  [grpc] Tile root set; server root_id=3317dd3a458be14a...
  [grpc] Node added: 7518b940b424e44d...
  [grpc] Tile root set; server root_id=62775cbfd545434d...
  [grpc] Node added: 19b1b2786c73a442...
{"action": "probe transport round-trip latency floor before streaming", "code": "cadence:rtt-baseline", "expected_visual": "no visible change; baseline used to isolate runtime overhead", "rtt_baseline_ms": 49.164, "samples_ms": [460.793, 49.164, 50.629], "status": "checkpoint", "step_index": 10, "title": "Transport RTT baseline measured", "ts_wall": 1783649595}
  [grpc] Tile root set; server root_id=f9cd9bdaf11a3045...
  [grpc] Node added: a2be561ed5d48a4b...
{"action": "publish cycle 1/24", "body_lines": 60, "code": "cadence:cycle:0", "cycle": 1, "expected_visual": "body updated; footer counter incremented", "present_ms": 41.509, "present_source": "rtt-proxy", "publish_ms": 0.018, "rtt_ms": 41.49, "status": "checkpoint", "step_index": 10, "title": "Cadence cycle 1", "ts_wall": 1783649595}
  [grpc] Tile root set; server root_id=00d9a57e9bd54e4e...
  [grpc] Node added: 29632a88a3ace245...
{"action": "publish cycle 2/24", "body_lines": 120, "code": "cadence:cycle:1", "cycle": 2, "expected_visual": "body updated; footer counter incremented", "present_ms": 124.774, "present_source": "rtt-proxy", "publish_ms": 55.235, "rtt_ms": 69.54, "status": "checkpoint", "step_index": 10, "title": "Cadence cycle 2", "ts_wall": 1783649595}
  [grpc] Tile root set; server root_id=b6fcbe51b90def45...
  [grpc] Node added: 2992b9d0ada7c946...
{"action": "publish cycle 3/24", "body_lines": 60, "code": "cadence:cycle:2", "cycle": 3, "expected_visual": "body updated; footer counter incremented", "present_ms": 161.77, "present_source": "rtt-proxy", "publish_ms": 125.027, "rtt_ms": 36.74, "status": "checkpoint", "step_index": 10, "title": "Cadence cycle 3", "ts_wall": 1783649595}
  [grpc] Tile root set; server root_id=50c466f9eeceb647...
  [grpc] Node added: 79eb75c1008fcf4c...
{"action": "publish cycle 4/24", "body_lines": 120, "code": "cadence:cycle:3", "cycle": 4, "expected_visual": "body updated; footer counter incremented", "present_ms": 212.891, "present_source": "rtt-proxy", "publish_ms": 165.352, "rtt_ms": 47.54, "status": "checkpoint", "step_index": 10, "title": "Cadence cycle 4", "ts_wall": 1783649595}
  [grpc] Tile root set; server root_id=5b582dde587fa74b...
  [grpc] Node added: 028d297098902746...
{"action": "publish cycle 5/24", "body_lines": 60, "code": "cadence:cycle:4", "cycle": 5, "expected_visual": "body updated; footer counter incremented", "present_ms": 251.381, "present_source": "rtt-proxy", "publish_ms": 213.192, "rtt_ms": 38.19, "status": "checkpoint", "step_index": 10, "title": "Cadence cycle 5", "ts_wall": 1783649595}
  [grpc] Tile root set; server root_id=44b0f93abff8ac4e...
  [grpc] Node added: fa89ba938fcb234e...
{"action": "publish cycle 6/24", "body_lines": 120, "code": "cadence:cycle:5", "cycle": 6, "expected_visual": "body updated; footer counter incremented", "present_ms": 287.338, "present_source": "rtt-proxy", "publish_ms": 253.922, "rtt_ms": 33.41, "status": "checkpoint", "step_index": 10, "title": "Cadence cycle 6", "ts_wall": 1783649595}
  [grpc] Tile root set; server root_id=4646ae5768fb3546...
  [grpc] Node added: fb38b42dee005840...
{"action": "publish cycle 7/24", "body_lines": 60, "code": "cadence:cycle:6", "cycle": 7, "expected_visual": "body updated; footer counter incremented", "present_ms": 332.581, "present_source": "rtt-proxy", "publish_ms": 294.88, "rtt_ms": 37.7, "status": "checkpoint", "step_index": 10, "title": "Cadence cycle 7", "ts_wall": 1783649595}
  [grpc] Tile root set; server root_id=8011a850ace65849...
  [grpc] Node added: 26592546b4b8ed45...
{"action": "publish cycle 8/24", "body_lines": 120, "code": "cadence:cycle:7", "cycle": 8, "expected_visual": "body updated; footer counter incremented", "present_ms": 380.453, "present_source": "rtt-proxy", "publish_ms": 336.34, "rtt_ms": 44.11, "status": "checkpoint", "step_index": 10, "title": "Cadence cycle 8", "ts_wall": 1783649595}
  [grpc] Tile root set; server root_id=77652f78c0630e41...
  [grpc] Node added: 61778dcdf2d8d74c...
{"action": "publish cycle 9/24", "body_lines": 60, "code": "cadence:cycle:8", "cycle": 9, "expected_visual": "body updated; footer counter incremented", "present_ms": 418.914, "present_source": "rtt-proxy", "publish_ms": 380.755, "rtt_ms": 38.16, "status": "checkpoint", "step_index": 10, "title": "Cadence cycle 9", "ts_wall": 1783649595}
  [grpc] Tile root set; server root_id=a69d12f158442947...
  [grpc] Node added: 11f78c164e4d0e47...
{"action": "publish cycle 10/24", "body_lines": 120, "code": "cadence:cycle:9", "cycle": 10, "expected_visual": "body updated; footer counter incremented", "present_ms": 502.451, "present_source": "rtt-proxy", "publish_ms": 421.601, "rtt_ms": 80.85, "status": "checkpoint", "step_index": 10, "title": "Cadence cycle 10", "ts_wall": 1783649595}
  [grpc] Tile root set; server root_id=0eb478a1f25b6e46...
  [grpc] Node added: d6463b8b1474594b...
{"action": "publish cycle 11/24", "body_lines": 60, "code": "cadence:cycle:10", "cycle": 11, "expected_visual": "body updated; footer counter incremented", "present_ms": 658.805, "present_source": "rtt-proxy", "publish_ms": 502.791, "rtt_ms": 156.01, "status": "checkpoint", "step_index": 10, "title": "Cadence cycle 11", "ts_wall": 1783649595}
  [grpc] Tile root set; server root_id=e3ae0baed4dfd341...
  [grpc] Node added: cd1c16a6bef7d04f...
{"action": "publish cycle 12/24", "body_lines": 120, "code": "cadence:cycle:11", "cycle": 12, "expected_visual": "body updated; footer counter incremented", "present_ms": 828.593, "present_source": "rtt-proxy", "publish_ms": 659.12, "rtt_ms": 169.47, "status": "checkpoint", "step_index": 10, "title": "Cadence cycle 12", "ts_wall": 1783649596}
  [grpc] Tile root set; server root_id=6398c9f88afdd347...
  [grpc] Node added: 64f03f339fb14545...
{"action": "publish cycle 13/24", "body_lines": 60, "code": "cadence:cycle:12", "cycle": 13, "expected_visual": "body updated; footer counter incremented", "present_ms": 944.292, "present_source": "rtt-proxy", "publish_ms": 828.905, "rtt_ms": 115.38, "status": "checkpoint", "step_index": 10, "title": "Cadence cycle 13", "ts_wall": 1783649596}
  [grpc] Tile root set; server root_id=83a69a84301e494d...
  [grpc] Node added: cfd0c112dbe29f4d...
{"action": "publish cycle 14/24", "body_lines": 120, "code": "cadence:cycle:13", "cycle": 14, "expected_visual": "body updated; footer counter incremented", "present_ms": 995.967, "present_source": "rtt-proxy", "publish_ms": 944.623, "rtt_ms": 51.34, "status": "checkpoint", "step_index": 10, "title": "Cadence cycle 14", "ts_wall": 1783649596}
  [grpc] Tile root set; server root_id=0d260ed9573b8f45...
  [grpc] Node added: e51d9a4dfede2b41...
{"action": "publish cycle 15/24", "body_lines": 60, "code": "cadence:cycle:14", "cycle": 15, "expected_visual": "body updated; footer counter incremented", "present_ms": 1042.929, "present_source": "rtt-proxy", "publish_ms": 996.556, "rtt_ms": 46.37, "status": "checkpoint", "step_index": 10, "title": "Cadence cycle 15", "ts_wall": 1783649596}
  [grpc] Tile root set; server root_id=c6c8094301470244...
  [grpc] Node added: c5f7c7e932ef8442...
{"action": "publish cycle 16/24", "body_lines": 120, "code": "cadence:cycle:15", "cycle": 16, "expected_visual": "body updated; footer counter incremented", "present_ms": 1106.807, "present_source": "rtt-proxy", "publish_ms": 1043.392, "rtt_ms": 63.41, "status": "checkpoint", "step_index": 10, "title": "Cadence cycle 16", "ts_wall": 1783649596}
  [grpc] Tile root set; server root_id=4e28744272c7a543...
  [grpc] Node added: afcdd5bd5513664e...
{"action": "publish cycle 17/24", "body_lines": 60, "code": "cadence:cycle:16", "cycle": 17, "expected_visual": "body updated; footer counter incremented", "present_ms": 1163.967, "present_source": "rtt-proxy", "publish_ms": 1107.164, "rtt_ms": 56.8, "status": "checkpoint", "step_index": 10, "title": "Cadence cycle 17", "ts_wall": 1783649596}
  [grpc] Tile root set; server root_id=730fbf7b287b5d42...
  [grpc] Node added: f92ba536beb2314f...
{"action": "publish cycle 18/24", "body_lines": 120, "code": "cadence:cycle:17", "cycle": 18, "expected_visual": "body updated; footer counter incremented", "present_ms": 1240.333, "present_source": "rtt-proxy", "publish_ms": 1164.499, "rtt_ms": 75.83, "status": "checkpoint", "step_index": 10, "title": "Cadence cycle 18", "ts_wall": 1783649596}
  [grpc] Tile root set; server root_id=22eaacbc7a57d34a...
  [grpc] Node added: 36e716859a761c4d...
{"action": "publish cycle 19/24", "body_lines": 60, "code": "cadence:cycle:18", "cycle": 19, "expected_visual": "body updated; footer counter incremented", "present_ms": 1292.18, "present_source": "rtt-proxy", "publish_ms": 1240.73, "rtt_ms": 51.45, "status": "checkpoint", "step_index": 10, "title": "Cadence cycle 19", "ts_wall": 1783649596}
  [grpc] Tile root set; server root_id=121abe0f87bab847...
  [grpc] Node added: 65cd0a0ff57d1247...
{"action": "publish cycle 20/24", "body_lines": 120, "code": "cadence:cycle:19", "cycle": 20, "expected_visual": "body updated; footer counter incremented", "present_ms": 1402.94, "present_source": "rtt-proxy", "publish_ms": 1292.554, "rtt_ms": 110.38, "status": "checkpoint", "step_index": 10, "title": "Cadence cycle 20", "ts_wall": 1783649596}
  [grpc] Tile root set; server root_id=dfba382aa343db4a...
  [grpc] Node added: 824be7ec78843248...
{"action": "publish cycle 21/24", "body_lines": 60, "code": "cadence:cycle:20", "cycle": 21, "expected_visual": "body updated; footer counter incremented", "present_ms": 1464.335, "present_source": "rtt-proxy", "publish_ms": 1403.319, "rtt_ms": 61.01, "status": "checkpoint", "step_index": 10, "title": "Cadence cycle 21", "ts_wall": 1783649596}
  [grpc] Tile root set; server root_id=4ccd7dd6aeb44348...
  [grpc] Node added: 0219519ddd87a247...
{"action": "publish cycle 22/24", "body_lines": 120, "code": "cadence:cycle:21", "cycle": 22, "expected_visual": "body updated; footer counter incremented", "present_ms": 1516.04, "present_source": "rtt-proxy", "publish_ms": 1464.715, "rtt_ms": 51.32, "status": "checkpoint", "step_index": 10, "title": "Cadence cycle 22", "ts_wall": 1783649596}
  [grpc] Tile root set; server root_id=08e8c1b22942d14b...
  [grpc] Node added: c89dca703195164d...
{"action": "publish cycle 23/24", "body_lines": 60, "code": "cadence:cycle:22", "cycle": 23, "expected_visual": "body updated; footer counter incremented", "present_ms": 1596.612, "present_source": "rtt-proxy", "publish_ms": 1516.418, "rtt_ms": 80.19, "status": "checkpoint", "step_index": 10, "title": "Cadence cycle 23", "ts_wall": 1783649596}
  [grpc] Tile root set; server root_id=429647ec6e389f4e...
  [grpc] Node added: 137ea51045d78148...
{"action": "publish cycle 24/24", "body_lines": 120, "code": "cadence:cycle:23", "cycle": 24, "expected_visual": "body updated; footer counter incremented", "present_ms": 1841.785, "present_source": "rtt-proxy", "publish_ms": 1597.671, "rtt_ms": 244.11, "status": "checkpoint", "step_index": 10, "title": "Cadence cycle 24", "ts_wall": 1783649597}
{"action": "all cycles complete; RTT baseline + runtime-overhead reported", "code": "cadence", "expected_visual": "portal stable; body settled on last cycle content", "overhead_evidence": {"appends": [{"body_lines": 60, "cycle": 1, "overhead_baseline_ms": 41.49, "overhead_ms": 0.001, "present_latency_ms": 41.491, "present_ms": 41.509, "present_source": "rtt-proxy", "presented": true, "publish_ms": 0.018, "rtt_ms": 41.49, "within_present_budget": true}, {"body_lines": 120, "cycle": 2, "overhead_baseline_ms": 69.538, "overhead_ms": 0.001, "present_latency_ms": 69.539, "present_ms": 124.774, "present_source": "rtt-proxy", "presented": true, "publish_ms": 55.235, "rtt_ms": 69.538, "within_present_budget": true}, {"body_lines": 60, "cycle": 3, "overhead_baseline_ms": 36.741, "overhead_ms": 0.002, "present_latency_ms": 36.743, "present_ms": 161.77, "present_source": "rtt-proxy", "presented": true, "publish_ms": 125.027, "rtt_ms": 36.741, "within_present_budget": true}, {"body_lines": 120, "cycle": 4, "overhead_baseline_ms": 47.535, "overhead_ms": 0.004, "present_latency_ms": 47.539, "present_ms": 212.891, "present_source": "rtt-proxy", "presented": true, "publish_ms": 165.352, "rtt_ms": 47.535, "within_present_budget": true}, {"body_lines": 60, "cycle": 5, "overhead_baseline_ms": 38.186, "overhead_ms": 0.003, "present_latency_ms": 38.189, "present_ms": 251.381, "present_source": "rtt-proxy", "presented": true, "publish_ms": 213.192, "rtt_ms": 38.186, "within_present_budget": true}, {"body_lines": 120, "cycle": 6, "overhead_baseline_ms": 33.413, "overhead_ms": 0.003, "present_latency_ms": 33.416, "present_ms": 287.338, "present_source": "rtt-proxy", "presented": true, "publish_ms": 253.922, "rtt_ms": 33.413, "within_present_budget": true}, {"body_lines": 60, "cycle": 7, "overhead_baseline_ms": 37.698, "overhead_ms": 0.003, "present_latency_ms": 37.701, "present_ms": 332.581, "present_source": "rtt-proxy", "presented": true, "publish_ms": 294.88, "rtt_ms": 37.698, "within_present_budget": true}, {"body_lines": 120, "cycle": 8, "overhead_baseline_ms": 44.11, "overhead_ms": 0.003, "present_latency_ms": 44.113, "present_ms": 380.453, "present_source": "rtt-proxy", "presented": true, "publish_ms": 336.34, "rtt_ms": 44.11, "within_present_budget": true}, {"body_lines": 60, "cycle": 9, "overhead_baseline_ms": 38.158, "overhead_ms": 0.001, "present_latency_ms": 38.159, "present_ms": 418.914, "present_source": "rtt-proxy", "presented": true, "publish_ms": 380.755, "rtt_ms": 38.158, "within_present_budget": true}, {"body_lines": 120, "cycle": 10, "overhead_baseline_ms": 80.847, "overhead_ms": 0.003, "present_latency_ms": 80.85, "present_ms": 502.451, "present_source": "rtt-proxy", "presented": true, "publish_ms": 421.601, "rtt_ms": 80.847, "within_present_budget": true}, {"body_lines": 60, "cycle": 11, "overhead_baseline_ms": 156.013, "overhead_ms": 0.001, "present_latency_ms": 156.014, "present_ms": 658.805, "present_source": "rtt-proxy", "presented": true, "publish_ms": 502.791, "rtt_ms": 156.013, "within_present_budget": true}, {"body_lines": 120, "cycle": 12, "overhead_baseline_ms": 169.47, "overhead_ms": 0.003, "present_latency_ms": 169.473, "present_ms": 828.593, "present_source": "rtt-proxy", "presented": true, "publish_ms": 659.12, "rtt_ms": 169.47, "within_present_budget": true}, {"body_lines": 60, "cycle": 13, "overhead_baseline_ms": 115.384, "overhead_ms": 0.003, "present_latency_ms": 115.387, "present_ms": 944.292, "present_source": "rtt-proxy", "presented": true, "publish_ms": 828.905, "rtt_ms": 115.384, "within_present_budget": true}, {"body_lines": 120, "cycle": 14, "overhead_baseline_ms": 51.342, "overhead_ms": 0.002, "present_latency_ms": 51.344, "present_ms": 995.967, "present_source": "rtt-proxy", "presented": true, "publish_ms": 944.623, "rtt_ms": 51.342, "within_present_budget": true}, {"body_lines": 60, "cycle": 15, "overhead_baseline_ms": 46.37, "overhead_ms": 0.003, "present_latency_ms": 46.373, "present_ms": 1042.929, "present_source": "rtt-proxy", "presented": true, "publish_ms": 996.556, "rtt_ms": 46.37, "within_present_budget": true}, {"body_lines": 120, "cycle": 16, "overhead_baseline_ms": 63.414, "overhead_ms": 0.001, "present_latency_ms": 63.415, "present_ms": 1106.807, "present_source": "rtt-proxy", "presented": true, "publish_ms": 1043.392, "rtt_ms": 63.414, "within_present_budget": true}, {"body_lines": 60, "cycle": 17, "overhead_baseline_ms": 56.8, "overhead_ms": 0.003, "present_latency_ms": 56.803, "present_ms": 1163.967, "present_source": "rtt-proxy", "presented": true, "publish_ms": 1107.164, "rtt_ms": 56.8, "within_present_budget": true}, {"body_lines": 120, "cycle": 18, "overhead_baseline_ms": 75.832, "overhead_ms": 0.002, "present_latency_ms": 75.834, "present_ms": 1240.333, "present_source": "rtt-proxy", "presented": true, "publish_ms": 1164.499, "rtt_ms": 75.832, "within_present_budget": true}, {"body_lines": 60, "cycle": 19, "overhead_baseline_ms": 51.447, "overhead_ms": 0.003, "present_latency_ms": 51.45, "present_ms": 1292.18, "present_source": "rtt-proxy", "presented": true, "publish_ms": 1240.73, "rtt_ms": 51.447, "within_present_budget": true}, {"body_lines": 120, "cycle": 20, "overhead_baseline_ms": 110.384, "overhead_ms": 0.002, "present_latency_ms": 110.386, "present_ms": 1402.94, "present_source": "rtt-proxy", "presented": true, "publish_ms": 1292.554, "rtt_ms": 110.384, "within_present_budget": true}, {"body_lines": 60, "cycle": 21, "overhead_baseline_ms": 61.013, "overhead_ms": 0.003, "present_latency_ms": 61.016, "present_ms": 1464.335, "present_source": "rtt-proxy", "presented": true, "publish_ms": 1403.319, "rtt_ms": 61.013, "within_present_budget": true}, {"body_lines": 120, "cycle": 22, "overhead_baseline_ms": 51.323, "overhead_ms": 0.002, "present_latency_ms": 51.325, "present_ms": 1516.04, "present_source": "rtt-proxy", "presented": true, "publish_ms": 1464.715, "rtt_ms": 51.323, "within_present_budget": true}, {"body_lines": 60, "cycle": 23, "overhead_baseline_ms": 80.192, "overhead_ms": 0.002, "present_latency_ms": 80.194, "present_ms": 1596.612, "present_source": "rtt-proxy", "presented": true, "publish_ms": 1516.418, "rtt_ms": 80.192, "within_present_budget": true}, {"body_lines": 120, "cycle": 24, "overhead_baseline_ms": 244.112, "overhead_ms": 0.002, "present_latency_ms": 244.114, "present_ms": 1841.785, "present_source": "rtt-proxy", "presented": true, "publish_ms": 1597.671, "rtt_ms": 244.112, "within_present_budget": true}], "coalesced_count": 0, "cycles": 24, "interval_ms": 40, "present_budget_ms": 16.6, "presented_count": 24, "runtime_overhead_ms": {"max": 0.004, "mean": 0.002, "over_budget_count": 0, "p95": 0.003}, "transport_rtt_baseline_ms": 49.164, "within_present_budget": true}, "rtt_baseline_ms": 49.164, "rtt_stats": {"cycles": 24, "interval_ms": 40, "max_ms": 244.11, "mean_ms": 75.03, "min_ms": 33.41, "over_budget_count": 19, "over_budget_threshold_ms": 40, "p50_ms": 56.8, "p95_ms": 156.01}, "status": "completed", "step_index": 10, "title": "Cadence RTT-overhead measurement", "ts_wall": 1783649597}
{"action": "review transcript and capture UX notes", "code": "scenario_complete", "expected_visual": "portal visible until cleanup releases the lease", "status": "completed", "step_index": 99, "title": "Text Stream Portal scenario complete", "ts_wall": 1783649597}
  [grpc] Lease released
{"action": "release the lease before closing the session", "code": "cleanup:lease-release", "expected_visual": "all portal tiles are removed from the HUD", "status": "completed", "step_index": 100, "title": "Portal lease released", "ts_wall": 1783649597}
