{"action": "connect and open resident session", "code": "scenario", "doc": "docs/reports/exemplar-manual-review-checklist.md", "expected_visual": "operator follows JSON step transcript", "phases": "composer-edit", "status": "started", "step_index": 0, "target": "windows-host.example:50051", "title": "Text Stream Portal live scenario", "ts_wall": 1783649235}
  [grpc] Session established: namespace=agent-alpha, caps=['create_tiles', 'modify_own_tiles', 'access_input_events', 'read_telemetry']
  [grpc] Scene display area: 3840x2160
{"action": "adopt runtime-delivered resolved PortalPartTokens as the live source when the handshake exposes them; else keep the local mirror", "code": "tokens:source", "expected_visual": "portal renders the runtime's active-profile look", "runtime_token_count": 57, "status": "checkpoint", "step_index": 0, "title": "Portal design-token source resolved", "token_source": "runtime-handshake", "ts_wall": 1783649235}
{"action": "use live scene dimensions for portal placement and drag bounds", "code": "scene:display-area", "expected_visual": "portal can be dragged across the full HUD surface", "scene_height": 2160.0, "scene_width": 3840.0, "status": "checkpoint", "step_index": 0, "title": "Scene display area resolved", "ts_wall": 1783649235}
  [grpc] Lease granted: ttl=600000ms, priority=2
{"action": "scale portal defaults from live scene dimensions unless explicit size overrides were provided", "code": "portal:size", "expected_visual": "portal occupies a readable portion of the detected display", "explicit_height": false, "explicit_width": false, "portal_h": 1360.0, "portal_w": 1720.0, "status": "checkpoint", "step_index": 0, "title": "Portal size resolved", "ts_wall": 1783649235}
  [grpc] Tile created: 019f49c773cc7100...
  [grpc] Tile created: 019f49c773fa72f0...
  [grpc] Tile created: 019f49c7745f7403...
  [grpc] Tile created: 019f49c775a37123...
  [grpc] Tile created: 019f49c775e47321...
  [grpc] Tile created: 019f49c7762c7141...
{"action": "render empty \u2192 typed \u2192 mid-delete \u2192 cleared states", "code": "composer-edit", "expected_visual": "caret tracks correctly through all edit states; no phantom characters", "status": "started", "step_index": 9, "title": "Composer edit sequence", "ts_wall": 1783649236}
  [grpc] Tile opacity set to 0.0
  [grpc] Tile input mode set
  [grpc] Tile opacity set to 1.0
  [grpc] Tile input mode set
  [grpc] Tile opacity set to 1.0
  [grpc] Tile input mode set
  [grpc] Tile opacity set to 1.0
  [grpc] Tile input mode set
  [grpc] Tile input mode set
  [grpc] Tile opacity set to 0.0
  [grpc] Tile opacity set to 0.0
  [grpc] Tile input mode set
  [grpc] Tile root set; server root_id=ad44ca62622beb40...
  [grpc] Node added: 7d79a586ce925c4a...
  [grpc] Tile root set; server root_id=6d8435b9006ea04a...
  [grpc] Node added: a2607e5972334d41...
  [grpc] Node added: 81e7a8eea7ab3a40...
  [grpc] Node added: 0163d7cf51b93444...
  [grpc] Node added: b2150735b20a9844...
  [grpc] Node added: 4b2b23b5f2b92d4b...
  [grpc] Node added: 7cc691d0c0ccea40...
  [grpc] Node added: dad3c435ac575849...
  [grpc] Node added: 5c4dc282f4662d4b...
  [grpc] Node added: 4be50979a0946c46...
  [grpc] Node added: 5c9e72655b60fc4a...
  [grpc] Node added: 285b960215ed2349...
  [grpc] Node added: 44e7ecda3d7bc540...
  [grpc] Node added: d70295eafbdbdb44...
  [grpc] Node added: 1b9227084646864b...
  [grpc] Node added: 1872e37837700648...
  [grpc] Node added: b905e01775e4d647...
  [grpc] Node added: dbe71b27c1433441...
  [grpc] Node added: 6d043f2efb2c3b4b...
  [grpc] Node added: 673d5245e133204e...
  [grpc] Node added: 18f2472a49843a43...
  [grpc] Node added: 302e35e8a57ce344...
  [grpc] Node added: 68b329ceb77b0946...
  [grpc] Node added: ac0f2cc3aa75ff4d...
  [grpc] Node added: dafd345d8715a944...
  [grpc] Node added: 2473a7e4246ea741...
  [grpc] Node added: 99f9ca308403ac4b...
  [grpc] Node added: 0dcbdaeba6f9e743...
  [grpc] Node added: d9ed630d17b6484d...
  [grpc] Node added: 2683d656e428e54d...
  [grpc] Node added: 28eab12bbe61bf45...
  [grpc] Tile root set; server root_id=0db2000343331846...
  [grpc] Node added: 62d2c9b772c6fe4c...
  [grpc] Node added: 61b97ea25b40fe45...
  [grpc] Node added: ff6829d3bd026a41...
  [grpc] Node added: 79133ea05041374f...
  [grpc] Node added: 33ada4a6d169f044...
  [grpc] Node added: 007cb63403364043...
  [grpc] Node added: 5e49e599626b5c4e...
  [grpc] Node added: f0b5383d980d3a46...
  [grpc] Node added: 1d6e483f94469240...
  [grpc] Node added: a0574b3cb1cbeb4b...
  [grpc] Node added: 0a69136fc73fea44...
  [grpc] Tile root set; server root_id=99688881412c9941...
  [grpc] Node added: 0b9cbd12a3b18248...
  [grpc] Node added: c300b995ce853447...
  [grpc] Tile root set; server root_id=349781f22df91d41...
  [grpc] Tile root set; server root_id=b182bb50412b6740...
  [grpc] Node added: f382c6f4f19dd340...
  [grpc] Node added: 1ffbd618f1e39c41...
  [grpc] Node added: 170aa45571b29b43...
  [grpc] Node added: 17a7f02d03812e4c...
  [grpc] Node added: 44f8bdf1e6d5a141...
  [grpc] Node added: 5fa1dce2cf29f04d...
  [grpc] Node added: 212726f35e2e6240...
  [grpc] Node added: 4bd5208b30a5104f...
  [grpc] Node added: f90376e4d569e54a...
  [grpc] Node added: 87094e99889f354a...
  [grpc] Node added: c29a0d16381a5b42...
{"action": "empty \u2014 placeholder visible", "code": "composer-edit:0", "cursor_row": 0, "cursor_x": 0.0, "expected_visual": "composer shows ''; caret at position 0", "status": "checkpoint", "step_index": 9, "text_len": 0, "title": "Composer edit state 0", "ts_wall": 1783649237, "visual_lines": 0}
{"action": "typed 'Hello' \u2014 caret after final l", "code": "composer-edit:1", "cursor_row": 0, "cursor_x": 45.599999999999994, "expected_visual": "composer shows 'Hello'; caret at position 5", "status": "checkpoint", "step_index": 9, "text_len": 5, "title": "Composer edit state 1", "ts_wall": 1783649238, "visual_lines": 1}
{"action": "typed ', world!' \u2014 caret at end", "code": "composer-edit:2", "cursor_row": 0, "cursor_x": 118.56000000000002, "expected_visual": "composer shows 'Hello, world!'; caret at position 13", "status": "checkpoint", "step_index": 9, "text_len": 13, "title": "Composer edit state 2", "ts_wall": 1783649240, "visual_lines": 1}
{"action": "deleted '!' \u2014 caret at d", "code": "composer-edit:3", "cursor_row": 0, "cursor_x": 109.44000000000001, "expected_visual": "composer shows 'Hello, world'; caret at position 12", "status": "checkpoint", "step_index": 9, "text_len": 12, "title": "Composer edit state 3", "ts_wall": 1783649241, "visual_lines": 1}
{"action": "deleted ', world' \u2014 back to 'Hello'", "code": "composer-edit:4", "cursor_row": 0, "cursor_x": 45.599999999999994, "expected_visual": "composer shows 'Hello'; caret at position 5", "status": "checkpoint", "step_index": 9, "text_len": 5, "title": "Composer edit state 4", "ts_wall": 1783649243, "visual_lines": 1}
{"action": "deleted 'o' \u2014 mid-word", "code": "composer-edit:5", "cursor_row": 0, "cursor_x": 36.48, "expected_visual": "composer shows 'Hell'; caret at position 4", "status": "checkpoint", "step_index": 9, "text_len": 4, "title": "Composer edit state 5", "ts_wall": 1783649244, "visual_lines": 1}
{"action": "cleared \u2014 placeholder re-appears", "code": "composer-edit:6", "cursor_row": 0, "cursor_x": 0.0, "expected_visual": "composer shows ''; caret at position 0", "status": "completed", "step_index": 9, "text_len": 0, "title": "Composer edit state 6", "ts_wall": 1783649246, "visual_lines": 0}
{"action": "review transcript and capture UX notes", "code": "scenario_complete", "expected_visual": "portal visible until cleanup releases the lease", "status": "completed", "step_index": 99, "title": "Text Stream Portal scenario complete", "ts_wall": 1783649277}
  [grpc] Lease released
{"action": "release the lease before closing the session", "code": "cleanup:lease-release", "expected_visual": "all portal tiles are removed from the HUD", "status": "completed", "step_index": 100, "title": "Portal lease released", "ts_wall": 1783649277}
