{"action": "connect and open resident session", "code": "scenario", "doc": "docs/reports/exemplar-manual-review-checklist.md", "expected_visual": "operator follows JSON step transcript", "phases": "composer-smoke", "status": "started", "step_index": 0, "target": "tzehouse-windows.parrot-hen.ts.net:50051", "title": "Text Stream Portal live scenario", "ts_wall": 1783648982}
  [grpc] Session established: namespace=agent-alpha, caps=['create_tiles', 'modify_own_tiles', 'access_input_events', 'read_telemetry']
  [grpc] Scene display area: 3840x2160
{"action": "adopt runtime-delivered resolved PortalPartTokens as the live source when the handshake exposes them; else keep the local mirror", "code": "tokens:source", "expected_visual": "portal renders the runtime's active-profile look", "runtime_token_count": 57, "status": "checkpoint", "step_index": 0, "title": "Portal design-token source resolved", "token_source": "runtime-handshake", "ts_wall": 1783648982}
{"action": "use live scene dimensions for portal placement and drag bounds", "code": "scene:display-area", "expected_visual": "portal can be dragged across the full HUD surface", "scene_height": 2160.0, "scene_width": 3840.0, "status": "checkpoint", "step_index": 0, "title": "Scene display area resolved", "ts_wall": 1783648982}
  [grpc] Lease granted: ttl=600000ms, priority=2
{"action": "scale portal defaults from live scene dimensions unless explicit size overrides were provided", "code": "portal:size", "expected_visual": "portal occupies a readable portion of the detected display", "explicit_height": false, "explicit_width": false, "portal_h": 1360.0, "portal_w": 1720.0, "status": "checkpoint", "step_index": 0, "title": "Portal size resolved", "ts_wall": 1783648982}
  [grpc] Tile created: 019f49c394e67482...
  [grpc] Tile created: 019f49c394fc70d3...
  [grpc] Tile created: 019f49c395047e83...
  [grpc] Tile created: 019f49c3951176c3...
  [grpc] Tile created: 019f49c3951b7ec0...
  [grpc] Tile created: 019f49c395297021...
{"action": "render hello-world and long-paste composer states with visible caret", "code": "composer-smoke", "expected_visual": "caret aligns with text after Space and wrapped markdown paste", "status": "started", "step_index": 5, "title": "Composer caret smoke", "ts_wall": 1783648982}
  [grpc] Tile opacity set to 0.0
  [grpc] Tile input mode set
  [grpc] Tile opacity set to 1.0
  [grpc] Tile input mode set
  [grpc] Tile opacity set to 1.0
  [grpc] Tile input mode set
  [grpc] Tile opacity set to 1.0
  [grpc] Tile input mode set
  [grpc] Tile input mode set
  [grpc] Tile opacity set to 0.0
  [grpc] Tile opacity set to 0.0
  [grpc] Tile input mode set
  [grpc] Tile root set; server root_id=9f06ed62e6fcda4c...
  [grpc] Node added: ca2ae8b141a0e245...
  [grpc] Tile root set; server root_id=be77f9909f8a7d41...
  [grpc] Node added: 4f9a7ed258f9bd4b...
  [grpc] Node added: 5ddbf71f5b166444...
  [grpc] Node added: a822b037c4fc3c48...
  [grpc] Node added: 8217e4120ac0be45...
  [grpc] Node added: 54fe327e5fd1da4f...
  [grpc] Node added: 4bf9bc4fbad0a94a...
  [grpc] Node added: 2da11bce31fba444...
  [grpc] Node added: 8a73aa01e1b4fc48...
  [grpc] Node added: 97e9b904978d1841...
  [grpc] Node added: fbd865d8d1578a47...
  [grpc] Node added: b9a4be817a106645...
  [grpc] Node added: f944f04d38ce144d...
  [grpc] Node added: 265701fd74570a41...
  [grpc] Node added: 13cb38e7283f1543...
  [grpc] Node added: 4010a8ff9e026148...
  [grpc] Node added: 00749968245e8140...
  [grpc] Node added: 1e2971d27c750f46...
  [grpc] Node added: e8eb7dac26a35d47...
  [grpc] Node added: cc24049a0851b144...
  [grpc] Node added: 362ec1233adb4c4e...
  [grpc] Node added: 03144572be930844...
  [grpc] Node added: 703f3256bcd51b4f...
  [grpc] Node added: 108ee6da75424d4f...
  [grpc] Node added: 9da50b1291c52d4d...
  [grpc] Node added: dfe96da5d3cf2041...
  [grpc] Node added: a4b042c024c9e844...
  [grpc] Node added: 2a72c99e5927e343...
  [grpc] Node added: 209443a08c537b4d...
  [grpc] Node added: 0df6e7294b9afd42...
  [grpc] Node added: ee207d34470d5744...
  [grpc] Tile root set; server root_id=5d526786a8bffa43...
  [grpc] Node added: aa5b8f478e66fe48...
  [grpc] Node added: 73b40b287e4a5148...
  [grpc] Node added: 285b1492d035da4b...
  [grpc] Node added: e745b340d1cfcb4e...
  [grpc] Node added: fc766e2096a06247...
  [grpc] Node added: ce38d5a735f4774f...
  [grpc] Node added: a4d6bcfd96c52142...
  [grpc] Node added: 896f58eb5b15ec44...
  [grpc] Node added: d2514c3ca5aa274b...
  [grpc] Node added: 0ca1a36cd8995d4e...
  [grpc] Node added: d7dc38ae2dcedc40...
  [grpc] Tile root set; server root_id=beecf4838ecfd942...
  [grpc] Node added: e4f5e1e3d8da704f...
  [grpc] Node added: 505ad831300ce344...
  [grpc] Tile root set; server root_id=99cf718684f4f747...
  [grpc] Tile root set; server root_id=3cce1bcc6a1c1a4a...
  [grpc] Node added: 8130bd99394a5d44...
  [grpc] Node added: 16bed6d6650b8d47...
  [grpc] Node added: 2fc874e15ab8b04d...
  [grpc] Node added: a10f355696d8294d...
  [grpc] Node added: 8a8e8bbe0be59743...
  [grpc] Node added: f6a117012e736346...
  [grpc] Node added: 606ac98abf5e994a...
  [grpc] Node added: 2f9e277dfaa1fc4d...
  [grpc] Node added: 57b041b51b3bcf41...
  [grpc] Node added: 31f7381993326047...
  [grpc] Node added: b73d020e43ec1847...
{"action": "rendered normal typing target with Space between words", "code": "composer:hello-world", "cursor_row": 0, "cursor_x": 100.32000000000001, "expected_visual": "hello world appears once, caret after the final d", "status": "checkpoint", "step_index": 5, "title": "Composer hello world rendered", "ts_wall": 1783648983, "visual_lines": 1}
{"action": "rendered wrapped markdown-like paste with caret at end", "code": "composer:long-paste", "cursor_row": 2, "cursor_x": 383.04000000000013, "expected_visual": "caret remains on the final wrapped row without a one-character lag at line ends", "status": "completed", "step_index": 5, "title": "Composer long paste rendered", "trailing_ws_lines": [], "ts_wall": 1783648986, "visual_lines": 3}
{"action": "review transcript and capture UX notes", "code": "scenario_complete", "expected_visual": "portal visible until cleanup releases the lease", "status": "completed", "step_index": 99, "title": "Text Stream Portal scenario complete", "ts_wall": 1783649008}
  [grpc] Lease released
{"action": "release the lease before closing the session", "code": "cleanup:lease-release", "expected_visual": "all portal tiles are removed from the HUD", "status": "completed", "step_index": 100, "title": "Portal lease released", "ts_wall": 1783649008}
