{"action": "connect and open resident session", "code": "scenario", "doc": "docs/reports/exemplar-manual-review-checklist.md", "expected_visual": "operator follows JSON step transcript", "phases": "composer-smoke", "status": "started", "step_index": 0, "target": "windows-host.example:50051", "title": "Text Stream Portal live scenario", "ts_wall": 1783649101}
  [grpc] Session established: namespace=agent-alpha, caps=['create_tiles', 'modify_own_tiles', 'access_input_events', 'read_telemetry']
  [grpc] Scene display area: 3840x2160
{"action": "adopt runtime-delivered resolved PortalPartTokens as the live source when the handshake exposes them; else keep the local mirror", "code": "tokens:source", "expected_visual": "portal renders the runtime's active-profile look", "runtime_token_count": 57, "status": "checkpoint", "step_index": 0, "title": "Portal design-token source resolved", "token_source": "runtime-handshake", "ts_wall": 1783649101}
{"action": "use live scene dimensions for portal placement and drag bounds", "code": "scene:display-area", "expected_visual": "portal can be dragged across the full HUD surface", "scene_height": 2160.0, "scene_width": 3840.0, "status": "checkpoint", "step_index": 0, "title": "Scene display area resolved", "ts_wall": 1783649101}
  [grpc] Lease granted: ttl=600000ms, priority=2
{"action": "scale portal defaults from live scene dimensions unless explicit size overrides were provided", "code": "portal:size", "expected_visual": "portal occupies a readable portion of the detected display", "explicit_height": false, "explicit_width": false, "portal_h": 1360.0, "portal_w": 1720.0, "status": "checkpoint", "step_index": 0, "title": "Portal size resolved", "ts_wall": 1783649101}
  [grpc] Tile created: 019f49c565157a30...
  [grpc] Tile created: 019f49c565357442...
  [grpc] Tile created: 019f49c565427792...
  [grpc] Tile created: 019f49c5654a7922...
  [grpc] Tile created: 019f49c565587600...
  [grpc] Tile created: 019f49c5655f7120...
{"action": "render hello-world and long-paste composer states with visible caret", "code": "composer-smoke", "expected_visual": "caret aligns with text after Space and wrapped markdown paste", "status": "started", "step_index": 5, "title": "Composer caret smoke", "ts_wall": 1783649101}
  [grpc] Tile opacity set to 0.0
  [grpc] Tile input mode set
  [grpc] Tile opacity set to 1.0
  [grpc] Tile input mode set
  [grpc] Tile opacity set to 1.0
  [grpc] Tile input mode set
  [grpc] Tile opacity set to 1.0
  [grpc] Tile input mode set
  [grpc] Tile input mode set
  [grpc] Tile opacity set to 0.0
  [grpc] Tile opacity set to 0.0
  [grpc] Tile input mode set
  [grpc] Tile root set; server root_id=cc78e30180b0a645...
  [grpc] Node added: b2eeacbb52ec6147...
  [grpc] Tile root set; server root_id=2117972f87478644...
  [grpc] Node added: 2c579206f3bdc24c...
  [grpc] Node added: 17b72277ebcfc749...
  [grpc] Node added: 7703c6295477e04a...
  [grpc] Node added: f95896955038af45...
  [grpc] Node added: cd780701c4f3a24d...
  [grpc] Node added: 404cb5bb809d614d...
  [grpc] Node added: 7a1b4eeff364f64b...
  [grpc] Node added: 2aee60b22dd8d143...
  [grpc] Node added: f893da86e71f3040...
  [grpc] Node added: 1aa35ff78b84a048...
  [grpc] Node added: 4ae519b70ba1e047...
  [grpc] Node added: 96397d4c92d05741...
  [grpc] Node added: f91754389758de43...
  [grpc] Node added: effa3b51af84f840...
  [grpc] Node added: 13ef990b65b98142...
  [grpc] Node added: c03b4c3562630d43...
  [grpc] Node added: d667b81fd0f06949...
  [grpc] Node added: 8fabdff3ee490541...
  [grpc] Node added: df3b2284e99c864b...
  [grpc] Node added: 590e6e592fbef34e...
  [grpc] Node added: d210b113c2d7fa47...
  [grpc] Node added: 3696a1e99b514842...
  [grpc] Node added: f46d200108ebf74f...
  [grpc] Node added: 3733896b9e79d949...
  [grpc] Node added: 2719f93dea8bf94f...
  [grpc] Node added: 469163ef6f4b824a...
  [grpc] Node added: 25b989c9f68cde43...
  [grpc] Node added: 3bab76b2a8cfed47...
  [grpc] Node added: 5ba5dc4a77c3414d...
  [grpc] Node added: 220a18490591da40...
  [grpc] Tile root set; server root_id=29dcee933a1e1d42...
  [grpc] Node added: 9ef63f258663e64c...
  [grpc] Node added: c0afba637c5ce84f...
  [grpc] Node added: 3a32ab212667ea45...
  [grpc] Node added: 98f20cbb859e934e...
  [grpc] Node added: 984433c64dc41045...
  [grpc] Node added: 87f3fd04f74fd944...
  [grpc] Node added: bceb7b8f0d809d47...
  [grpc] Node added: 78ec0b79553a4a49...
  [grpc] Node added: e7f83b2b41e45240...
  [grpc] Node added: 0745c9511f0c114b...
  [grpc] Node added: 23acf742390a874a...
  [grpc] Tile root set; server root_id=bbf37a30e374374b...
  [grpc] Node added: 2b7aa7195f54354f...
  [grpc] Node added: 58771358ba9de248...
  [grpc] Tile root set; server root_id=863ff5ddbaeec04c...
  [grpc] Tile root set; server root_id=de34aca1ea927841...
  [grpc] Node added: b0a06cfca5340541...
  [grpc] Node added: 95fe983c22c4064b...
  [grpc] Node added: cd210afef1ea1448...
  [grpc] Node added: 23eca6ec2562ce47...
  [grpc] Node added: ea7f424ce8dfcb48...
  [grpc] Node added: 3354583e8d680544...
  [grpc] Node added: 7af754a4f5b21c48...
  [grpc] Node added: 0b2d292210b89f4b...
  [grpc] Node added: ea70e41446828649...
  [grpc] Node added: cd52a89845aede4e...
  [grpc] Node added: c1b44de368fc2545...
{"action": "rendered normal typing target with Space between words", "code": "composer:hello-world", "cursor_row": 0, "cursor_x": 100.32000000000001, "expected_visual": "hello world appears once, caret after the final d", "status": "checkpoint", "step_index": 5, "title": "Composer hello world rendered", "ts_wall": 1783649101, "visual_lines": 1}
{"action": "rendered wrapped markdown-like paste with caret at end", "code": "composer:long-paste", "cursor_row": 2, "cursor_x": 383.04000000000013, "expected_visual": "caret remains on the final wrapped row without a one-character lag at line ends", "status": "completed", "step_index": 5, "title": "Composer long paste rendered", "trailing_ws_lines": [], "ts_wall": 1783649104, "visual_lines": 3}
{"action": "review transcript and capture UX notes", "code": "scenario_complete", "expected_visual": "portal visible until cleanup releases the lease", "status": "completed", "step_index": 99, "title": "Text Stream Portal scenario complete", "ts_wall": 1783649149}
  [grpc] Lease released
{"action": "release the lease before closing the session", "code": "cleanup:lease-release", "expected_visual": "all portal tiles are removed from the HUD", "status": "completed", "step_index": 100, "title": "Portal lease released", "ts_wall": 1783649149}
