{"action": "connect and open resident session", "code": "scenario", "doc": "docs/reports/exemplar-manual-review-checklist.md", "expected_visual": "operator follows JSON step transcript", "phases": "baseline,diagnostic-input", "status": "started", "step_index": 0, "target": "tzehouse-windows.parrot-hen.ts.net:50051", "title": "Text Stream Portal live scenario", "ts_wall": 1783649797}
  [grpc] Session established: namespace=agent-alpha, caps=['create_tiles', 'modify_own_tiles', 'access_input_events', 'read_telemetry']
  [grpc] Scene display area: 3840x2160
{"action": "adopt runtime-delivered resolved PortalPartTokens as the live source when the handshake exposes them; else keep the local mirror", "code": "tokens:source", "expected_visual": "portal renders the runtime's active-profile look", "runtime_token_count": 57, "status": "checkpoint", "step_index": 0, "title": "Portal design-token source resolved", "token_source": "runtime-handshake", "ts_wall": 1783649798}
{"action": "use live scene dimensions for portal placement and drag bounds", "code": "scene:display-area", "expected_visual": "portal can be dragged across the full HUD surface", "scene_height": 2160.0, "scene_width": 3840.0, "status": "checkpoint", "step_index": 0, "title": "Scene display area resolved", "ts_wall": 1783649798}
  [grpc] Lease granted: ttl=600000ms, priority=2
{"action": "scale portal defaults from live scene dimensions unless explicit size overrides were provided", "code": "portal:size", "expected_visual": "portal occupies a readable portion of the detected display", "explicit_height": false, "explicit_width": false, "portal_h": 1360.0, "portal_w": 1720.0, "status": "checkpoint", "step_index": 0, "title": "Portal size resolved", "ts_wall": 1783649798}
  [grpc] Tile created: 019f49d0071d7022...
  [grpc] Tile created: 019f49d007257a60...
  [grpc] Tile created: 019f49d007367f72...
  [grpc] Tile created: 019f49d0073c7bd0...
  [grpc] Tile created: 019f49d007817581...
  [grpc] Tile created: 019f49d007897292...
{"action": "publish full portal chrome + transcript viewport", "code": "baseline", "expected_visual": "portal surface appears at right edge with header, body, footer", "status": "started", "step_index": 1, "title": "Baseline render", "ts_wall": 1783649798}
  [grpc] Tile opacity set to 0.0
  [grpc] Tile input mode set
  [grpc] Tile opacity set to 1.0
  [grpc] Tile input mode set
  [grpc] Tile opacity set to 1.0
  [grpc] Tile input mode set
  [grpc] Tile opacity set to 1.0
  [grpc] Tile input mode set
  [grpc] Tile input mode set
  [grpc] Tile opacity set to 0.0
  [grpc] Tile opacity set to 0.0
  [grpc] Tile input mode set
  [grpc] Tile root set; server root_id=ee78e19e762eb846...
  [grpc] Node added: 5b135714a2e00a4c...
  [grpc] Tile root set; server root_id=8e4692de2b281442...
  [grpc] Node added: 3aa5c4f896e76d45...
  [grpc] Node added: 851aeae3e8ad2a4a...
  [grpc] Node added: 6288f408b9c02241...
  [grpc] Node added: 4365df440955d748...
  [grpc] Node added: 129adb91b47abb41...
  [grpc] Node added: 3563d89103f8694d...
  [grpc] Node added: 24c4304395fb7647...
  [grpc] Node added: a9d4a81d7d220a47...
  [grpc] Node added: 7a609c89c8e8e741...
  [grpc] Node added: b8d67208559bea45...
  [grpc] Node added: 99b9ee2c627e434e...
  [grpc] Node added: 233ce976bd7f6d49...
  [grpc] Node added: 3f4dce6ee08b5d4e...
  [grpc] Node added: b7aacc19f7e6374a...
  [grpc] Node added: 36434f756324f643...
  [grpc] Node added: 392f01943493f649...
  [grpc] Node added: f93a144504085649...
  [grpc] Node added: cb585550ba38e741...
  [grpc] Node added: f707901cc2527c48...
  [grpc] Node added: 4d87fb9f2fa18645...
  [grpc] Node added: a684347a6d211c47...
  [grpc] Node added: fa7aad9b58483e46...
  [grpc] Node added: c9424846efcd1f4b...
  [grpc] Node added: 66892dc315ccdb4c...
  [grpc] Node added: e93e4d497b3fd64c...
  [grpc] Node added: 1072d87aa1f85148...
  [grpc] Node added: a5daef99e0b1b549...
  [grpc] Node added: 481b50e154d9f746...
  [grpc] Node added: 955ff6785e32bb4d...
  [grpc] Node added: 0ffa681d76d28344...
  [grpc] Tile root set; server root_id=a143393597d8424e...
  [grpc] Node added: 20ed08dc7e8a7244...
  [grpc] Node added: fa4d1b8cff8a8b40...
  [grpc] Node added: 3ae971957916f549...
  [grpc] Node added: 731d8f6654d3e749...
  [grpc] Node added: 472eff1bec030244...
  [grpc] Node added: 2c5c8c527958e24c...
  [grpc] Node added: 6d7b81bbf15d1249...
  [grpc] Node added: 993c68ca9eb55543...
  [grpc] Node added: 87cd642615e55c4d...
  [grpc] Node added: 191e7ff2e7ad0d42...
  [grpc] Node added: 3039ea25c34f1644...
  [grpc] Tile root set; server root_id=09696982db3f6c44...
  [grpc] Node added: 16c621c90a9f4540...
  [grpc] Node added: 91856f441778714b...
  [grpc] Tile root set; server root_id=27655f144e9a5642...
  [grpc] Tile root set; server root_id=c8c24605ee461e44...
  [grpc] Node added: 7ce80b8c00bf1245...
  [grpc] Node added: 06be0421e9bc554d...
  [grpc] Node added: fa72b2206b7e9242...
  [grpc] Node added: b38e3da9578f3248...
  [grpc] Node added: 6da6eed4492a404d...
  [grpc] Node added: 4fa3b1230828a74d...
  [grpc] Node added: a3734eb4e115c14b...
  [grpc] Node added: ddf9752858d05d49...
  [grpc] Node added: 775b3b9757dbf84d...
  [grpc] Node added: ffd8d4a1b886d245...
  [grpc] Node added: 23f27e8ebe248c4a...
{"action": "hold for operator observation", "code": "baseline", "expected_visual": "portal surface visible; body text readable", "hold_s": 6.0, "lines": 120, "status": "completed", "step_index": 1, "title": "Baseline render", "ts_wall": 1783649798}
  [grpc] Tile opacity set to 0.0
  [grpc] Tile input mode set
  [grpc] Tile opacity set to 1.0
  [grpc] Tile input mode set
  [grpc] Tile opacity set to 1.0
  [grpc] Tile input mode set
  [grpc] Tile opacity set to 1.0
  [grpc] Tile input mode set
  [grpc] Tile input mode set
  [grpc] Tile opacity set to 0.0
  [grpc] Tile opacity set to 0.0
  [grpc] Tile input mode set
  [grpc] Tile root set; server root_id=9896ffa61314a549...
  [grpc] Node added: a1d48ab674bfad41...
  [grpc] Tile root set; server root_id=88256b0bbb262c45...
  [grpc] Node added: 6c2d009f69624a46...
  [grpc] Node added: ecf9d9feb8abc648...
  [grpc] Node added: 0a05cc55a838544a...
  [grpc] Node added: 587db44f5569904e...
  [grpc] Node added: a5ef7e82f3b2db4d...
  [grpc] Node added: 482ed04dca66a041...
  [grpc] Node added: 4764316615d6db4e...
  [grpc] Node added: 9704fca1e1674d46...
  [grpc] Node added: 4e32a8be8f81bd48...
  [grpc] Node added: b37d4995b1a62749...
  [grpc] Node added: af543d22a656b440...
  [grpc] Node added: bbd4992822c60e48...
  [grpc] Node added: 4ac7e08872500f40...
  [grpc] Node added: 55be5ead081a4346...
  [grpc] Node added: 64ff05f3ce7a9747...
  [grpc] Node added: f61433a92243874e...
  [grpc] Node added: 236d33de7256834f...
  [grpc] Node added: 95e652fcf28ca649...
  [grpc] Node added: d74aff34ad85434f...
  [grpc] Node added: ac12f87567b7574f...
  [grpc] Node added: 0ab0867a48d9f94c...
  [grpc] Node added: 3d593e754cf06f47...
  [grpc] Node added: 7f216fb48995b245...
  [grpc] Node added: 3d5e873d3ff78643...
  [grpc] Node added: c8bcf3db00c9a84a...
  [grpc] Node added: a84e468e59f9194d...
  [grpc] Node added: f961bda8c7b9c243...
  [grpc] Node added: b23e5d768b79484f...
  [grpc] Node added: 1c1ae8ec3fdfc44b...
  [grpc] Node added: 0daaf0338fab784d...
  [grpc] Tile root set; server root_id=319aa30e24cdd94b...
  [grpc] Node added: 52e2369cdac8504d...
  [grpc] Node added: 22d8bfe7195be145...
  [grpc] Node added: 6afba652c5aa9441...
  [grpc] Node added: e9a339fe20f14847...
  [grpc] Node added: 357134bc4f24e54b...
  [grpc] Node added: 945adf41f74d3449...
  [grpc] Node added: 86bba8ac9ada8e45...
  [grpc] Node added: ed7274d44489dc43...
  [grpc] Node added: fd7ccf940f07f442...
  [grpc] Node added: 3a61c66c4e797d48...
  [grpc] Node added: de83d35b79cc7340...
  [grpc] Tile root set; server root_id=ed307f8141d42143...
  [grpc] Node added: 7bfe2d911b94a34d...
  [grpc] Node added: 26531005cc718f40...
  [grpc] Tile root set; server root_id=7918391cb9d80e4e...
  [grpc] Tile root set; server root_id=c6bb0c155bc2c740...
  [grpc] Node added: 5416a063f0c6424b...
  [grpc] Node added: 9c5bb7bb0a8e2d4b...
  [grpc] Node added: 44fd8c00a632124a...
  [grpc] Node added: 6dfa9cb20dc9154e...
  [grpc] Node added: cb9484985a922b41...
  [grpc] Node added: 2984e577228b6e46...
  [grpc] Node added: aa174b613c01924c...
  [grpc] Node added: 8570c8eed6ff5f40...
  [grpc] Node added: a4e4d1ef470df245...
  [grpc] Node added: d3a68d9fcd5f9949...
  [grpc] Node added: 815771492644204e...
{"action": "inject OS pointer, wheel, and Unicode input into the live overlay", "action_labels": ["focus-composer", "drag-portal-header", "scroll-output-pane", "type-composer-text"], "code": "diagnostic-input", "expected_visual": "composer focuses, portal drags, and OUTPUT pane scrolls via the normal runtime input path", "host": "tzehouse-windows.parrot-hen.ts.net", "status": "started", "step_index": 6, "title": "Compositor-path diagnostic input", "ts_wall": 1783649805, "user": "tzeus"}
{"action": "runtime focus manager focused the composer hit region", "code": "input:focus-gained", "expected_visual": "subsequent keyboard events route to composer", "status": "checkpoint", "step_index": 10, "title": "Composer focus gained", "ts_wall": 1783649807}
{"action": "input composer received pointer down", "code": "input:focus-attempt", "display_x": 2519.0, "display_y": 267.0, "expected_visual": "keyboard focus should move to composer", "status": "checkpoint", "step_index": 10, "title": "Composer pointer down", "ts_wall": 1783649807}
{"action": "portal received local-first scroll offset (runtime-translated; no agent re-render)", "code": "scroll:output", "expected_visual": "output text stays clipped inside transcript box", "scroll_y": 120.0, "status": "checkpoint", "step_index": 8, "title": "Output transcript scrolled", "ts_wall": 1783649808, "viewport_start": 5}
{"action": "portal received local-first scroll offset (runtime-translated; no agent re-render)", "code": "scroll:output", "expected_visual": "output text stays clipped inside transcript box", "scroll_y": 240.0, "status": "checkpoint", "step_index": 8, "title": "Output transcript scrolled", "ts_wall": 1783649808, "viewport_start": 10}
{"action": "portal received local-first scroll offset (runtime-translated; no agent re-render)", "code": "scroll:output", "expected_visual": "output text stays clipped inside transcript box", "scroll_y": 360.0, "status": "checkpoint", "step_index": 8, "title": "Output transcript scrolled", "ts_wall": 1783649808, "viewport_start": 16}
{"action": "Windows OS input injector finished", "code": "diagnostic-input", "duration_s": 4.969, "expected_visual": "transcript should include input:focus-gained, drag:start/drag:end, and scroll:output checkpoints", "ok": true, "returncode": 0, "status": "completed", "stderr": "", "stdout": "diagnostic:focus-composer\ndiagnostic:drag-portal-header\ndiagnostic:scroll-output-pane\ndiagnostic:type-composer-text", "step_index": 6, "title": "Compositor-path diagnostic input", "ts_wall": 1783649810}
{"action": "review transcript and capture UX notes", "code": "scenario_complete", "expected_visual": "portal visible until cleanup releases the lease", "status": "completed", "step_index": 99, "title": "Text Stream Portal scenario complete", "ts_wall": 1783649810}
  [grpc] Lease released
{"action": "release the lease before closing the session", "code": "cleanup:lease-release", "expected_visual": "all portal tiles are removed from the HUD", "status": "completed", "step_index": 100, "title": "Portal lease released", "ts_wall": 1783649810}
