{"action": "connect and open resident session", "code": "scenario", "doc": "docs/reports/exemplar-manual-review-checklist.md", "expected_visual": "operator follows JSON step transcript", "phases": "baseline", "status": "started", "step_index": 0, "target": "windows-host.example:50051", "title": "Text Stream Portal live scenario", "ts_wall": 1783672071}
  [grpc] Session established: namespace=agent-alpha, caps=['create_tiles', 'modify_own_tiles', 'access_input_events', 'read_telemetry']
  [grpc] Scene display area: 3840x2160
{"action": "adopt runtime-delivered resolved PortalPartTokens as the live source when the handshake exposes them; else keep the local mirror", "code": "tokens:source", "expected_visual": "portal renders the runtime's active-profile look", "runtime_token_count": 57, "status": "checkpoint", "step_index": 0, "title": "Portal design-token source resolved", "token_source": "runtime-handshake", "ts_wall": 1783672072}
{"action": "use live scene dimensions for portal placement and drag bounds", "code": "scene:display-area", "expected_visual": "portal can be dragged across the full HUD surface", "scene_height": 2160.0, "scene_width": 3840.0, "status": "checkpoint", "step_index": 0, "title": "Scene display area resolved", "ts_wall": 1783672072}
  [grpc] Lease granted: ttl=600000ms, priority=2
{"action": "scale portal defaults from live scene dimensions unless explicit size overrides were provided", "code": "portal:size", "expected_visual": "portal occupies a readable portion of the detected display", "explicit_height": false, "explicit_width": false, "portal_h": 1360.0, "portal_w": 1720.0, "status": "checkpoint", "step_index": 0, "title": "Portal size resolved", "ts_wall": 1783672072}
  [grpc] Tile created: 019f4b23e4d07ed2...
  [grpc] Tile created: 019f4b23e51a72c0...
  [grpc] Tile created: 019f4b23e59e7e30...
  [grpc] Tile created: 019f4b23e5e67843...
  [grpc] Tile created: 019f4b23e6567813...
  [grpc] Tile created: 019f4b23e6717d02...
{"action": "publish full portal chrome + transcript viewport", "code": "baseline", "expected_visual": "portal surface appears at right edge with header, body, footer", "status": "started", "step_index": 1, "title": "Baseline render", "ts_wall": 1783672072}
  [grpc] Tile opacity set to 0.0
  [grpc] Tile input mode set
  [grpc] Tile opacity set to 1.0
  [grpc] Tile input mode set
  [grpc] Tile opacity set to 1.0
  [grpc] Tile input mode set
  [grpc] Tile opacity set to 1.0
  [grpc] Tile input mode set
  [grpc] Tile input mode set
  [grpc] Tile opacity set to 0.0
  [grpc] Tile opacity set to 0.0
  [grpc] Tile input mode set
  [grpc] Tile root set; server root_id=37f12f0d16dd1548...
  [grpc] Node added: 159e3936d100d64b...
  [grpc] Tile root set; server root_id=b7b304aa1794ab43...
  [grpc] Node added: a631ea3d8f4ca74f...
  [grpc] Node added: 0b9f467c19d05242...
  [grpc] Node added: 481f551bbed6124a...
  [grpc] Node added: cdcead92d133d84e...
  [grpc] Node added: a955545351879142...
  [grpc] Node added: 47e3fe2a807e8d49...
  [grpc] Node added: 83b1c6c0493d374b...
  [grpc] Node added: 17732cd878954147...
  [grpc] Node added: 7b4e7249dc76c140...
  [grpc] Node added: 3840ad8b65c29a44...
  [grpc] Node added: ebce514f1d546147...
  [grpc] Node added: bf0be0d9a8a9cb48...
  [grpc] Node added: 9b234adea28fec46...
  [grpc] Node added: 36482abc0776c64c...
  [grpc] Node added: 530393be661fde48...
  [grpc] Node added: a8f377e10dd61845...
  [grpc] Node added: 9194b246e4e22242...
  [grpc] Node added: 3cc9d77b6f56a64e...
  [grpc] Node added: 89146b88655d6a43...
  [grpc] Node added: 3eb95d649f9b0148...
  [grpc] Node added: f2b0d5ae6db34849...
  [grpc] Node added: c0a72f1b41617243...
  [grpc] Node added: 7eb2d50cf76b254e...
  [grpc] Node added: b49bd955c4f35c46...
  [grpc] Node added: aba4b62042e38a49...
  [grpc] Node added: 4557d63e7e74ff43...
  [grpc] Node added: 18247510b82fe94f...
  [grpc] Node added: 9de4f5dc91980842...
  [grpc] Node added: 748b8c5603fd6547...
  [grpc] Node added: 938f0eaa37eae444...
  [grpc] Tile root set; server root_id=8ed4cb0de8de164f...
  [grpc] Node added: 07db815f93b7ea47...
  [grpc] Node added: 46869ac32a94c54e...
  [grpc] Node added: 3f4e0936b87c5844...
  [grpc] Node added: 171fadd3856b4444...
  [grpc] Node added: e543bcb4a6f0bc45...
  [grpc] Node added: c00fab5c8cb66e48...
  [grpc] Node added: 5ef116a0f4a4da41...
  [grpc] Node added: c6bca6b51bc09349...
  [grpc] Node added: 0a4768f656bfff4b...
  [grpc] Node added: 44aba2485dde6645...
  [grpc] Node added: 0be1df03d4b1254a...
  [grpc] Tile root set; server root_id=596277fcb97ef242...
  [grpc] Node added: 4f3d7cf1eab09b4f...
  [grpc] Node added: 6d33186e06d0cf4f...
  [grpc] Tile root set; server root_id=fd2d7baf66029147...
  [grpc] Tile root set; server root_id=71eb18b1ed607943...
  [grpc] Node added: 4fef9953697c8540...
  [grpc] Node added: 8a56335216e2bb42...
  [grpc] Node added: 5c1b826f25d3d244...
  [grpc] Node added: 34715a42302a5d42...
  [grpc] Node added: b1bc6b3387de3749...
  [grpc] Node added: b941582a130e964d...
  [grpc] Node added: 4f43c4958292ef48...
  [grpc] Node added: 514b89a6c59de246...
  [grpc] Node added: 6f74a864d8765f4b...
  [grpc] Node added: 5f4f7cfa9001c946...
  [grpc] Node added: 167f6b4d8b0abd44...
{"action": "hold for operator observation", "code": "baseline", "expected_visual": "portal surface visible; body text readable", "hold_s": 110.0, "lines": 120, "status": "completed", "step_index": 1, "title": "Baseline render", "ts_wall": 1783672073}
  [grpc] Tile opacity set to 0.0
  [grpc] Tile input mode set
  [grpc] Tile root set; server root_id=ed5a2c11c8d19440...
  [grpc] Node added: 371e80a06066fa4e...
{"action": "bottom-right resize handle received pointer down", "code": "portal-resize:start", "display_x": 3795.0, "display_y": 1463.0, "expected_visual": "dragging resizes the whole portal surface", "portal_h": 1360.0, "portal_w": 1720.0, "status": "checkpoint", "step_index": 9, "title": "Portal resize started", "ts_wall": 1783672131}
  [grpc] Tile opacity set to 0.0
  [grpc] Tile input mode set
  [grpc] Tile root set; server root_id=b78e6f7d1f4c274e...
{"action": "all portal tiles committed to grouped position", "code": "portal-resize:end", "expected_visual": "input/output panes remain aligned with portal frame", "input_pane_w": 655.3953488372094, "output_pane_w": 658.6046511627906, "portal_h": 1040.0, "portal_w": 1320.0, "portal_x": 2092.0, "portal_y": 120.0, "reason": "idle_release", "status": "checkpoint", "step_index": 9, "title": "Portal resize ended", "ts_wall": 1783672134}
{"action": "review transcript and capture UX notes", "code": "scenario_complete", "expected_visual": "portal visible until cleanup releases the lease", "status": "completed", "step_index": 99, "title": "Text Stream Portal scenario complete", "ts_wall": 1783672183}
  [grpc] Lease released
{"action": "release the lease before closing the session", "code": "cleanup:lease-release", "expected_visual": "all portal tiles are removed from the HUD", "status": "completed", "step_index": 100, "title": "Portal lease released", "ts_wall": 1783672183}
