{"action": "connect and open resident session", "code": "scenario", "doc": "docs/reports/exemplar-manual-review-checklist.md", "expected_visual": "operator follows JSON step transcript", "phases": "profile-swap", "status": "started", "step_index": 0, "target": "tzehouse-windows.parrot-hen.ts.net:50051", "title": "Text Stream Portal live scenario", "ts_wall": 1783649357}
  [grpc] Session established: namespace=agent-alpha, caps=['create_tiles', 'modify_own_tiles', 'access_input_events', 'read_telemetry']
  [grpc] Scene display area: 3840x2160
{"action": "adopt runtime-delivered resolved PortalPartTokens as the live source when the handshake exposes them; else keep the local mirror", "code": "tokens:source", "expected_visual": "portal renders the runtime's active-profile look", "runtime_token_count": 57, "status": "checkpoint", "step_index": 0, "title": "Portal design-token source resolved", "token_source": "runtime-handshake", "ts_wall": 1783649357}
{"action": "use live scene dimensions for portal placement and drag bounds", "code": "scene:display-area", "expected_visual": "portal can be dragged across the full HUD surface", "scene_height": 2160.0, "scene_width": 3840.0, "status": "checkpoint", "step_index": 0, "title": "Scene display area resolved", "ts_wall": 1783649357}
  [grpc] Lease granted: ttl=600000ms, priority=2
{"action": "scale portal defaults from live scene dimensions unless explicit size overrides were provided", "code": "portal:size", "expected_visual": "portal occupies a readable portion of the detected display", "explicit_height": false, "explicit_width": false, "portal_h": 1360.0, "portal_w": 1720.0, "status": "checkpoint", "step_index": 0, "title": "Portal size resolved", "ts_wall": 1783649357}
  [grpc] Tile created: 019f49c950417f90...
  [grpc] Tile created: 019f49c9504b7e61...
  [grpc] Tile created: 019f49c950537f41...
  [grpc] Tile created: 019f49c9505e7851...
  [grpc] Tile created: 019f49c950687583...
  [grpc] Tile created: 019f49c950707532...
{"action": "cycle compact \u2192 standard \u2192 expanded portal token profiles (palette + typography + dimensions)", "code": "profile-swap", "expected_visual": "portal palette AND chrome dimensions shift each cycle; body text remains readable; no layout collapse", "status": "started", "step_index": 11, "title": "Visual profile swap", "ts_wall": 1783649358}
  [grpc] Tile opacity set to 0.0
  [grpc] Tile input mode set
  [grpc] Tile opacity set to 1.0
  [grpc] Tile input mode set
  [grpc] Tile opacity set to 1.0
  [grpc] Tile input mode set
  [grpc] Tile opacity set to 1.0
  [grpc] Tile input mode set
  [grpc] Tile input mode set
  [grpc] Tile opacity set to 0.0
  [grpc] Tile opacity set to 0.0
  [grpc] Tile input mode set
  [grpc] Tile root set; server root_id=b0a84bd5698e4443...
  [grpc] Node added: ddab7bb02a44d84a...
  [grpc] Tile root set; server root_id=cad1024e06e2de46...
  [grpc] Node added: 845877d11440694d...
  [grpc] Node added: 2ba2a607966b5444...
  [grpc] Node added: 81fb604ec9ac974f...
  [grpc] Node added: 086cea4792e57f4c...
  [grpc] Node added: 5a8d709c7d52c540...
  [grpc] Node added: 83a4b0f899f3d744...
  [grpc] Node added: ee1cfbe7b077db4c...
  [grpc] Node added: fd11dc538e95c741...
  [grpc] Node added: af24203e02d42a42...
  [grpc] Node added: 8fe4406dcb4bb842...
  [grpc] Node added: 698b19abc67b634f...
  [grpc] Node added: 5786fa8b8e510e4e...
  [grpc] Node added: 9dccdade26416547...
  [grpc] Node added: b771f5c8a56d5a47...
  [grpc] Node added: fe717bb4a629fd46...
  [grpc] Node added: b05e9cf131d55943...
  [grpc] Node added: 5f1b515a3916254e...
  [grpc] Node added: 9cab4839deb2ec4a...
  [grpc] Node added: 9f31c389d6fc9343...
  [grpc] Node added: 4f53f472ffb0494d...
  [grpc] Node added: f875332f2054174b...
  [grpc] Node added: 2f8f7003bdb92e4a...
  [grpc] Node added: 78fb8d528f562e4b...
  [grpc] Node added: 1f88964ae96c094f...
  [grpc] Node added: 930c2915a0dc4b40...
  [grpc] Node added: fec3ceb04cfc9342...
  [grpc] Node added: 43a85389df95d642...
  [grpc] Node added: 9164f5410d7d4340...
  [grpc] Node added: 8ac9434b72b41a4b...
  [grpc] Node added: 35f0345bd1fb3f4a...
  [grpc] Tile root set; server root_id=0b87b1634030364a...
  [grpc] Node added: 98dc29ba66d2a745...
  [grpc] Node added: 34b9e53a4ff8224d...
  [grpc] Node added: 1850db4a37c3be42...
  [grpc] Node added: 8c3f62f5fe0c4b47...
  [grpc] Node added: c9dab56fe0dfcc49...
  [grpc] Node added: 362e3e8bb8958346...
  [grpc] Node added: ec8710c6ecfaa54d...
  [grpc] Node added: 3e38dee6a0f1d44d...
  [grpc] Node added: 3b462a47f7bf7a4e...
  [grpc] Node added: 01517e72e6689a4f...
  [grpc] Node added: 802834b42b5b504a...
  [grpc] Tile root set; server root_id=4a55f4fb5f71ed43...
  [grpc] Node added: c4e99b8572186c47...
  [grpc] Node added: d2303a14ce5b4949...
  [grpc] Tile root set; server root_id=095e18466090f64a...
  [grpc] Tile root set; server root_id=68a2c8a180ce3645...
  [grpc] Node added: 7e424d36d35ae346...
  [grpc] Node added: f73b7f5611d95049...
  [grpc] Node added: 90b24be70105f24c...
  [grpc] Node added: fdf3750ba2648245...
  [grpc] Node added: 06ddbb019bbb1e47...
  [grpc] Node added: f3d222936f345140...
  [grpc] Node added: 1c36be30a0c5f446...
  [grpc] Node added: c4385370821bd543...
  [grpc] Node added: aa24aef33cc82146...
  [grpc] Node added: c30bab002b1dc744...
  [grpc] Node added: d7601c702a40d841...
{"action": "apply 'compact' portal tokens: 680\u00d7520px, title_font=16.0pt, body_font=14.0pt, frame_bg=rgba(0.063, 0.094, 0.149, 0.851)", "body_font_pt": 14.0, "code": "profile-swap:compact", "expected_visual": "portal reskins to 'compact' palette + dimensions; content remains readable", "operator_evidence": {"code": "profile-swap:compact", "confirmed": null, "observed": {"body_font_pt": 14.0, "portal_h": 520.0, "portal_w": 680.0, "profile": "compact", "resolved_frame_background": [0.0627, 0.0941, 0.149, 0.851], "resolved_transcript_text_color": [0.8627, 0.902, 0.9608, 1.0], "title_font_pt": 16.0}, "operator_confirm": "portal reskinned to 'compact' profile; palette AND chrome dimensions shifted (frame + text sourced from resolved tokens) and body text remained readable with no layout collapse"}, "portal_h": 520.0, "portal_w": 680.0, "status": "checkpoint", "step_index": 11, "title": "Profile 'compact'", "title_font_pt": 16.0, "ts_wall": 1783649359}
  [grpc] Tile opacity set to 0.0
  [grpc] Tile input mode set
  [grpc] Tile opacity set to 1.0
  [grpc] Tile input mode set
  [grpc] Tile opacity set to 1.0
  [grpc] Tile input mode set
  [grpc] Tile opacity set to 1.0
  [grpc] Tile input mode set
  [grpc] Tile input mode set
  [grpc] Tile opacity set to 0.0
  [grpc] Tile opacity set to 0.0
  [grpc] Tile input mode set
  [grpc] Tile root set; server root_id=709c2c25823e7446...
  [grpc] Node added: 02c8db62707f3745...
  [grpc] Tile root set; server root_id=4c442963e8d69d47...
  [grpc] Node added: 5181857beb21bc4e...
  [grpc] Node added: 8d5d0b485f515e42...
  [grpc] Node added: ec44e6718393f24a...
  [grpc] Node added: 2fac16ed21376b49...
  [grpc] Node added: 1c66d5132c356045...
  [grpc] Node added: 2e539470941e8e40...
  [grpc] Node added: b6ccaaea04af3e44...
  [grpc] Node added: 63f9642c8f341147...
  [grpc] Node added: d152c32ebedd6744...
  [grpc] Node added: b5a1e6fff8691d4d...
  [grpc] Node added: 297a08caa2f05641...
  [grpc] Node added: 468907d5ce09814b...
  [grpc] Node added: 3d559ecd8bfd0242...
  [grpc] Node added: cf8717a2f7837e40...
  [grpc] Node added: f2a50cd72547624f...
  [grpc] Node added: d3da0a248dd10b43...
  [grpc] Node added: 113dc8b1fae73447...
  [grpc] Node added: a62509d621231a4a...
  [grpc] Node added: 96c9c3d36bfa4f47...
  [grpc] Node added: a53adbdf4ab4984a...
  [grpc] Node added: 0b3c1e7711b4f84b...
  [grpc] Node added: 9c4e550fc0ea7846...
  [grpc] Node added: d1175cb509bec449...
  [grpc] Node added: 184190951828a743...
  [grpc] Node added: 5fbfd54145bef740...
  [grpc] Node added: f36893453f9da049...
  [grpc] Node added: 2a50058f4ff3f040...
  [grpc] Node added: 84894b14a6d93e4b...
  [grpc] Node added: 50f00915363f5d42...
  [grpc] Node added: 4f39e7d286855148...
  [grpc] Tile root set; server root_id=6f57983ef2daae4d...
  [grpc] Node added: 82c63fd362238747...
  [grpc] Node added: c850f6c6fc558948...
  [grpc] Node added: b34db110f35d6b40...
  [grpc] Node added: 066b46e296482c4f...
  [grpc] Node added: 4560726c7c781341...
  [grpc] Node added: a48906df9af54a46...
  [grpc] Node added: 60f795e69f731542...
  [grpc] Node added: 6528f0c18946784a...
  [grpc] Node added: 38352f815670db49...
  [grpc] Node added: bcc782b2ddf7dd47...
  [grpc] Node added: 7b7122d2be5a8a4e...
  [grpc] Tile root set; server root_id=abb38d3fd967524e...
  [grpc] Node added: 0e02a43829d46447...
  [grpc] Node added: b1df4ea8ccc75043...
  [grpc] Tile root set; server root_id=9de8f43559342444...
  [grpc] Tile root set; server root_id=ad686ede40d1244f...
  [grpc] Node added: c6e44e89f9716f4d...
  [grpc] Node added: 1c5f379dcf48d542...
  [grpc] Node added: cd57206cd3e59743...
  [grpc] Node added: be8c43febbcb184b...
  [grpc] Node added: 0d4ea155cc11a047...
  [grpc] Node added: 83be648122b48e4c...
  [grpc] Node added: ef2a466a81a1e540...
  [grpc] Node added: 698930957fb92647...
  [grpc] Node added: f5f120c30f93904c...
  [grpc] Node added: 3c7dd5a5cd91764f...
  [grpc] Node added: 5ad34481609fbc4a...
{"action": "apply 'standard' portal tokens: 1720\u00d71360px, title_font=16.0pt, body_font=16.0pt, frame_bg=rgba(0.0, 0.0, 0.0, 0.302)", "body_font_pt": 16.0, "code": "profile-swap:standard", "expected_visual": "portal reskins to 'standard' palette + dimensions; content remains readable", "operator_evidence": {"code": "profile-swap:standard", "confirmed": null, "observed": {"body_font_pt": 16.0, "portal_h": 1360.0, "portal_w": 1720.0, "profile": "standard", "resolved_frame_background": [0.0, 0.0, 0.0, 0.302], "resolved_transcript_text_color": [0.9216, 0.9412, 0.9686, 1.0], "title_font_pt": 16.0}, "operator_confirm": "portal reskinned to 'standard' profile; palette AND chrome dimensions shifted (frame + text sourced from resolved tokens) and body text remained readable with no layout collapse"}, "portal_h": 1360.0, "portal_w": 1720.0, "status": "checkpoint", "step_index": 11, "title": "Profile 'standard'", "title_font_pt": 16.0, "ts_wall": 1783649374}
  [grpc] Tile opacity set to 0.0
  [grpc] Tile input mode set
  [grpc] Tile opacity set to 1.0
  [grpc] Tile input mode set
  [grpc] Tile opacity set to 1.0
  [grpc] Tile input mode set
  [grpc] Tile opacity set to 1.0
  [grpc] Tile input mode set
  [grpc] Tile input mode set
  [grpc] Tile opacity set to 0.0
  [grpc] Tile opacity set to 0.0
  [grpc] Tile input mode set
  [grpc] Tile root set; server root_id=a571f9468575794a...
  [grpc] Node added: 11fb159d20661b49...
  [grpc] Tile root set; server root_id=50219b853296594a...
  [grpc] Node added: 17c85327b96f5345...
  [grpc] Node added: d65be3f79a656347...
  [grpc] Node added: 79732c3b4ce0e046...
  [grpc] Node added: 83e195ee699a564b...
  [grpc] Node added: 9768efb811867641...
  [grpc] Node added: d88ac2c25b393147...
  [grpc] Node added: 4c1962adb9386840...
  [grpc] Node added: a58f67204897aa42...
  [grpc] Node added: 90f1b04534b09e4d...
  [grpc] Node added: 7e765614ab7bda45...
  [grpc] Node added: 33314d80444d5848...
  [grpc] Node added: 0a3dc97d1277ad43...
  [grpc] Node added: ea77b5d93b23d64f...
  [grpc] Node added: 85028f315917f14f...
  [grpc] Node added: 6a955d9f0db1c74e...
  [grpc] Node added: 583ce8a975f8c847...
  [grpc] Node added: bf73109493f51340...
  [grpc] Node added: 802041212a67a647...
  [grpc] Node added: 5e75fe5143d00243...
  [grpc] Node added: 162076e026a5b649...
  [grpc] Node added: 0f0be6e70f5cfe43...
  [grpc] Node added: cba4c0225246114f...
  [grpc] Node added: 1671679acb075548...
  [grpc] Node added: c3af14d058a81646...
  [grpc] Node added: b024d2e88e490f4f...
  [grpc] Node added: 35a258e80f345b44...
  [grpc] Node added: d7756e9fda397b4b...
  [grpc] Node added: 3344ef0b1f7de243...
  [grpc] Node added: b5d21a6fca64c044...
  [grpc] Node added: 816336d428318845...
  [grpc] Tile root set; server root_id=d82922b231a7d940...
  [grpc] Node added: 3fdd0869ddfae549...
  [grpc] Node added: 1bf47161bc4ce442...
  [grpc] Node added: faed4193dd871e45...
  [grpc] Node added: 61e8ebd4740e3342...
  [grpc] Node added: 245d4744333c0245...
  [grpc] Node added: 75986f930fc9224a...
  [grpc] Node added: 1dcc8723c73b1540...
  [grpc] Node added: 00f57f17b65d034e...
  [grpc] Node added: 23431985d3d11743...
  [grpc] Node added: 4b9fd16fb6b48b42...
  [grpc] Node added: e8c68f939087c641...
  [grpc] Tile root set; server root_id=bd9b7d53ec18874c...
  [grpc] Node added: ab2e8d9152bd5045...
  [grpc] Node added: 96b9a9ff1ab7c74b...
  [grpc] Tile root set; server root_id=8fde47398bd0c348...
  [grpc] Tile root set; server root_id=0513a9a1935df64d...
  [grpc] Node added: a933df6b0af3ff4a...
  [grpc] Node added: 9c2c70ae6b44ff45...
  [grpc] Node added: 992874725c22794b...
  [grpc] Node added: f0bcbe91a1a52c41...
  [grpc] Node added: 9c1a787568173945...
  [grpc] Node added: 8a8820bed2352247...
  [grpc] Node added: 8297c11b50cc4c4b...
  [grpc] Node added: 1afdbcc653205847...
  [grpc] Node added: 2f4dd27ed029274c...
  [grpc] Node added: e264a4313e60a84e...
  [grpc] Node added: c9d3fec934251046...
{"action": "apply 'expanded' portal tokens: 1978\u00d71564px, title_font=20.0pt, body_font=18.0pt, frame_bg=rgba(0.102, 0.071, 0.024, 0.851)", "body_font_pt": 18.0, "code": "profile-swap:expanded", "expected_visual": "portal reskins to 'expanded' palette + dimensions; content remains readable", "operator_evidence": {"code": "profile-swap:expanded", "confirmed": null, "observed": {"body_font_pt": 18.0, "portal_h": 1563.9999999999998, "portal_w": 1977.9999999999998, "profile": "expanded", "resolved_frame_background": [0.102, 0.0706, 0.0235, 0.851], "resolved_transcript_text_color": [0.9608, 0.9255, 0.851, 1.0], "title_font_pt": 20.0}, "operator_confirm": "portal reskinned to 'expanded' profile; palette AND chrome dimensions shifted (frame + text sourced from resolved tokens) and body text remained readable with no layout collapse"}, "portal_h": 1563.9999999999998, "portal_w": 1977.9999999999998, "status": "checkpoint", "step_index": 11, "title": "Profile 'expanded'", "title_font_pt": 20.0, "ts_wall": 1783649388}
  [grpc] Tile opacity set to 0.0
  [grpc] Tile input mode set
  [grpc] Tile opacity set to 1.0
  [grpc] Tile input mode set
  [grpc] Tile opacity set to 1.0
  [grpc] Tile input mode set
  [grpc] Tile opacity set to 1.0
  [grpc] Tile input mode set
  [grpc] Tile input mode set
  [grpc] Tile opacity set to 0.0
  [grpc] Tile opacity set to 0.0
  [grpc] Tile input mode set
  [grpc] Tile root set; server root_id=086c217a04b12344...
  [grpc] Node added: 974855ed7ecc9240...
  [grpc] Tile root set; server root_id=36f329627e659142...
  [grpc] Node added: add4f1deff5b654e...
  [grpc] Node added: ce40cba065c53e48...
  [grpc] Node added: 9dcce536c89ec34d...
  [grpc] Node added: 66a321140baace46...
  [grpc] Node added: 130ef57dd0ec994a...
  [grpc] Node added: 3ba785def4d3874b...
  [grpc] Node added: 2a65e1fca025ca44...
  [grpc] Node added: 0da27650ce04bb44...
  [grpc] Node added: fce8d204122b0748...
  [grpc] Node added: ccf72886eb487944...
  [grpc] Node added: ce7ee2d623f70449...
  [grpc] Node added: bb5e65aee6fc714f...
  [grpc] Node added: 00309ac0f8c43748...
  [grpc] Node added: 877a332406cfd14a...
  [grpc] Node added: b91c24b3f0d4214e...
  [grpc] Node added: 1206d566d0f97e4c...
  [grpc] Node added: b9d84999c3d1394e...
  [grpc] Node added: 56593b944cf7994a...
  [grpc] Node added: e9bbd5084ce60248...
  [grpc] Node added: af7358d32cb79044...
  [grpc] Node added: 28c0e5d9c4b5ac4c...
  [grpc] Node added: cc1bd66822cace41...
  [grpc] Node added: 442fb04697379143...
  [grpc] Node added: 7e5c0481caa37f4d...
  [grpc] Node added: 4c389a938f1d4242...
  [grpc] Node added: 5069ebde04ce9c45...
  [grpc] Node added: 944f9c08ef8c6a47...
  [grpc] Node added: 7e57b48108f55848...
  [grpc] Node added: 3975070994a0004c...
  [grpc] Node added: 24f45306a8657b4c...
  [grpc] Tile root set; server root_id=797976c076928d4e...
  [grpc] Node added: 0fc285ac028b5f4d...
  [grpc] Node added: 1dd54e6cf1089446...
  [grpc] Node added: 18f4076cf5631f44...
  [grpc] Node added: 8cf4cdcf868a8a46...
  [grpc] Node added: d626ef074cf10240...
  [grpc] Node added: 59f4f3543e2c134d...
  [grpc] Node added: 25af74360f91994f...
  [grpc] Node added: 89e9adf9786e0e40...
  [grpc] Node added: 53f1a350f3293241...
  [grpc] Node added: 706dad6ed9a23c4e...
  [grpc] Node added: 9d672e565ee41c45...
  [grpc] Tile root set; server root_id=c0bdc790098fe141...
  [grpc] Node added: 60e79e00d1fb524e...
  [grpc] Node added: 0db542cd5e7c434d...
  [grpc] Tile root set; server root_id=c50d2198959a4640...
  [grpc] Tile root set; server root_id=2fbe8a1b7ef19940...
  [grpc] Node added: 7f049979fd428040...
  [grpc] Node added: eea0c90fdb6f5244...
  [grpc] Node added: 9ecd9535d3a80e4a...
  [grpc] Node added: 1fe249d16a971542...
  [grpc] Node added: 8eac9e455f279e43...
  [grpc] Node added: e924f99cf4d3af49...
  [grpc] Node added: 30da57c558d08042...
  [grpc] Node added: aac932916f4d6545...
  [grpc] Node added: e03f0971adc15949...
  [grpc] Node added: c4b65b60342f0948...
  [grpc] Node added: 179457bf2eddd240...
{"action": "apply 'standard' portal tokens: 1720\u00d71360px, title_font=16.0pt, body_font=16.0pt, frame_bg=rgba(0.0, 0.0, 0.0, 0.302)", "body_font_pt": 16.0, "code": "profile-swap:standard", "expected_visual": "portal reskins to 'standard' palette + dimensions; content remains readable", "operator_evidence": {"code": "profile-swap:standard", "confirmed": null, "observed": {"body_font_pt": 16.0, "portal_h": 1360.0, "portal_w": 1720.0, "profile": "standard", "resolved_frame_background": [0.0, 0.0, 0.0, 0.302], "resolved_transcript_text_color": [0.9216, 0.9412, 0.9686, 1.0], "title_font_pt": 16.0}, "operator_confirm": "portal reskinned to 'standard' profile; palette AND chrome dimensions shifted (frame + text sourced from resolved tokens) and body text remained readable with no layout collapse"}, "portal_h": 1360.0, "portal_w": 1720.0, "status": "completed", "step_index": 11, "title": "Profile 'standard'", "title_font_pt": 16.0, "ts_wall": 1783649403}
{"action": "review transcript and capture UX notes", "code": "scenario_complete", "expected_visual": "portal visible until cleanup releases the lease", "status": "completed", "step_index": 99, "title": "Text Stream Portal scenario complete", "ts_wall": 1783649417}
  [grpc] Lease released
{"action": "release the lease before closing the session", "code": "cleanup:lease-release", "expected_visual": "all portal tiles are removed from the HUD", "status": "completed", "step_index": 100, "title": "Portal lease released", "ts_wall": 1783649417}
