{"action": "connect and open resident session", "code": "scenario", "doc": "docs/reports/exemplar-manual-review-checklist.md", "expected_visual": "operator follows JSON step transcript", "phases": "window-mgmt", "status": "started", "step_index": 0, "target": "windows-host.example:50051", "title": "Text Stream Portal live scenario", "ts_wall": 1783649917}
  [grpc] Session established: namespace=agent-alpha, caps=['create_tiles', 'modify_own_tiles', 'access_input_events', 'read_telemetry']
  [grpc] Scene display area: 3840x2160
{"action": "adopt runtime-delivered resolved PortalPartTokens as the live source when the handshake exposes them; else keep the local mirror", "code": "tokens:source", "expected_visual": "portal renders the runtime's active-profile look", "runtime_token_count": 57, "status": "checkpoint", "step_index": 0, "title": "Portal design-token source resolved", "token_source": "runtime-handshake", "ts_wall": 1783649918}
{"action": "use live scene dimensions for portal placement and drag bounds", "code": "scene:display-area", "expected_visual": "portal can be dragged across the full HUD surface", "scene_height": 2160.0, "scene_width": 3840.0, "status": "checkpoint", "step_index": 0, "title": "Scene display area resolved", "ts_wall": 1783649918}
  [grpc] Lease granted: ttl=600000ms, priority=2
{"action": "scale portal defaults from live scene dimensions unless explicit size overrides were provided", "code": "portal:size", "expected_visual": "portal occupies a readable portion of the detected display", "explicit_height": false, "explicit_width": false, "portal_h": 1360.0, "portal_w": 1720.0, "status": "checkpoint", "step_index": 0, "title": "Portal size resolved", "ts_wall": 1783649918}
  [grpc] Tile created: 019f49d1defa7562...
  [grpc] Tile created: 019f49d1df367010...
  [grpc] Tile created: 019f49d1df9375a1...
  [grpc] Tile created: 019f49d1dfed7921...
  [grpc] Tile created: 019f49d1e0327aa1...
  [grpc] Tile created: 019f49d1e08172d2...
{"action": "move portal \u2192 boundary clamp \u2192 minimize \u2192 restore \u2192 return to origin", "code": "window-mgmt", "expected_visual": "portal moves cleanly; minimize icon appears; restore brings full portal back", "status": "started", "step_index": 12, "title": "Window management sequence", "ts_wall": 1783649919}
  [grpc] Tile root set; server root_id=c067df0f2835724a...
  [grpc] Node added: 46c4302667723449...
  [grpc] Tile root set; server root_id=2e1783f4f88c5347...
  [grpc] Node added: 68410fcc126cf743...
  [grpc] Node added: 9cf233cc29931542...
  [grpc] Node added: f3e26c745638f146...
  [grpc] Node added: 7e412f0875d82649...
  [grpc] Node added: 4b2f710110faa541...
  [grpc] Node added: 8bb915449693014b...
  [grpc] Node added: 0a02e5392f542044...
  [grpc] Node added: 2e9f34eb981e6548...
  [grpc] Node added: c0182f674a826b4a...
  [grpc] Node added: 911f909d6512714f...
  [grpc] Node added: 5c14a139f846f948...
  [grpc] Node added: 1925f8c25aa26b48...
  [grpc] Node added: a9b14e2059f22e41...
  [grpc] Node added: aab5cb877c75f54a...
  [grpc] Node added: 4b4a8acc1a7fff41...
  [grpc] Node added: d96ffd1dea5aa746...
  [grpc] Node added: 6b1ebc733be77944...
  [grpc] Node added: bc2a96b08fc3c647...
  [grpc] Node added: bd8ecdd083375342...
  [grpc] Node added: dcfca014f9e4c14b...
  [grpc] Node added: e5bba7168e1ff743...
  [grpc] Node added: e4b2a1ee127f3547...
  [grpc] Node added: 758b8c19d2c9f145...
  [grpc] Node added: 5ee03bd494c55e4a...
  [grpc] Node added: 4aced79efb8f8e4c...
  [grpc] Node added: 6567f5c2b8e5c640...
  [grpc] Node added: 192afc6e9045be46...
  [grpc] Node added: 22ed58127113fc4e...
  [grpc] Node added: 9569247a6a505e40...
  [grpc] Node added: 08117a54ec1dfc42...
  [grpc] Tile root set; server root_id=3a8aa8a4f1a81c45...
  [grpc] Node added: ad66ba4d865b5c40...
  [grpc] Node added: c0a3d00a4fe8ee44...
  [grpc] Node added: 012c4387cd474c41...
  [grpc] Node added: 82ade66299f07c44...
  [grpc] Node added: 992daabc4bee7249...
  [grpc] Node added: 9c5bdb01aed8904f...
  [grpc] Node added: a06a28d96bc3c34a...
  [grpc] Node added: 1a4bbb23eaff874b...
  [grpc] Node added: 9b2f64e6c6918748...
  [grpc] Node added: 731a605ffb95b045...
  [grpc] Node added: e6803b4e1b8cf94d...
  [grpc] Tile root set; server root_id=ac4cf776045cdf44...
  [grpc] Node added: 4ec6a4a18a81e24c...
  [grpc] Node added: 79a726d538f1e34c...
{"action": "portal_x=1060, portal_y=400", "code": "window-mgmt:move", "expected_visual": "portal repositioned to centre of scene; chrome intact", "operator_evidence": {"code": "window-mgmt:move", "confirmed": null, "observed": {"portal_x": 1060.0, "portal_y": 400.0}, "operator_confirm": "portal moved cleanly to scene centre with chrome intact"}, "portal_x": 1060.0, "portal_y": 400.0, "status": "checkpoint", "step_index": 12, "title": "Portal moved to centre", "ts_wall": 1783649919}
  [grpc] Tile root set; server root_id=16f841207dd98b44...
  [grpc] Node added: 3100be52a9980448...
{"action": "OOB (4040,2360) clamped to (2120,800)", "clamped_x": 2120.0, "clamped_y": 800.0, "code": "window-mgmt:clamp", "expected_visual": "portal visible at bottom-right edge; not partially offscreen", "operator_evidence": {"code": "window-mgmt:clamp", "confirmed": null, "observed": {"clamped_x": 2120.0, "clamped_y": 800.0, "requested_x": 4040.0, "requested_y": 2360.0}, "operator_confirm": "out-of-bounds move clamped to scene edge; portal stays fully on-screen"}, "requested_x": 4040.0, "requested_y": 2360.0, "status": "checkpoint", "step_index": 12, "title": "Boundary clamp verified", "ts_wall": 1783649922}
  [grpc] Tile opacity set to 0.0
  [grpc] Tile input mode set
  [grpc] Tile opacity set to 0.0
  [grpc] Tile input mode set
  [grpc] Tile opacity set to 0.0
  [grpc] Tile input mode set
  [grpc] Tile root set; server root_id=ed3ddd8374470b42...
  [grpc] Node added: 1f47b2545972e048...
  [grpc] Node added: 27413e06e8f53d46...
  [grpc] Node added: df438a0a2715a242...
  [grpc] Node added: ebbbe38d730e394f...
  [grpc] Node added: 74c9156293a28945...
  [grpc] Node added: 2f61a01076da5c42...
  [grpc] Node added: 2052220d6438bd44...
  [grpc] Node added: 901a5dbfa6dbd04c...
  [grpc] Node added: 0572afa9944a414b...
  [grpc] Node added: 84ebb57cdc2a614b...
  [grpc] Node added: d9dd893903e6d847...
{"action": "portal tiles hidden; minimized icon rendered at current position", "code": "window-mgmt:minimize", "expected_visual": "circular icon visible; full portal surface hidden", "icon_x": 2120.0, "icon_y": 800.0, "operator_evidence": {"code": "window-mgmt:minimize", "confirmed": null, "observed": {"icon_x": 2120.0, "icon_y": 800.0}, "operator_confirm": "full portal surface hidden; only the minimized icon remains visible"}, "status": "checkpoint", "step_index": 12, "title": "Portal minimized", "ts_wall": 1783649924}
  [grpc] Tile opacity set to 0.0
  [grpc] Tile input mode set
  [grpc] Tile opacity set to 1.0
  [grpc] Tile input mode set
  [grpc] Tile opacity set to 1.0
  [grpc] Tile input mode set
  [grpc] Tile opacity set to 1.0
  [grpc] Tile input mode set
  [grpc] Tile opacity set to 0.0
  [grpc] Tile input mode set
  [grpc] Tile opacity set to 0.0
  [grpc] Tile input mode set
  [grpc] Tile opacity set to 1.0
  [grpc] Tile input mode set
  [grpc] Tile opacity set to 1.0
  [grpc] Tile input mode set
  [grpc] Tile opacity set to 1.0
  [grpc] Tile input mode set
  [grpc] Tile input mode set
  [grpc] Tile opacity set to 0.0
  [grpc] Tile opacity set to 0.0
  [grpc] Tile input mode set
  [grpc] Tile root set; server root_id=e266d1f4ec0e6344...
  [grpc] Node added: e486fdad64a7c94e...
  [grpc] Tile root set; server root_id=1ffa5f1081c9314e...
  [grpc] Node added: 39ddad7e05432f45...
  [grpc] Node added: af001f14e95f9047...
  [grpc] Node added: 2b2f0febcd312248...
  [grpc] Node added: e3283dea1b34654c...
  [grpc] Node added: 79432877e7aae34d...
  [grpc] Node added: d61c0aa62f6d3d48...
  [grpc] Node added: ffe9189364ad9c49...
  [grpc] Node added: f159a73be5d13b4a...
  [grpc] Node added: aac48be94f1d8d47...
  [grpc] Node added: ebf51dac92f5a94e...
  [grpc] Node added: 7d854eb3d7c5624f...
  [grpc] Node added: d8fe8627870bd54e...
  [grpc] Node added: 5e4e94b1ad4f634b...
  [grpc] Node added: f30852671aed1b4e...
  [grpc] Node added: 2ff651370e60424b...
  [grpc] Node added: e99cbf092b10774d...
  [grpc] Node added: 121078cb63ceae43...
  [grpc] Node added: 8d147b7de2fa2d44...
  [grpc] Node added: a172c8e6be249743...
  [grpc] Node added: 9bee52a50ecc9d44...
  [grpc] Node added: 18cc35271245d242...
  [grpc] Node added: aa7614a31692df48...
  [grpc] Node added: f57ce3da4148ed4b...
  [grpc] Node added: 9675bb1fd65a3e4c...
  [grpc] Node added: fbd8b615d212d74e...
  [grpc] Node added: 7b70c9b8cddcdb40...
  [grpc] Node added: 74b3027545f5c845...
  [grpc] Node added: da1c2cec8fd53748...
  [grpc] Node added: 04095fd23986914d...
  [grpc] Node added: dd32f882ad07e344...
  [grpc] Tile root set; server root_id=c90736c25d545548...
  [grpc] Node added: 1c621bc40420ed4c...
  [grpc] Node added: 44796bd2ae5c5945...
  [grpc] Node added: 71c106a917d24546...
  [grpc] Node added: 273a159f9001ca47...
  [grpc] Node added: 2de1b9a343e0ac43...
  [grpc] Node added: 8ab08e049dffc64a...
  [grpc] Node added: 9d5b1709359f2f42...
  [grpc] Node added: 1621b6717e010142...
  [grpc] Node added: 7644ecd758228a4a...
  [grpc] Node added: 9d4a956948a02144...
  [grpc] Node added: 4caa810095803c43...
  [grpc] Tile root set; server root_id=b62389b84d0a7f44...
  [grpc] Node added: 5b0669e508b9b248...
  [grpc] Node added: 554ec5563174b243...
  [grpc] Tile root set; server root_id=893f35ce21adba46...
  [grpc] Tile root set; server root_id=9a5f3c9635d5e242...
  [grpc] Node added: b0ce359823bbac46...
  [grpc] Node added: ddf0849443d3f14c...
  [grpc] Node added: 01677951e19e0740...
  [grpc] Node added: 0199f4ce22a14646...
  [grpc] Node added: 0cdadcade30e884a...
  [grpc] Node added: fd75d887f9b9ca4e...
  [grpc] Node added: 9d8746f1f4ddbb49...
  [grpc] Node added: 11329cb3c04af342...
  [grpc] Node added: 3d8973449a629a44...
  [grpc] Node added: 91e48d1a44f81c4b...
  [grpc] Node added: 9b947ca4abe95941...
{"action": "portal restored at (2092,120)", "code": "window-mgmt:restore", "expected_visual": "full portal visible at origin position; icon gone; chrome intact", "operator_evidence": {"code": "window-mgmt:restore", "confirmed": null, "observed": {"restore_x": 2092.0, "restore_y": 120.0}, "operator_confirm": "restore brought the full portal back at its origin; minimized icon gone; chrome intact"}, "restore_x": 2092.0, "restore_y": 120.0, "status": "completed", "step_index": 12, "title": "Portal restored to origin", "ts_wall": 1783649929}
{"action": "review transcript and capture UX notes", "code": "scenario_complete", "expected_visual": "portal visible until cleanup releases the lease", "status": "completed", "step_index": 99, "title": "Text Stream Portal scenario complete", "ts_wall": 1783649939}
  [grpc] Lease released
{"action": "release the lease before closing the session", "code": "cleanup:lease-release", "expected_visual": "all portal tiles are removed from the HUD", "status": "completed", "step_index": 100, "title": "Portal lease released", "ts_wall": 1783649939}
