{"action": "connect and open resident session", "code": "scenario", "doc": "docs/reports/exemplar-manual-review-checklist.md", "expected_visual": "operator follows JSON step transcript", "phases": "window-mgmt", "status": "started", "step_index": 0, "target": "windows-host.example:50051", "title": "Text Stream Portal live scenario", "ts_wall": 1783650024}
  [grpc] Session established: namespace=agent-alpha, caps=['create_tiles', 'modify_own_tiles', 'access_input_events', 'read_telemetry']
  [grpc] Scene display area: 3840x2160
{"action": "adopt runtime-delivered resolved PortalPartTokens as the live source when the handshake exposes them; else keep the local mirror", "code": "tokens:source", "expected_visual": "portal renders the runtime's active-profile look", "runtime_token_count": 57, "status": "checkpoint", "step_index": 0, "title": "Portal design-token source resolved", "token_source": "runtime-handshake", "ts_wall": 1783650024}
{"action": "use live scene dimensions for portal placement and drag bounds", "code": "scene:display-area", "expected_visual": "portal can be dragged across the full HUD surface", "scene_height": 2160.0, "scene_width": 3840.0, "status": "checkpoint", "step_index": 0, "title": "Scene display area resolved", "ts_wall": 1783650024}
  [grpc] Lease granted: ttl=600000ms, priority=2
{"action": "scale portal defaults from live scene dimensions unless explicit size overrides were provided", "code": "portal:size", "expected_visual": "portal occupies a readable portion of the detected display", "explicit_height": false, "explicit_width": false, "portal_h": 1360.0, "portal_w": 1720.0, "status": "checkpoint", "step_index": 0, "title": "Portal size resolved", "ts_wall": 1783650024}
  [grpc] Tile created: 019f49d37a1073a3...
  [grpc] Tile created: 019f49d37a1875c3...
  [grpc] Tile created: 019f49d37a1f72c0...
  [grpc] Tile created: 019f49d37a347e21...
  [grpc] Tile created: 019f49d37a3c70d0...
  [grpc] Tile created: 019f49d37a447de3...
{"action": "move portal \u2192 boundary clamp \u2192 minimize \u2192 restore \u2192 return to origin", "code": "window-mgmt", "expected_visual": "portal moves cleanly; minimize icon appears; restore brings full portal back", "status": "started", "step_index": 12, "title": "Window management sequence", "ts_wall": 1783650024}
  [grpc] Tile root set; server root_id=4b8b70e22337cb45...
  [grpc] Node added: 3b9f4636566f7740...
  [grpc] Tile root set; server root_id=a0a3d3c1dcae0b43...
  [grpc] Node added: 722420d6b9d68e4a...
  [grpc] Node added: 659c1b7fbc30fd49...
  [grpc] Node added: 34a1170bf112c74c...
  [grpc] Node added: d4785261d3783b4c...
  [grpc] Node added: f7dd91f689d9e249...
  [grpc] Node added: d06801d6526da448...
  [grpc] Node added: 66663a994c70a34f...
  [grpc] Node added: 58e950076e7cea40...
  [grpc] Node added: d28717ebb687704a...
  [grpc] Node added: 2ef329505cdeef4c...
  [grpc] Node added: 9ffb213396c00a41...
  [grpc] Node added: dc9b62b852a9ac4a...
  [grpc] Node added: f355703a5f86d248...
  [grpc] Node added: 0c0f477b5a4bbf43...
  [grpc] Node added: c369fe53423bb845...
  [grpc] Node added: ab64cf82cc1ee240...
  [grpc] Node added: 245cf5d88cb62b4a...
  [grpc] Node added: 6c2a68134dcf0849...
  [grpc] Node added: c3e1b5b1e99ce84f...
  [grpc] Node added: 92489144f7c76c41...
  [grpc] Node added: adc7cff975291448...
  [grpc] Node added: 0c1f64847352f945...
  [grpc] Node added: 9f0bd68a3a3f0a41...
  [grpc] Node added: efc87971ee093e4e...
  [grpc] Node added: aa9a6e1a7456a641...
  [grpc] Node added: 8639538631503741...
  [grpc] Node added: ea61d5d3327af24a...
  [grpc] Node added: 8c998c46c1ccdc44...
  [grpc] Node added: e7786cc3e77a7d4d...
  [grpc] Node added: 3b23684549061541...
  [grpc] Tile root set; server root_id=4dca35cb29ead44a...
  [grpc] Node added: 179f1e505eeddb4e...
  [grpc] Node added: 42adf81e4a61ad42...
  [grpc] Node added: daaf831ad5a97049...
  [grpc] Node added: 98849db0494d6b42...
  [grpc] Node added: a92f658d93310a42...
  [grpc] Node added: c200beb4326bff42...
  [grpc] Node added: 0d06135ece42404a...
  [grpc] Node added: 5bc2ea268b5ab448...
  [grpc] Node added: 83566f4175b0fe4d...
  [grpc] Node added: 61af0346c6a01f45...
  [grpc] Node added: b81111792beb9247...
  [grpc] Tile root set; server root_id=3d427c55fc51e445...
  [grpc] Node added: d5980fc14a249d41...
  [grpc] Node added: 8ace17b29c86074c...
{"action": "portal_x=1060, portal_y=400", "code": "window-mgmt:move", "expected_visual": "portal repositioned to centre of scene; chrome intact", "operator_evidence": {"code": "window-mgmt:move", "confirmed": null, "observed": {"portal_x": 1060.0, "portal_y": 400.0}, "operator_confirm": "portal moved cleanly to scene centre with chrome intact"}, "portal_x": 1060.0, "portal_y": 400.0, "status": "checkpoint", "step_index": 12, "title": "Portal moved to centre", "ts_wall": 1783650024}
  [grpc] Tile root set; server root_id=76608bf6fad6914a...
  [grpc] Node added: c4a2a5463b9d9c4f...
{"action": "OOB (4040,2360) clamped to (2120,800)", "clamped_x": 2120.0, "clamped_y": 800.0, "code": "window-mgmt:clamp", "expected_visual": "portal visible at bottom-right edge; not partially offscreen", "operator_evidence": {"code": "window-mgmt:clamp", "confirmed": null, "observed": {"clamped_x": 2120.0, "clamped_y": 800.0, "requested_x": 4040.0, "requested_y": 2360.0}, "operator_confirm": "out-of-bounds move clamped to scene edge; portal stays fully on-screen"}, "requested_x": 4040.0, "requested_y": 2360.0, "status": "checkpoint", "step_index": 12, "title": "Boundary clamp verified", "ts_wall": 1783650026}
  [grpc] Tile opacity set to 0.0
  [grpc] Tile input mode set
  [grpc] Tile opacity set to 0.0
  [grpc] Tile input mode set
  [grpc] Tile opacity set to 0.0
  [grpc] Tile input mode set
  [grpc] Tile root set; server root_id=6266c991a8013049...
  [grpc] Node added: c3029e8d127c6e40...
  [grpc] Node added: f44a5f41f97c6143...
  [grpc] Node added: 68c1f8b7c1c2bf4c...
  [grpc] Node added: 821dce3722edec49...
  [grpc] Node added: f9a96623c3f34749...
  [grpc] Node added: f1241a5b8033bf49...
  [grpc] Node added: bb2b720be3849c4a...
  [grpc] Node added: 2dd391276b7d004a...
  [grpc] Node added: 51b904e1e4b6964b...
  [grpc] Node added: 5283677f69f7ac48...
  [grpc] Node added: 51f1ba49c98e7d48...
{"action": "portal tiles hidden; minimized icon rendered at current position", "code": "window-mgmt:minimize", "expected_visual": "circular icon visible; full portal surface hidden", "icon_x": 2120.0, "icon_y": 800.0, "operator_evidence": {"code": "window-mgmt:minimize", "confirmed": null, "observed": {"icon_x": 2120.0, "icon_y": 800.0}, "operator_confirm": "full portal surface hidden; only the minimized icon remains visible"}, "status": "checkpoint", "step_index": 12, "title": "Portal minimized", "ts_wall": 1783650028}
  [grpc] Tile opacity set to 0.0
  [grpc] Tile input mode set
  [grpc] Tile opacity set to 1.0
  [grpc] Tile input mode set
  [grpc] Tile opacity set to 1.0
  [grpc] Tile input mode set
  [grpc] Tile opacity set to 1.0
  [grpc] Tile input mode set
  [grpc] Tile opacity set to 0.0
  [grpc] Tile input mode set
  [grpc] Tile opacity set to 0.0
  [grpc] Tile input mode set
  [grpc] Tile opacity set to 1.0
  [grpc] Tile input mode set
  [grpc] Tile opacity set to 1.0
  [grpc] Tile input mode set
  [grpc] Tile opacity set to 1.0
  [grpc] Tile input mode set
  [grpc] Tile input mode set
  [grpc] Tile opacity set to 0.0
  [grpc] Tile opacity set to 0.0
  [grpc] Tile input mode set
  [grpc] Tile root set; server root_id=001de6c8f9d76c48...
  [grpc] Node added: f820735630247042...
  [grpc] Tile root set; server root_id=82a8463864ce5f44...
  [grpc] Node added: 0fcf1d93e5a85741...
  [grpc] Node added: 981e8a26096e234f...
  [grpc] Node added: a3e93ba64ef49a4f...
  [grpc] Node added: f6406e18522e5c48...
  [grpc] Node added: 3853686bdfee5b40...
  [grpc] Node added: a4708558add47f49...
  [grpc] Node added: e785981c6d6aaf4a...
  [grpc] Node added: f6423e8f4e16474e...
  [grpc] Node added: 5482389fa74b624e...
  [grpc] Node added: c9d08c23b0214d4c...
  [grpc] Node added: 9e5df7b27ba1144a...
  [grpc] Node added: 68ccc01d39e85a47...
  [grpc] Node added: a852ac550c23cd44...
  [grpc] Node added: f92d7331d2cbf346...
  [grpc] Node added: af796144b7833a4c...
  [grpc] Node added: 43b5c6bf376e9f41...
  [grpc] Node added: aa849ed7213cec40...
  [grpc] Node added: 3b1c78e496be5d46...
  [grpc] Node added: fc7f84904f69f64b...
  [grpc] Node added: e1c90238f789c947...
  [grpc] Node added: 2010bd44e3298f42...
  [grpc] Node added: 2dc3d75f213cc94f...
  [grpc] Node added: c2b4e27324ae1e4d...
  [grpc] Node added: 6c14771042d95d4c...
  [grpc] Node added: 56f6096bcbcc8045...
  [grpc] Node added: 8b96a18bea4ff04e...
  [grpc] Node added: eff24fcb13590448...
  [grpc] Node added: 7c84e1c28705fa41...
  [grpc] Node added: 5266476ea8924a4c...
  [grpc] Node added: ad49c53b699b5b45...
  [grpc] Tile root set; server root_id=8dec6e4ed523f646...
  [grpc] Node added: 0a6ca9b2e76c5c4c...
  [grpc] Node added: 46143b39fbd83c4e...
  [grpc] Node added: dcd2286b0ac32243...
  [grpc] Node added: da2c7e43d4f57a43...
  [grpc] Node added: f46a2d7345f38f48...
  [grpc] Node added: 01d490d36ca78f42...
  [grpc] Node added: bb0a9728ed876841...
  [grpc] Node added: 03f931a09751f147...
  [grpc] Node added: 382c65dae531d64e...
  [grpc] Node added: ed18e52f360b6c4e...
  [grpc] Node added: 55a3fd15319d9346...
  [grpc] Tile root set; server root_id=a14f64ee9e2d0d41...
  [grpc] Node added: 35fcf4f58f343145...
  [grpc] Node added: 78c74d6df1ff0942...
  [grpc] Tile root set; server root_id=224a7c48757c794e...
  [grpc] Tile root set; server root_id=4b61439ea3d77742...
  [grpc] Node added: 9471ecfbbe48fc4a...
  [grpc] Node added: 698f6379a0db7b4c...
  [grpc] Node added: 382c989d9d7c5743...
  [grpc] Node added: e9f96d414ad2e341...
  [grpc] Node added: cf3ee2422b6efe44...
  [grpc] Node added: 5e1b4958a758864d...
  [grpc] Node added: a239f9945d685a45...
  [grpc] Node added: 313ab6e233ab0d42...
  [grpc] Node added: 3a37b29ecfadb543...
  [grpc] Node added: 7c3c9597380bfa45...
  [grpc] Node added: afa39e44e6b3db41...
{"action": "portal restored at (2092,120)", "code": "window-mgmt:restore", "expected_visual": "full portal visible at origin position; icon gone; chrome intact", "operator_evidence": {"code": "window-mgmt:restore", "confirmed": null, "observed": {"restore_x": 2092.0, "restore_y": 120.0}, "operator_confirm": "restore brought the full portal back at its origin; minimized icon gone; chrome intact"}, "restore_x": 2092.0, "restore_y": 120.0, "status": "completed", "step_index": 12, "title": "Portal restored to origin", "ts_wall": 1783650031}
{"action": "review transcript and capture UX notes", "code": "scenario_complete", "expected_visual": "portal visible until cleanup releases the lease", "status": "completed", "step_index": 99, "title": "Text Stream Portal scenario complete", "ts_wall": 1783650061}
  [grpc] Lease released
{"action": "release the lease before closing the session", "code": "cleanup:lease-release", "expected_visual": "all portal tiles are removed from the HUD", "status": "completed", "step_index": 100, "title": "Portal lease released", "ts_wall": 1783650061}
