{"action": "connect and open resident session", "code": "scenario", "doc": "docs/reports/exemplar-manual-review-checklist.md", "expected_visual": "operator follows JSON step transcript", "phases": "cadence", "status": "started", "step_index": 0, "target": "windows-host.example:50051", "title": "Text Stream Portal live scenario", "ts_wall": 1783243167}
  [grpc] Session established: namespace=agent-alpha, caps=['create_tiles', 'modify_own_tiles', 'access_input_events', 'read_telemetry']
  [grpc] Scene display area: 3840x2160
{"action": "adopt runtime-delivered resolved PortalPartTokens as the live source when the handshake exposes them; else keep the local mirror", "code": "tokens:source", "expected_visual": "portal renders the runtime's active-profile look", "runtime_token_count": 47, "status": "checkpoint", "step_index": 0, "title": "Portal design-token source resolved", "token_source": "runtime-handshake", "ts_wall": 1783243167}
{"action": "use live scene dimensions for portal placement and drag bounds", "code": "scene:display-area", "expected_visual": "portal can be dragged across the full HUD surface", "scene_height": 2160.0, "scene_width": 3840.0, "status": "checkpoint", "step_index": 0, "title": "Scene display area resolved", "ts_wall": 1783243167}
  [grpc] Lease granted: ttl=600000ms, priority=2
{"action": "scale portal defaults from live scene dimensions unless explicit size overrides were provided", "code": "portal:size", "expected_visual": "portal occupies a readable portion of the detected display", "explicit_height": false, "explicit_width": false, "portal_h": 1360.0, "portal_w": 1720.0, "status": "checkpoint", "step_index": 0, "title": "Portal size resolved", "ts_wall": 1783243167}
  [grpc] Tile created: 019f3193528076e1...
  [grpc] Tile created: 019f319352947590...
  [grpc] Tile created: 019f319352ab77a2...
  [grpc] Tile created: 019f319352c47f42...
  [grpc] Tile created: 019f319352d27791...
  [grpc] Tile created: 019f319352e97860...
{"action": "measure transport RTT baseline, then publish 20 sequential updates with ~100ms pacing; record per-append publish\u2192present timestamps and report runtime overhead separately from RTT", "code": "cadence", "expected_visual": "portal body updates each cycle; footer shows cycle index and last RTT", "status": "started", "step_index": 10, "title": "Cadence RTT-overhead measurement", "ts_wall": 1783243167}
  [grpc] Tile root set; server root_id=47582cf63b774a48...
  [grpc] Node added: 64e416d6e7bbee47...
  [grpc] Tile root set; server root_id=b1c21fb056c42940...
  [grpc] Node added: aa4141492be9b442...
  [grpc] Node added: 6acc0edfbd68d24d...
  [grpc] Node added: 27509ecc31653149...
  [grpc] Node added: a57cc35d697b704e...
  [grpc] Node added: a667de6af29a8a40...
  [grpc] Node added: 3fccc48e42430841...
  [grpc] Node added: cce3f217b2018643...
  [grpc] Node added: 9701976be54d0541...
  [grpc] Node added: a63484a308ba184b...
  [grpc] Node added: 0d984ec453a99c49...
  [grpc] Node added: b1fa82c47689e04e...
  [grpc] Node added: 6da099210378114f...
  [grpc] Node added: 6c7030fa636a3845...
  [grpc] Node added: 612acd2301463840...
  [grpc] Node added: 946d6a26390f494b...
  [grpc] Node added: eaa45a13a18f2b49...
  [grpc] Node added: 9a51045e0c79cb45...
  [grpc] Node added: b1bdcce5707f3e4e...
  [grpc] Node added: a83b5cd2c0773948...
  [grpc] Node added: ea87f2e83225424f...
  [grpc] Node added: d9d41abeacaa7045...
  [grpc] Node added: 49a108ba92a4ae4b...
  [grpc] Node added: e969437ae20d914a...
  [grpc] Node added: a1716728d8d7154b...
  [grpc] Node added: 0538a27dd081014e...
  [grpc] Node added: 8ffd8fb645d6ef41...
  [grpc] Node added: c10a8a8bfc19f44d...
  [grpc] Node added: 9996c15b0dda9b4b...
  [grpc] Node added: e74bfdb1a312f34d...
  [grpc] Node added: b9ef618f35540841...
  [grpc] Tile root set; server root_id=22ded607372a4a4c...
  [grpc] Node added: e1fd0f8ffb6d4e4c...
  [grpc] Node added: f0ea587961c2874d...
  [grpc] Node added: 13d8190eae4a1040...
  [grpc] Node added: f04d66beaf307d43...
  [grpc] Node added: b3ca308bfed67542...
  [grpc] Node added: b653b8cb5869fb48...
  [grpc] Node added: 866d0de5dcf7e94d...
  [grpc] Node added: ae6d3685a3a41344...
  [grpc] Node added: 383f3905b95a8740...
  [grpc] Node added: af03e2bc6ed42c4a...
  [grpc] Node added: 2c531e22105f4a41...
  [grpc] Tile root set; server root_id=8e52338cb7fc504b...
  [grpc] Node added: 7f5a09960ed73b4b...
  [grpc] Node added: e1e8da696e70ef45...
  [grpc] Tile root set; server root_id=eaae1465cde12d41...
  [grpc] Node added: e23d4b9ffc19664e...
  [grpc] Tile root set; server root_id=a2b16e4846d39641...
  [grpc] Node added: af3f9c066d7b7549...
{"action": "probe transport round-trip latency floor before streaming", "code": "cadence:rtt-baseline", "expected_visual": "no visible change; baseline used to isolate runtime overhead", "rtt_baseline_ms": 38.516, "samples_ms": [379.841, 38.516, 48.704], "status": "checkpoint", "step_index": 10, "title": "Transport RTT baseline measured", "ts_wall": 1783243168}
  [grpc] Tile root set; server root_id=d045749f0e2dc24c...
  [grpc] Node added: f005eda3edc1f442...
{"action": "publish cycle 1/20", "body_lines": 60, "code": "cadence:cycle:0", "cycle": 1, "expected_visual": "body updated; footer counter incremented", "present_ms": 74.716, "present_source": "rtt-proxy", "publish_ms": 0.018, "rtt_ms": 74.7, "status": "checkpoint", "step_index": 10, "title": "Cadence cycle 1", "ts_wall": 1783243168}
  [grpc] Tile root set; server root_id=8f95c08125b7fc44...
  [grpc] Node added: b662d0ee4773284c...
{"action": "publish cycle 2/20", "body_lines": 120, "code": "cadence:cycle:1", "cycle": 2, "expected_visual": "body updated; footer counter incremented", "present_ms": 137.509, "present_source": "rtt-proxy", "publish_ms": 100.275, "rtt_ms": 37.23, "status": "checkpoint", "step_index": 10, "title": "Cadence cycle 2", "ts_wall": 1783243168}
  [grpc] Tile root set; server root_id=8c19e249e9a3da4e...
  [grpc] Node added: c5710e5c3a2f0345...
{"action": "publish cycle 3/20", "body_lines": 60, "code": "cadence:cycle:2", "cycle": 3, "expected_visual": "body updated; footer counter incremented", "present_ms": 238.893, "present_source": "rtt-proxy", "publish_ms": 201.454, "rtt_ms": 37.44, "status": "checkpoint", "step_index": 10, "title": "Cadence cycle 3", "ts_wall": 1783243168}
  [grpc] Tile root set; server root_id=cae3048c9dfcf24d...
  [grpc] Node added: 6231e4e2ef6e754b...
{"action": "publish cycle 4/20", "body_lines": 120, "code": "cadence:cycle:3", "cycle": 4, "expected_visual": "body updated; footer counter incremented", "present_ms": 336.193, "present_source": "rtt-proxy", "publish_ms": 302.136, "rtt_ms": 34.05, "status": "checkpoint", "step_index": 10, "title": "Cadence cycle 4", "ts_wall": 1783243168}
  [grpc] Tile root set; server root_id=8886f7620c0bf84e...
  [grpc] Node added: d9c3b9664b3d3e45...
{"action": "publish cycle 5/20", "body_lines": 60, "code": "cadence:cycle:4", "cycle": 5, "expected_visual": "body updated; footer counter incremented", "present_ms": 439.432, "present_source": "rtt-proxy", "publish_ms": 403.143, "rtt_ms": 36.29, "status": "checkpoint", "step_index": 10, "title": "Cadence cycle 5", "ts_wall": 1783243168}
  [grpc] Tile root set; server root_id=e6b35032cfef1a47...
  [grpc] Node added: 89f2d520cf241e45...
{"action": "publish cycle 6/20", "body_lines": 120, "code": "cadence:cycle:5", "cycle": 6, "expected_visual": "body updated; footer counter incremented", "present_ms": 536.257, "present_source": "rtt-proxy", "publish_ms": 504.089, "rtt_ms": 32.17, "status": "checkpoint", "step_index": 10, "title": "Cadence cycle 6", "ts_wall": 1783243168}
  [grpc] Tile root set; server root_id=79b8b35ebec89c48...
  [grpc] Node added: ff50278212297b4e...
{"action": "publish cycle 7/20", "body_lines": 60, "code": "cadence:cycle:6", "cycle": 7, "expected_visual": "body updated; footer counter incremented", "present_ms": 644.861, "present_source": "rtt-proxy", "publish_ms": 604.964, "rtt_ms": 39.9, "status": "checkpoint", "step_index": 10, "title": "Cadence cycle 7", "ts_wall": 1783243168}
  [grpc] Tile root set; server root_id=cf9511336ab7e044...
  [grpc] Node added: f2262a6c35a6c648...
{"action": "publish cycle 8/20", "body_lines": 120, "code": "cadence:cycle:7", "cycle": 8, "expected_visual": "body updated; footer counter incremented", "present_ms": 753.72, "present_source": "rtt-proxy", "publish_ms": 705.956, "rtt_ms": 47.76, "status": "checkpoint", "step_index": 10, "title": "Cadence cycle 8", "ts_wall": 1783243168}
  [grpc] Tile root set; server root_id=920b6fd8246bd44b...
  [grpc] Node added: 86091ea615e84c42...
{"action": "publish cycle 9/20", "body_lines": 60, "code": "cadence:cycle:8", "cycle": 9, "expected_visual": "body updated; footer counter incremented", "present_ms": 847.879, "present_source": "rtt-proxy", "publish_ms": 806.81, "rtt_ms": 41.07, "status": "checkpoint", "step_index": 10, "title": "Cadence cycle 9", "ts_wall": 1783243168}
  [grpc] Tile root set; server root_id=ff715bc755da6e40...
  [grpc] Node added: 2d427dbe4cbeb54a...
{"action": "publish cycle 10/20", "body_lines": 120, "code": "cadence:cycle:9", "cycle": 10, "expected_visual": "body updated; footer counter incremented", "present_ms": 959.163, "present_source": "rtt-proxy", "publish_ms": 908.192, "rtt_ms": 50.97, "status": "checkpoint", "step_index": 10, "title": "Cadence cycle 10", "ts_wall": 1783243169}
  [grpc] Tile root set; server root_id=e23d22d0bdd5bb4e...
  [grpc] Node added: dc181e2679972f4c...
{"action": "publish cycle 11/20", "body_lines": 60, "code": "cadence:cycle:10", "cycle": 11, "expected_visual": "body updated; footer counter incremented", "present_ms": 1052.77, "present_source": "rtt-proxy", "publish_ms": 1009.015, "rtt_ms": 43.75, "status": "checkpoint", "step_index": 10, "title": "Cadence cycle 11", "ts_wall": 1783243169}
  [grpc] Tile root set; server root_id=7ce83446f261c945...
  [grpc] Node added: 8e32ec2cb6f76947...
{"action": "publish cycle 12/20", "body_lines": 120, "code": "cadence:cycle:11", "cycle": 12, "expected_visual": "body updated; footer counter incremented", "present_ms": 1147.82, "present_source": "rtt-proxy", "publish_ms": 1109.886, "rtt_ms": 37.93, "status": "checkpoint", "step_index": 10, "title": "Cadence cycle 12", "ts_wall": 1783243169}
  [grpc] Tile root set; server root_id=8803bf4052243440...
  [grpc] Node added: 575c52c6ace5fe40...
{"action": "publish cycle 13/20", "body_lines": 60, "code": "cadence:cycle:12", "cycle": 13, "expected_visual": "body updated; footer counter incremented", "present_ms": 1246.726, "present_source": "rtt-proxy", "publish_ms": 1210.827, "rtt_ms": 35.9, "status": "checkpoint", "step_index": 10, "title": "Cadence cycle 13", "ts_wall": 1783243169}
  [grpc] Tile root set; server root_id=3e6515fed1a30f44...
  [grpc] Node added: 457bf2ac8ad0174d...
{"action": "publish cycle 14/20", "body_lines": 120, "code": "cadence:cycle:13", "cycle": 14, "expected_visual": "body updated; footer counter incremented", "present_ms": 1673.211, "present_source": "rtt-proxy", "publish_ms": 1311.044, "rtt_ms": 362.16, "status": "checkpoint", "step_index": 10, "title": "Cadence cycle 14", "ts_wall": 1783243169}
  [grpc] Tile root set; server root_id=ae55a3f66f6e3b46...
  [grpc] Node added: ae6d0232db362847...
{"action": "publish cycle 15/20", "body_lines": 60, "code": "cadence:cycle:14", "cycle": 15, "expected_visual": "body updated; footer counter incremented", "present_ms": 1896.337, "present_source": "rtt-proxy", "publish_ms": 1673.46, "rtt_ms": 222.87, "status": "checkpoint", "step_index": 10, "title": "Cadence cycle 15", "ts_wall": 1783243170}
  [grpc] Tile root set; server root_id=d8aef51b6df17c4c...
  [grpc] Node added: 01857fd566627848...
{"action": "publish cycle 16/20", "body_lines": 120, "code": "cadence:cycle:15", "cycle": 16, "expected_visual": "body updated; footer counter incremented", "present_ms": 2222.551, "present_source": "rtt-proxy", "publish_ms": 1896.627, "rtt_ms": 325.92, "status": "checkpoint", "step_index": 10, "title": "Cadence cycle 16", "ts_wall": 1783243170}
  [grpc] Tile root set; server root_id=844a09a5ce62e141...
  [grpc] Node added: 998c3a27af779143...
{"action": "publish cycle 17/20", "body_lines": 60, "code": "cadence:cycle:16", "cycle": 17, "expected_visual": "body updated; footer counter incremented", "present_ms": 2486.699, "present_source": "rtt-proxy", "publish_ms": 2222.864, "rtt_ms": 263.83, "status": "checkpoint", "step_index": 10, "title": "Cadence cycle 17", "ts_wall": 1783243170}
  [grpc] Tile root set; server root_id=9cefe6c401fdc342...
  [grpc] Node added: 43a6d44f901dec4f...
{"action": "publish cycle 18/20", "body_lines": 120, "code": "cadence:cycle:17", "cycle": 18, "expected_visual": "body updated; footer counter incremented", "present_ms": 2738.943, "present_source": "rtt-proxy", "publish_ms": 2487.002, "rtt_ms": 251.94, "status": "checkpoint", "step_index": 10, "title": "Cadence cycle 18", "ts_wall": 1783243170}
  [grpc] Tile root set; server root_id=a88d8d74ff414943...
  [grpc] Node added: e263e2f01e8c1c49...
{"action": "publish cycle 19/20", "body_lines": 60, "code": "cadence:cycle:18", "cycle": 19, "expected_visual": "body updated; footer counter incremented", "present_ms": 2917.812, "present_source": "rtt-proxy", "publish_ms": 2739.225, "rtt_ms": 178.59, "status": "checkpoint", "step_index": 10, "title": "Cadence cycle 19", "ts_wall": 1783243171}
  [grpc] Tile root set; server root_id=8c49ceadd9c7c746...
  [grpc] Node added: 5a7d26c346fd3c4f...
{"action": "publish cycle 20/20", "body_lines": 120, "code": "cadence:cycle:19", "cycle": 20, "expected_visual": "body updated; footer counter incremented", "present_ms": 3138.255, "present_source": "rtt-proxy", "publish_ms": 2918.193, "rtt_ms": 220.06, "status": "checkpoint", "step_index": 10, "title": "Cadence cycle 20", "ts_wall": 1783243171}
{"action": "all cycles complete; RTT baseline + runtime-overhead reported", "code": "cadence", "expected_visual": "portal stable; body settled on last cycle content", "overhead_evidence": {"appends": [{"body_lines": 60, "cycle": 1, "overhead_baseline_ms": 74.696, "overhead_ms": 0.002, "present_latency_ms": 74.698, "present_ms": 74.716, "present_source": "rtt-proxy", "presented": true, "publish_ms": 0.018, "rtt_ms": 74.696, "within_present_budget": true}, {"body_lines": 120, "cycle": 2, "overhead_baseline_ms": 37.233, "overhead_ms": 0.001, "present_latency_ms": 37.234, "present_ms": 137.509, "present_source": "rtt-proxy", "presented": true, "publish_ms": 100.275, "rtt_ms": 37.233, "within_present_budget": true}, {"body_lines": 60, "cycle": 3, "overhead_baseline_ms": 37.436, "overhead_ms": 0.003, "present_latency_ms": 37.439, "present_ms": 238.893, "present_source": "rtt-proxy", "presented": true, "publish_ms": 201.454, "rtt_ms": 37.436, "within_present_budget": true}, {"body_lines": 120, "cycle": 4, "overhead_baseline_ms": 34.055, "overhead_ms": 0.002, "present_latency_ms": 34.057, "present_ms": 336.193, "present_source": "rtt-proxy", "presented": true, "publish_ms": 302.136, "rtt_ms": 34.055, "within_present_budget": true}, {"body_lines": 60, "cycle": 5, "overhead_baseline_ms": 36.287, "overhead_ms": 0.002, "present_latency_ms": 36.289, "present_ms": 439.432, "present_source": "rtt-proxy", "presented": true, "publish_ms": 403.143, "rtt_ms": 36.287, "within_present_budget": true}, {"body_lines": 120, "cycle": 6, "overhead_baseline_ms": 32.166, "overhead_ms": 0.002, "present_latency_ms": 32.168, "present_ms": 536.257, "present_source": "rtt-proxy", "presented": true, "publish_ms": 504.089, "rtt_ms": 32.166, "within_present_budget": true}, {"body_lines": 60, "cycle": 7, "overhead_baseline_ms": 39.895, "overhead_ms": 0.002, "present_latency_ms": 39.897, "present_ms": 644.861, "present_source": "rtt-proxy", "presented": true, "publish_ms": 604.964, "rtt_ms": 39.895, "within_present_budget": true}, {"body_lines": 120, "cycle": 8, "overhead_baseline_ms": 47.762, "overhead_ms": 0.002, "present_latency_ms": 47.764, "present_ms": 753.72, "present_source": "rtt-proxy", "presented": true, "publish_ms": 705.956, "rtt_ms": 47.762, "within_present_budget": true}, {"body_lines": 60, "cycle": 9, "overhead_baseline_ms": 41.067, "overhead_ms": 0.002, "present_latency_ms": 41.069, "present_ms": 847.879, "present_source": "rtt-proxy", "presented": true, "publish_ms": 806.81, "rtt_ms": 41.067, "within_present_budget": true}, {"body_lines": 120, "cycle": 10, "overhead_baseline_ms": 50.969, "overhead_ms": 0.002, "present_latency_ms": 50.971, "present_ms": 959.163, "present_source": "rtt-proxy", "presented": true, "publish_ms": 908.192, "rtt_ms": 50.969, "within_present_budget": true}, {"body_lines": 60, "cycle": 11, "overhead_baseline_ms": 43.753, "overhead_ms": 0.002, "present_latency_ms": 43.755, "present_ms": 1052.77, "present_source": "rtt-proxy", "presented": true, "publish_ms": 1009.015, "rtt_ms": 43.753, "within_present_budget": true}, {"body_lines": 120, "cycle": 12, "overhead_baseline_ms": 37.933, "overhead_ms": 0.001, "present_latency_ms": 37.934, "present_ms": 1147.82, "present_source": "rtt-proxy", "presented": true, "publish_ms": 1109.886, "rtt_ms": 37.933, "within_present_budget": true}, {"body_lines": 60, "cycle": 13, "overhead_baseline_ms": 35.897, "overhead_ms": 0.002, "present_latency_ms": 35.899, "present_ms": 1246.726, "present_source": "rtt-proxy", "presented": true, "publish_ms": 1210.827, "rtt_ms": 35.897, "within_present_budget": true}, {"body_lines": 120, "cycle": 14, "overhead_baseline_ms": 362.164, "overhead_ms": 0.003, "present_latency_ms": 362.167, "present_ms": 1673.211, "present_source": "rtt-proxy", "presented": true, "publish_ms": 1311.044, "rtt_ms": 362.164, "within_present_budget": true}, {"body_lines": 60, "cycle": 15, "overhead_baseline_ms": 222.875, "overhead_ms": 0.002, "present_latency_ms": 222.877, "present_ms": 1896.337, "present_source": "rtt-proxy", "presented": true, "publish_ms": 1673.46, "rtt_ms": 222.875, "within_present_budget": true}, {"body_lines": 120, "cycle": 16, "overhead_baseline_ms": 325.922, "overhead_ms": 0.002, "present_latency_ms": 325.924, "present_ms": 2222.551, "present_source": "rtt-proxy", "presented": true, "publish_ms": 1896.627, "rtt_ms": 325.922, "within_present_budget": true}, {"body_lines": 60, "cycle": 17, "overhead_baseline_ms": 263.832, "overhead_ms": 0.003, "present_latency_ms": 263.835, "present_ms": 2486.699, "present_source": "rtt-proxy", "presented": true, "publish_ms": 2222.864, "rtt_ms": 263.832, "within_present_budget": true}, {"body_lines": 120, "cycle": 18, "overhead_baseline_ms": 251.94, "overhead_ms": 0.001, "present_latency_ms": 251.941, "present_ms": 2738.943, "present_source": "rtt-proxy", "presented": true, "publish_ms": 2487.002, "rtt_ms": 251.94, "within_present_budget": true}, {"body_lines": 60, "cycle": 19, "overhead_baseline_ms": 178.585, "overhead_ms": 0.002, "present_latency_ms": 178.587, "present_ms": 2917.812, "present_source": "rtt-proxy", "presented": true, "publish_ms": 2739.225, "rtt_ms": 178.585, "within_present_budget": true}, {"body_lines": 120, "cycle": 20, "overhead_baseline_ms": 220.06, "overhead_ms": 0.002, "present_latency_ms": 220.062, "present_ms": 3138.255, "present_source": "rtt-proxy", "presented": true, "publish_ms": 2918.193, "rtt_ms": 220.06, "within_present_budget": true}], "coalesced_count": 0, "cycles": 20, "interval_ms": 100, "present_budget_ms": 16.6, "presented_count": 20, "runtime_overhead_ms": {"max": 0.003, "mean": 0.002, "over_budget_count": 0, "p95": 0.003}, "transport_rtt_baseline_ms": 38.516, "within_present_budget": true}, "rtt_baseline_ms": 38.516, "rtt_stats": {"cycles": 20, "interval_ms": 100, "max_ms": 362.16, "mean_ms": 118.73, "min_ms": 32.17, "over_budget_count": 7, "over_budget_threshold_ms": 100, "p50_ms": 47.76, "p95_ms": 325.92}, "status": "completed", "step_index": 10, "title": "Cadence RTT-overhead measurement", "ts_wall": 1783243171}
{"action": "review transcript and capture UX notes", "code": "scenario_complete", "expected_visual": "portal visible until cleanup releases the lease", "status": "completed", "step_index": 99, "title": "Text Stream Portal scenario complete", "ts_wall": 1783243171}
  [grpc] Lease released
{"action": "release the lease before closing the session", "code": "cleanup:lease-release", "expected_visual": "all portal tiles are removed from the HUD", "status": "completed", "step_index": 100, "title": "Portal lease released", "ts_wall": 1783243171}
