{"action": "connect and open resident session", "code": "scenario", "doc": "docs/reports/exemplar-manual-review-checklist.md", "expected_visual": "operator follows JSON step transcript", "phases": "composer-edit", "status": "started", "step_index": 0, "target": "tzehouse-windows.parrot-hen.ts.net:50051", "title": "Text Stream Portal live scenario", "ts_wall": 1783256393}
  [grpc] Session established: namespace=agent-alpha, caps=['create_tiles', 'modify_own_tiles', 'access_input_events', 'read_telemetry']
  [grpc] Scene display area: 3840x2160
{"action": "adopt runtime-delivered resolved PortalPartTokens as the live source when the handshake exposes them; else keep the local mirror", "code": "tokens:source", "expected_visual": "portal renders the runtime's active-profile look", "runtime_token_count": 47, "status": "checkpoint", "step_index": 0, "title": "Portal design-token source resolved", "token_source": "runtime-handshake", "ts_wall": 1783256393}
{"action": "use live scene dimensions for portal placement and drag bounds", "code": "scene:display-area", "expected_visual": "portal can be dragged across the full HUD surface", "scene_height": 2160.0, "scene_width": 3840.0, "status": "checkpoint", "step_index": 0, "title": "Scene display area resolved", "ts_wall": 1783256393}
  [grpc] Lease granted: ttl=600000ms, priority=2
{"action": "scale portal defaults from live scene dimensions unless explicit size overrides were provided", "code": "portal:size", "expected_visual": "portal occupies a readable portion of the detected display", "explicit_height": false, "explicit_width": false, "portal_h": 1360.0, "portal_w": 1720.0, "status": "checkpoint", "step_index": 0, "title": "Portal size resolved", "ts_wall": 1783256393}
  [grpc] Tile created: 019f325d27697213...
  [grpc] Tile created: 019f325d27cd7db3...
  [grpc] Tile created: 019f325d27df7e30...
  [grpc] Tile created: 019f325d27f77712...
  [grpc] Tile created: 019f325d28077282...
  [grpc] Tile created: 019f325d28157b11...
{"action": "render empty \u2192 typed \u2192 mid-delete \u2192 cleared states", "code": "composer-edit", "expected_visual": "caret tracks correctly through all edit states; no phantom characters", "status": "started", "step_index": 9, "title": "Composer edit sequence", "ts_wall": 1783256394}
  [grpc] Tile opacity set to 0.0
  [grpc] Tile input mode set
  [grpc] Tile opacity set to 1.0
  [grpc] Tile input mode set
  [grpc] Tile opacity set to 1.0
  [grpc] Tile input mode set
  [grpc] Tile opacity set to 1.0
  [grpc] Tile input mode set
  [grpc] Tile input mode set
  [grpc] Tile opacity set to 0.0
  [grpc] Tile opacity set to 0.0
  [grpc] Tile input mode set
  [grpc] Tile root set; server root_id=a4a09aa84b525e4b...
  [grpc] Node added: 00050729b3616546...
  [grpc] Tile root set; server root_id=270c24b119faca4b...
  [grpc] Node added: ec07421c9a573343...
  [grpc] Node added: d68d19301345ed42...
  [grpc] Node added: 1ff24b019ffb614b...
  [grpc] Node added: 98cb5b7dc151a146...
  [grpc] Node added: 913fb8d50b1ce648...
  [grpc] Node added: 3fd101f69b39b949...
  [grpc] Node added: 59e3bd1b46579f41...
  [grpc] Node added: c3affd886df48c4a...
  [grpc] Node added: ae85b021e126ea4c...
  [grpc] Node added: c2507fdac0e20744...
  [grpc] Node added: 63a6ababc61a3c40...
  [grpc] Node added: 183ba38589282a45...
  [grpc] Node added: 67d5f9fb8585904d...
  [grpc] Node added: e51631f4e5d9fa47...
  [grpc] Node added: d094df56e0333544...
  [grpc] Node added: 2f0c6b063b373241...
  [grpc] Node added: 76cd12bd23fb6243...
  [grpc] Node added: e287670e29d66a43...
  [grpc] Node added: 2a919060627a9648...
  [grpc] Node added: b84fb45fe4a63247...
  [grpc] Node added: 1aa21e604e647e46...
  [grpc] Node added: eff6e475ea142e48...
  [grpc] Node added: 29753583cb68a349...
  [grpc] Node added: 8ccbec2823f8244b...
  [grpc] Node added: 574ea552288ac948...
  [grpc] Node added: fadb36861eac8a4a...
  [grpc] Node added: 6aa76d4f85d66b4c...
  [grpc] Node added: 7a5ae3fd97cf9f4f...
  [grpc] Node added: f5301d131c130d43...
  [grpc] Node added: 69632644b9633d4e...
  [grpc] Tile root set; server root_id=0d86147f13027e43...
  [grpc] Node added: a1f656bba483e04b...
  [grpc] Node added: f582b0977fa67240...
  [grpc] Node added: 01a204656c25a747...
  [grpc] Node added: 693e8d927d00d148...
  [grpc] Node added: fe1660c06e5b7f45...
  [grpc] Node added: c07c2b6eb1595e40...
  [grpc] Node added: 7700723abe30df4e...
  [grpc] Node added: 54f26d1d6cfb3b46...
  [grpc] Node added: 211abe8c1e101943...
  [grpc] Node added: 4d610e920bfc4441...
  [grpc] Node added: 356f48b403f2114b...
  [grpc] Tile root set; server root_id=aedf641c0907744b...
  [grpc] Node added: 6452f9aaeb24db4a...
  [grpc] Node added: 18a933748208e645...
  [grpc] Tile root set; server root_id=a65d5c7bd9b5be41...
  [grpc] Tile root set; server root_id=c51d5b94c8e05c4c...
  [grpc] Node added: 03dbf207b6a7bb4e...
  [grpc] Node added: 0af0e4ce68d5c14b...
  [grpc] Node added: 1ba28f48c7ba5141...
  [grpc] Node added: 962936200db4b548...
  [grpc] Node added: d14e75ea3571d543...
  [grpc] Node added: cab89b90d2da4e47...
  [grpc] Node added: c757e34992fcaa4b...
  [grpc] Node added: f5fe1e3401bd264f...
  [grpc] Node added: 265e211fa8cc794a...
  [grpc] Node added: 763b299af57c5c4b...
  [grpc] Node added: e1216f9d3f900444...
{"action": "empty \u2014 placeholder visible", "code": "composer-edit:0", "cursor_row": 0, "cursor_x": 0.0, "expected_visual": "composer shows ''; caret at position 0", "status": "checkpoint", "step_index": 9, "text_len": 0, "title": "Composer edit state 0", "ts_wall": 1783256394, "visual_lines": 0}
{"action": "typed 'Hello' \u2014 caret after final l", "code": "composer-edit:1", "cursor_row": 0, "cursor_x": 45.599999999999994, "expected_visual": "composer shows 'Hello'; caret at position 5", "status": "checkpoint", "step_index": 9, "text_len": 5, "title": "Composer edit state 1", "ts_wall": 1783256395, "visual_lines": 1}
{"action": "typed ', world!' \u2014 caret at end", "code": "composer-edit:2", "cursor_row": 0, "cursor_x": 118.56000000000002, "expected_visual": "composer shows 'Hello, world!'; caret at position 13", "status": "checkpoint", "step_index": 9, "text_len": 13, "title": "Composer edit state 2", "ts_wall": 1783256396, "visual_lines": 1}
{"action": "deleted '!' \u2014 caret at d", "code": "composer-edit:3", "cursor_row": 0, "cursor_x": 109.44000000000001, "expected_visual": "composer shows 'Hello, world'; caret at position 12", "status": "checkpoint", "step_index": 9, "text_len": 12, "title": "Composer edit state 3", "ts_wall": 1783256397, "visual_lines": 1}
{"action": "deleted ', world' \u2014 back to 'Hello'", "code": "composer-edit:4", "cursor_row": 0, "cursor_x": 45.599999999999994, "expected_visual": "composer shows 'Hello'; caret at position 5", "status": "checkpoint", "step_index": 9, "text_len": 5, "title": "Composer edit state 4", "ts_wall": 1783256398, "visual_lines": 1}
{"action": "deleted 'o' \u2014 mid-word", "code": "composer-edit:5", "cursor_row": 0, "cursor_x": 36.48, "expected_visual": "composer shows 'Hell'; caret at position 4", "status": "checkpoint", "step_index": 9, "text_len": 4, "title": "Composer edit state 5", "ts_wall": 1783256399, "visual_lines": 1}
{"action": "cleared \u2014 placeholder re-appears", "code": "composer-edit:6", "cursor_row": 0, "cursor_x": 0.0, "expected_visual": "composer shows ''; caret at position 0", "status": "completed", "step_index": 9, "text_len": 0, "title": "Composer edit state 6", "ts_wall": 1783256400, "visual_lines": 0}
{"action": "review transcript and capture UX notes", "code": "scenario_complete", "expected_visual": "portal visible until cleanup releases the lease", "status": "completed", "step_index": 99, "title": "Text Stream Portal scenario complete", "ts_wall": 1783256400}
  [grpc] Lease released
{"action": "release the lease before closing the session", "code": "cleanup:lease-release", "expected_visual": "all portal tiles are removed from the HUD", "status": "completed", "step_index": 100, "title": "Portal lease released", "ts_wall": 1783256400}
