{"action": "connect and open resident session", "code": "scenario", "doc": "docs/reports/exemplar-manual-review-checklist.md", "expected_visual": "operator follows JSON step transcript", "phases": "profile-swap", "status": "started", "step_index": 0, "target": "tzehouse-windows.parrot-hen.ts.net:50051", "title": "Text Stream Portal live scenario", "ts_wall": 1783256896}
  [grpc] Session established: namespace=agent-alpha, caps=['create_tiles', 'modify_own_tiles', 'access_input_events', 'read_telemetry']
  [grpc] Scene display area: 3840x2160
{"action": "adopt runtime-delivered resolved PortalPartTokens as the live source when the handshake exposes them; else keep the local mirror", "code": "tokens:source", "expected_visual": "portal renders the runtime's active-profile look", "runtime_token_count": 47, "status": "checkpoint", "step_index": 0, "title": "Portal design-token source resolved", "token_source": "runtime-handshake", "ts_wall": 1783256897}
{"action": "use live scene dimensions for portal placement and drag bounds", "code": "scene:display-area", "expected_visual": "portal can be dragged across the full HUD surface", "scene_height": 2160.0, "scene_width": 3840.0, "status": "checkpoint", "step_index": 0, "title": "Scene display area resolved", "ts_wall": 1783256897}
  [grpc] Lease granted: ttl=600000ms, priority=2
{"action": "scale portal defaults from live scene dimensions unless explicit size overrides were provided", "code": "portal:size", "expected_visual": "portal occupies a readable portion of the detected display", "explicit_height": false, "explicit_width": false, "portal_h": 1360.0, "portal_w": 1720.0, "status": "checkpoint", "step_index": 0, "title": "Portal size resolved", "ts_wall": 1783256897}
  [grpc] Tile created: 019f3264d45470c3...
  [grpc] Tile created: 019f3264d5e87b43...
  [grpc] Tile created: 019f3264d5f67881...
  [grpc] Tile created: 019f3264d6347533...
  [grpc] Tile created: 019f3264d64e76c1...
  [grpc] Tile created: 019f3264d65e7803...
{"action": "cycle compact \u2192 standard \u2192 expanded portal token profiles (palette + typography + dimensions)", "code": "profile-swap", "expected_visual": "portal palette AND chrome dimensions shift each cycle; body text remains readable; no layout collapse", "status": "started", "step_index": 11, "title": "Visual profile swap", "ts_wall": 1783256897}
  [grpc] Tile opacity set to 0.0
  [grpc] Tile input mode set
  [grpc] Tile opacity set to 1.0
  [grpc] Tile input mode set
  [grpc] Tile opacity set to 1.0
  [grpc] Tile input mode set
  [grpc] Tile opacity set to 1.0
  [grpc] Tile input mode set
  [grpc] Tile input mode set
  [grpc] Tile opacity set to 0.0
  [grpc] Tile opacity set to 0.0
  [grpc] Tile input mode set
  [grpc] Tile root set; server root_id=fd5c0b5c3a065944...
  [grpc] Node added: 44da184f72809140...
  [grpc] Tile root set; server root_id=f0e1c72b4dc8534e...
  [grpc] Node added: b846fa953d58734a...
  [grpc] Node added: cf88eac40e102346...
  [grpc] Node added: 605a98dd08716b4a...
  [grpc] Node added: f9821d88f025eb4b...
  [grpc] Node added: 42246b0ac5cc1442...
  [grpc] Node added: 7b8f52e327e73641...
  [grpc] Node added: 801ae32c77a45c4f...
  [grpc] Node added: 31dab62474564849...
  [grpc] Node added: e87d122b05996340...
  [grpc] Node added: a5255f8e671e9a43...
  [grpc] Node added: 398deaf4ba3c0344...
  [grpc] Node added: 785fa66a9fb52245...
  [grpc] Node added: 004fd7e9f5ff024a...
  [grpc] Node added: c960a570ecda9446...
  [grpc] Node added: af7ce22b76fa4a46...
  [grpc] Node added: cd35827836df4545...
  [grpc] Node added: d0bee60ca644c747...
  [grpc] Node added: fc39690f6e723e40...
  [grpc] Node added: 8ab3054a98bcb44c...
  [grpc] Node added: 5e2433b06af8ca43...
  [grpc] Node added: b891adcdc7ca6141...
  [grpc] Node added: b08150f52e478741...
  [grpc] Node added: c9ee2811eee01745...
  [grpc] Node added: 4f333627abd79a48...
  [grpc] Node added: eb45c821eee2544d...
  [grpc] Node added: 645e06eb35e89b49...
  [grpc] Node added: 8019b2e62fb07141...
  [grpc] Node added: 7a1e87ac70310941...
  [grpc] Node added: 7d269628a9066341...
  [grpc] Node added: aabd760fbe55e445...
  [grpc] Tile root set; server root_id=992cf60b06276f4e...
  [grpc] Node added: c7374f4bf5d4ec43...
  [grpc] Node added: 1c318e9cc3cf9144...
  [grpc] Node added: 323daab9c2957b45...
  [grpc] Node added: 26e332f8cf719146...
  [grpc] Node added: 22ad666ed0196b4a...
  [grpc] Node added: 2c0beef0c20ba442...
  [grpc] Node added: b66a6295d9155841...
  [grpc] Node added: 7e9bb537b44ef142...
  [grpc] Node added: cbbadd74aa0be047...
  [grpc] Node added: 9ca4ec5609769249...
  [grpc] Node added: 1f7ac0c93342d14a...
  [grpc] Tile root set; server root_id=3c666bc05e243747...
  [grpc] Node added: 298625360963314d...
  [grpc] Node added: d163703818d63d44...
  [grpc] Tile root set; server root_id=a0db777f2019a741...
  [grpc] Tile root set; server root_id=53c52f42ad41344f...
  [grpc] Node added: 79d89b4d917a7a4a...
  [grpc] Node added: ee45b2ccc2005543...
  [grpc] Node added: d5d228f9e27f7e4d...
  [grpc] Node added: a71fd80bc7fa134f...
  [grpc] Node added: 0fe75ed8805adc46...
  [grpc] Node added: 04f01c30aaa55f49...
  [grpc] Node added: 44511e6d3b02a24f...
  [grpc] Node added: eebb15d61548f94f...
  [grpc] Node added: ed3df0b2c3442546...
  [grpc] Node added: fb42b19584e57343...
  [grpc] Node added: 24aacaca7720614f...
{"action": "apply 'compact' portal tokens: 680\u00d7520px, title_font=16.0pt, body_font=14.0pt, frame_bg=rgba(0.063, 0.094, 0.149, 0.851)", "body_font_pt": 14.0, "code": "profile-swap:compact", "expected_visual": "portal reskins to 'compact' palette + dimensions; content remains readable", "operator_evidence": {"code": "profile-swap:compact", "confirmed": null, "observed": {"body_font_pt": 14.0, "portal_h": 520.0, "portal_w": 680.0, "profile": "compact", "resolved_frame_background": [0.0627, 0.0941, 0.149, 0.851], "resolved_transcript_text_color": [0.8627, 0.902, 0.9608, 1.0], "title_font_pt": 16.0}, "operator_confirm": "portal reskinned to 'compact' profile; palette AND chrome dimensions shifted (frame + text sourced from resolved tokens) and body text remained readable with no layout collapse"}, "portal_h": 520.0, "portal_w": 680.0, "status": "checkpoint", "step_index": 11, "title": "Profile 'compact'", "title_font_pt": 16.0, "ts_wall": 1783256898}
{"action": "runtime focus manager focused the composer hit region", "code": "input:focus-gained", "expected_visual": "subsequent keyboard events route to composer", "status": "checkpoint", "step_index": 10, "title": "Composer focus gained", "ts_wall": 1783256907}
{"action": "input composer received pointer down", "code": "input:focus-attempt", "display_x": 2235.0, "display_y": 448.0, "expected_visual": "keyboard focus should move to composer", "status": "checkpoint", "step_index": 10, "title": "Composer pointer down", "ts_wall": 1783256907}
{"action": "runtime delivered key input; draft state update arrives via composer_draft_state", "alt": false, "code": "input:key-down", "ctrl": false, "expected_visual": "editing result arrives via runtime-owned draft-state event", "key": "w", "key_code": "KeyW", "meta": false, "repeat": false, "shift": false, "status": "checkpoint", "step_index": 10, "title": "Composer key down received (observed)", "ts_wall": 1783256907}
{"action": "runtime-owned draft buffer delivered coalesced text+cursor snapshot", "at_capacity": false, "code": "input:draft-state", "cursor": 1, "expected_visual": "composer text window reflects runtime draft state", "sequence": 1, "status": "checkpoint", "step_index": 10, "text_len": 1, "title": "Composer draft state received", "ts_wall": 1783256907}
{"action": "runtime delivered key input; draft state update arrives via composer_draft_state", "alt": false, "code": "input:key-down", "ctrl": false, "expected_visual": "editing result arrives via runtime-owned draft-state event", "key": "a", "key_code": "KeyA", "meta": false, "repeat": false, "shift": false, "status": "checkpoint", "step_index": 10, "title": "Composer key down received (observed)", "ts_wall": 1783256907}
{"action": "runtime-owned draft buffer delivered coalesced text+cursor snapshot", "at_capacity": false, "code": "input:draft-state", "cursor": 2, "expected_visual": "composer text window reflects runtime draft state", "sequence": 2, "status": "checkpoint", "step_index": 10, "text_len": 2, "title": "Composer draft state received", "ts_wall": 1783256907}
{"action": "runtime delivered key release; used to diagnose OS key delivery", "alt": false, "code": "input:key-up", "ctrl": false, "expected_visual": "no visible change expected from release alone", "key": "w", "key_code": "KeyW", "meta": false, "shift": false, "status": "checkpoint", "step_index": 10, "title": "Composer key up received (observed)", "ts_wall": 1783256908}
{"action": "runtime delivered key release; used to diagnose OS key delivery", "alt": false, "code": "input:key-up", "ctrl": false, "expected_visual": "no visible change expected from release alone", "key": "a", "key_code": "KeyA", "meta": false, "shift": false, "status": "checkpoint", "step_index": 10, "title": "Composer key up received (observed)", "ts_wall": 1783256908}
{"action": "runtime delivered key input; draft state update arrives via composer_draft_state", "alt": false, "code": "input:key-down", "ctrl": false, "expected_visual": "editing result arrives via runtime-owned draft-state event", "key": "t", "key_code": "KeyT", "meta": false, "repeat": false, "shift": false, "status": "checkpoint", "step_index": 10, "title": "Composer key down received (observed)", "ts_wall": 1783256908}
{"action": "runtime-owned draft buffer delivered coalesced text+cursor snapshot", "at_capacity": false, "code": "input:draft-state", "cursor": 3, "expected_visual": "composer text window reflects runtime draft state", "sequence": 3, "status": "checkpoint", "step_index": 10, "text_len": 3, "title": "Composer draft state received", "ts_wall": 1783256908}
{"action": "runtime delivered key release; used to diagnose OS key delivery", "alt": false, "code": "input:key-up", "ctrl": false, "expected_visual": "no visible change expected from release alone", "key": "t", "key_code": "KeyT", "meta": false, "shift": false, "status": "checkpoint", "step_index": 10, "title": "Composer key up received (observed)", "ts_wall": 1783256908}
  [grpc] Tile opacity set to 0.0
  [grpc] Tile input mode set
  [grpc] Tile opacity set to 1.0
  [grpc] Tile input mode set
  [grpc] Tile opacity set to 1.0
  [grpc] Tile input mode set
  [grpc] Tile opacity set to 1.0
  [grpc] Tile input mode set
  [grpc] Tile input mode set
  [grpc] Tile opacity set to 0.0
  [grpc] Tile opacity set to 0.0
  [grpc] Tile input mode set
  [grpc] Tile root set; server root_id=645697a5d1f47c4c...
  [grpc] Node added: 6d8e25e9da2f754a...
  [grpc] Tile root set; server root_id=6ca7f36b1bdeb148...
  [grpc] Node added: 4a1ba239df55864a...
  [grpc] Node added: 192347dbf6fb1d46...
{"action": "runtime-owned draft buffer delivered coalesced text+cursor snapshot", "at_capacity": false, "code": "input:draft-state", "cursor": 0, "expected_visual": "composer text window reflects runtime draft state", "sequence": 5, "status": "checkpoint", "step_index": 10, "text_len": 0, "title": "Composer draft state received", "ts_wall": 1783256908}
{"action": "runtime-owned draft submitted; recorded in INPUT-pane history, composer clears", "code": "input:submit", "expected_visual": "submitted text appears beneath the composer in the LEFT input pane (not the OUTPUT transcript)", "input_history_len": 1, "status": "checkpoint", "step_index": 10, "submitted": "wat", "title": "Composer submitted", "ts_wall": 1783256908}
  [grpc] Node added: 04f48f9145867547...
  [grpc] Node added: db64026413f66242...
  [grpc] Node added: 7dc3d18a0b70524b...
  [grpc] Node added: 2c7f66eb2802ad45...
  [grpc] Node added: 39ea3578dbdfac49...
  [grpc] Node added: e1c7516232af874d...
  [grpc] Node added: 29d8a4cc32f97b48...
  [grpc] Node added: 0282b61567dbba48...
  [grpc] Node added: bb2ceacf9589724c...
  [grpc] Node added: ee2981dc36e7d545...
  [grpc] Node added: d9eb078e30e9cf48...
  [grpc] Node added: e5040623612dbb43...
  [grpc] Node added: 8c91c22e75d79b49...
  [grpc] Node added: 30fb6a2e531d6c4d...
{"action": "runtime delivered key release; used to diagnose OS key delivery", "alt": false, "code": "input:key-up", "ctrl": false, "expected_visual": "no visible change expected from release alone", "key": "Enter", "key_code": "Enter", "meta": false, "shift": false, "status": "checkpoint", "step_index": 10, "title": "Composer key up received (observed)", "ts_wall": 1783256908}
  [grpc] Node added: add2c7d1d19bd040...
  [grpc] Node added: 738e90cf359ff347...
  [grpc] Node added: 40ccf58be609814c...
  [grpc] Node added: 05e81eaa19c4b740...
  [grpc] Node added: e4f156a31ef0b04b...
  [grpc] Node added: 9bf46546195d4841...
  [grpc] Node added: 9e3bcec470b27b44...
  [grpc] Node added: b821f627ab506b4d...
  [grpc] Node added: bfac7f59d163e44d...
  [grpc] Node added: e87a0d3bb64ad94e...
  [grpc] Node added: 46bf90299b6fd74d...
  [grpc] Node added: c6944b60d6d6b344...
  [grpc] Node added: 574a30a34d0bf140...
  [grpc] Node added: 35afa601a1db7246...
  [grpc] Tile root set; server root_id=fbc1a36974ec7646...
  [grpc] Node added: 80de49f212522148...
  [grpc] Node added: 17d838a632545c4a...
  [grpc] Node added: f940a5eab51ee547...
  [grpc] Node added: cb2f8dd7d079a34c...
  [grpc] Node added: 824ada8dfb07d24a...
  [grpc] Node added: f2d9faae87b1014a...
  [grpc] Node added: c91613312361b945...
  [grpc] Node added: c07c92c792d57947...
  [grpc] Node added: 70437d80002bf948...
  [grpc] Node added: 8133a00990426c4a...
  [grpc] Node added: 5f8f6b9c7796d541...
  [grpc] Tile root set; server root_id=144c2df4ed77a743...
  [grpc] Node added: 95285aad5b53be47...
  [grpc] Node added: a5889c90bb32eb48...
  [grpc] Tile root set; server root_id=c144bfa95307954d...
  [grpc] Tile root set; server root_id=cc402454945af24c...
  [grpc] Node added: ba575854b4a5004a...
  [grpc] Node added: b0e45946eea9424a...
  [grpc] Node added: 18504f76baf54343...
  [grpc] Node added: fca270d0c8cad945...
  [grpc] Node added: a1eca5b3b4f5c344...
  [grpc] Node added: 6b68aa0d00c5a14e...
  [grpc] Node added: 491c248d2ad5d049...
  [grpc] Node added: 059c3447d310b649...
  [grpc] Node added: e7bc0d05f0733a44...
  [grpc] Node added: e41706f85cdac941...
  [grpc] Node added: 54615cb780d66545...
{"action": "apply 'standard' portal tokens: 1720\u00d71360px, title_font=16.0pt, body_font=16.0pt, frame_bg=rgba(0.0, 0.0, 0.0, 0.302)", "body_font_pt": 16.0, "code": "profile-swap:standard", "expected_visual": "portal reskins to 'standard' palette + dimensions; content remains readable", "operator_evidence": {"code": "profile-swap:standard", "confirmed": null, "observed": {"body_font_pt": 16.0, "portal_h": 1360.0, "portal_w": 1720.0, "profile": "standard", "resolved_frame_background": [0.0, 0.0, 0.0, 0.302], "resolved_transcript_text_color": [0.9216, 0.9412, 0.9686, 1.0], "title_font_pt": 16.0}, "operator_confirm": "portal reskinned to 'standard' profile; palette AND chrome dimensions shifted (frame + text sourced from resolved tokens) and body text remained readable with no layout collapse"}, "portal_h": 1360.0, "portal_w": 1720.0, "status": "checkpoint", "step_index": 11, "title": "Profile 'standard'", "title_font_pt": 16.0, "ts_wall": 1783256909}
{"action": "runtime focus manager moved focus away from composer", "code": "input:focus-lost", "expected_visual": "composer stops receiving keyboard events", "status": "checkpoint", "step_index": 10, "title": "Composer focus lost", "ts_wall": 1783256910}
{"action": "runtime focus manager focused the composer hit region", "code": "input:focus-gained", "expected_visual": "subsequent keyboard events route to composer", "status": "checkpoint", "step_index": 10, "title": "Composer focus gained", "ts_wall": 1783256910}
{"action": "input composer received pointer down", "code": "input:focus-attempt", "display_x": 2339.0, "display_y": 330.0, "expected_visual": "keyboard focus should move to composer", "status": "checkpoint", "step_index": 10, "title": "Composer pointer down", "ts_wall": 1783256910}
{"action": "runtime delivered key input; draft state update arrives via composer_draft_state", "alt": false, "code": "input:key-down", "ctrl": false, "expected_visual": "editing result arrives via runtime-owned draft-state event", "key": "w", "key_code": "KeyW", "meta": false, "repeat": false, "shift": false, "status": "checkpoint", "step_index": 10, "title": "Composer key down received (observed)", "ts_wall": 1783256910}
{"action": "runtime delivered key input; draft state update arrives via composer_draft_state", "alt": false, "code": "input:key-down", "ctrl": false, "expected_visual": "editing result arrives via runtime-owned draft-state event", "key": "a", "key_code": "KeyA", "meta": false, "repeat": false, "shift": false, "status": "checkpoint", "step_index": 10, "title": "Composer key down received (observed)", "ts_wall": 1783256910}
{"action": "runtime delivered key release; used to diagnose OS key delivery", "alt": false, "code": "input:key-up", "ctrl": false, "expected_visual": "no visible change expected from release alone", "key": "w", "key_code": "KeyW", "meta": false, "shift": false, "status": "checkpoint", "step_index": 10, "title": "Composer key up received (observed)", "ts_wall": 1783256910}
{"action": "runtime delivered key input; draft state update arrives via composer_draft_state", "alt": false, "code": "input:key-down", "ctrl": false, "expected_visual": "editing result arrives via runtime-owned draft-state event", "key": "r", "key_code": "KeyR", "meta": false, "repeat": false, "shift": false, "status": "checkpoint", "step_index": 10, "title": "Composer key down received (observed)", "ts_wall": 1783256910}
{"action": "runtime delivered key release; used to diagnose OS key delivery", "alt": false, "code": "input:key-up", "ctrl": false, "expected_visual": "no visible change expected from release alone", "key": "a", "key_code": "KeyA", "meta": false, "shift": false, "status": "checkpoint", "step_index": 10, "title": "Composer key up received (observed)", "ts_wall": 1783256910}
{"action": "runtime delivered key release; used to diagnose OS key delivery", "alt": false, "code": "input:key-up", "ctrl": false, "expected_visual": "no visible change expected from release alone", "key": "r", "key_code": "KeyR", "meta": false, "shift": false, "status": "checkpoint", "step_index": 10, "title": "Composer key up received (observed)", "ts_wall": 1783256910}
{"action": "runtime delivered key input; draft state update arrives via composer_draft_state", "alt": false, "code": "input:key-down", "ctrl": false, "expected_visual": "editing result arrives via runtime-owned draft-state event", "key": "t", "key_code": "KeyT", "meta": false, "repeat": false, "shift": false, "status": "checkpoint", "step_index": 10, "title": "Composer key down received (observed)", "ts_wall": 1783256911}
{"action": "runtime-owned draft buffer delivered coalesced text+cursor snapshot", "at_capacity": false, "code": "input:draft-state", "cursor": 3, "expected_visual": "composer text window reflects runtime draft state", "sequence": 5, "status": "checkpoint", "step_index": 10, "text_len": 3, "title": "Composer draft state received", "ts_wall": 1783256911}
{"action": "runtime delivered key release; used to diagnose OS key delivery", "alt": false, "code": "input:key-up", "ctrl": false, "expected_visual": "no visible change expected from release alone", "key": "Backspace", "key_code": "Backspace", "meta": false, "shift": false, "status": "checkpoint", "step_index": 10, "title": "Composer key up received (observed)", "ts_wall": 1783256911}
{"action": "runtime delivered key release; used to diagnose OS key delivery", "alt": false, "code": "input:key-up", "ctrl": false, "expected_visual": "no visible change expected from release alone", "key": "t", "key_code": "KeyT", "meta": false, "shift": false, "status": "checkpoint", "step_index": 10, "title": "Composer key up received (observed)", "ts_wall": 1783256911}
{"action": "runtime-owned draft buffer delivered coalesced text+cursor snapshot", "at_capacity": false, "code": "input:draft-state", "cursor": 0, "expected_visual": "composer text window reflects runtime draft state", "sequence": 7, "status": "checkpoint", "step_index": 10, "text_len": 0, "title": "Composer draft state received", "ts_wall": 1783256911}
{"action": "runtime-owned draft submitted; recorded in INPUT-pane history, composer clears", "code": "input:submit", "expected_visual": "submitted text appears beneath the composer in the LEFT input pane (not the OUTPUT transcript)", "input_history_len": 2, "status": "checkpoint", "step_index": 10, "submitted": "wat", "title": "Composer submitted", "ts_wall": 1783256911}
{"action": "runtime delivered key release; used to diagnose OS key delivery", "alt": false, "code": "input:key-up", "ctrl": false, "expected_visual": "no visible change expected from release alone", "key": "Enter", "key_code": "Enter", "meta": false, "shift": false, "status": "checkpoint", "step_index": 10, "title": "Composer key up received (observed)", "ts_wall": 1783256911}
{"action": "runtime delivered key input; draft state update arrives via composer_draft_state", "alt": false, "code": "input:key-down", "ctrl": false, "expected_visual": "editing result arrives via runtime-owned draft-state event", "key": "t", "key_code": "KeyT", "meta": false, "repeat": false, "shift": false, "status": "checkpoint", "step_index": 10, "title": "Composer key down received (observed)", "ts_wall": 1783256912}
{"action": "runtime-owned draft buffer delivered coalesced text+cursor snapshot", "at_capacity": false, "code": "input:draft-state", "cursor": 1, "expected_visual": "composer text window reflects runtime draft state", "sequence": 7, "status": "checkpoint", "step_index": 10, "text_len": 1, "title": "Composer draft state received", "ts_wall": 1783256912}
{"action": "runtime delivered key input; draft state update arrives via composer_draft_state", "alt": false, "code": "input:key-down", "ctrl": false, "expected_visual": "editing result arrives via runtime-owned draft-state event", "key": "e", "key_code": "KeyE", "meta": false, "repeat": false, "shift": false, "status": "checkpoint", "step_index": 10, "title": "Composer key down received (observed)", "ts_wall": 1783256912}
{"action": "runtime-owned draft buffer delivered coalesced text+cursor snapshot", "at_capacity": false, "code": "input:draft-state", "cursor": 2, "expected_visual": "composer text window reflects runtime draft state", "sequence": 8, "status": "checkpoint", "step_index": 10, "text_len": 2, "title": "Composer draft state received", "ts_wall": 1783256912}
{"action": "runtime delivered key input; draft state update arrives via composer_draft_state", "alt": false, "code": "input:key-down", "ctrl": false, "expected_visual": "editing result arrives via runtime-owned draft-state event", "key": "s", "key_code": "KeyS", "meta": false, "repeat": false, "shift": false, "status": "checkpoint", "step_index": 10, "title": "Composer key down received (observed)", "ts_wall": 1783256912}
{"action": "runtime-owned draft buffer delivered coalesced text+cursor snapshot", "at_capacity": false, "code": "input:draft-state", "cursor": 3, "expected_visual": "composer text window reflects runtime draft state", "sequence": 9, "status": "checkpoint", "step_index": 10, "text_len": 3, "title": "Composer draft state received", "ts_wall": 1783256912}
{"action": "runtime delivered key release; used to diagnose OS key delivery", "alt": false, "code": "input:key-up", "ctrl": false, "expected_visual": "no visible change expected from release alone", "key": "t", "key_code": "KeyT", "meta": false, "shift": false, "status": "checkpoint", "step_index": 10, "title": "Composer key up received (observed)", "ts_wall": 1783256912}
{"action": "runtime delivered key input; draft state update arrives via composer_draft_state", "alt": false, "code": "input:key-down", "ctrl": false, "expected_visual": "editing result arrives via runtime-owned draft-state event", "key": "t", "key_code": "KeyT", "meta": false, "repeat": false, "shift": false, "status": "checkpoint", "step_index": 10, "title": "Composer key down received (observed)", "ts_wall": 1783256912}
{"action": "runtime-owned draft buffer delivered coalesced text+cursor snapshot", "at_capacity": false, "code": "input:draft-state", "cursor": 4, "expected_visual": "composer text window reflects runtime draft state", "sequence": 10, "status": "checkpoint", "step_index": 10, "text_len": 4, "title": "Composer draft state received", "ts_wall": 1783256912}
{"action": "runtime delivered key release; used to diagnose OS key delivery", "alt": false, "code": "input:key-up", "ctrl": false, "expected_visual": "no visible change expected from release alone", "key": "e", "key_code": "KeyE", "meta": false, "shift": false, "status": "checkpoint", "step_index": 10, "title": "Composer key up received (observed)", "ts_wall": 1783256912}
{"action": "runtime delivered key release; used to diagnose OS key delivery", "alt": false, "code": "input:key-up", "ctrl": false, "expected_visual": "no visible change expected from release alone", "key": "s", "key_code": "KeyS", "meta": false, "shift": false, "status": "checkpoint", "step_index": 10, "title": "Composer key up received (observed)", "ts_wall": 1783256912}
{"action": "runtime-owned draft buffer delivered coalesced text+cursor snapshot", "at_capacity": false, "code": "input:draft-state", "cursor": 0, "expected_visual": "composer text window reflects runtime draft state", "sequence": 12, "status": "checkpoint", "step_index": 10, "text_len": 0, "title": "Composer draft state received", "ts_wall": 1783256912}
{"action": "runtime-owned draft submitted; recorded in INPUT-pane history, composer clears", "code": "input:submit", "expected_visual": "submitted text appears beneath the composer in the LEFT input pane (not the OUTPUT transcript)", "input_history_len": 3, "status": "checkpoint", "step_index": 10, "submitted": "test", "title": "Composer submitted", "ts_wall": 1783256912}
{"action": "runtime delivered key release; used to diagnose OS key delivery", "alt": false, "code": "input:key-up", "ctrl": false, "expected_visual": "no visible change expected from release alone", "key": "t", "key_code": "KeyT", "meta": false, "shift": false, "status": "checkpoint", "step_index": 10, "title": "Composer key up received (observed)", "ts_wall": 1783256912}
{"action": "runtime delivered key release; used to diagnose OS key delivery", "alt": false, "code": "input:key-up", "ctrl": false, "expected_visual": "no visible change expected from release alone", "key": "Enter", "key_code": "Enter", "meta": false, "shift": false, "status": "checkpoint", "step_index": 10, "title": "Composer key up received (observed)", "ts_wall": 1783256912}
{"action": "runtime delivered key input; draft state update arrives via composer_draft_state", "alt": true, "code": "input:key-down", "ctrl": false, "expected_visual": "editing result arrives via runtime-owned draft-state event", "key": "Alt", "key_code": "AltLeft", "meta": false, "repeat": false, "shift": false, "status": "checkpoint", "step_index": 10, "title": "Composer key down received (observed)", "ts_wall": 1783256916}
{"action": "runtime delivered key release; used to diagnose OS key delivery", "alt": false, "code": "input:key-up", "ctrl": false, "expected_visual": "no visible change expected from release alone", "key": "Alt", "key_code": "AltLeft", "meta": false, "shift": false, "status": "checkpoint", "step_index": 10, "title": "Composer key up received (observed)", "ts_wall": 1783256916}
  [grpc] Tile opacity set to 0.0
  [grpc] Tile input mode set
  [grpc] Tile opacity set to 1.0
  [grpc] Tile input mode set
  [grpc] Tile opacity set to 1.0
  [grpc] Tile input mode set
  [grpc] Tile opacity set to 1.0
  [grpc] Tile input mode set
  [grpc] Tile input mode set
  [grpc] Tile opacity set to 0.0
  [grpc] Tile opacity set to 0.0
  [grpc] Tile input mode set
  [grpc] Tile root set; server root_id=408e13365f667243...
  [grpc] Node added: 85cd4424873c724e...
  [grpc] Tile root set; server root_id=c25566df81fc8a47...
  [grpc] Node added: b54ecaf62bd7ec41...
  [grpc] Node added: d83d3494e482f840...
  [grpc] Node added: 8ea1b95bfc564c4c...
  [grpc] Node added: cac5b64ffd18f940...
  [grpc] Node added: 5b78b1103147f842...
  [grpc] Node added: 36600e58a79acb48...
  [grpc] Node added: fd7f5a494763054c...
  [grpc] Node added: 06355b44bef8974c...
  [grpc] Node added: 9c4ec03bee154843...
  [grpc] Node added: 39b58f8d64928b47...
  [grpc] Node added: a23a72840f5a7a41...
  [grpc] Node added: 93f054fc47ecad46...
  [grpc] Node added: c1d136ec5318ac4c...
  [grpc] Node added: 6ed0deb0bd62aa49...
  [grpc] Node added: 7e9d5b2f0fb21e47...
  [grpc] Node added: ea9efad3769c6146...
  [grpc] Node added: a670995352b5c642...
  [grpc] Node added: 0dd76297c9efde4e...
  [grpc] Node added: bad1c1c2ef28ff4c...
  [grpc] Node added: e55cfc3a36fef547...
  [grpc] Node added: c1a7640d984d694b...
  [grpc] Node added: cf8780252fe94046...
  [grpc] Node added: c2ee30957c835f4c...
  [grpc] Node added: 2b91d9ab791b2446...
  [grpc] Node added: 740a5489f7c2c842...
  [grpc] Node added: 5d638b851240b047...
  [grpc] Node added: c1672512374b034d...
  [grpc] Node added: b9cafa71094e4349...
  [grpc] Node added: 03c1b8023d123f4e...
  [grpc] Node added: 1035125a7261e340...
  [grpc] Tile root set; server root_id=228bf2d1d3a33649...
  [grpc] Node added: 19f8497027fa9448...
  [grpc] Node added: 7c65395b18faea4a...
  [grpc] Node added: b62d3609e0276d47...
  [grpc] Node added: 875a265446a1a040...
  [grpc] Node added: 80bea8744466fa47...
  [grpc] Node added: 2af9633d8078e54b...
  [grpc] Node added: f7fb0bab614a0841...
  [grpc] Node added: 7c966b078e9eb547...
  [grpc] Node added: 42ec5e0bc036bc41...
  [grpc] Node added: 111354f1d3bded45...
  [grpc] Node added: e901d221ef5f8f42...
  [grpc] Tile root set; server root_id=8d1dad9043a16445...
  [grpc] Node added: 1c8eacf7c3dfbc4f...
  [grpc] Node added: 4c495b2840808e44...
  [grpc] Tile root set; server root_id=86798fe42dd0e74d...
  [grpc] Tile root set; server root_id=a39c8c7451eb7e44...
  [grpc] Node added: 7c44d050c3880c4a...
  [grpc] Node added: c44cf4156668e341...
  [grpc] Node added: 71e2caf04613ee42...
  [grpc] Node added: 3754c68e553f3d43...
  [grpc] Node added: 5334f3559e9be54c...
  [grpc] Node added: 5bc1a5b392d64b4f...
  [grpc] Node added: 00bbc6371c1cbd4a...
  [grpc] Node added: 52ef57053a0ef14a...
  [grpc] Node added: 8d1afc4ec11bb141...
  [grpc] Node added: 75dcc7bea0e74d44...
  [grpc] Node added: 2a27f56e9dae5c41...
{"action": "apply 'expanded' portal tokens: 1978\u00d71564px, title_font=20.0pt, body_font=18.0pt, frame_bg=rgba(0.102, 0.071, 0.024, 0.851)", "body_font_pt": 18.0, "code": "profile-swap:expanded", "expected_visual": "portal reskins to 'expanded' palette + dimensions; content remains readable", "operator_evidence": {"code": "profile-swap:expanded", "confirmed": null, "observed": {"body_font_pt": 18.0, "portal_h": 1563.9999999999998, "portal_w": 1977.9999999999998, "profile": "expanded", "resolved_frame_background": [0.102, 0.0706, 0.0235, 0.851], "resolved_transcript_text_color": [0.9608, 0.9255, 0.851, 1.0], "title_font_pt": 20.0}, "operator_confirm": "portal reskinned to 'expanded' profile; palette AND chrome dimensions shifted (frame + text sourced from resolved tokens) and body text remained readable with no layout collapse"}, "portal_h": 1563.9999999999998, "portal_w": 1977.9999999999998, "status": "checkpoint", "step_index": 11, "title": "Profile 'expanded'", "title_font_pt": 20.0, "ts_wall": 1783256919}
{"action": "runtime focus manager moved focus away from composer", "code": "input:focus-lost", "expected_visual": "composer stops receiving keyboard events", "status": "checkpoint", "step_index": 10, "title": "Composer focus lost", "ts_wall": 1783256921}
{"action": "runtime focus manager focused the composer hit region", "code": "input:focus-gained", "expected_visual": "subsequent keyboard events route to composer", "status": "checkpoint", "step_index": 10, "title": "Composer focus gained", "ts_wall": 1783256921}
{"action": "input composer received pointer down", "code": "input:focus-attempt", "display_x": 2200.0, "display_y": 480.0, "expected_visual": "keyboard focus should move to composer", "status": "checkpoint", "step_index": 10, "title": "Composer pointer down", "ts_wall": 1783256921}
{"action": "runtime delivered key input; draft state update arrives via composer_draft_state", "alt": false, "code": "input:key-down", "ctrl": false, "expected_visual": "editing result arrives via runtime-owned draft-state event", "key": "t", "key_code": "KeyT", "meta": false, "repeat": false, "shift": false, "status": "checkpoint", "step_index": 10, "title": "Composer key down received (observed)", "ts_wall": 1783256921}
{"action": "runtime delivered key input; draft state update arrives via composer_draft_state", "alt": false, "code": "input:key-down", "ctrl": false, "expected_visual": "editing result arrives via runtime-owned draft-state event", "key": "e", "key_code": "KeyE", "meta": false, "repeat": false, "shift": false, "status": "checkpoint", "step_index": 10, "title": "Composer key down received (observed)", "ts_wall": 1783256921}
{"action": "runtime delivered key input; draft state update arrives via composer_draft_state", "alt": false, "code": "input:key-down", "ctrl": false, "expected_visual": "editing result arrives via runtime-owned draft-state event", "key": "s", "key_code": "KeyS", "meta": false, "repeat": false, "shift": false, "status": "checkpoint", "step_index": 10, "title": "Composer key down received (observed)", "ts_wall": 1783256921}
{"action": "runtime delivered key release; used to diagnose OS key delivery", "alt": false, "code": "input:key-up", "ctrl": false, "expected_visual": "no visible change expected from release alone", "key": "t", "key_code": "KeyT", "meta": false, "shift": false, "status": "checkpoint", "step_index": 10, "title": "Composer key up received (observed)", "ts_wall": 1783256921}
{"action": "runtime delivered key input; draft state update arrives via composer_draft_state", "alt": false, "code": "input:key-down", "ctrl": false, "expected_visual": "editing result arrives via runtime-owned draft-state event", "key": "t", "key_code": "KeyT", "meta": false, "repeat": false, "shift": false, "status": "checkpoint", "step_index": 10, "title": "Composer key down received (observed)", "ts_wall": 1783256921}
{"action": "runtime delivered key release; used to diagnose OS key delivery", "alt": false, "code": "input:key-up", "ctrl": false, "expected_visual": "no visible change expected from release alone", "key": "e", "key_code": "KeyE", "meta": false, "shift": false, "status": "checkpoint", "step_index": 10, "title": "Composer key up received (observed)", "ts_wall": 1783256921}
{"action": "runtime delivered key release; used to diagnose OS key delivery", "alt": false, "code": "input:key-up", "ctrl": false, "expected_visual": "no visible change expected from release alone", "key": "s", "key_code": "KeyS", "meta": false, "shift": false, "status": "checkpoint", "step_index": 10, "title": "Composer key up received (observed)", "ts_wall": 1783256921}
{"action": "runtime delivered key release; used to diagnose OS key delivery", "alt": false, "code": "input:key-up", "ctrl": false, "expected_visual": "no visible change expected from release alone", "key": "t", "key_code": "KeyT", "meta": false, "shift": false, "status": "checkpoint", "step_index": 10, "title": "Composer key up received (observed)", "ts_wall": 1783256921}
{"action": "runtime-owned draft submitted; recorded in INPUT-pane history, composer clears", "code": "input:submit", "expected_visual": "submitted text appears beneath the composer in the LEFT input pane (not the OUTPUT transcript)", "input_history_len": 4, "status": "checkpoint", "step_index": 10, "submitted": "test", "title": "Composer submitted", "ts_wall": 1783256922}
{"action": "runtime delivered key release; used to diagnose OS key delivery", "alt": false, "code": "input:key-up", "ctrl": false, "expected_visual": "no visible change expected from release alone", "key": "Enter", "key_code": "Enter", "meta": false, "shift": false, "status": "checkpoint", "step_index": 10, "title": "Composer key up received (observed)", "ts_wall": 1783256922}
  [grpc] Tile opacity set to 0.0
  [grpc] Tile input mode set
  [grpc] Tile opacity set to 1.0
  [grpc] Tile input mode set
  [grpc] Tile opacity set to 1.0
  [grpc] Tile input mode set
  [grpc] Tile opacity set to 1.0
  [grpc] Tile input mode set
  [grpc] Tile input mode set
  [grpc] Tile opacity set to 0.0
  [grpc] Tile opacity set to 0.0
  [grpc] Tile input mode set
  [grpc] Tile root set; server root_id=c3973a8a5f26ce43...
  [grpc] Node added: 0f19a6d6b1bbdd40...
  [grpc] Tile root set; server root_id=3b3475b732ab214f...
  [grpc] Node added: 5097e39c56140a4e...
  [grpc] Node added: bab61f961391ac4d...
  [grpc] Node added: 916a2088bae73849...
  [grpc] Node added: 6ab326b05ccefc43...
  [grpc] Node added: 269a0b195916224c...
  [grpc] Node added: 823f582f4056c146...
  [grpc] Node added: 071cd010bac9344b...
  [grpc] Node added: 521160b418da5948...
  [grpc] Node added: e4a863c478284a42...
  [grpc] Node added: 6e006e70e9f33442...
  [grpc] Node added: ef825b396de38c47...
  [grpc] Node added: be2dd851eca3174e...
  [grpc] Node added: 00ee775d114c894e...
  [grpc] Node added: a3be7317e937274b...
  [grpc] Node added: 1f26ed1ae5d22b45...
  [grpc] Node added: 0e2ecfa4eaa35a49...
  [grpc] Node added: 319793e83cbdb545...
  [grpc] Node added: e2e8b09d7ce33b40...
  [grpc] Node added: 6e858ec43a540b4b...
  [grpc] Node added: ba64e8541e86a545...
  [grpc] Node added: da21073e1d281d41...
  [grpc] Node added: c194d4158339d049...
  [grpc] Node added: 1604e89289bf6d49...
  [grpc] Node added: 4b4c9e1a6ee5e247...
  [grpc] Node added: dfbadc9f3194a64d...
  [grpc] Node added: d125bbc65d17ac43...
  [grpc] Node added: a728b39e5886554a...
  [grpc] Node added: 508b950b8d3fd14b...
  [grpc] Node added: 64c163e124ecce47...
  [grpc] Node added: 564bf5272c05bd4a...
  [grpc] Tile root set; server root_id=5743317f404c984e...
  [grpc] Node added: 6ca5411a9d12db41...
  [grpc] Node added: ae3e8f41d6f26648...
  [grpc] Node added: 5b266a62f6934644...
  [grpc] Composer render skipped; input nodes not mounted yet.
  [grpc] Node added: d686d4511924784a...
  [grpc] Node added: 3834eeca6a7ee941...
  [grpc] Node added: 3a8bab6c4aa54945...
  [grpc] Node added: b357f2cc6ba10e43...
  [grpc] Node added: 00b1254c41d82946...
  [grpc] Node added: cbc9750338135047...
  [grpc] Node added: 757e665a0a4e0e49...
  [grpc] Node added: 06e30018b424024c...
  [grpc] Tile root set; server root_id=974c80235052074a...
  [grpc] Node added: 3ecb6d097099ad43...
  [grpc] Node added: 9771c7ee922ae143...
  [grpc] Tile root set; server root_id=d0ef5ed726f16f4a...
  [grpc] Tile root set; server root_id=d177297131fe6545...
  [grpc] Node added: 80cf87afdbbd6c41...
  [grpc] Node added: c172b082a6270243...
  [grpc] Node added: ed4b4f9d3071fc46...
  [grpc] Node added: 6ef6bf716bce784f...
  [grpc] Node added: 5f7529012952e449...
  [grpc] Node added: 6d5138b88cd31c4b...
  [grpc] Node added: 1e27b6e1b5af8d42...
  [grpc] Node added: 03e086021e32f745...
  [grpc] Node added: ac40b3fd70c66846...
  [grpc] Node added: f7376114ba52dd47...
  [grpc] Node added: adb2f7c38921fb49...
{"action": "apply 'standard' portal tokens: 1720\u00d71360px, title_font=16.0pt, body_font=16.0pt, frame_bg=rgba(0.0, 0.0, 0.0, 0.302)", "body_font_pt": 16.0, "code": "profile-swap:standard", "expected_visual": "portal reskins to 'standard' palette + dimensions; content remains readable", "operator_evidence": {"code": "profile-swap:standard", "confirmed": null, "observed": {"body_font_pt": 16.0, "portal_h": 1360.0, "portal_w": 1720.0, "profile": "standard", "resolved_frame_background": [0.0, 0.0, 0.0, 0.302], "resolved_transcript_text_color": [0.9216, 0.9412, 0.9686, 1.0], "title_font_pt": 16.0}, "operator_confirm": "portal reskinned to 'standard' profile; palette AND chrome dimensions shifted (frame + text sourced from resolved tokens) and body text remained readable with no layout collapse"}, "portal_h": 1360.0, "portal_w": 1720.0, "status": "completed", "step_index": 11, "title": "Profile 'standard'", "title_font_pt": 16.0, "ts_wall": 1783256930}
{"action": "review transcript and capture UX notes", "code": "scenario_complete", "expected_visual": "portal visible until cleanup releases the lease", "status": "completed", "step_index": 99, "title": "Text Stream Portal scenario complete", "ts_wall": 1783256940}
  [grpc] Lease released
{"action": "release the lease before closing the session", "code": "cleanup:lease-release", "expected_visual": "all portal tiles are removed from the HUD", "status": "completed", "step_index": 100, "title": "Portal lease released", "ts_wall": 1783256940}
