{"action": "connect and open resident session", "code": "scenario", "doc": "docs/reports/exemplar-manual-review-checklist.md", "expected_visual": "operator follows JSON step transcript", "phases": "window-mgmt", "status": "started", "step_index": 0, "target": "windows-host.example:50051", "title": "Text Stream Portal live scenario", "ts_wall": 1783256496}
  [grpc] Session established: namespace=agent-alpha, caps=['create_tiles', 'modify_own_tiles', 'access_input_events', 'read_telemetry']
  [grpc] Scene display area: 3840x2160
{"action": "adopt runtime-delivered resolved PortalPartTokens as the live source when the handshake exposes them; else keep the local mirror", "code": "tokens:source", "expected_visual": "portal renders the runtime's active-profile look", "runtime_token_count": 47, "status": "checkpoint", "step_index": 0, "title": "Portal design-token source resolved", "token_source": "runtime-handshake", "ts_wall": 1783256496}
{"action": "use live scene dimensions for portal placement and drag bounds", "code": "scene:display-area", "expected_visual": "portal can be dragged across the full HUD surface", "scene_height": 2160.0, "scene_width": 3840.0, "status": "checkpoint", "step_index": 0, "title": "Scene display area resolved", "ts_wall": 1783256496}
  [grpc] Lease granted: ttl=600000ms, priority=2
{"action": "scale portal defaults from live scene dimensions unless explicit size overrides were provided", "code": "portal:size", "expected_visual": "portal occupies a readable portion of the detected display", "explicit_height": false, "explicit_width": false, "portal_h": 1360.0, "portal_w": 1720.0, "status": "checkpoint", "step_index": 0, "title": "Portal size resolved", "ts_wall": 1783256496}
  [grpc] Tile created: 019f325eb70e7f03...
  [grpc] Tile created: 019f325eb7357520...
  [grpc] Tile created: 019f325eb74478e3...
  [grpc] Tile created: 019f325eb7567e80...
  [grpc] Tile created: 019f325eb76675c1...
  [grpc] Tile created: 019f325eb7777b20...
{"action": "move portal \u2192 boundary clamp \u2192 minimize \u2192 restore \u2192 return to origin", "code": "window-mgmt", "expected_visual": "portal moves cleanly; minimize icon appears; restore brings full portal back", "status": "started", "step_index": 12, "title": "Window management sequence", "ts_wall": 1783256496}
  [grpc] Tile root set; server root_id=fbde8862cd22c94d...
  [grpc] Node added: 045553e7b2d04144...
  [grpc] Tile root set; server root_id=931bcb682ad40c42...
  [grpc] Node added: fc8040172c066b43...
  [grpc] Node added: fae306add1818b4c...
  [grpc] Node added: 6e4ca62477b2df43...
  [grpc] Node added: dff44c248c955345...
  [grpc] Node added: 21e5515bf719a147...
  [grpc] Node added: 7b01139eb5066448...
  [grpc] Node added: 0d49eed0ddf98944...
  [grpc] Node added: 198f95bd68485743...
  [grpc] Node added: 58008095eb42a04d...
  [grpc] Node added: d5876fc2ac117b44...
  [grpc] Node added: e95b7cf6f623c646...
  [grpc] Node added: 060fc91e5d436249...
  [grpc] Node added: 7c9fbc0ac9fce04c...
  [grpc] Node added: 631b1e68f3b6b24c...
  [grpc] Node added: 8a157b935cc5d341...
  [grpc] Node added: 6c67e1da04b5094c...
  [grpc] Node added: e49e056844daf34e...
  [grpc] Node added: 880bb30e0add404a...
  [grpc] Node added: eb979842e682474b...
  [grpc] Node added: 00177b519f1d3242...
  [grpc] Node added: a243b605a751ab46...
  [grpc] Node added: 60ceb3d49f38584c...
  [grpc] Node added: 4ee06de07eab4a4d...
  [grpc] Node added: 85a990f5e20bf549...
  [grpc] Node added: 653855a89563b947...
  [grpc] Node added: a5b9b9c174ab114e...
  [grpc] Node added: 81e159e09820424a...
  [grpc] Node added: 6e1750e095560b44...
  [grpc] Node added: 3c95238f5fbd6243...
  [grpc] Node added: 13df995d14ba3147...
  [grpc] Tile root set; server root_id=6660e9d513e39848...
  [grpc] Node added: 5e05ac408f2ed446...
  [grpc] Node added: 0b2978c9628a4d48...
  [grpc] Node added: 8de5f0978c092c44...
  [grpc] Node added: ec59c868b7262043...
  [grpc] Node added: 6694f925f001e448...
  [grpc] Node added: cc1b52eac579a34b...
  [grpc] Node added: f350a054969cb641...
  [grpc] Node added: 054f040143b1a14e...
  [grpc] Node added: 5550155060e0b54b...
  [grpc] Node added: cb811b9ec62d3a43...
  [grpc] Node added: bb7af8605e836442...
  [grpc] Tile root set; server root_id=3ea48ba782d7e747...
  [grpc] Node added: 5ec2cabcf716754a...
  [grpc] Node added: 22408f1c243c4a4f...
{"action": "portal_x=1060, portal_y=400", "code": "window-mgmt:move", "expected_visual": "portal repositioned to centre of scene; chrome intact", "operator_evidence": {"code": "window-mgmt:move", "confirmed": null, "observed": {"portal_x": 1060.0, "portal_y": 400.0}, "operator_confirm": "portal moved cleanly to scene centre with chrome intact"}, "portal_x": 1060.0, "portal_y": 400.0, "status": "checkpoint", "step_index": 12, "title": "Portal moved to centre", "ts_wall": 1783256497}
  [grpc] Tile root set; server root_id=425c881267c0e64e...
  [grpc] Node added: 995038e41ab27c4c...
{"action": "OOB (4040,2360) clamped to (2120,800)", "clamped_x": 2120.0, "clamped_y": 800.0, "code": "window-mgmt:clamp", "expected_visual": "portal visible at bottom-right edge; not partially offscreen", "operator_evidence": {"code": "window-mgmt:clamp", "confirmed": null, "observed": {"clamped_x": 2120.0, "clamped_y": 800.0, "requested_x": 4040.0, "requested_y": 2360.0}, "operator_confirm": "out-of-bounds move clamped to scene edge; portal stays fully on-screen"}, "requested_x": 4040.0, "requested_y": 2360.0, "status": "checkpoint", "step_index": 12, "title": "Boundary clamp verified", "ts_wall": 1783256499}
  [grpc] Tile opacity set to 0.0
  [grpc] Tile input mode set
  [grpc] Tile opacity set to 0.0
  [grpc] Tile input mode set
  [grpc] Tile opacity set to 0.0
  [grpc] Tile input mode set
  [grpc] Tile root set; server root_id=2af171951eedb749...
  [grpc] Node added: d2126574f0cb6543...
  [grpc] Node added: 34b810ab198d6244...
  [grpc] Node added: c624013d6c0fd042...
  [grpc] Node added: ce60c02c62b9fb4e...
  [grpc] Node added: 5de9686d990b9c4c...
  [grpc] Node added: ce9d2cf1c7b17845...
  [grpc] Node added: d17ba466c5475e4e...
  [grpc] Node added: 56c6b451cdb6204f...
  [grpc] Node added: 2aa3f7120918134f...
  [grpc] Node added: 1c594733e83b3344...
  [grpc] Node added: db4b9acc168d7b42...
{"action": "portal tiles hidden; minimized icon rendered at current position", "code": "window-mgmt:minimize", "expected_visual": "circular icon visible; full portal surface hidden", "icon_x": 2120.0, "icon_y": 800.0, "operator_evidence": {"code": "window-mgmt:minimize", "confirmed": null, "observed": {"icon_x": 2120.0, "icon_y": 800.0}, "operator_confirm": "full portal surface hidden; only the minimized icon remains visible"}, "status": "checkpoint", "step_index": 12, "title": "Portal minimized", "ts_wall": 1783256501}
  [grpc] Tile opacity set to 0.0
  [grpc] Tile input mode set
  [grpc] Tile opacity set to 1.0
  [grpc] Tile input mode set
  [grpc] Tile opacity set to 1.0
  [grpc] Tile input mode set
  [grpc] Tile opacity set to 1.0
  [grpc] Tile input mode set
  [grpc] Tile opacity set to 0.0
  [grpc] Tile input mode set
  [grpc] Tile opacity set to 0.0
  [grpc] Tile input mode set
  [grpc] Tile opacity set to 1.0
  [grpc] Tile input mode set
  [grpc] Tile opacity set to 1.0
  [grpc] Tile input mode set
  [grpc] Tile opacity set to 1.0
  [grpc] Tile input mode set
  [grpc] Tile input mode set
  [grpc] Tile opacity set to 0.0
  [grpc] Tile opacity set to 0.0
  [grpc] Tile input mode set
  [grpc] Tile root set; server root_id=6ed6012afee59e47...
  [grpc] Node added: be3f925e49a03c46...
  [grpc] Tile root set; server root_id=6f834a74217ba24e...
  [grpc] Node added: 60256fe4cd85fb4c...
  [grpc] Node added: 61a8612cc1390643...
  [grpc] Node added: d92bf131b878a246...
  [grpc] Node added: 6682285a54a20146...
  [grpc] Node added: c877532deaff9246...
  [grpc] Node added: 4796839e19572942...
  [grpc] Node added: fe22fa09bb599a49...
  [grpc] Node added: 821836b3a86c9e43...
  [grpc] Node added: 3c9027e7f416554e...
  [grpc] Node added: 1842405545285943...
  [grpc] Node added: e5aecd4442d0f143...
  [grpc] Node added: 62961ce3d0e5544d...
  [grpc] Node added: 82c185b185106c49...
  [grpc] Node added: 33ee9fb01ea3a44f...
  [grpc] Node added: d8c1ca2d643b304e...
  [grpc] Node added: fc3624c1b458d34f...
  [grpc] Node added: 3c6ff97d6d367048...
  [grpc] Node added: e578b825e028154c...
  [grpc] Node added: 5d04914ec952894b...
  [grpc] Node added: 1c8805adc1af1244...
  [grpc] Node added: 3af2bbeda89d6b4b...
  [grpc] Node added: 237760364479ea4a...
  [grpc] Node added: 8225580c3dbd1c40...
  [grpc] Node added: 7b763d318a8c5045...
  [grpc] Node added: 669b9501a8cc4448...
  [grpc] Node added: 95d8a899f13bf244...
  [grpc] Node added: 6331061f583cf342...
  [grpc] Node added: 4cbbd9876b514f45...
  [grpc] Node added: 638b51ae9fed1540...
  [grpc] Node added: ed6f31b7c5db7e47...
  [grpc] Tile root set; server root_id=7c1420dc77eb4b4c...
  [grpc] Node added: 98e2fc8463d28948...
  [grpc] Node added: 2f162e75e83e3d43...
  [grpc] Node added: 0c967c405087a545...
  [grpc] Node added: 246dc3c37a78264e...
  [grpc] Node added: 0f904a0714265140...
  [grpc] Node added: 82c9edaf3a3adc4a...
  [grpc] Node added: c9d05d7e7dc2fe47...
  [grpc] Node added: eac241cf170c1948...
  [grpc] Node added: 65bba4b5b933e14e...
  [grpc] Node added: 69df1cfee8e67644...
  [grpc] Node added: 0aa2a28e88d93d45...
  [grpc] Tile root set; server root_id=20f85bd55627fe4b...
  [grpc] Node added: 7af79af2f1d89048...
  [grpc] Node added: 18cdc3ef56253e4d...
  [grpc] Tile root set; server root_id=d849a876622e2142...
  [grpc] Tile root set; server root_id=eeded4d80c12f849...
  [grpc] Node added: e286c75de04d3d4d...
  [grpc] Node added: 50e936128cd4e648...
  [grpc] Node added: a35293a19f9bba41...
  [grpc] Node added: cf3c9056fe2e7c4e...
  [grpc] Node added: cd220319767e4f43...
  [grpc] Node added: 0f49f587b615d44b...
  [grpc] Node added: 50c8887dab701a4a...
  [grpc] Node added: ca29fe92d22ff04f...
  [grpc] Node added: 8148eab5eaf7bb4c...
  [grpc] Node added: 806eb1a1b29f1a4d...
  [grpc] Node added: 795f166f87aff14f...
{"action": "portal restored at (2092,120)", "code": "window-mgmt:restore", "expected_visual": "full portal visible at origin position; icon gone; chrome intact", "operator_evidence": {"code": "window-mgmt:restore", "confirmed": null, "observed": {"restore_x": 2092.0, "restore_y": 120.0}, "operator_confirm": "restore brought the full portal back at its origin; minimized icon gone; chrome intact"}, "restore_x": 2092.0, "restore_y": 120.0, "status": "completed", "step_index": 12, "title": "Portal restored to origin", "ts_wall": 1783256504}
{"action": "review transcript and capture UX notes", "code": "scenario_complete", "expected_visual": "portal visible until cleanup releases the lease", "status": "completed", "step_index": 99, "title": "Text Stream Portal scenario complete", "ts_wall": 1783256508}
  [grpc] Lease released
{"action": "release the lease before closing the session", "code": "cleanup:lease-release", "expected_visual": "all portal tiles are removed from the HUD", "status": "completed", "step_index": 100, "title": "Portal lease released", "ts_wall": 1783256508}
