  [grpc] Session established: namespace=windows-local-media-producer, caps=['media_ingress', 'publish_zone:media-pip', 'read_telemetry']
  [grpc] Scene display area: 3840x2160
  [grpc] Media ingress admitted: epoch=1 surface=019ee03bc4f77681a92fe9e9ca643ed1 codec=1
  [grpc] Media ingress closed: epoch=1 reason=1
{
  "admitted": true,
  "admitted_at_wall_us": 1781878474738207,
  "agent_id": "windows-local-media-producer",
  "assigned_surface_id_hex": "019ee03bc4f77681a92fe9e9ca643ed1",
  "audio_route_to_hud": "none",
  "client_stream_id": "8b55346fb86444af9806201d3ebe4a98",
  "close_detail": "hud-gog64.8 record-only soak complete",
  "close_reason": "AGENT_CLOSED",
  "closed_at_wall_us": 1781879074910721,
  "dropped_frames_total": 0,
  "errors": [],
  "first_frame_time_ms": null,
  "first_frame_time_note": "No decoded-frame transport is active in this record-only slice; live MediaIngressState samples reported effective_fps/width/height as zero.",
  "heartbeat_errors": [],
  "hold_seconds_observed": 600.583,
  "hold_seconds_requested": 600.0,
  "lane": "hud-gog64.8-record-only-soak",
  "nonzero_frame_sample_count": 0,
  "opened_at_wall_us": 1781878474328834,
  "sdp_offer_bytes": 711,
  "selected_codec": "VIDEO_H264_BASELINE",
  "source_label": "synthetic-color-bars",
  "state_sample_count": 2,
  "state_samples": [
    {
      "current_step": 0,
      "dropped_frames_since_last": 0,
      "effective_bitrate_kbps": 0,
      "effective_fps": 0,
      "effective_height_px": 0,
      "effective_width_px": 0,
      "sample_timestamp_wall_us": 1781878474199020,
      "state": "MEDIA_SESSION_STATE_ADMITTED",
      "stream_epoch": 1,
      "watchdog_warnings": 0
    },
    {
      "current_step": 0,
      "dropped_frames_since_last": 0,
      "effective_bitrate_kbps": 0,
      "effective_fps": 0,
      "effective_height_px": 0,
      "effective_width_px": 0,
      "sample_timestamp_wall_us": 1781879074354517,
      "state": "MEDIA_SESSION_STATE_CLOSED",
      "stream_epoch": 1,
      "watchdog_warnings": 0
    }
  ],
  "stream_epoch": 1,
  "target": "windows-host.example:50052",
  "time_to_admission_ms": 409.373,
  "video_only": true,
  "zone_name": "media-pip"
}
