  [grpc] Session established: namespace=windows-local-media-producer, caps=['media_ingress', 'publish_zone:media-pip', 'read_telemetry']
  [grpc] Scene display area: 3840x2160
  [grpc] Media ingress admitted: epoch=1 surface=019edfb20b6c764094cb5e4189b5468d codec=1
  [grpc] Media ingress closed: epoch=1 reason=10
{
  "admitted": true,
  "admitted_at_wall_us": 1781869448246743,
  "agent_id": "windows-local-media-producer",
  "assigned_surface_id_hex": "019edfb20b6c764094cb5e4189b5468d",
  "audio_route_to_hud": "none",
  "client_stream_id": "f5ea2cdac5f9417b97adbb13ab2049e7",
  "close_detail": "session closed with active media ingress stream",
  "close_reason": "SESSION_DISCONNECTED",
  "closed_at_wall_us": 1781870048251125,
  "dropped_frames_total": 0,
  "errors": [
    "final media_ingress_state unavailable: Timed out waiting for media_ingress_state"
  ],
  "first_frame_time_ms": null,
  "first_frame_time_note": "No decoded-frame transport is active in this record-only slice; live MediaIngressState samples reported effective_fps/width/height as zero.",
  "hold_seconds_observed": 610.564,
  "hold_seconds_requested": 600.0,
  "lane": "hud-gog64.8-record-only-soak",
  "nonzero_frame_sample_count": 0,
  "opened_at_wall_us": 1781869447696044,
  "sdp_offer_bytes": 711,
  "selected_codec": "VIDEO_H264_BASELINE",
  "source_label": "synthetic-color-bars",
  "state_sample_count": 2,
  "state_samples": [
    {
      "current_step": 0,
      "dropped_frames_since_last": 0,
      "effective_bitrate_kbps": 0,
      "effective_fps": 0,
      "effective_height_px": 0,
      "effective_width_px": 0,
      "sample_timestamp_wall_us": 1781869448045024,
      "state": "MEDIA_SESSION_STATE_ADMITTED",
      "stream_epoch": 1,
      "watchdog_warnings": 0
    },
    {
      "current_step": 0,
      "dropped_frames_since_last": 0,
      "effective_bitrate_kbps": 0,
      "effective_fps": 0,
      "effective_height_px": 0,
      "effective_width_px": 0,
      "sample_timestamp_wall_us": 1781869463046846,
      "state": "MEDIA_SESSION_STATE_CLOSED",
      "stream_epoch": 1,
      "watchdog_warnings": 0
    }
  ],
  "stream_epoch": 1,
  "target": "windows-host.example:50052",
  "time_to_admission_ms": 550.699,
  "video_only": true,
  "zone_name": "media-pip"
}
