{"action": "connect and open resident session", "code": "scenario", "doc": "docs/reports/exemplar-manual-review-checklist.md", "expected_visual": "operator follows JSON step transcript", "phases": "baseline,diagnostic-input", "status": "started", "step_index": 0, "target": "tzehouse-windows.parrot-hen.ts.net:50051", "title": "Text Stream Portal live scenario", "ts_wall": 1783131553}
  [grpc] Session established: namespace=agent-alpha, caps=['create_tiles', 'modify_own_tiles', 'access_input_events']
  [grpc] Scene display area: 3840x2160
{"action": "use live scene dimensions for portal placement and drag bounds", "code": "scene:display-area", "expected_visual": "portal can be dragged across the full HUD surface", "scene_height": 2160.0, "scene_width": 3840.0, "status": "checkpoint", "step_index": 0, "title": "Scene display area resolved", "ts_wall": 1783131553}
  [grpc] Lease granted: ttl=600000ms, priority=2
{"action": "scale portal defaults from live scene dimensions unless explicit size overrides were provided", "code": "portal:size", "expected_visual": "portal occupies a readable portion of the detected display", "explicit_height": false, "explicit_width": false, "portal_h": 1360.0, "portal_w": 1720.0, "status": "checkpoint", "step_index": 0, "title": "Portal size resolved", "ts_wall": 1783131553}
  [grpc] Tile created: 019f2aec3de07280...
  [grpc] Tile created: 019f2aec3e0e74e3...
  [grpc] Tile created: 019f2aec3e637003...
  [grpc] Tile created: 019f2aec3e957210...
  [grpc] Tile created: 019f2aec3eed7131...
  [grpc] Tile created: 019f2aec3f3479a0...
{"action": "publish full portal chrome + transcript viewport", "code": "baseline", "expected_visual": "portal surface appears at right edge with header, body, footer", "status": "started", "step_index": 1, "title": "Baseline render", "ts_wall": 1783131554}
  [grpc] Tile opacity set to 0.0
  [grpc] Tile input mode set
  [grpc] Tile opacity set to 1.0
  [grpc] Tile input mode set
  [grpc] Tile opacity set to 1.0
  [grpc] Tile input mode set
  [grpc] Tile opacity set to 1.0
  [grpc] Tile input mode set
  [grpc] Tile input mode set
  [grpc] Tile opacity set to 0.0
  [grpc] Tile opacity set to 0.0
  [grpc] Tile input mode set
  [grpc] Tile root set; server root_id=499a7753d049184c...
  [grpc] Node added: 7deb3987df52c74d...
  [grpc] Tile root set; server root_id=a7706bedddf21740...
  [grpc] Node added: 5c903ea1bd7a6a42...
  [grpc] Node added: 344ac1b4c9f38646...
  [grpc] Node added: 89fa28f9f00dd149...
  [grpc] Node added: 4826d33e471bbd4d...
  [grpc] Node added: ae55dabc0b796745...
  [grpc] Node added: 175d39bd8b1df34a...
  [grpc] Node added: f7f36b532f564548...
  [grpc] Node added: 84abdbdec66f0a44...
  [grpc] Node added: 03509f4b719c1746...
  [grpc] Node added: 5e4c135b81231e47...
  [grpc] Node added: 3e7f6e5fecab7247...
  [grpc] Node added: 9fa7224f39005e4a...
  [grpc] Node added: f2a74b313dafa543...
  [grpc] Node added: 2197fc7d24927243...
  [grpc] Node added: 2da310c149fed84a...
  [grpc] Node added: f21d913572b1d546...
  [grpc] Node added: 73cdf0bbd9586e49...
  [grpc] Node added: 22160fe05aba6e49...
  [grpc] Node added: 9825e61614d25940...
  [grpc] Node added: 289abec8e63a5c45...
  [grpc] Node added: 323e834e6c0fcf4b...
  [grpc] Node added: ecd2dc9448427b4e...
  [grpc] Node added: 3440cdb97ad56547...
  [grpc] Node added: d6d2d1b0d4fb5041...
  [grpc] Node added: 22cddd7182e6cd46...
  [grpc] Node added: 61cb1e7726c2494c...
  [grpc] Node added: f1ab6f8449cf2041...
  [grpc] Node added: 720b56db0402b545...
  [grpc] Node added: 7e0d186a772c5b4d...
  [grpc] Node added: acb3a1e7d5a9da45...
  [grpc] Tile root set; server root_id=0df6385a30ffd14e...
  [grpc] Node added: e0209ae54c961445...
  [grpc] Node added: 8c8b99f9dcd0b64c...
  [grpc] Node added: df88f19b70186c46...
  [grpc] Node added: 3ee4234891a0c041...
  [grpc] Node added: 32a51918e90a104e...
  [grpc] Node added: 2c4662fa80b70f43...
  [grpc] Node added: 9cd6c35016759e4f...
  [grpc] Node added: bb5ee953f622444b...
  [grpc] Node added: 82f65310138a6d41...
  [grpc] Node added: 3b2c47fba1f89641...
  [grpc] Node added: dfb7dd2f73daa348...
  [grpc] Tile root set; server root_id=94347696148bd847...
  [grpc] Node added: 14d57563c1e72147...
  [grpc] Node added: 7fc595e2b5494e45...
  [grpc] Tile root set; server root_id=06752aef0857e441...
  [grpc] Tile root set; server root_id=5487d472f5525c4d...
  [grpc] Node added: c894a93f4557984b...
  [grpc] Node added: 7f9b2e416249644b...
  [grpc] Node added: 00e81954b8d73b4e...
  [grpc] Node added: 5e21be0d6cab2f41...
  [grpc] Node added: 0e8978c68798a046...
  [grpc] Node added: f4b2bb4bcc36d043...
  [grpc] Node added: d83412cc1345b44d...
  [grpc] Node added: 07c42796a209bf40...
  [grpc] Node added: 760b5dcdfcfaab4a...
  [grpc] Node added: 77bc1b78df926b4c...
  [grpc] Node added: 11c4e41926f26444...
{"action": "hold for operator observation", "code": "baseline", "expected_visual": "portal surface visible; body text readable", "hold_s": 10.0, "lines": 120, "status": "completed", "step_index": 1, "title": "Baseline render", "ts_wall": 1783131554}
  [grpc] Tile opacity set to 0.0
  [grpc] Tile input mode set
  [grpc] Tile opacity set to 1.0
  [grpc] Tile input mode set
  [grpc] Tile opacity set to 1.0
  [grpc] Tile input mode set
  [grpc] Tile opacity set to 1.0
  [grpc] Tile input mode set
  [grpc] Tile input mode set
  [grpc] Tile opacity set to 0.0
  [grpc] Tile opacity set to 0.0
  [grpc] Tile input mode set
  [grpc] Tile root set; server root_id=1b7a86320cec8047...
  [grpc] Node added: 8e68b07ddd57b748...
  [grpc] Tile root set; server root_id=ca7666ed22e9c947...
  [grpc] Node added: b2bfd530c9e4a74f...
  [grpc] Node added: 969f04af6efe094d...
  [grpc] Node added: bad53efed7d0ba45...
  [grpc] Node added: 8d0b8a272db8da44...
  [grpc] Node added: 24e793d16a533c4f...
  [grpc] Node added: 94643a141754074f...
  [grpc] Node added: 52e8c14b2eb1c249...
  [grpc] Node added: ab89c4556eeea649...
  [grpc] Node added: 0d9cc5ba7311454d...
  [grpc] Node added: 32e5c78248d77d47...
  [grpc] Node added: 7a85dfff8b058b44...
  [grpc] Node added: 2a3d8134c63cb445...
  [grpc] Node added: c0442ff695c7ae4f...
  [grpc] Node added: 41f075ce68c61048...
  [grpc] Node added: d20cdede9c9e7b48...
  [grpc] Node added: e55fcd60eee8764e...
  [grpc] Node added: a55b2e04536bbf45...
  [grpc] Node added: c6cfac3bba113241...
  [grpc] Node added: 368244775d12794c...
  [grpc] Node added: 04aeaf800369be4f...
  [grpc] Node added: 6da1bcee4bae9f4e...
  [grpc] Node added: b7281cb93099cb46...
  [grpc] Node added: 0e44195671d36749...
  [grpc] Node added: 8066265b8433954a...
  [grpc] Node added: 38c4d557e653b943...
  [grpc] Node added: 9b5d08898a5b384f...
  [grpc] Node added: cf25d905f6a9ab47...
  [grpc] Node added: 85ce2ce91d79214d...
  [grpc] Node added: 110d4c04d83ab746...
  [grpc] Node added: 81ce3cb9bd450440...
  [grpc] Tile root set; server root_id=c03e2e69c486e84f...
  [grpc] Node added: 9de58e40f2db7d4b...
  [grpc] Node added: 14aa33104616f14f...
  [grpc] Node added: b0c0837bbffd5a41...
  [grpc] Node added: f838e22b68763a4f...
  [grpc] Node added: 3da33c534d8fea4e...
  [grpc] Node added: b0da8312c754804d...
  [grpc] Node added: 8d407b9e118fb747...
  [grpc] Node added: c558a08077833942...
  [grpc] Node added: ad09622aa0099044...
  [grpc] Node added: 41e8ad35960cb34a...
  [grpc] Node added: af64202dc2615b46...
  [grpc] Tile root set; server root_id=74e3205d6a570e42...
  [grpc] Node added: 43f89d9d832b4a4c...
  [grpc] Node added: d6009129784fab45...
  [grpc] Tile root set; server root_id=57f96d46a5a66243...
  [grpc] Tile root set; server root_id=fe03ff2704256e42...
  [grpc] Node added: cbbdf3227d0a1942...
  [grpc] Node added: fbcb2f0dafd4f443...
  [grpc] Node added: c5035138cfb7734b...
  [grpc] Node added: 73532219fb254040...
  [grpc] Node added: 90f4bf25feb6bd4e...
  [grpc] Node added: bc3ca87ec26bc84c...
  [grpc] Node added: 1f704f33e6fb034d...
  [grpc] Node added: 0f116e35b782264e...
  [grpc] Node added: 7243e82f90060647...
  [grpc] Node added: 82c1dda255181b49...
  [grpc] Node added: 7c1cc5f81d9e4845...
{"action": "inject OS pointer, wheel, and Unicode input into the live overlay", "action_labels": ["focus-composer", "drag-portal-header", "scroll-output-pane", "type-composer-text"], "code": "diagnostic-input", "expected_visual": "composer focuses, portal drags, and OUTPUT pane scrolls via the normal runtime input path", "host": "tzehouse-windows.parrot-hen.ts.net", "status": "started", "step_index": 6, "title": "Compositor-path diagnostic input", "ts_wall": 1783131565, "user": "tzeus"}
{"action": "runtime focus manager focused the composer hit region", "code": "input:focus-gained", "expected_visual": "subsequent keyboard events route to composer", "status": "checkpoint", "step_index": 10, "title": "Composer focus gained", "ts_wall": 1783131566}
{"action": "input composer received pointer down", "code": "input:focus-attempt", "display_x": 2519.0, "display_y": 267.0, "expected_visual": "keyboard focus should move to composer", "status": "checkpoint", "step_index": 10, "title": "Composer pointer down", "ts_wall": 1783131566}
  [grpc] Tile root set; server root_id=860ff36608ab824e...
  [grpc] Node added: 55302f50ad952043...
  [grpc] Node added: 4588aa51b3a0a34c...
{"action": "portal received local-first scroll offset", "code": "scroll:output", "expected_visual": "output text stays clipped inside transcript box", "scroll_y": 120.0, "status": "checkpoint", "step_index": 8, "title": "Output transcript scrolled", "ts_wall": 1783131567, "viewport_start": 5}
  [grpc] Tile root set; server root_id=0da773a8991fa844...
  [grpc] Node added: de082990959eca45...
  [grpc] Node added: 6d6cd8426434c747...
{"action": "portal received local-first scroll offset", "code": "scroll:output", "expected_visual": "output text stays clipped inside transcript box", "scroll_y": 240.0, "status": "checkpoint", "step_index": 8, "title": "Output transcript scrolled", "ts_wall": 1783131568, "viewport_start": 10}
  [grpc] Tile root set; server root_id=46ed90bed386f047...
  [grpc] Node added: 1c35dbcd2314974d...
  [grpc] Node added: 04f21bebeb8f7d43...
{"action": "portal received local-first scroll offset", "code": "scroll:output", "expected_visual": "output text stays clipped inside transcript box", "scroll_y": 360.0, "status": "checkpoint", "step_index": 8, "title": "Output transcript scrolled", "ts_wall": 1783131568, "viewport_start": 16}
{"action": "Windows OS input injector finished", "code": "diagnostic-input", "duration_s": 4.535, "expected_visual": "transcript should include input:focus-gained, drag:start/drag:end, and scroll:output checkpoints", "ok": true, "returncode": 0, "status": "completed", "stderr": "", "stdout": "diagnostic:focus-composer\ndiagnostic:drag-portal-header\ndiagnostic:scroll-output-pane\ndiagnostic:type-composer-text", "step_index": 6, "title": "Compositor-path diagnostic input", "ts_wall": 1783131569}
{"action": "review transcript and capture UX notes", "code": "scenario_complete", "expected_visual": "portal visible until cleanup releases the lease", "status": "completed", "step_index": 99, "title": "Text Stream Portal scenario complete", "ts_wall": 1783131569}
  [grpc] Lease released
{"action": "release the lease before closing the session", "code": "cleanup:lease-release", "expected_visual": "all portal tiles are removed from the HUD", "status": "completed", "step_index": 100, "title": "Portal lease released", "ts_wall": 1783131569}
