{"action": "connect and open resident session", "code": "scenario", "doc": "docs/reports/exemplar-manual-review-checklist.md", "expected_visual": "operator follows JSON step transcript", "phases": "baseline,composer-smoke,window-mgmt", "status": "started", "step_index": 0, "target": "windows-host.example:50051", "title": "Text Stream Portal live scenario", "ts_wall": 1783130525}
  [grpc] Session established: namespace=agent-alpha, caps=['create_tiles', 'modify_own_tiles', 'access_input_events']
  [grpc] Scene display area: 3840x2160
{"action": "use live scene dimensions for portal placement and drag bounds", "code": "scene:display-area", "expected_visual": "portal can be dragged across the full HUD surface", "scene_height": 2160.0, "scene_width": 3840.0, "status": "checkpoint", "step_index": 0, "title": "Scene display area resolved", "ts_wall": 1783130525}
  [grpc] Lease granted: ttl=600000ms, priority=2
{"action": "scale portal defaults from live scene dimensions unless explicit size overrides were provided", "code": "portal:size", "expected_visual": "portal occupies a readable portion of the detected display", "explicit_height": false, "explicit_width": false, "portal_h": 1360.0, "portal_w": 1720.0, "status": "checkpoint", "step_index": 0, "title": "Portal size resolved", "ts_wall": 1783130525}
  [grpc] Tile created: 019f2adc8e8172b0...
  [grpc] Tile created: 019f2adc8e8c7d73...
  [grpc] Tile created: 019f2adc8ea07272...
  [grpc] Tile created: 019f2adc8eb67a60...
  [grpc] Tile created: 019f2adc8ec274a0...
  [grpc] Tile created: 019f2adc8ecd74b2...
{"action": "publish full portal chrome + transcript viewport", "code": "baseline", "expected_visual": "portal surface appears at right edge with header, body, footer", "status": "started", "step_index": 1, "title": "Baseline render", "ts_wall": 1783130525}
  [grpc] Tile opacity set to 0.0
  [grpc] Tile input mode set
  [grpc] Tile opacity set to 1.0
  [grpc] Tile input mode set
  [grpc] Tile opacity set to 1.0
  [grpc] Tile input mode set
  [grpc] Tile opacity set to 1.0
  [grpc] Tile input mode set
  [grpc] Tile input mode set
  [grpc] Tile opacity set to 0.0
  [grpc] Tile opacity set to 0.0
  [grpc] Tile input mode set
  [grpc] Tile root set; server root_id=1594170e94190041...
  [grpc] Node added: d807977add24434f...
  [grpc] Tile root set; server root_id=cdb52c9cfbadbb49...
  [grpc] Node added: 60fbe3facd0bc147...
  [grpc] Node added: d850d140cf828c4c...
  [grpc] Node added: 7067096036af1946...
  [grpc] Node added: 42c134e6bc72f842...
  [grpc] Node added: 2b948ec78d599944...
  [grpc] Node added: ea1e30f4b0f7094f...
  [grpc] Node added: b6665d93b1e05f43...
  [grpc] Node added: 4f4ed42a0dd51947...
  [grpc] Node added: 64d97a4bd7a39f47...
  [grpc] Node added: 17249f9e3291944f...
  [grpc] Node added: 316e7640bdde8742...
  [grpc] Node added: 6b0b2bc24742f04a...
  [grpc] Node added: f1c22f25c59b5542...
  [grpc] Node added: 3576393f47efb34b...
  [grpc] Node added: 2bfed486137f044c...
  [grpc] Node added: 62159d5e480c5a47...
  [grpc] Node added: dc2fd900982a5545...
  [grpc] Node added: 6c6c90c423d97440...
  [grpc] Node added: 0e0dc0fc52792649...
  [grpc] Node added: 60783bc8366d7f4e...
  [grpc] Node added: 622ec5d7b2abfd47...
  [grpc] Node added: e35ab0f3b7b10548...
  [grpc] Node added: 6c5d6a4da92d2642...
  [grpc] Node added: a55adbd6856be648...
  [grpc] Node added: fade6c432621594e...
  [grpc] Node added: c2d9050cb7e33347...
  [grpc] Node added: fdf4929d1d406a45...
  [grpc] Node added: be2338c38a450a42...
  [grpc] Node added: 47e224f5e3a90c42...
  [grpc] Node added: dae93dec04add846...
  [grpc] Tile root set; server root_id=4fb67b036a1fa945...
  [grpc] Node added: 2811620f55ab5647...
  [grpc] Node added: 72b813ec54846e4d...
  [grpc] Node added: e9bdf5d6dbbf6b49...
  [grpc] Node added: a6eab9fbb524a047...
  [grpc] Node added: 085a4da20fb1d24d...
  [grpc] Node added: 99bc6c6e06effb44...
  [grpc] Node added: d8206715e6ccc844...
  [grpc] Node added: d8fe0c672aa30a4f...
  [grpc] Node added: 8101661ad55e564a...
  [grpc] Node added: 7105aa398cc90345...
  [grpc] Node added: 11dc2eb733122e44...
  [grpc] Tile root set; server root_id=b33f203dbb47a742...
  [grpc] Node added: c85723a653da7546...
  [grpc] Node added: e934b4348049124a...
  [grpc] Tile root set; server root_id=1b4682e5eaf2c346...
  [grpc] Tile root set; server root_id=887704efec7b6546...
  [grpc] Node added: 54685504c7ce4c4d...
  [grpc] Node added: 2f8cea6aa12f904e...
  [grpc] Node added: c2ebb91c656c3349...
  [grpc] Node added: 43ebb350f58d0f4d...
  [grpc] Node added: 67e30c8324ce7c4a...
  [grpc] Node added: 63e7e072087f4f42...
  [grpc] Node added: e4f5df69c61b2d42...
  [grpc] Node added: ca678df096f5b04a...
  [grpc] Node added: 61beaaad6681c546...
  [grpc] Node added: dc1f0665be2a8643...
  [grpc] Node added: da39139761fe8c4e...
{"action": "hold for operator observation", "code": "baseline", "expected_visual": "portal surface visible; body text readable", "hold_s": 120.0, "lines": 120, "status": "completed", "step_index": 1, "title": "Baseline render", "ts_wall": 1783130526}
{"action": "render hello-world and long-paste composer states with visible caret", "code": "composer-smoke", "expected_visual": "caret aligns with text after Space and wrapped markdown paste", "status": "started", "step_index": 5, "title": "Composer caret smoke", "ts_wall": 1783130646}
  [grpc] Tile opacity set to 0.0
  [grpc] Tile input mode set
  [grpc] Tile opacity set to 1.0
  [grpc] Tile input mode set
  [grpc] Tile opacity set to 1.0
  [grpc] Tile input mode set
  [grpc] Tile opacity set to 1.0
  [grpc] Tile input mode set
  [grpc] Tile input mode set
  [grpc] Tile opacity set to 0.0
  [grpc] Tile opacity set to 0.0
  [grpc] Tile input mode set
  [grpc] Tile root set; server root_id=c47501abec758a49...
  [grpc] Node added: 40e138909b169d4f...
  [grpc] Tile root set; server root_id=c59b2fc651f16844...
  [grpc] Node added: 5200f9c757c1ee40...
  [grpc] Node added: deca6af0715df846...
  [grpc] Node added: ae86842d31795a4f...
  [grpc] Node added: 61bee926dd057549...
  [grpc] Node added: 391bacfdc67e7648...
  [grpc] Node added: eab0fc2f30525443...
  [grpc] Node added: 4a36b11794a5844c...
  [grpc] Node added: 788a07dc18a08d4a...
  [grpc] Node added: a4d70b89274a1c4f...
  [grpc] Node added: 0c86fa0cce55b449...
  [grpc] Node added: 57c9df00bb958649...
  [grpc] Node added: 93cd009e3f53764a...
  [grpc] Node added: d113e3e482bbe545...
  [grpc] Node added: d66df5b307e3c64f...
  [grpc] Node added: de10e25e1ec58541...
  [grpc] Node added: 7ad8ab70cdb8a14b...
  [grpc] Node added: 7fa129708b1de643...
  [grpc] Node added: d3505667b2451245...
  [grpc] Node added: d20ef1ade270f54e...
  [grpc] Node added: 27d427028d6c3d49...
  [grpc] Node added: a17bf5bb9ad4ed41...
  [grpc] Node added: 9270de7c75eeb641...
  [grpc] Node added: c2ed83a01b5f7a42...
  [grpc] Node added: 3f61ae422cb6604e...
  [grpc] Node added: 1d3216e3f2acd943...
  [grpc] Node added: f50572ea8900cc47...
  [grpc] Node added: 5d83e167dff63b40...
  [grpc] Node added: 90116b771429a744...
  [grpc] Node added: f00a0af1c137014b...
  [grpc] Node added: 338e32d2547f4048...
  [grpc] Tile root set; server root_id=5269a3c8d77f9943...
  [grpc] Node added: dc51f6c30c661d4f...
  [grpc] Node added: 18b6705b25343f49...
  [grpc] Node added: 2a361fe23c66eb4f...
  [grpc] Node added: 9d6b76bfb8161a49...
  [grpc] Node added: 21496bb32577c146...
  [grpc] Node added: d54e6656576d8842...
  [grpc] Node added: faa59fc414fd264c...
  [grpc] Node added: 33600e90b6c2554d...
  [grpc] Node added: c556303186c73c45...
  [grpc] Node added: bdafa114c1b80048...
  [grpc] Node added: 5fcf22a217e21f4c...
  [grpc] Tile root set; server root_id=84da74881b8a0243...
  [grpc] Node added: 6aa80063fff54444...
  [grpc] Node added: 394b2a084e6ef343...
  [grpc] Tile root set; server root_id=7e87aefa86eef84b...
  [grpc] Tile root set; server root_id=e2c7a4d05a097046...
  [grpc] Node added: 745ab5d8fe82ff44...
  [grpc] Node added: 133da17b858fae46...
  [grpc] Node added: 1303936051e6b149...
  [grpc] Node added: e05247d1156f3743...
  [grpc] Node added: 61048cd3f7227a43...
  [grpc] Node added: 9e9a7477a56f724e...
  [grpc] Node added: 867fe33a23988846...
  [grpc] Node added: b6c27ff6751a9644...
  [grpc] Node added: 3e18c08200bdd74b...
  [grpc] Node added: 0a78ea8b37d94448...
  [grpc] Node added: 04608e49bbb79049...
{"action": "rendered normal typing target with Space between words", "code": "composer:hello-world", "cursor_row": 0, "cursor_x": 100.32000000000001, "expected_visual": "hello world appears once, caret after the final d", "status": "checkpoint", "step_index": 5, "title": "Composer hello world rendered", "ts_wall": 1783130646, "visual_lines": 1}
{"action": "rendered wrapped markdown-like paste with caret at end", "code": "composer:long-paste", "cursor_row": 2, "cursor_x": 383.04000000000013, "expected_visual": "caret remains on the final wrapped row without a one-character lag at line ends", "status": "completed", "step_index": 5, "title": "Composer long paste rendered", "trailing_ws_lines": [], "ts_wall": 1783130649, "visual_lines": 3}
{"action": "move portal \u2192 boundary clamp \u2192 minimize \u2192 restore \u2192 return to origin", "code": "window-mgmt", "expected_visual": "portal moves cleanly; minimize icon appears; restore brings full portal back", "status": "started", "step_index": 12, "title": "Window management sequence", "ts_wall": 1783130679}
  [grpc] Tile root set; server root_id=134e980d9cb7bc48...
  [grpc] Node added: 91237ce284967144...
{"action": "portal_x=1060, portal_y=400", "code": "window-mgmt:move", "expected_visual": "portal repositioned to centre of scene; chrome intact", "operator_evidence": {"code": "window-mgmt:move", "confirmed": null, "observed": {"portal_x": 1060.0, "portal_y": 400.0}, "operator_confirm": "portal moved cleanly to scene centre with chrome intact"}, "portal_x": 1060.0, "portal_y": 400.0, "status": "checkpoint", "step_index": 12, "title": "Portal moved to centre", "ts_wall": 1783130679}
  [grpc] Tile root set; server root_id=83bdae72cbd5d641...
  [grpc] Node added: 85268741eac2bf49...
{"action": "OOB (4040,2360) clamped to (2120,800)", "clamped_x": 2120.0, "clamped_y": 800.0, "code": "window-mgmt:clamp", "expected_visual": "portal visible at bottom-right edge; not partially offscreen", "operator_evidence": {"code": "window-mgmt:clamp", "confirmed": null, "observed": {"clamped_x": 2120.0, "clamped_y": 800.0, "requested_x": 4040.0, "requested_y": 2360.0}, "operator_confirm": "out-of-bounds move clamped to scene edge; portal stays fully on-screen"}, "requested_x": 4040.0, "requested_y": 2360.0, "status": "checkpoint", "step_index": 12, "title": "Boundary clamp verified", "ts_wall": 1783130682}
  [grpc] Tile opacity set to 0.0
  [grpc] Tile input mode set
  [grpc] Tile opacity set to 0.0
  [grpc] Tile input mode set
  [grpc] Tile opacity set to 0.0
  [grpc] Tile input mode set
  [grpc] Tile root set; server root_id=6cd294951c1c144f...
  [grpc] Node added: 04fe8cc84a1e454c...
  [grpc] Node added: e2cdf96f83f04a48...
  [grpc] Node added: d94faf28f19ff149...
  [grpc] Node added: f6fcaaa1e314f04a...
  [grpc] Node added: 5e2e87ffaf593a44...
  [grpc] Node added: 9eebf0f8b855c44a...
  [grpc] Node added: d3c222bd68dcd74b...
  [grpc] Node added: 548ce866c705ee4a...
  [grpc] Node added: 24283e6b22fa344d...
  [grpc] Node added: e0b1a72d7fcc4740...
  [grpc] Node added: 42c25947fef39044...
{"action": "portal tiles hidden; minimized icon rendered at current position", "code": "window-mgmt:minimize", "expected_visual": "circular icon visible; full portal surface hidden", "icon_x": 2120.0, "icon_y": 800.0, "operator_evidence": {"code": "window-mgmt:minimize", "confirmed": null, "observed": {"icon_x": 2120.0, "icon_y": 800.0}, "operator_confirm": "full portal surface hidden; only the minimized icon remains visible"}, "status": "checkpoint", "step_index": 12, "title": "Portal minimized", "ts_wall": 1783130684}
  [grpc] Tile opacity set to 0.0
  [grpc] Tile input mode set
  [grpc] Tile opacity set to 1.0
  [grpc] Tile input mode set
  [grpc] Tile opacity set to 1.0
  [grpc] Tile input mode set
  [grpc] Tile opacity set to 1.0
  [grpc] Tile input mode set
  [grpc] Tile opacity set to 0.0
  [grpc] Tile input mode set
  [grpc] Tile opacity set to 0.0
  [grpc] Tile input mode set
  [grpc] Tile opacity set to 1.0
  [grpc] Tile input mode set
  [grpc] Tile opacity set to 1.0
  [grpc] Tile input mode set
  [grpc] Tile opacity set to 1.0
  [grpc] Tile input mode set
  [grpc] Tile input mode set
  [grpc] Tile opacity set to 0.0
  [grpc] Tile opacity set to 0.0
  [grpc] Tile input mode set
  [grpc] Tile root set; server root_id=cd535627799eac41...
  [grpc] Node added: 25c3c210aec97c42...
  [grpc] Tile root set; server root_id=821cee9d0b287e40...
  [grpc] Node added: dcddc772ca3b8444...
  [grpc] Node added: 7654030a07de614d...
  [grpc] Node added: a371eea7389e734f...
  [grpc] Node added: 1cebca082cef7b42...
  [grpc] Node added: 62500d4252245d4c...
  [grpc] Node added: dffc3f14a8b02e46...
  [grpc] Node added: c1b3fdceae50554b...
  [grpc] Node added: 36a09ed945c2cb4b...
  [grpc] Node added: 8883291e8dca5644...
  [grpc] Node added: 6b7023f60c8fbe4e...
  [grpc] Node added: d1f6fe5bd9f95d43...
  [grpc] Node added: db2deb65527ef847...
  [grpc] Node added: 893dc4c90278674a...
  [grpc] Node added: acb47b0343683c4f...
  [grpc] Node added: 2e477160b42f304b...
  [grpc] Node added: 8a7c6e6d0e179541...
  [grpc] Node added: 65b224622cb65549...
  [grpc] Node added: acec9002bfee974f...
  [grpc] Node added: 20428227e8abbd43...
  [grpc] Node added: e9ff646bd76fe742...
  [grpc] Node added: 84c7f99917041441...
  [grpc] Node added: 368d6a23c134b14e...
  [grpc] Node added: 0b1c200e5c437a48...
  [grpc] Node added: 2c0f70331cb2214e...
  [grpc] Node added: e4714ed724868b48...
  [grpc] Node added: 1b0f9c7b21e54049...
  [grpc] Node added: 4c44c004830c4243...
  [grpc] Node added: cc12965df3761d49...
  [grpc] Node added: 0d9f9625c7336a49...
  [grpc] Node added: 89cce7b9b2c41945...
  [grpc] Tile root set; server root_id=0440a3e886457e4d...
  [grpc] Node added: 31ace0d45226524f...
  [grpc] Node added: f160f1ac94f6b945...
  [grpc] Node added: 9a28491a1278a848...
  [grpc] Node added: 738720a5303ac844...
  [grpc] Node added: f60fd4211b41a74c...
  [grpc] Node added: ef6391f2b42e4b4a...
  [grpc] Node added: 0b141360fea95041...
  [grpc] Node added: 0dd2e08ae8fc5a41...
  [grpc] Node added: ae2912ec3b963541...
  [grpc] Node added: edd76df6e273e54a...
  [grpc] Node added: 58692d623e633442...
  [grpc] Tile root set; server root_id=65fa64c975ee7d48...
  [grpc] Node added: a8df132261b19344...
  [grpc] Node added: ef417ca0ac9e934e...
  [grpc] Tile root set; server root_id=7b126f555f62d040...
  [grpc] Tile root set; server root_id=5ac5b3b242332a4e...
  [grpc] Node added: 7b8d38276a99da43...
  [grpc] Node added: 95b2d321cee9f247...
  [grpc] Node added: 4b27c34b32717747...
  [grpc] Node added: 7c0e32a05da0844f...
  [grpc] Node added: e5c4928ec83c5348...
  [grpc] Node added: ebc3925b9f1ad442...
  [grpc] Node added: dcb5ce633fe5544f...
  [grpc] Node added: 4b264d81ebcf384f...
  [grpc] Node added: 520461a51d427243...
  [grpc] Node added: 1daaf50c64edce44...
  [grpc] Node added: 88dd22969654204e...
{"action": "portal restored at (2092,120)", "code": "window-mgmt:restore", "expected_visual": "full portal visible at origin position; icon gone; chrome intact", "operator_evidence": {"code": "window-mgmt:restore", "confirmed": null, "observed": {"restore_x": 2092.0, "restore_y": 120.0}, "operator_confirm": "restore brought the full portal back at its origin; minimized icon gone; chrome intact"}, "restore_x": 2092.0, "restore_y": 120.0, "status": "completed", "step_index": 12, "title": "Portal restored to origin", "ts_wall": 1783130686}
{"action": "review transcript and capture UX notes", "code": "scenario_complete", "expected_visual": "portal visible until cleanup releases the lease", "status": "completed", "step_index": 99, "title": "Text Stream Portal scenario complete", "ts_wall": 1783130746}
  [grpc] Lease released
{"action": "release the lease before closing the session", "code": "cleanup:lease-release", "expected_visual": "all portal tiles are removed from the HUD", "status": "completed", "step_index": 100, "title": "Portal lease released", "ts_wall": 1783130746}
