{"action": "connect and open resident session", "code": "scenario", "doc": "docs/reports/exemplar-manual-review-checklist.md", "expected_visual": "operator follows JSON step transcript", "phases": "baseline", "status": "started", "step_index": 0, "target": "tzehouse-windows.parrot-hen.ts.net:50051", "title": "Text Stream Portal live scenario", "ts_wall": 1783130954}
  [grpc] Session established: namespace=agent-alpha, caps=['create_tiles', 'modify_own_tiles', 'access_input_events']
  [grpc] Scene display area: 3840x2160
{"action": "use live scene dimensions for portal placement and drag bounds", "code": "scene:display-area", "expected_visual": "portal can be dragged across the full HUD surface", "scene_height": 2160.0, "scene_width": 3840.0, "status": "checkpoint", "step_index": 0, "title": "Scene display area resolved", "ts_wall": 1783130954}
  [grpc] Lease granted: ttl=1020000ms, priority=2
{"action": "scale portal defaults from live scene dimensions unless explicit size overrides were provided", "code": "portal:size", "expected_visual": "portal occupies a readable portion of the detected display", "explicit_height": false, "explicit_width": false, "portal_h": 1360.0, "portal_w": 1720.0, "status": "checkpoint", "step_index": 0, "title": "Portal size resolved", "ts_wall": 1783130954}
  [grpc] Tile created: 019f2ae31a057550...
  [grpc] Tile created: 019f2ae31a287f21...
  [grpc] Tile created: 019f2ae31a397a60...
  [grpc] Tile created: 019f2ae31a4f7440...
  [grpc] Tile created: 019f2ae31a5c7c71...
  [grpc] Tile created: 019f2ae31a6b7120...
{"action": "publish full portal chrome + transcript viewport", "code": "baseline", "expected_visual": "portal surface appears at right edge with header, body, footer", "status": "started", "step_index": 1, "title": "Baseline render", "ts_wall": 1783130954}
  [grpc] Tile opacity set to 0.0
  [grpc] Tile input mode set
  [grpc] Tile opacity set to 1.0
  [grpc] Tile input mode set
  [grpc] Tile opacity set to 1.0
  [grpc] Tile input mode set
  [grpc] Tile opacity set to 1.0
  [grpc] Tile input mode set
  [grpc] Tile input mode set
  [grpc] Tile opacity set to 0.0
  [grpc] Tile opacity set to 0.0
  [grpc] Tile input mode set
  [grpc] Tile root set; server root_id=e60d593e8b6ba64b...
  [grpc] Node added: d161c0cd03f73a4f...
  [grpc] Tile root set; server root_id=902b9963535da249...
  [grpc] Node added: b4bb82462ecf6045...
  [grpc] Node added: 2c95c5976a032549...
  [grpc] Node added: 86d95ea749229748...
  [grpc] Node added: 9773dc8f92432a4a...
  [grpc] Node added: a90193f7f563e34a...
  [grpc] Node added: ee7e2556810b5846...
  [grpc] Node added: 06d99c434063064f...
  [grpc] Node added: b3beba206294e94d...
  [grpc] Node added: aa80582b11278f4d...
  [grpc] Node added: 0922a286ab7e5f4f...
  [grpc] Node added: e5edf59bf42fa943...
  [grpc] Node added: 40bbe74dc5c0c54d...
  [grpc] Node added: 4400e1dc79ea2f4e...
  [grpc] Node added: ecc10d997a217540...
  [grpc] Node added: bf68c6c2be9a5447...
  [grpc] Node added: 5f5cae6e2be6b945...
  [grpc] Node added: bf6d15a10554524f...
  [grpc] Node added: 72500a6357b44e43...
  [grpc] Node added: 6497880810652746...
  [grpc] Node added: ce41991a4cfe9840...
  [grpc] Node added: 810e932b7865f441...
  [grpc] Node added: 4c3da8d7dd094648...
  [grpc] Node added: d3dafbba90c20549...
  [grpc] Node added: 0170c523157e0c40...
  [grpc] Node added: fe8d6eaacfa30b4d...
  [grpc] Node added: 3aebf607b616314a...
  [grpc] Node added: 47a3beb7a034e645...
  [grpc] Node added: 8a93dc255a5de74a...
  [grpc] Node added: e5f954b00136de49...
  [grpc] Node added: c34385a2cbdb9c4b...
  [grpc] Tile root set; server root_id=69a58bd086199446...
  [grpc] Node added: 43aa54036e5e7044...
  [grpc] Node added: e69d779867da6d49...
  [grpc] Node added: f1d6e1ed3cccdc4a...
  [grpc] Node added: bd35a627cfecf748...
  [grpc] Node added: 6ab064f5fc6aa44e...
  [grpc] Node added: 8011617c4431dd49...
  [grpc] Node added: 5f236e57af07ea4f...
  [grpc] Node added: 6d724d41dac21d4c...
  [grpc] Node added: 7e21b096a84a5f41...
  [grpc] Node added: 1e387b57382ac348...
  [grpc] Node added: 38377b0dc4c11745...
  [grpc] Tile root set; server root_id=23b6ccb7f642e340...
  [grpc] Node added: 6da62ff825309a4d...
  [grpc] Node added: 29563cab8a5c2e47...
  [grpc] Tile root set; server root_id=d5c22e5c1ba39447...
  [grpc] Tile root set; server root_id=72a6eb779f949f48...
  [grpc] Node added: 9352636fd888dd47...
  [grpc] Node added: cc34af73c26f9f4f...
  [grpc] Node added: fdff97e8dcd1b94a...
  [grpc] Node added: 0fbb0e67b76cef4e...
  [grpc] Node added: 725f8cccdc93094b...
  [grpc] Node added: 32447797bf301543...
  [grpc] Node added: 7ce7a6830b832c49...
  [grpc] Node added: 3f170b25a0647848...
  [grpc] Node added: 9b9fa955152a2e41...
  [grpc] Node added: 3769374a6c8d5749...
  [grpc] Node added: 0b4c4c029c4ca34c...
{"action": "hold for operator observation", "code": "baseline", "expected_visual": "portal surface visible; body text readable", "hold_s": 900.0, "lines": 120, "status": "completed", "step_index": 1, "title": "Baseline render", "ts_wall": 1783130955}
