{"action": "connect and open resident session", "code": "scenario", "doc": "docs/reports/exemplar-manual-review-checklist.md", "expected_visual": "operator follows JSON step transcript", "phases": "baseline", "status": "started", "step_index": 0, "target": "tzehouse-windows.parrot-hen.ts.net:50051", "title": "Text Stream Portal live scenario", "ts_wall": 1783126366}
  [grpc] Session established: namespace=agent-alpha, caps=['create_tiles', 'modify_own_tiles', 'access_input_events']
  [grpc] Scene display area: 3840x2160
{"action": "use live scene dimensions for portal placement and drag bounds", "code": "scene:display-area", "expected_visual": "portal can be dragged across the full HUD surface", "scene_height": 2160.0, "scene_width": 3840.0, "status": "checkpoint", "step_index": 0, "title": "Scene display area resolved", "ts_wall": 1783126366}
  [grpc] Lease granted: ttl=14520000ms, priority=2
{"action": "scale portal defaults from live scene dimensions unless explicit size overrides were provided", "code": "portal:size", "expected_visual": "portal occupies a readable portion of the detected display", "explicit_height": false, "explicit_width": false, "portal_h": 1360.0, "portal_w": 1720.0, "status": "checkpoint", "step_index": 0, "title": "Portal size resolved", "ts_wall": 1783126366}
  [grpc] Tile created: 019f2a9d189873e1...
  [grpc] Tile created: 019f2a9d18b473f1...
  [grpc] Tile created: 019f2a9d18c67af2...
  [grpc] Tile created: 019f2a9d18d87ad0...
  [grpc] Tile created: 019f2a9d18e77e42...
  [grpc] Tile created: 019f2a9d18f87bc3...
{"action": "publish full portal chrome + transcript viewport", "code": "baseline", "expected_visual": "portal surface appears at right edge with header, body, footer", "status": "started", "step_index": 1, "title": "Baseline render", "ts_wall": 1783126367}
  [grpc] Tile opacity set to 0.0
  [grpc] Tile input mode set
  [grpc] Tile opacity set to 1.0
  [grpc] Tile input mode set
  [grpc] Tile opacity set to 1.0
  [grpc] Tile input mode set
  [grpc] Tile opacity set to 1.0
  [grpc] Tile input mode set
  [grpc] Tile input mode set
  [grpc] Tile opacity set to 0.0
  [grpc] Tile opacity set to 0.0
  [grpc] Tile input mode set
  [grpc] Tile root set; server root_id=623f0a9038de0b45...
  [grpc] Node added: e9802c4074c22c48...
  [grpc] Tile root set; server root_id=af68e82c4f4dc945...
  [grpc] Node added: bb9f272029705745...
  [grpc] Node added: 3b95ed31fbf6774f...
  [grpc] Node added: a44c07573d6cd34d...
  [grpc] Node added: a4bf1301b08cad4f...
  [grpc] Node added: 61d91d9568395342...
  [grpc] Node added: 5cfdda93536c0a4f...
  [grpc] Node added: e489fab28efdd545...
  [grpc] Node added: fed4ee77820bce45...
  [grpc] Node added: 67054c6e2e0c764b...
  [grpc] Node added: 9ad78bdc08a2a54c...
  [grpc] Node added: 2ef05d6295fed548...
  [grpc] Node added: 63bd89afe4c86643...
  [grpc] Node added: f06f0ff1b5f79c41...
  [grpc] Node added: 2a946f6a5d7f2841...
  [grpc] Node added: a2a0d8cffff7624b...
  [grpc] Node added: bc89c5b25c5b944e...
  [grpc] Node added: 324977d7becb9b42...
  [grpc] Node added: 434fe34c6d090c44...
  [grpc] Node added: 57518ee1176afc44...
  [grpc] Node added: fa909bff2daa534d...
  [grpc] Node added: b94f64343ff5c047...
  [grpc] Node added: e298fcdb0d275d45...
  [grpc] Node added: a42171d71645744c...
  [grpc] Node added: 0992e5db13c14844...
  [grpc] Node added: 19fb471e62ce024e...
  [grpc] Node added: 219a9683fff66148...
  [grpc] Node added: 0313caeef3d3b24a...
  [grpc] Node added: f1bdd83853df464a...
  [grpc] Node added: fbb8f564e9d94c43...
  [grpc] Node added: 67848ffcc277e741...
  [grpc] Tile root set; server root_id=8f8cb4b2c7039a43...
  [grpc] Node added: 21c4fa801bac574e...
  [grpc] Node added: 7367b517f936d34a...
  [grpc] Node added: 112fb216d569e44c...
  [grpc] Node added: b105427b8755254d...
  [grpc] Node added: 45ac1dbe62ebcf45...
  [grpc] Node added: c7be80dec430364d...
  [grpc] Node added: 3ef19e10d877aa4a...
  [grpc] Node added: 162d5e249a992f44...
  [grpc] Node added: 3b9eda6f1450e347...
  [grpc] Node added: ad665e347e3e0b4c...
  [grpc] Node added: 9fa3f5aa565a144c...
  [grpc] Tile root set; server root_id=b3a9145d6826ab4f...
  [grpc] Node added: 89a6044391a5b645...
  [grpc] Node added: f7f3c9f1a31d084a...
  [grpc] Tile root set; server root_id=b2cc61630f6b4049...
  [grpc] Tile root set; server root_id=aa22f382301c2c4a...
  [grpc] Node added: edf0bac361a7564a...
  [grpc] Node added: 73aa467f41440d4a...
  [grpc] Node added: e858726a837e1046...
  [grpc] Node added: 3442850da8274c48...
  [grpc] Node added: ab2ce0159348fe44...
  [grpc] Node added: ead663c9a1934549...
  [grpc] Node added: b25c9f035e09dd49...
  [grpc] Node added: de8ab5b81687834d...
  [grpc] Node added: 0a1b5d3230822546...
  [grpc] Node added: 75a2aa3bd1292f4c...
  [grpc] Node added: caaa6d53fb1c5045...
{"action": "hold for operator observation", "code": "baseline", "expected_visual": "portal surface visible; body text readable", "hold_s": 14400.0, "lines": 120, "status": "completed", "step_index": 1, "title": "Baseline render", "ts_wall": 1783126368}
