{"action": "connect and open resident session", "code": "scenario", "doc": "docs/reports/exemplar-manual-review-checklist.md", "expected_visual": "operator follows JSON step transcript", "phases": "window-mgmt", "status": "started", "step_index": 0, "target": "windows-host.example:50051", "title": "Text Stream Portal live scenario", "ts_wall": 1783130784}
  [grpc] Session established: namespace=agent-alpha, caps=['create_tiles', 'modify_own_tiles', 'access_input_events']
  [grpc] Scene display area: 3840x2160
{"action": "use live scene dimensions for portal placement and drag bounds", "code": "scene:display-area", "expected_visual": "portal can be dragged across the full HUD surface", "scene_height": 2160.0, "scene_width": 3840.0, "status": "checkpoint", "step_index": 0, "title": "Scene display area resolved", "ts_wall": 1783130784}
  [grpc] Lease granted: ttl=600000ms, priority=2
{"action": "scale portal defaults from live scene dimensions unless explicit size overrides were provided", "code": "portal:size", "expected_visual": "portal occupies a readable portion of the detected display", "explicit_height": false, "explicit_width": false, "portal_h": 1360.0, "portal_w": 1720.0, "status": "checkpoint", "step_index": 0, "title": "Portal size resolved", "ts_wall": 1783130784}
  [grpc] Tile created: 019f2ae082077931...
  [grpc] Tile created: 019f2ae082127b33...
  [grpc] Tile created: 019f2ae082217d52...
  [grpc] Tile created: 019f2ae0822c7b61...
  [grpc] Tile created: 019f2ae082377252...
  [grpc] Tile created: 019f2ae082427e63...
{"action": "move portal \u2192 boundary clamp \u2192 minimize \u2192 restore \u2192 return to origin", "code": "window-mgmt", "expected_visual": "portal moves cleanly; minimize icon appears; restore brings full portal back", "status": "started", "step_index": 12, "title": "Window management sequence", "ts_wall": 1783130784}
  [grpc] Tile root set; server root_id=8d09269785d1374b...
  [grpc] Node added: 499bb8c86a37924e...
  [grpc] Tile root set; server root_id=f198a93077a01648...
  [grpc] Node added: 80f2a84ccabf2246...
  [grpc] Node added: abbcfbe95cd11c4f...
  [grpc] Node added: ae30b44885b6ea47...
  [grpc] Node added: 810853e1eeb2e84f...
  [grpc] Node added: a4cc284dcab1b04e...
  [grpc] Node added: 8610d622f6e59f41...
  [grpc] Node added: eb922d74c8f70d40...
  [grpc] Node added: 1ac67b7d9bb61e46...
  [grpc] Node added: 3eb039ecc30f5f4e...
  [grpc] Node added: 185f8ca6e5a2b14e...
  [grpc] Node added: 6ce526d452b72f43...
  [grpc] Node added: dbd262d83fc5c34d...
  [grpc] Node added: e04e4c23cafd6c4e...
  [grpc] Node added: fcb4c81b981c7948...
  [grpc] Node added: 9fe4617ea4748049...
  [grpc] Node added: 3d10b70367408848...
  [grpc] Node added: af1bd2b756615c4b...
  [grpc] Node added: 3c77e0c5faaf3f4e...
  [grpc] Node added: 0a9f929cd97e684d...
  [grpc] Node added: 3210545010c02f47...
  [grpc] Node added: 722b3546142cf84f...
  [grpc] Node added: a63ecde690ba9942...
  [grpc] Node added: bef8d037f6f6134d...
  [grpc] Node added: 53ec5c2d83a9a043...
  [grpc] Node added: dd75d0b91823d94d...
  [grpc] Node added: 861f49af8859384c...
  [grpc] Node added: caa5d42ea98d444c...
  [grpc] Node added: 6fbc4ccee0b7464e...
  [grpc] Node added: cdacb9d12bffdb41...
  [grpc] Node added: f29d98d1d791b14e...
  [grpc] Tile root set; server root_id=97e38dcb43bc7d43...
  [grpc] Node added: 5905c5ab95867643...
  [grpc] Node added: 7eef9f69ad36604b...
  [grpc] Node added: 35b8297ef4cad149...
  [grpc] Node added: 8afa190c8ab0ab4c...
  [grpc] Node added: 6b2ea18771ee7b4a...
  [grpc] Node added: 7764041dcf4f7841...
  [grpc] Node added: 8f4dee93c468c743...
  [grpc] Node added: 6184765a4f7c4448...
  [grpc] Node added: 839299955f37af45...
  [grpc] Node added: bd019a5384f53343...
  [grpc] Node added: 086d397ae9cf624e...
  [grpc] Tile root set; server root_id=5482e87241e3dc49...
  [grpc] Node added: 54ffa94c56c9434e...
  [grpc] Node added: 08e328b74e37e54c...
{"action": "portal_x=1060, portal_y=400", "code": "window-mgmt:move", "expected_visual": "portal repositioned to centre of scene; chrome intact", "operator_evidence": {"code": "window-mgmt:move", "confirmed": null, "observed": {"portal_x": 1060.0, "portal_y": 400.0}, "operator_confirm": "portal moved cleanly to scene centre with chrome intact"}, "portal_x": 1060.0, "portal_y": 400.0, "status": "checkpoint", "step_index": 12, "title": "Portal moved to centre", "ts_wall": 1783130785}
  [grpc] Tile root set; server root_id=d5d0397e0277954a...
  [grpc] Node added: 54bda5d2dbcfa747...
{"action": "OOB (4040,2360) clamped to (2120,800)", "clamped_x": 2120.0, "clamped_y": 800.0, "code": "window-mgmt:clamp", "expected_visual": "portal visible at bottom-right edge; not partially offscreen", "operator_evidence": {"code": "window-mgmt:clamp", "confirmed": null, "observed": {"clamped_x": 2120.0, "clamped_y": 800.0, "requested_x": 4040.0, "requested_y": 2360.0}, "operator_confirm": "out-of-bounds move clamped to scene edge; portal stays fully on-screen"}, "requested_x": 4040.0, "requested_y": 2360.0, "status": "checkpoint", "step_index": 12, "title": "Boundary clamp verified", "ts_wall": 1783130787}
  [grpc] Tile opacity set to 0.0
  [grpc] Tile input mode set
  [grpc] Tile opacity set to 0.0
  [grpc] Tile input mode set
  [grpc] Tile opacity set to 0.0
  [grpc] Tile input mode set
  [grpc] Tile root set; server root_id=ef54f13d6291114d...
  [grpc] Node added: 802639848e894344...
  [grpc] Node added: 40df2abfa838ad4c...
  [grpc] Node added: e51fd5da38a13047...
  [grpc] Node added: a009e7abd67b644f...
  [grpc] Node added: 431515315c3e6d4e...
  [grpc] Node added: 86f94cb0d4eed84e...
  [grpc] Node added: 660824897931a042...
  [grpc] Node added: e329b90f743cd341...
  [grpc] Node added: 9629cdbd56e46046...
  [grpc] Node added: 1f0ac5327ef5c743...
  [grpc] Node added: 158351523740a342...
{"action": "portal tiles hidden; minimized icon rendered at current position", "code": "window-mgmt:minimize", "expected_visual": "circular icon visible; full portal surface hidden", "icon_x": 2120.0, "icon_y": 800.0, "operator_evidence": {"code": "window-mgmt:minimize", "confirmed": null, "observed": {"icon_x": 2120.0, "icon_y": 800.0}, "operator_confirm": "full portal surface hidden; only the minimized icon remains visible"}, "status": "checkpoint", "step_index": 12, "title": "Portal minimized", "ts_wall": 1783130789}
  [grpc] Tile opacity set to 0.0
  [grpc] Tile input mode set
  [grpc] Tile opacity set to 1.0
  [grpc] Tile input mode set
  [grpc] Tile opacity set to 1.0
  [grpc] Tile input mode set
  [grpc] Tile opacity set to 1.0
  [grpc] Tile input mode set
  [grpc] Tile opacity set to 0.0
  [grpc] Tile input mode set
  [grpc] Tile opacity set to 0.0
  [grpc] Tile input mode set
  [grpc] Tile opacity set to 1.0
  [grpc] Tile input mode set
  [grpc] Tile opacity set to 1.0
  [grpc] Tile input mode set
  [grpc] Tile opacity set to 1.0
  [grpc] Tile input mode set
  [grpc] Tile input mode set
  [grpc] Tile opacity set to 0.0
  [grpc] Tile opacity set to 0.0
  [grpc] Tile input mode set
  [grpc] Tile root set; server root_id=37f2de139a8db34a...
  [grpc] Node added: 2f32e92ed345df47...
  [grpc] Tile root set; server root_id=0d3bea0a1e86d941...
  [grpc] Node added: 53cba5e0e286df4c...
  [grpc] Node added: a41307fb980ec341...
  [grpc] Node added: af55aa19f7e91842...
  [grpc] Node added: c7b33b39ca4c9d44...
  [grpc] Node added: f57655ebf8f3dc4c...
  [grpc] Node added: c9e06b3807cb3642...
  [grpc] Node added: aca7ffaf745f4047...
  [grpc] Node added: 129cf1d78f8ee34f...
  [grpc] Node added: cf8170cf3a9aac44...
  [grpc] Node added: 2e4fcd3a97304547...
  [grpc] Node added: 62e2f5b25bae7d45...
  [grpc] Node added: c9dd45901d613148...
  [grpc] Node added: af779096b827db46...
  [grpc] Node added: d7151d0c0015ec45...
  [grpc] Node added: a975046991d69c47...
  [grpc] Node added: 5dcd1f8bd4617643...
  [grpc] Node added: a8137b2944212243...
  [grpc] Node added: e644688523098542...
  [grpc] Node added: 43a3fc9d99409746...
  [grpc] Node added: 1009e25732ebf842...
  [grpc] Node added: 0e1ce53fabac764e...
  [grpc] Node added: 0bd4d16dd999ae4d...
  [grpc] Node added: 2a511f27385c6643...
  [grpc] Node added: 328a03042e98f745...
  [grpc] Node added: e408afd48e10d44e...
  [grpc] Node added: 6a21b6567c48534e...
  [grpc] Node added: 440b09967d731e46...
  [grpc] Node added: e2cd8ed2ae30aa43...
  [grpc] Node added: b3d3ebdd3d60c04d...
  [grpc] Node added: 6e9af406ec477045...
  [grpc] Tile root set; server root_id=fe64aa4d486dff4e...
  [grpc] Node added: 6cfe425a74935448...
  [grpc] Node added: c65bce32d2f28149...
  [grpc] Node added: 60c567593e905446...
  [grpc] Node added: 57831bd0b3b7f34e...
  [grpc] Node added: ac96e236f5d9b944...
  [grpc] Node added: 57220297147bca41...
  [grpc] Node added: 3764006d3bb3bb46...
  [grpc] Node added: cb1bf232afc5514d...
  [grpc] Node added: 3a43586f965b7644...
  [grpc] Node added: aa012962e8374d4b...
  [grpc] Node added: d9020a798e2b574c...
  [grpc] Tile root set; server root_id=3956e687fe4f6741...
  [grpc] Node added: ffeb08f27486af4d...
  [grpc] Node added: fa129b4c71e6fc43...
  [grpc] Tile root set; server root_id=4ac3a9ced4a56944...
  [grpc] Tile root set; server root_id=45b6328f0d00de49...
  [grpc] Node added: 3dd03f2d93ecdf44...
  [grpc] Node added: 2d6d2f011b6af240...
  [grpc] Node added: 7714be49c963dc45...
  [grpc] Node added: 30f22ed958c68c44...
  [grpc] Node added: 8d08282b713f9946...
  [grpc] Node added: dc28d5761fe79a49...
  [grpc] Node added: 8c5dca665940a945...
  [grpc] Node added: 5f2539f8dfef1f45...
  [grpc] Node added: 716c5bf46be31346...
  [grpc] Node added: c9f402f8a3a9644e...
  [grpc] Node added: 537d2fcf190d9a48...
{"action": "portal restored at (2092,120)", "code": "window-mgmt:restore", "expected_visual": "full portal visible at origin position; icon gone; chrome intact", "operator_evidence": {"code": "window-mgmt:restore", "confirmed": null, "observed": {"restore_x": 2092.0, "restore_y": 120.0}, "operator_confirm": "restore brought the full portal back at its origin; minimized icon gone; chrome intact"}, "restore_x": 2092.0, "restore_y": 120.0, "status": "completed", "step_index": 12, "title": "Portal restored to origin", "ts_wall": 1783130791}
{"action": "review transcript and capture UX notes", "code": "scenario_complete", "expected_visual": "portal visible until cleanup releases the lease", "status": "completed", "step_index": 99, "title": "Text Stream Portal scenario complete", "ts_wall": 1783130911}
  [grpc] Lease released
{"action": "release the lease before closing the session", "code": "cleanup:lease-release", "expected_visual": "all portal tiles are removed from the HUD", "status": "completed", "step_index": 100, "title": "Portal lease released", "ts_wall": 1783130911}
