{"action": "connect and open resident session", "code": "scenario", "doc": "docs/reports/exemplar-manual-review-checklist.md", "expected_visual": "operator follows JSON step transcript", "phases": "baseline,composer-smoke", "status": "started", "step_index": 0, "target": "tzehouse-windows.parrot-hen.ts.net:50051", "title": "Text Stream Portal live scenario", "ts_wall": 1783088235}
  [grpc] Session established: namespace=agent-alpha, caps=['create_tiles', 'modify_own_tiles', 'access_input_events']
  [grpc] Scene display area: 3840x2160
{"action": "use live scene dimensions for portal placement and drag bounds", "code": "scene:display-area", "expected_visual": "portal can be dragged across the full HUD surface", "scene_height": 2160.0, "scene_width": 3840.0, "status": "checkpoint", "step_index": 0, "title": "Scene display area resolved", "ts_wall": 1783088235}
  [grpc] Lease granted: ttl=1020000ms, priority=2
{"action": "scale portal defaults from live scene dimensions unless explicit size overrides were provided", "code": "portal:size", "expected_visual": "portal occupies a readable portion of the detected display", "explicit_height": false, "explicit_width": false, "portal_h": 1360.0, "portal_w": 1720.0, "status": "checkpoint", "step_index": 0, "title": "Portal size resolved", "ts_wall": 1783088236}
  [grpc] Tile created: 019f285745397f03...
  [grpc] Tile created: 019f285745537e63...
  [grpc] Tile created: 019f285745667961...
  [grpc] Tile created: 019f285745b87020...
  [grpc] Tile created: 019f285745e07e01...
  [grpc] Tile created: 019f285745fd71c1...
{"action": "publish full portal chrome + transcript viewport", "code": "baseline", "expected_visual": "portal surface appears at right edge with header, body, footer", "status": "started", "step_index": 1, "title": "Baseline render", "ts_wall": 1783088236}
  [grpc] Tile opacity set to 0.0
  [grpc] Tile input mode set
  [grpc] Tile opacity set to 1.0
  [grpc] Tile input mode set
  [grpc] Tile opacity set to 1.0
  [grpc] Tile input mode set
  [grpc] Tile opacity set to 1.0
  [grpc] Tile input mode set
  [grpc] Tile input mode set
  [grpc] Tile opacity set to 0.0
  [grpc] Tile opacity set to 0.0
  [grpc] Tile input mode set
  [grpc] Tile root set; server root_id=f921c1e657ddd046...
  [grpc] Node added: 728cdb1b8e9b1f4f...
  [grpc] Tile root set; server root_id=c6ff4ecb8e57e445...
  [grpc] Node added: bb4a086eae6c924b...
  [grpc] Node added: 5c80eb44dcccf549...
  [grpc] Node added: c3a8a911c4d64742...
  [grpc] Node added: 0d38ba997ce66643...
  [grpc] Node added: 5f3008e8e4c44a49...
  [grpc] Node added: 97d2cf41a30cba4d...
  [grpc] Node added: 95290246ceaddc4c...
  [grpc] Node added: 0c3c3fa256d5aa45...
  [grpc] Node added: abf8791ab2839f4a...
  [grpc] Node added: d55f4127509f1342...
  [grpc] Node added: 1a626cfade854b4e...
  [grpc] Node added: 4e16f54fa50c0946...
  [grpc] Node added: 54358504a6cbdb48...
  [grpc] Node added: 8c46268411c97140...
  [grpc] Node added: 87ac4c44a7e9e342...
  [grpc] Node added: 680875caec39654f...
  [grpc] Node added: 02eeba6e193d8744...
  [grpc] Node added: aab0daa5c8dab540...
  [grpc] Node added: 2cd94f7b3735344f...
  [grpc] Node added: bf89f4daf699454e...
  [grpc] Node added: 63f9f27e10c5ea4a...
  [grpc] Node added: e06c5983db4a1644...
  [grpc] Node added: 30b3843ef5e53345...
  [grpc] Node added: 33193d687d996249...
  [grpc] Node added: c05a9deb984dcb4c...
  [grpc] Node added: e1970d38f182df40...
  [grpc] Node added: 2ef7b43bed94824c...
  [grpc] Node added: 9dfd4128caf7c24d...
  [grpc] Node added: 6b3133b90b46c248...
  [grpc] Node added: c95f9db8ca14ed4b...
  [grpc] Tile root set; server root_id=0a87a821732e0043...
  [grpc] Node added: 48959ad6f5f61e43...
  [grpc] Node added: 7917810051f8cd48...
  [grpc] Node added: e52d11bf950a7d41...
  [grpc] Node added: 62a706655884f14d...
  [grpc] Node added: b9f86755035ebc47...
  [grpc] Node added: 69b62dfe01f85240...
  [grpc] Node added: 05f727a14f8b6b4f...
  [grpc] Node added: ef5180001fdc7e46...
  [grpc] Node added: 2cb6671290ebce49...
  [grpc] Node added: fc162adff68dcb48...
  [grpc] Node added: 05eb654385379a4f...
  [grpc] Tile root set; server root_id=4b081637fdf41544...
  [grpc] Node added: 93f71b759618d545...
  [grpc] Node added: e53540fb10339748...
  [grpc] Tile root set; server root_id=4c7f79ca91e6f24e...
  [grpc] Tile root set; server root_id=48a284bbad782648...
  [grpc] Node added: e8617a7a6e1d6c44...
  [grpc] Node added: 77fe65094531f64a...
  [grpc] Node added: 4cc614094d016244...
  [grpc] Node added: 0b2611b0e2be7242...
  [grpc] Node added: e87b76fc71895e4b...
  [grpc] Node added: 86f9016b302ad94a...
  [grpc] Node added: d7de5fde8da57044...
  [grpc] Node added: 7ff827f378c6804c...
  [grpc] Node added: bd1c7e363b3bb841...
  [grpc] Node added: 9c8dd54c94409c43...
  [grpc] Node added: 00d49f4125428941...
{"action": "hold for operator observation", "code": "baseline", "expected_visual": "portal surface visible; body text readable", "hold_s": 900.0, "lines": 120, "status": "completed", "step_index": 1, "title": "Baseline render", "ts_wall": 1783088237}
{"action": "render hello-world and long-paste composer states with visible caret", "code": "composer-smoke", "expected_visual": "caret aligns with text after Space and wrapped markdown paste", "status": "started", "step_index": 5, "title": "Composer caret smoke", "ts_wall": 1783089137}
  [grpc] Tile opacity set to 0.0
  [grpc] Tile input mode set
  [grpc] Tile opacity set to 1.0
  [grpc] Tile input mode set
  [grpc] Tile opacity set to 1.0
  [grpc] Tile input mode set
  [grpc] Tile opacity set to 1.0
  [grpc] Tile input mode set
  [grpc] Tile input mode set
  [grpc] Tile opacity set to 0.0
  [grpc] Tile opacity set to 0.0
  [grpc] Tile input mode set
  [grpc] Tile root set; server root_id=b0658e47eb524a42...
  [grpc] Node added: 41a3c7cedd8f6e44...
  [grpc] Tile root set; server root_id=1a0fac993f37a042...
  [grpc] Node added: 3fc2761e98850f42...
  [grpc] Node added: 2b71fbb2eee18c4e...
  [grpc] Node added: 009fd99086ad4d4c...
  [grpc] Node added: bba6c18fe74da24f...
  [grpc] Node added: 9e239fc8daf77844...
  [grpc] Node added: f6811d58fe0fb14f...
  [grpc] Node added: 578bb2d534d0ec4f...
  [grpc] Node added: 1a5866b5b19fbf4b...
  [grpc] Node added: 010764b85718f74e...
  [grpc] Node added: db1a888c4cbf164f...
  [grpc] Node added: 224db97d1be71945...
  [grpc] Node added: dd07fe5181e7b840...
  [grpc] Node added: 8cf987972635ad47...
  [grpc] Node added: 28949817a94eb647...
  [grpc] Node added: a5ac862f66628343...
  [grpc] Node added: e783b033ecd02346...
  [grpc] Node added: 377aea17516a744d...
  [grpc] Node added: 9203885c7aff444e...
  [grpc] Node added: 4fbb85bb42b8fd4b...
  [grpc] Node added: f2ef7d3a17472d48...
  [grpc] Node added: f0ffffd7946c7946...
  [grpc] Node added: 11d9e5b38dfc9240...
  [grpc] Node added: e6891b36cf7ca24c...
  [grpc] Node added: 762480cfd4d81f4f...
  [grpc] Node added: d925063c01d9f846...
  [grpc] Node added: 8e4c4e4eccdb3e40...
  [grpc] Node added: 3c0ae72d4588064f...
  [grpc] Node added: 8efcc7c47f394143...
  [grpc] Node added: 9adc9c5b7b781045...
  [grpc] Node added: 1ada323169e5794e...
  [grpc] Tile root set; server root_id=3caf43917fd28c4d...
  [grpc] Node added: c72e59538eb9b14e...
  [grpc] Node added: e7bbf34983e11c45...
  [grpc] Node added: c36d14243b854b41...
  [grpc] Node added: 70e9c7c4386bae43...
  [grpc] Node added: a4d6759f192ef549...
  [grpc] Node added: 42a27ef2a2428540...
  [grpc] Node added: 13cca7abb8217349...
  [grpc] Node added: 846d06bfde9eda4b...
  [grpc] Node added: e658f8c836014e46...
  [grpc] Node added: c5f12eb86da6ea44...
  [grpc] Node added: 6b84a2b866a6094f...
  [grpc] Tile root set; server root_id=69b8ce603c3ac84c...
  [grpc] Node added: 92fab85d1d2d2e45...
  [grpc] Node added: ab98f8d1b10fcd45...
  [grpc] Tile root set; server root_id=d5ace7e512f6cf45...
  [grpc] Tile root set; server root_id=95c258d13713f048...
  [grpc] Node added: 5da05f4409ed8a45...
  [grpc] Node added: 935f6c7a17d3de45...
  [grpc] Node added: e7f364511c01314c...
  [grpc] Node added: fa790a327c0cca49...
  [grpc] Node added: 3ca8ae663d533244...
  [grpc] Node added: 9c01037f6792674e...
  [grpc] Node added: a0ddc1d1a6624d41...
  [grpc] Node added: 4d496861abb1224c...
  [grpc] Node added: 5825d67de31fd34a...
  [grpc] Node added: 62b71705b51ff245...
  [grpc] Node added: d9045ed0a98cfb41...
{"action": "rendered normal typing target with Space between words", "code": "composer:hello-world", "cursor_row": 0, "cursor_x": 100.32000000000001, "expected_visual": "hello world appears once, caret after the final d", "status": "checkpoint", "step_index": 5, "title": "Composer hello world rendered", "ts_wall": 1783089139, "visual_lines": 1}
{"action": "rendered wrapped markdown-like paste with caret at end", "code": "composer:long-paste", "cursor_row": 2, "cursor_x": 383.04000000000013, "expected_visual": "caret remains on the final wrapped row without a one-character lag at line ends", "status": "completed", "step_index": 5, "title": "Composer long paste rendered", "trailing_ws_lines": [], "ts_wall": 1783089142, "visual_lines": 3}
{"action": "review transcript and capture UX notes", "code": "scenario_complete", "expected_visual": "portal visible until cleanup releases the lease", "status": "completed", "step_index": 99, "title": "Text Stream Portal scenario complete", "ts_wall": 1783089442}
  [grpc] Lease released
{"action": "release the lease before closing the session", "code": "cleanup:lease-release", "expected_visual": "all portal tiles are removed from the HUD", "status": "completed", "step_index": 100, "title": "Portal lease released", "ts_wall": 1783089442}
