  [grpc] Session established: namespace=windows-local-media-producer, caps=['media_ingress', 'publish_zone:media-pip', 'read_telemetry']
  [grpc] Scene display area: 3840x2160
  [grpc] Media ingress admitted: epoch=1 surface=019e1ef2ddfa71008e405261d1d3f559 codec=1
  [grpc] Media ingress closed: epoch=1 reason=1
{
  "admitted": true,
  "agent_id": "windows-local-media-producer",
  "assigned_surface_id_hex": "019e1ef2ddfa71008e405261d1d3f559",
  "audio_route_to_hud": "none",
  "client_stream_id": "1a3afd8029fc4345b92f3dde9a577c41",
  "close_reason": "AGENT_CLOSED",
  "content_classification": "household",
  "declared_peak_kbps": 2000,
  "held_seconds": 3.0,
  "lane": "hud-media-ingress-local-producer",
  "media_ingress_entrypoint": "MediaIngressOpen",
  "policy_review": {
    "audio_route_to_hud": "none",
    "bridge_path_name": "operator-visible-official-player-window-capture-to-media-ingress-open",
    "hud_ingress_source": "official-player raw-frame bridge or self-owned/local fallback; both enter through MediaIngressOpen",
    "official_player_url": "https://www.youtube.com/embed/O0FGCxkHM-U",
    "operator_visible_player_controls": "required",
    "prohibited_paths": [
      "yt-dlp",
      "youtube-dl",
      "googlevideo.com",
      "videoplayback",
      "download",
      "cache",
      "direct media url",
      "audio route"
    ],
    "rationale": "Operator/maintainer approval recorded on 2026-05-12 permits a narrow Windows-only raw-frame bridge from an operator-visible official YouTube player sidecar into the HUD media ingress path. The bridge remains video-only and does not download, extract, cache, route audio, or embed a browser in the compositor.",
    "raw_youtube_frame_bridge": "approved_operator_visible_player_frame_bridge",
    "youtube_video_id": "O0FGCxkHM-U"
  },
  "sdp_offer_bytes": 710,
  "selected_codec": "VIDEO_H264_BASELINE",
  "source_label": "synthetic-color-bars",
  "started_at_unix": 1778635693,
  "stream_epoch": 1,
  "target": "tzehouse-windows.parrot-hen.ts.net:50052",
  "video_only": true,
  "zone_name": "media-pip"
}
